INFO:root:Batch 0, Loss: 10.599165916442871
INFO:root:Batch 1, Loss: 10.599687576293945
INFO:root:Batch 2, Loss: 10.587615013122559
INFO:root:Batch 3, Loss: 10.538505554199219
INFO:root:Batch 4, Loss: 10.515769958496094
INFO:root:Batch 5, Loss: 10.511698722839355
INFO:root:Batch 6, Loss: 10.485838890075684
INFO:root:Batch 7, Loss: 10.5123291015625
INFO:root:Batch 8, Loss: 10.46660041809082
INFO:root:Batch 9, Loss: 10.433113098144531
INFO:root:Batch 10, Loss: 10.468915939331055
INFO:root:Batch 11, Loss: 10.41655445098877
INFO:root:Batch 12, Loss: 10.406222343444824
INFO:root:Batch 13, Loss: 10.371472358703613
INFO:root:Batch 14, Loss: 10.315603256225586
INFO:root:Batch 15, Loss: 10.355780601501465
INFO:root:Batch 16, Loss: 10.364523887634277
INFO:root:Batch 17, Loss: 10.312751770019531
INFO:root:Batch 18, Loss: 10.26751708984375
INFO:root:Batch 19, Loss: 10.230031967163086
INFO:root:Batch 20, Loss: 10.281586647033691
INFO:root:Batch 21, Loss: 10.274392127990723
INFO:root:Batch 22, Loss: 10.145461082458496
INFO:root:Batch 23, Loss: 10.277663230895996
INFO:root:Batch 24, Loss: 10.128427505493164
INFO:root:Batch 25, Loss: 10.114500999450684
INFO:root:Batch 26, Loss: 10.196298599243164
INFO:root:Batch 27, Loss: 10.224651336669922
INFO:root:Batch 28, Loss: 10.058374404907227
INFO:root:Batch 29, Loss: 10.004166603088379
INFO:root:Batch 30, Loss: 10.048873901367188
INFO:root:Batch 31, Loss: 9.9609375
INFO:root:Batch 32, Loss: 9.998310089111328
INFO:root:Batch 33, Loss: 10.153178215026855
INFO:root:Batch 34, Loss: 9.924444198608398
INFO:root:Batch 35, Loss: 9.936129570007324
INFO:root:Batch 36, Loss: 9.928618431091309
INFO:root:Batch 37, Loss: 10.03407096862793
INFO:root:Batch 38, Loss: 9.858110427856445
INFO:root:Batch 39, Loss: 9.733922958374023
INFO:root:Batch 40, Loss: 9.839343070983887
INFO:root:Batch 41, Loss: 9.79798412322998
INFO:root:Batch 42, Loss: 9.541903495788574
INFO:root:Batch 43, Loss: 10.116020202636719
INFO:root:Batch 44, Loss: 9.872671127319336
INFO:root:Batch 45, Loss: 9.771130561828613
INFO:root:Batch 46, Loss: 9.712651252746582
INFO:root:Batch 47, Loss: 9.636429786682129
INFO:root:Batch 48, Loss: 9.715147018432617
INFO:root:Batch 49, Loss: 9.615702629089355
INFO:root:Batch 50, Loss: 9.73220443725586
INFO:root:Batch 51, Loss: 9.69139575958252
INFO:root:Batch 52, Loss: 9.485757827758789
INFO:root:Batch 53, Loss: 9.885066032409668
INFO:root:Batch 54, Loss: 9.405372619628906
INFO:root:Batch 55, Loss: 9.522583961486816
INFO:root:Batch 56, Loss: 9.665759086608887
INFO:root:Batch 57, Loss: 9.621288299560547
INFO:root:Batch 58, Loss: 9.538225173950195
INFO:root:Batch 59, Loss: 9.373806953430176
INFO:root:Batch 60, Loss: 9.492108345031738
INFO:root:Batch 61, Loss: 9.527012825012207
INFO:root:Batch 62, Loss: 9.350025177001953
INFO:root:Batch 63, Loss: 9.451793670654297
INFO:root:Batch 64, Loss: 9.532316207885742
INFO:root:Batch 65, Loss: 9.372201919555664
INFO:root:Batch 66, Loss: 9.452994346618652
INFO:root:Batch 67, Loss: 9.32550048828125
INFO:root:Batch 68, Loss: 9.149043083190918
INFO:root:Batch 69, Loss: 9.211909294128418
INFO:root:Batch 70, Loss: 9.223088264465332
INFO:root:Batch 71, Loss: 9.439924240112305
INFO:root:Batch 72, Loss: 9.059759140014648
INFO:root:Batch 73, Loss: 9.082666397094727
INFO:root:Batch 74, Loss: 9.134164810180664
INFO:root:Batch 75, Loss: 9.07455825805664
INFO:root:Batch 76, Loss: 9.219298362731934
INFO:root:Batch 77, Loss: 8.873807907104492
INFO:root:Batch 78, Loss: 8.976027488708496
INFO:root:Batch 79, Loss: 9.15062141418457
INFO:root:Batch 80, Loss: 9.004871368408203
INFO:root:Batch 81, Loss: 9.411470413208008
INFO:root:Batch 82, Loss: 8.810178756713867
INFO:root:Batch 83, Loss: 9.264299392700195
INFO:root:Batch 84, Loss: 9.0118408203125
INFO:root:Batch 85, Loss: 8.866713523864746
INFO:root:Batch 86, Loss: 9.170418739318848
INFO:root:Batch 87, Loss: 8.8927640914917
INFO:root:Batch 88, Loss: 9.115934371948242
INFO:root:Batch 89, Loss: 9.16300106048584
INFO:root:Batch 90, Loss: 9.015589714050293
INFO:root:Batch 91, Loss: 8.966214179992676
INFO:root:Batch 92, Loss: 9.119525909423828
INFO:root:Batch 93, Loss: 8.970111846923828
INFO:root:Batch 94, Loss: 8.662484169006348
INFO:root:Batch 95, Loss: 8.803468704223633
INFO:root:Batch 96, Loss: 8.677082061767578
INFO:root:Batch 97, Loss: 8.443793296813965
INFO:root:Batch 98, Loss: 8.782302856445312
INFO:root:Batch 99, Loss: 8.590697288513184
INFO:root:Batch 100, Loss: 8.745848655700684
INFO:root:Batch 101, Loss: 8.442708969116211
INFO:root:Batch 102, Loss: 8.500472068786621
INFO:root:Batch 103, Loss: 8.468266487121582
INFO:root:Batch 104, Loss: 8.323653221130371
INFO:root:Batch 105, Loss: 8.514419555664062
INFO:root:Batch 106, Loss: 8.696088790893555
INFO:root:Batch 107, Loss: 8.327497482299805
INFO:root:Batch 108, Loss: 8.18101692199707
INFO:root:Batch 109, Loss: 8.151214599609375
INFO:root:Batch 110, Loss: 8.192687034606934
INFO:root:Batch 111, Loss: 8.354721069335938
INFO:root:Batch 112, Loss: 8.385125160217285
INFO:root:Batch 113, Loss: 8.500065803527832
INFO:root:Batch 114, Loss: 8.469237327575684
INFO:root:Batch 115, Loss: 8.461194038391113
INFO:root:Batch 116, Loss: 8.602166175842285
INFO:root:Batch 117, Loss: 8.43409538269043
INFO:root:Batch 118, Loss: 7.9012017250061035
INFO:root:Batch 119, Loss: 8.51637077331543
INFO:root:Batch 120, Loss: 8.356682777404785
INFO:root:Batch 121, Loss: 8.296955108642578
INFO:root:Batch 122, Loss: 8.147360801696777
INFO:root:Batch 123, Loss: 7.7056074142456055
INFO:root:Batch 124, Loss: 7.946294784545898
INFO:root:Batch 125, Loss: 8.218876838684082
INFO:root:Batch 126, Loss: 8.733296394348145
INFO:root:Batch 127, Loss: 7.990582466125488
INFO:root:Batch 128, Loss: 8.559785842895508
INFO:root:Batch 129, Loss: 8.24905776977539
INFO:root:Batch 130, Loss: 8.0745849609375
INFO:root:Batch 131, Loss: 8.261305809020996
INFO:root:Batch 132, Loss: 8.198859214782715
INFO:root:Batch 133, Loss: 7.642954349517822
INFO:root:Batch 134, Loss: 7.537569522857666
INFO:root:Batch 135, Loss: 8.142364501953125
INFO:root:Batch 136, Loss: 8.161832809448242
INFO:root:Batch 137, Loss: 8.23913860321045
INFO:root:Batch 138, Loss: 8.338125228881836
INFO:root:Batch 139, Loss: 8.145858764648438
INFO:root:Batch 140, Loss: 7.62925910949707
INFO:root:Batch 141, Loss: 8.161491394042969
INFO:root:Batch 142, Loss: 7.842419624328613
INFO:root:Batch 143, Loss: 7.342611789703369
INFO:root:Batch 144, Loss: 7.804648399353027
INFO:root:Batch 145, Loss: 7.469071388244629
INFO:root:Batch 146, Loss: 7.904407978057861
INFO:root:Batch 147, Loss: 7.949631214141846
INFO:root:Batch 148, Loss: 7.788318157196045
INFO:root:Batch 149, Loss: 7.74991512298584
INFO:root:Batch 150, Loss: 7.773530006408691
INFO:root:Batch 151, Loss: 7.538758754730225
INFO:root:Batch 152, Loss: 7.03143835067749
INFO:root:Batch 153, Loss: 7.696338653564453
INFO:root:Batch 154, Loss: 7.089676380157471
INFO:root:Batch 155, Loss: 7.4866557121276855
INFO:root:Batch 156, Loss: 8.051328659057617
INFO:root:Batch 157, Loss: 7.973971843719482
INFO:root:Batch 158, Loss: 7.573165416717529
INFO:root:Batch 159, Loss: 7.688340663909912
INFO:root:Batch 160, Loss: 7.687424659729004
INFO:root:Batch 161, Loss: 7.36891508102417
INFO:root:Batch 162, Loss: 7.11153507232666
INFO:root:Batch 163, Loss: 6.811062812805176
INFO:root:Batch 164, Loss: 6.810998439788818
INFO:root:Batch 165, Loss: 7.320822238922119
INFO:root:Batch 166, Loss: 6.875498294830322
INFO:root:Batch 167, Loss: 7.153067588806152
INFO:root:Batch 168, Loss: 7.303828239440918
INFO:root:Batch 169, Loss: 7.6817121505737305
INFO:root:Batch 170, Loss: 7.339023113250732
INFO:root:Batch 171, Loss: 7.254655838012695
INFO:root:Batch 172, Loss: 7.162315845489502
INFO:root:Batch 173, Loss: 7.524789810180664
INFO:root:Batch 174, Loss: 6.83758544921875
INFO:root:Batch 175, Loss: 7.547482967376709
INFO:root:Batch 176, Loss: 7.380299091339111
INFO:root:Batch 177, Loss: 7.473110198974609
INFO:root:Batch 178, Loss: 7.058446407318115
INFO:root:Batch 179, Loss: 7.1876325607299805
INFO:root:Batch 180, Loss: 7.175873279571533
INFO:root:Batch 181, Loss: 6.857513904571533
INFO:root:Batch 182, Loss: 6.581658363342285
INFO:root:Batch 183, Loss: 6.903069972991943
INFO:root:Batch 184, Loss: 6.959702968597412
INFO:root:Batch 185, Loss: 7.508133888244629
INFO:root:Batch 186, Loss: 7.633314609527588
INFO:root:Batch 187, Loss: 7.3296942710876465
INFO:root:Batch 188, Loss: 6.67902135848999
INFO:root:Batch 189, Loss: 6.430028915405273
INFO:root:Batch 190, Loss: 7.647384166717529
INFO:root:Batch 191, Loss: 5.720494270324707
INFO:root:Batch 192, Loss: 6.545652866363525
INFO:root:Batch 193, Loss: 6.929528713226318
INFO:root:Batch 194, Loss: 6.6581268310546875
INFO:root:Batch 195, Loss: 7.782257080078125
INFO:root:Batch 196, Loss: 6.403556823730469
INFO:root:Batch 197, Loss: 7.395422458648682
INFO:root:Batch 198, Loss: 7.084049701690674
INFO:root:Batch 199, Loss: 6.52157735824585
INFO:root:Batch 200, Loss: 6.616237640380859
INFO:root:Batch 201, Loss: 6.732199192047119
INFO:root:Batch 202, Loss: 7.117725372314453
INFO:root:Batch 203, Loss: 7.604390621185303
INFO:root:Batch 204, Loss: 6.238064289093018
INFO:root:Batch 205, Loss: 6.803554058074951
INFO:root:Batch 206, Loss: 6.342879772186279
INFO:root:Batch 207, Loss: 6.252139568328857
INFO:root:Batch 208, Loss: 7.141498565673828
INFO:root:Batch 209, Loss: 6.434401512145996
INFO:root:Batch 210, Loss: 6.48878288269043
INFO:root:Batch 211, Loss: 6.538449764251709
INFO:root:Batch 212, Loss: 6.938676834106445
INFO:root:Batch 213, Loss: 6.106449127197266
INFO:root:Batch 214, Loss: 6.684164524078369
INFO:root:Batch 215, Loss: 6.37864875793457
INFO:root:Batch 216, Loss: 5.661148548126221
INFO:root:Batch 217, Loss: 6.208095073699951
INFO:root:Batch 218, Loss: 6.483027458190918
INFO:root:Batch 219, Loss: 5.916055202484131
INFO:root:Batch 220, Loss: 5.989642143249512
INFO:root:Batch 221, Loss: 5.685585021972656
INFO:root:Batch 222, Loss: 5.915822505950928
INFO:root:Batch 223, Loss: 6.045078277587891
INFO:root:Batch 224, Loss: 6.600656986236572
INFO:root:Batch 225, Loss: 6.297482967376709
INFO:root:Batch 226, Loss: 6.226457118988037
INFO:root:Batch 227, Loss: 6.034200668334961
INFO:root:Batch 228, Loss: 6.824965476989746
INFO:root:Batch 229, Loss: 6.287076473236084
INFO:root:Batch 230, Loss: 5.9548563957214355
INFO:root:Batch 231, Loss: 5.556005477905273
INFO:root:Batch 232, Loss: 6.282157897949219
INFO:root:Batch 233, Loss: 5.792842864990234
INFO:root:Batch 234, Loss: 5.559314727783203
INFO:root:Batch 235, Loss: 6.1134467124938965
INFO:root:Batch 236, Loss: 6.6004109382629395
INFO:root:Batch 237, Loss: 5.746306419372559
INFO:root:Batch 238, Loss: 6.0472307205200195
INFO:root:Batch 239, Loss: 5.551566123962402
INFO:root:Batch 240, Loss: 5.939478397369385
INFO:root:Batch 241, Loss: 5.641608715057373
INFO:root:Batch 242, Loss: 6.081289291381836
INFO:root:Batch 243, Loss: 6.17258358001709
INFO:root:Batch 244, Loss: 5.734461307525635
INFO:root:Batch 245, Loss: 6.932278156280518
INFO:root:Batch 246, Loss: 6.0133233070373535
INFO:root:Batch 247, Loss: 6.1576385498046875
INFO:root:Batch 248, Loss: 6.105647563934326
INFO:root:Batch 249, Loss: 5.662622928619385
INFO:root:Batch 250, Loss: 5.791779518127441
INFO:root:Batch 251, Loss: 5.869884014129639
INFO:root:Batch 252, Loss: 6.319360256195068
INFO:root:Batch 253, Loss: 5.833566188812256
INFO:root:Batch 254, Loss: 6.288111686706543
INFO:root:Batch 255, Loss: 6.531932830810547
INFO:root:Batch 256, Loss: 5.6412482261657715
INFO:root:Batch 257, Loss: 5.9074506759643555
INFO:root:Batch 258, Loss: 6.478257656097412
INFO:root:Batch 259, Loss: 5.748378276824951
INFO:root:Batch 260, Loss: 5.818084716796875
INFO:root:Batch 261, Loss: 6.241771697998047
INFO:root:Batch 262, Loss: 5.346057891845703
INFO:root:Batch 263, Loss: 5.127631664276123
INFO:root:Batch 264, Loss: 6.331150054931641
INFO:root:Batch 265, Loss: 5.502143859863281
INFO:root:Batch 266, Loss: 5.36637544631958
INFO:root:Batch 267, Loss: 5.863399505615234
INFO:root:Batch 268, Loss: 5.4369425773620605
INFO:root:Batch 269, Loss: 5.260410308837891
INFO:root:Batch 270, Loss: 5.668478488922119
INFO:root:Batch 271, Loss: 5.483493804931641
INFO:root:Batch 272, Loss: 5.787868499755859
INFO:root:Batch 273, Loss: 5.485564231872559
INFO:root:Batch 274, Loss: 5.635948657989502
INFO:root:Batch 275, Loss: 6.134962558746338
INFO:root:Batch 276, Loss: 5.259083271026611
INFO:root:Batch 277, Loss: 5.945369720458984
INFO:root:Batch 278, Loss: 5.088795185089111
INFO:root:Batch 279, Loss: 5.749771595001221
INFO:root:Batch 280, Loss: 5.10664176940918
INFO:root:Batch 281, Loss: 5.758069038391113
INFO:root:Batch 282, Loss: 5.25223445892334
INFO:root:Batch 283, Loss: 5.427004814147949
INFO:root:Batch 284, Loss: 5.388513088226318
INFO:root:Batch 285, Loss: 5.530026435852051
INFO:root:Batch 286, Loss: 5.844627857208252
INFO:root:Batch 287, Loss: 5.431589126586914
INFO:root:Batch 288, Loss: 5.763422012329102
INFO:root:Batch 289, Loss: 5.639917850494385
INFO:root:Batch 290, Loss: 5.338616371154785
INFO:root:Batch 291, Loss: 5.514838218688965
INFO:root:Batch 292, Loss: 5.5025200843811035
INFO:root:Batch 293, Loss: 4.870667934417725
INFO:root:Batch 294, Loss: 5.566427707672119
INFO:root:Batch 295, Loss: 5.7032084465026855
INFO:root:Batch 296, Loss: 5.474618434906006
INFO:root:Batch 297, Loss: 5.303100109100342
INFO:root:Batch 298, Loss: 5.984304904937744
INFO:root:Batch 299, Loss: 5.611771106719971
INFO:root:Batch 300, Loss: 5.948103427886963
INFO:root:Batch 301, Loss: 5.340781211853027
INFO:root:Batch 302, Loss: 5.303350448608398
INFO:root:Batch 303, Loss: 4.820056438446045
INFO:root:Batch 304, Loss: 6.018155574798584
INFO:root:Batch 305, Loss: 5.230918884277344
INFO:root:Batch 306, Loss: 5.358405590057373
INFO:root:Batch 307, Loss: 5.2210822105407715
INFO:root:Batch 308, Loss: 5.268094062805176
INFO:root:Batch 309, Loss: 5.4110002517700195
INFO:root:Batch 310, Loss: 4.793942928314209
INFO:root:Batch 311, Loss: 5.384631633758545
INFO:root:Batch 312, Loss: 5.10199499130249
INFO:root:Batch 313, Loss: 5.3405375480651855
INFO:root:Batch 314, Loss: 5.845951557159424
INFO:root:Batch 315, Loss: 5.203585624694824
INFO:root:Batch 316, Loss: 5.205404281616211
INFO:root:Batch 317, Loss: 5.591734409332275
INFO:root:Batch 318, Loss: 4.894862651824951
INFO:root:Batch 319, Loss: 5.041448593139648
INFO:root:Batch 320, Loss: 5.599644184112549
INFO:root:Batch 321, Loss: 4.750331401824951
INFO:root:Batch 322, Loss: 4.710910797119141
INFO:root:Batch 323, Loss: 5.223274230957031
INFO:root:Batch 324, Loss: 5.5365142822265625
INFO:root:Batch 325, Loss: 5.0026774406433105
INFO:root:Batch 326, Loss: 5.133862018585205
INFO:root:Batch 327, Loss: 4.843554496765137
INFO:root:Batch 328, Loss: 5.862654685974121
INFO:root:Batch 329, Loss: 5.310589790344238
INFO:root:Batch 330, Loss: 4.888950824737549
INFO:root:Batch 331, Loss: 5.096616268157959
INFO:root:Batch 332, Loss: 5.082259178161621
INFO:root:Batch 333, Loss: 4.932613849639893
INFO:root:Batch 334, Loss: 5.018982887268066
INFO:root:Batch 335, Loss: 5.164364337921143
INFO:root:Batch 336, Loss: 4.695289611816406
INFO:root:Batch 337, Loss: 5.377100467681885
INFO:root:Batch 338, Loss: 5.851968288421631
INFO:root:Batch 339, Loss: 5.491337299346924
INFO:root:Batch 340, Loss: 5.644664764404297
INFO:root:Batch 341, Loss: 4.941565990447998
INFO:root:Batch 342, Loss: 5.322835445404053
INFO:root:Batch 343, Loss: 5.295739650726318
INFO:root:Batch 344, Loss: 4.41730260848999
INFO:root:Batch 345, Loss: 5.781376838684082
INFO:root:Batch 346, Loss: 4.979543685913086
INFO:root:Batch 347, Loss: 5.232861042022705
INFO:root:Batch 348, Loss: 5.0868449211120605
INFO:root:Batch 349, Loss: 4.861647129058838
INFO:root:Batch 350, Loss: 4.569108009338379
INFO:root:Batch 351, Loss: 4.992715835571289
INFO:root:Batch 352, Loss: 5.302300453186035
INFO:root:Batch 353, Loss: 4.6521077156066895
INFO:root:Batch 354, Loss: 5.263383865356445
INFO:root:Batch 355, Loss: 4.327470779418945
INFO:root:Batch 356, Loss: 4.751032829284668
INFO:root:Batch 357, Loss: 5.114675998687744
INFO:root:Batch 358, Loss: 5.466897487640381
INFO:root:Batch 359, Loss: 6.1645965576171875
INFO:root:Batch 360, Loss: 4.861844062805176
INFO:root:Batch 361, Loss: 5.0422515869140625
INFO:root:Batch 362, Loss: 5.30778169631958
INFO:root:Batch 363, Loss: 5.054764747619629
INFO:root:Batch 364, Loss: 4.382828235626221
INFO:root:Batch 365, Loss: 5.131591320037842
INFO:root:Batch 366, Loss: 5.3611531257629395
INFO:root:Batch 367, Loss: 5.475064277648926
INFO:root:Batch 368, Loss: 4.81190824508667
INFO:root:Batch 369, Loss: 4.768743515014648
INFO:root:Batch 370, Loss: 5.512049674987793
INFO:root:Batch 371, Loss: 4.941591739654541
INFO:root:Batch 372, Loss: 5.062760829925537
INFO:root:Batch 373, Loss: 4.733973026275635
INFO:root:Batch 374, Loss: 4.992691993713379
INFO:root:Batch 375, Loss: 5.096496105194092
INFO:root:Batch 376, Loss: 4.903372764587402
INFO:root:Batch 377, Loss: 5.071854114532471
INFO:root:Batch 378, Loss: 4.766750812530518
INFO:root:Batch 379, Loss: 4.80968713760376
INFO:root:Batch 380, Loss: 4.444502830505371
INFO:root:Batch 381, Loss: 5.266036033630371
INFO:root:Batch 382, Loss: 4.611234188079834
INFO:root:Batch 383, Loss: 4.94098424911499
INFO:root:Batch 384, Loss: 5.422983646392822
INFO:root:Batch 385, Loss: 4.717098712921143
INFO:root:Batch 386, Loss: 4.788669586181641
INFO:root:Batch 387, Loss: 4.948548793792725
INFO:root:Batch 388, Loss: 5.58979606628418
INFO:root:Batch 389, Loss: 5.614870071411133
INFO:root:Batch 390, Loss: 5.238341808319092
INFO:root:Batch 391, Loss: 4.89807653427124
INFO:root:Batch 392, Loss: 4.8196587562561035
INFO:root:Batch 393, Loss: 5.301800727844238
INFO:root:Batch 394, Loss: 5.386487007141113
INFO:root:Batch 395, Loss: 4.553684711456299
INFO:root:Batch 396, Loss: 5.762620449066162
INFO:root:Batch 397, Loss: 5.276334762573242
INFO:root:Batch 398, Loss: 4.186884880065918
INFO:root:Batch 399, Loss: 4.534682273864746
INFO:root:Batch 400, Loss: 4.168893337249756
INFO:root:Batch 401, Loss: 4.614225387573242
INFO:root:Batch 402, Loss: 5.353212356567383
INFO:root:Batch 403, Loss: 4.9186296463012695
INFO:root:Batch 404, Loss: 4.773692607879639
INFO:root:Batch 405, Loss: 4.673220634460449
INFO:root:Batch 406, Loss: 5.401446342468262
INFO:root:Batch 407, Loss: 4.7947306632995605
INFO:root:Batch 408, Loss: 5.008059024810791
INFO:root:Batch 409, Loss: 5.177942752838135
INFO:root:Batch 410, Loss: 4.751357555389404
INFO:root:Batch 411, Loss: 4.43687629699707
INFO:root:Batch 412, Loss: 4.879347801208496
INFO:root:Batch 413, Loss: 4.245172023773193
INFO:root:Batch 414, Loss: 4.91369104385376
INFO:root:Batch 415, Loss: 4.440094947814941
INFO:root:Batch 416, Loss: 4.515384674072266
INFO:root:Batch 417, Loss: 5.118290901184082
INFO:root:Batch 418, Loss: 5.292505264282227
INFO:root:Batch 419, Loss: 4.4095540046691895
INFO:root:Batch 420, Loss: 4.316844940185547
INFO:root:Batch 421, Loss: 4.720443248748779
INFO:root:Batch 422, Loss: 4.84869384765625
INFO:root:Batch 423, Loss: 4.905501365661621
INFO:root:Batch 424, Loss: 4.3120198249816895
INFO:root:Batch 425, Loss: 4.600008964538574
INFO:root:Batch 426, Loss: 5.349229335784912
INFO:root:Batch 427, Loss: 4.911694049835205
INFO:root:Batch 428, Loss: 5.347455978393555
INFO:root:Batch 429, Loss: 4.249685287475586
INFO:root:Batch 430, Loss: 4.196188449859619
INFO:root:Batch 431, Loss: 4.975998878479004
INFO:root:Batch 432, Loss: 4.353602409362793
INFO:root:Batch 433, Loss: 4.807416915893555
INFO:root:Batch 434, Loss: 4.858317852020264
INFO:root:Batch 435, Loss: 4.763446807861328
INFO:root:Batch 436, Loss: 5.356812953948975
INFO:root:Batch 437, Loss: 4.840938568115234
INFO:root:Batch 438, Loss: 5.650815010070801
INFO:root:Batch 439, Loss: 5.08854341506958
INFO:root:Batch 440, Loss: 5.195116996765137
INFO:root:Batch 441, Loss: 4.4636054039001465
INFO:root:Batch 442, Loss: 4.419896602630615
INFO:root:Batch 443, Loss: 4.424563884735107
INFO:root:Batch 444, Loss: 4.871556758880615
INFO:root:Batch 445, Loss: 4.9839067459106445
INFO:root:Batch 446, Loss: 4.458960056304932
INFO:root:Batch 447, Loss: 4.697657108306885
INFO:root:Batch 448, Loss: 4.7282938957214355
INFO:root:Batch 449, Loss: 4.735091686248779
INFO:root:Batch 450, Loss: 5.250609874725342
INFO:root:Batch 451, Loss: 4.647702693939209
INFO:root:Batch 452, Loss: 4.743991851806641
INFO:root:Batch 453, Loss: 4.507670879364014
INFO:root:Batch 454, Loss: 4.875503063201904
INFO:root:Batch 455, Loss: 4.781240463256836
INFO:root:Batch 456, Loss: 4.96185827255249
INFO:root:Batch 457, Loss: 4.928454875946045
INFO:root:Batch 458, Loss: 5.022039413452148
INFO:root:Batch 459, Loss: 5.7395429611206055
INFO:root:Batch 460, Loss: 4.935588836669922
INFO:root:Batch 461, Loss: 4.934730052947998
INFO:root:Batch 462, Loss: 4.898051738739014
INFO:root:Batch 463, Loss: 4.3285627365112305
INFO:root:Batch 464, Loss: 4.680665969848633
INFO:root:Batch 465, Loss: 4.476849555969238
INFO:root:Batch 466, Loss: 4.738296031951904
INFO:root:Batch 467, Loss: 4.44788932800293
INFO:root:Batch 468, Loss: 5.012394905090332
INFO:root:Batch 469, Loss: 4.926955699920654
INFO:root:Batch 470, Loss: 4.537910461425781
INFO:root:Batch 471, Loss: 4.389730453491211
INFO:root:Batch 472, Loss: 4.42873477935791
INFO:root:Batch 473, Loss: 5.1545820236206055
INFO:root:Batch 474, Loss: 4.425721645355225
INFO:root:Batch 475, Loss: 4.234472274780273
INFO:root:Batch 476, Loss: 4.533191680908203
INFO:root:Batch 477, Loss: 4.002586364746094
INFO:root:Batch 478, Loss: 4.692262649536133
INFO:root:Batch 479, Loss: 4.10481595993042
INFO:root:Batch 480, Loss: 4.559130668640137
INFO:root:Batch 481, Loss: 5.1289567947387695
INFO:root:Batch 482, Loss: 4.1301045417785645
INFO:root:Batch 483, Loss: 4.663944244384766
INFO:root:Batch 484, Loss: 4.749443054199219
INFO:root:Batch 485, Loss: 4.772845268249512
INFO:root:Batch 486, Loss: 4.332329750061035
INFO:root:Batch 487, Loss: 4.313994407653809
INFO:root:Batch 488, Loss: 4.607544422149658
INFO:root:Batch 489, Loss: 4.310878276824951
INFO:root:Batch 490, Loss: 4.3131585121154785
INFO:root:Batch 491, Loss: 4.633962631225586
INFO:root:Batch 492, Loss: 5.19609260559082
INFO:root:Batch 493, Loss: 4.8662004470825195
INFO:root:Batch 494, Loss: 6.020392894744873
INFO:root:Batch 495, Loss: 4.521523952484131
INFO:root:Batch 496, Loss: 4.665916919708252
INFO:root:Batch 497, Loss: 4.653246879577637
INFO:root:Batch 498, Loss: 5.319656848907471
INFO:root:Batch 499, Loss: 4.151857852935791
INFO:root:Batch 500, Loss: 4.988224029541016
INFO:root:Batch 501, Loss: 5.383574962615967
INFO:root:Batch 502, Loss: 4.682858467102051
INFO:root:Batch 503, Loss: 3.874260187149048
INFO:root:Batch 504, Loss: 4.900149345397949
INFO:root:Batch 505, Loss: 4.043951511383057
INFO:root:Batch 506, Loss: 5.135192394256592
INFO:root:Batch 507, Loss: 4.585986614227295
INFO:root:Batch 508, Loss: 4.442173957824707
INFO:root:Batch 509, Loss: 4.8518757820129395
INFO:root:Batch 510, Loss: 4.858920097351074
INFO:root:Batch 511, Loss: 4.396569728851318
INFO:root:Batch 512, Loss: 4.340900421142578
INFO:root:Batch 513, Loss: 4.9362616539001465
INFO:root:Batch 514, Loss: 4.629499435424805
INFO:root:Batch 515, Loss: 5.119258880615234
INFO:root:Batch 516, Loss: 4.742278099060059
INFO:root:Batch 517, Loss: 4.127697944641113
INFO:root:Batch 518, Loss: 5.071791172027588
INFO:root:Batch 519, Loss: 4.1015167236328125
INFO:root:Batch 520, Loss: 4.205950736999512
INFO:root:Batch 521, Loss: 4.514133930206299
INFO:root:Batch 522, Loss: 4.2790117263793945
INFO:root:Batch 523, Loss: 4.626564025878906
INFO:root:Batch 524, Loss: 4.439533710479736
INFO:root:Batch 525, Loss: 5.209239482879639
INFO:root:Batch 526, Loss: 5.5161309242248535
INFO:root:Batch 527, Loss: 4.184734344482422
INFO:root:Batch 528, Loss: 5.276301383972168
INFO:root:Batch 529, Loss: 4.283724784851074
INFO:root:Batch 530, Loss: 3.427870512008667
INFO:root:Batch 531, Loss: 4.301252841949463
INFO:root:Batch 532, Loss: 6.453892707824707
INFO:root:Batch 533, Loss: 4.459418773651123
INFO:root:Batch 534, Loss: 5.125223636627197
INFO:root:Batch 535, Loss: 4.832315921783447
INFO:root:Batch 536, Loss: 4.481389045715332
INFO:root:Batch 537, Loss: 4.645081043243408
INFO:root:Batch 538, Loss: 4.643191337585449
INFO:root:Batch 539, Loss: 4.313511848449707
INFO:root:Batch 540, Loss: 4.729033946990967
INFO:root:Batch 541, Loss: 4.439746379852295
INFO:root:Batch 542, Loss: 4.2736358642578125
INFO:root:Batch 543, Loss: 4.928292274475098
INFO:root:Batch 544, Loss: 4.328978061676025
INFO:root:Batch 545, Loss: 4.983584880828857
INFO:root:Batch 546, Loss: 4.776785850524902
INFO:root:Batch 547, Loss: 4.929985046386719
INFO:root:Batch 548, Loss: 4.428428649902344
INFO:root:Batch 549, Loss: 4.584550857543945
INFO:root:Batch 550, Loss: 4.328226089477539
INFO:root:Batch 551, Loss: 4.876572608947754
INFO:root:Batch 552, Loss: 4.214235305786133
INFO:root:Batch 553, Loss: 4.089250564575195
INFO:root:Batch 554, Loss: 4.9672393798828125
INFO:root:Batch 555, Loss: 3.9977338314056396
INFO:root:Batch 556, Loss: 4.805440902709961
INFO:root:Batch 557, Loss: 3.962543487548828
INFO:root:Batch 558, Loss: 5.153790473937988
INFO:root:Batch 559, Loss: 4.501279830932617
INFO:root:Batch 560, Loss: 4.119813442230225
INFO:root:Batch 561, Loss: 4.066618919372559
INFO:root:Batch 562, Loss: 4.338413238525391
INFO:root:Batch 563, Loss: 4.769132137298584
INFO:root:Batch 564, Loss: 4.423074245452881
INFO:root:Batch 565, Loss: 4.736042022705078
INFO:root:Batch 566, Loss: 3.9982211589813232
INFO:root:Batch 567, Loss: 4.865182399749756
INFO:root:Batch 568, Loss: 4.431581497192383
INFO:root:Batch 569, Loss: 4.237270832061768
INFO:root:Batch 570, Loss: 4.317957878112793
INFO:root:Batch 571, Loss: 4.180174350738525
INFO:root:Batch 572, Loss: 3.776158571243286
INFO:root:Batch 573, Loss: 5.0225725173950195
INFO:root:Batch 574, Loss: 4.1903581619262695
INFO:root:Batch 575, Loss: 4.404304504394531
INFO:root:Batch 576, Loss: 5.1250200271606445
INFO:root:Batch 577, Loss: 4.104604244232178
INFO:root:Batch 578, Loss: 5.0490899085998535
INFO:root:Batch 579, Loss: 4.881946563720703
INFO:root:Batch 580, Loss: 3.30073881149292
INFO:root:Batch 581, Loss: 5.415972709655762
INFO:root:Batch 582, Loss: 4.478590965270996
INFO:root:Batch 583, Loss: 4.114717960357666
INFO:root:Batch 584, Loss: 4.751649856567383
INFO:root:Batch 585, Loss: 4.600956916809082
INFO:root:Batch 586, Loss: 4.349900722503662
INFO:root:Batch 587, Loss: 4.3653483390808105
INFO:root:Batch 588, Loss: 5.42262601852417
INFO:root:Batch 589, Loss: 4.123818874359131
INFO:root:Batch 590, Loss: 4.242015838623047
INFO:root:Batch 591, Loss: 4.047666072845459
INFO:root:Batch 592, Loss: 4.028910160064697
INFO:root:Batch 593, Loss: 5.213698387145996
INFO:root:Batch 594, Loss: 4.281574249267578
INFO:root:Batch 595, Loss: 5.002092361450195
INFO:root:Batch 596, Loss: 5.346222400665283
INFO:root:Batch 597, Loss: 4.466901779174805
INFO:root:Batch 598, Loss: 4.55021858215332
INFO:root:Batch 599, Loss: 4.901148319244385
INFO:root:Batch 600, Loss: 4.5518951416015625
INFO:root:Batch 601, Loss: 4.668547630310059
INFO:root:Batch 602, Loss: 4.181518077850342
INFO:root:Batch 603, Loss: 3.9203500747680664
INFO:root:Batch 604, Loss: 4.135836601257324
INFO:root:Batch 605, Loss: 3.876818895339966
INFO:root:Batch 606, Loss: 5.207030296325684
INFO:root:Batch 607, Loss: 4.892561912536621
INFO:root:Batch 608, Loss: 3.708247184753418
INFO:root:Batch 609, Loss: 4.17965841293335
INFO:root:Batch 610, Loss: 5.022326946258545
INFO:root:Batch 611, Loss: 5.256171226501465
INFO:root:Batch 612, Loss: 4.598310947418213
INFO:root:Batch 613, Loss: 3.821678638458252
INFO:root:Batch 614, Loss: 4.38693380355835
INFO:root:Batch 615, Loss: 4.1292948722839355
INFO:root:Batch 616, Loss: 4.744823932647705
INFO:root:Batch 617, Loss: 3.912951946258545
INFO:root:Batch 618, Loss: 4.503383636474609
INFO:root:Batch 619, Loss: 4.291107177734375
INFO:root:Batch 620, Loss: 4.258134365081787
INFO:root:Batch 621, Loss: 4.3396196365356445
INFO:root:Batch 622, Loss: 3.9449033737182617
INFO:root:Batch 623, Loss: 4.806644439697266
INFO:root:Batch 624, Loss: 4.124189376831055
INFO:root:Batch 625, Loss: 4.196786880493164
INFO:root:Batch 626, Loss: 4.298882961273193
INFO:root:Batch 627, Loss: 4.261528015136719
INFO:root:Batch 628, Loss: 3.572511672973633
INFO:root:Batch 629, Loss: 5.407350063323975
INFO:root:Batch 630, Loss: 4.4827985763549805
INFO:root:Batch 631, Loss: 4.186816692352295
INFO:root:Batch 632, Loss: 3.873379707336426
INFO:root:Batch 633, Loss: 4.612725734710693
INFO:root:Batch 634, Loss: 4.7791876792907715
INFO:root:Batch 635, Loss: 5.207402229309082
INFO:root:Batch 636, Loss: 4.461436748504639
INFO:root:Batch 637, Loss: 4.1031975746154785
INFO:root:Batch 638, Loss: 4.9137163162231445
INFO:root:Batch 639, Loss: 4.715965270996094
INFO:root:Batch 640, Loss: 4.040110111236572
INFO:root:Batch 641, Loss: 4.791431903839111
INFO:root:Batch 642, Loss: 4.524078369140625
INFO:root:Batch 643, Loss: 3.9274826049804688
INFO:root:Batch 644, Loss: 4.1397552490234375
INFO:root:Batch 645, Loss: 4.505006790161133
INFO:root:Batch 646, Loss: 5.08829402923584
INFO:root:Batch 647, Loss: 4.921241760253906
INFO:root:Batch 648, Loss: 4.283828258514404
INFO:root:Batch 649, Loss: 4.815077304840088
INFO:root:Batch 650, Loss: 5.037622451782227
INFO:root:Batch 651, Loss: 4.747225761413574
INFO:root:Batch 652, Loss: 3.962541103363037
INFO:root:Batch 653, Loss: 4.1736345291137695
INFO:root:Batch 654, Loss: 3.9289939403533936
INFO:root:Batch 655, Loss: 4.304843425750732
INFO:root:Batch 656, Loss: 3.9923880100250244
INFO:root:Batch 657, Loss: 4.032545566558838
INFO:root:Batch 658, Loss: 4.076244354248047
INFO:root:Batch 659, Loss: 4.032149791717529
INFO:root:Batch 660, Loss: 4.685306072235107
INFO:root:Batch 661, Loss: 4.589890003204346
INFO:root:Batch 662, Loss: 4.087458610534668
INFO:root:Batch 663, Loss: 4.646341323852539
INFO:root:Batch 664, Loss: 3.9578115940093994
INFO:root:Batch 665, Loss: 4.373236179351807
INFO:root:Batch 666, Loss: 4.23364782333374
INFO:root:Batch 667, Loss: 4.248072624206543
INFO:root:Batch 668, Loss: 4.962925434112549
INFO:root:Batch 669, Loss: 3.9469196796417236
INFO:root:Batch 670, Loss: 4.810015678405762
INFO:root:Batch 671, Loss: 4.363038539886475
INFO:root:Batch 672, Loss: 4.357361793518066
INFO:root:Batch 673, Loss: 3.6537234783172607
INFO:root:Batch 674, Loss: 4.294577121734619
INFO:root:Batch 675, Loss: 4.289018630981445
INFO:root:Batch 676, Loss: 4.261823654174805
INFO:root:Batch 677, Loss: 3.658592462539673
INFO:root:Batch 678, Loss: 4.021543979644775
INFO:root:Batch 679, Loss: 4.593995094299316
INFO:root:Batch 680, Loss: 4.177040100097656
INFO:root:Batch 681, Loss: 3.7121849060058594
INFO:root:Batch 682, Loss: 4.294559478759766
INFO:root:Batch 683, Loss: 4.3607659339904785
INFO:root:Batch 684, Loss: 4.4321393966674805
INFO:root:Batch 685, Loss: 4.195366382598877
INFO:root:Batch 686, Loss: 4.292003631591797
INFO:root:Batch 687, Loss: 4.357484340667725
INFO:root:Batch 688, Loss: 3.9306087493896484
INFO:root:Batch 689, Loss: 3.706005334854126
INFO:root:Batch 690, Loss: 5.082861423492432
INFO:root:Batch 691, Loss: 4.505375385284424
INFO:root:Batch 692, Loss: 4.440388202667236
INFO:root:Batch 693, Loss: 3.5977282524108887
INFO:root:Batch 694, Loss: 4.456307888031006
INFO:root:Batch 695, Loss: 4.072417259216309
INFO:root:Batch 696, Loss: 4.106992721557617
INFO:root:Batch 697, Loss: 5.489459037780762
INFO:root:Batch 698, Loss: 4.833291530609131
INFO:root:Batch 699, Loss: 3.9005210399627686
INFO:root:Batch 700, Loss: 4.779099941253662
INFO:root:Batch 701, Loss: 5.039979934692383
INFO:root:Batch 702, Loss: 4.37545108795166
INFO:root:Batch 703, Loss: 3.8425960540771484
INFO:root:Batch 704, Loss: 4.037158489227295
INFO:root:Batch 705, Loss: 3.954846143722534
INFO:root:Batch 706, Loss: 4.740100860595703
INFO:root:Batch 707, Loss: 4.542738914489746
INFO:root:Batch 708, Loss: 5.679631233215332
INFO:root:Batch 709, Loss: 4.320763111114502
INFO:root:Batch 710, Loss: 3.6762521266937256
INFO:root:Batch 711, Loss: 3.015209197998047
INFO:root:Batch 712, Loss: 4.842768669128418
INFO:root:Batch 713, Loss: 5.018542766571045
INFO:root:Batch 714, Loss: 3.6555399894714355
INFO:root:Batch 715, Loss: 3.939594030380249
INFO:root:Batch 716, Loss: 4.049415588378906
INFO:root:Batch 717, Loss: 5.064625263214111
INFO:root:Batch 718, Loss: 4.447909832000732
INFO:root:Batch 719, Loss: 4.731221675872803
INFO:root:Batch 720, Loss: 5.421162128448486
INFO:root:Batch 721, Loss: 4.788591384887695
INFO:root:Batch 722, Loss: 3.6623950004577637
INFO:root:Batch 723, Loss: 4.025653839111328
INFO:root:Batch 724, Loss: 3.2400991916656494
INFO:root:Batch 725, Loss: 4.260073661804199
INFO:root:Batch 726, Loss: 4.027404308319092
INFO:root:Batch 727, Loss: 4.726013660430908
INFO:root:Batch 728, Loss: 3.9738473892211914
INFO:root:Batch 729, Loss: 3.6343679428100586
INFO:root:Batch 730, Loss: 3.6514675617218018
INFO:root:Batch 731, Loss: 3.4619762897491455
INFO:root:Batch 732, Loss: 3.6303794384002686
INFO:root:Batch 733, Loss: 4.396047115325928
INFO:root:Batch 734, Loss: 4.712731838226318
INFO:root:Batch 735, Loss: 4.140200614929199
INFO:root:Batch 736, Loss: 4.411774635314941
INFO:root:Batch 737, Loss: 3.958308219909668
INFO:root:Batch 738, Loss: 3.692246198654175
INFO:root:Batch 739, Loss: 4.605406761169434
INFO:root:Batch 740, Loss: 4.035716533660889
INFO:root:Batch 741, Loss: 4.609903812408447
INFO:root:Batch 742, Loss: 4.245879173278809
INFO:root:Batch 743, Loss: 3.409386396408081
INFO:root:Batch 744, Loss: 3.8652613162994385
INFO:root:Batch 745, Loss: 4.616144180297852
INFO:root:Batch 746, Loss: 4.557679653167725
INFO:root:Batch 747, Loss: 4.589992046356201
INFO:root:Batch 748, Loss: 5.194997310638428
INFO:root:Batch 749, Loss: 4.4788618087768555
INFO:root:Batch 750, Loss: 4.770036697387695
INFO:root:Batch 751, Loss: 3.8420705795288086
INFO:root:Batch 752, Loss: 4.4235310554504395
INFO:root:Batch 753, Loss: 4.729258060455322
INFO:root:Batch 754, Loss: 4.709309101104736
INFO:root:Batch 755, Loss: 4.098030090332031
INFO:root:Batch 756, Loss: 4.094458103179932
INFO:root:Batch 757, Loss: 4.354650974273682
INFO:root:Batch 758, Loss: 4.206093788146973
INFO:root:Batch 759, Loss: 3.502112627029419
INFO:root:Batch 760, Loss: 4.476466178894043
INFO:root:Batch 761, Loss: 4.539748191833496
INFO:root:Batch 762, Loss: 4.4816365242004395
INFO:root:Batch 763, Loss: 3.6911544799804688
INFO:root:Batch 764, Loss: 4.815448760986328
INFO:root:Batch 765, Loss: 4.538873195648193
INFO:root:Batch 766, Loss: 4.584114074707031
INFO:root:Batch 767, Loss: 4.430359363555908
INFO:root:Batch 768, Loss: 4.228416919708252
INFO:root:Batch 769, Loss: 4.446944713592529
INFO:root:Batch 770, Loss: 4.324028491973877
INFO:root:Batch 771, Loss: 4.353771686553955
INFO:root:Batch 772, Loss: 4.102785110473633
INFO:root:Batch 773, Loss: 4.1525373458862305
INFO:root:Batch 774, Loss: 3.901010274887085
INFO:root:Batch 775, Loss: 4.317665100097656
INFO:root:Batch 776, Loss: 3.6096606254577637
INFO:root:Batch 777, Loss: 4.3088459968566895
INFO:root:Batch 778, Loss: 3.710181951522827
INFO:root:Batch 779, Loss: 3.9812440872192383
INFO:root:Batch 780, Loss: 5.0048370361328125
INFO:root:Batch 781, Loss: 4.530239105224609
INFO:root:Batch 782, Loss: 3.909820795059204
INFO:root:Batch 783, Loss: 4.159877777099609
INFO:root:Batch 784, Loss: 3.6921632289886475
INFO:root:Batch 785, Loss: 3.971341848373413
INFO:root:Batch 786, Loss: 4.558669090270996
INFO:root:Batch 787, Loss: 3.942317485809326
INFO:root:Batch 788, Loss: 3.741065740585327
INFO:root:Batch 789, Loss: 3.5925352573394775
INFO:root:Batch 790, Loss: 4.836198806762695
INFO:root:Batch 791, Loss: 3.8522934913635254
INFO:root:Batch 792, Loss: 3.9642820358276367
INFO:root:Batch 793, Loss: 4.608790874481201
INFO:root:Batch 794, Loss: 4.49547815322876
INFO:root:Batch 795, Loss: 4.062931060791016
INFO:root:Batch 796, Loss: 4.224114418029785
INFO:root:Batch 797, Loss: 3.93025803565979
INFO:root:Batch 798, Loss: 4.415234088897705
INFO:root:Batch 799, Loss: 4.526118278503418
INFO:root:Batch 800, Loss: 4.2540435791015625
INFO:root:Batch 801, Loss: 3.6625771522521973
INFO:root:Batch 802, Loss: 4.443928241729736
INFO:root:Batch 803, Loss: 5.099085807800293
INFO:root:Batch 804, Loss: 5.246883392333984
INFO:root:Batch 805, Loss: 3.5956625938415527
INFO:root:Batch 806, Loss: 3.765220880508423
INFO:root:Batch 807, Loss: 4.1359357833862305
INFO:root:Batch 808, Loss: 4.542130947113037
INFO:root:Batch 809, Loss: 3.852609395980835
INFO:root:Batch 810, Loss: 4.025782585144043
INFO:root:Batch 811, Loss: 3.858959197998047
INFO:root:Batch 812, Loss: 4.598527908325195
INFO:root:Batch 813, Loss: 4.217448711395264
INFO:root:Batch 814, Loss: 4.439332008361816
INFO:root:Batch 815, Loss: 3.000699520111084
INFO:root:Batch 816, Loss: 4.123052597045898
INFO:root:Batch 817, Loss: 3.727984666824341
INFO:root:Batch 818, Loss: 4.4454426765441895
INFO:root:Batch 819, Loss: 4.159994125366211
INFO:root:Batch 820, Loss: 4.460515975952148
INFO:root:Batch 821, Loss: 4.43713903427124
INFO:root:Batch 822, Loss: 3.995952844619751
INFO:root:Batch 823, Loss: 4.422496795654297
INFO:root:Batch 824, Loss: 3.415332078933716
INFO:root:Batch 825, Loss: 3.8559038639068604
INFO:root:Batch 826, Loss: 4.119320869445801
INFO:root:Batch 827, Loss: 4.134222984313965
INFO:root:Batch 828, Loss: 4.251704216003418
INFO:root:Batch 829, Loss: 3.7460525035858154
INFO:root:Batch 830, Loss: 4.030507564544678
INFO:root:Batch 831, Loss: 4.1872711181640625
INFO:root:Batch 832, Loss: 4.689376354217529
INFO:root:Batch 833, Loss: 3.3999111652374268
INFO:root:Batch 834, Loss: 3.66576886177063
INFO:root:Batch 835, Loss: 4.138942718505859
INFO:root:Batch 836, Loss: 4.336727142333984
INFO:root:Batch 837, Loss: 3.869154214859009
INFO:root:Batch 838, Loss: 4.228754997253418
INFO:root:Batch 839, Loss: 4.339700698852539
INFO:root:Batch 840, Loss: 4.04548454284668
INFO:root:Batch 841, Loss: 4.482209205627441
INFO:root:Batch 842, Loss: 3.8101375102996826
INFO:root:Batch 843, Loss: 4.132718086242676
INFO:root:Batch 844, Loss: 5.015811920166016
INFO:root:Batch 845, Loss: 4.0998454093933105
INFO:root:Batch 846, Loss: 4.361477375030518
INFO:root:Batch 847, Loss: 4.173006057739258
INFO:root:Batch 848, Loss: 3.5651187896728516
INFO:root:Batch 849, Loss: 4.517622470855713
INFO:root:Batch 850, Loss: 3.444014549255371
INFO:root:Batch 851, Loss: 3.6041746139526367
INFO:root:Batch 852, Loss: 4.32704496383667
INFO:root:Batch 853, Loss: 2.844249963760376
INFO:root:Batch 854, Loss: 4.083895206451416
