INFO:root:Epoch 1, Batch 0, Loss: 10.080012321472168
INFO:root:Epoch 1, Batch 1, Loss: 9.893205642700195
INFO:root:Epoch 1, Batch 2, Loss: 10.123419761657715
INFO:root:Epoch 1, Batch 3, Loss: 9.952154159545898
INFO:root:Epoch 1, Batch 4, Loss: 9.903829574584961
INFO:root:Epoch 1, Batch 5, Loss: 10.237847328186035
INFO:root:Epoch 1, Batch 6, Loss: 10.156049728393555
INFO:root:Epoch 1, Batch 7, Loss: 10.291802406311035
INFO:root:Epoch 1, Batch 8, Loss: 10.130802154541016
INFO:root:Epoch 1, Batch 9, Loss: 10.014500617980957
INFO:root:Epoch 1, Batch 10, Loss: 10.438045501708984
INFO:root:Epoch 1, Batch 11, Loss: 10.038654327392578
INFO:root:Epoch 1, Batch 12, Loss: 10.119391441345215
INFO:root:Epoch 1, Batch 13, Loss: 10.135717391967773
INFO:root:Epoch 1, Batch 14, Loss: 9.809982299804688
INFO:root:Epoch 1, Batch 15, Loss: 10.205270767211914
INFO:root:Epoch 1, Batch 16, Loss: 10.273514747619629
INFO:root:Epoch 1, Batch 17, Loss: 10.038420677185059
INFO:root:Epoch 1, Batch 18, Loss: 10.004293441772461
INFO:root:Epoch 1, Batch 19, Loss: 9.873358726501465
INFO:root:Epoch 1, Batch 20, Loss: 10.206820487976074
INFO:root:Epoch 1, Batch 21, Loss: 10.22037410736084
INFO:root:Epoch 1, Batch 22, Loss: 9.740042686462402
INFO:root:Epoch 1, Batch 23, Loss: 10.33353042602539
INFO:root:Epoch 1, Batch 24, Loss: 9.828081130981445
INFO:root:Epoch 1, Batch 25, Loss: 9.831502914428711
INFO:root:Epoch 1, Batch 26, Loss: 10.175447463989258
INFO:root:Epoch 1, Batch 27, Loss: 10.317593574523926
INFO:root:Epoch 1, Batch 28, Loss: 9.758106231689453
INFO:root:Epoch 1, Batch 29, Loss: 9.634295463562012
INFO:root:Epoch 1, Batch 30, Loss: 9.9296293258667
INFO:root:Epoch 1, Batch 31, Loss: 9.628700256347656
INFO:root:Epoch 1, Batch 32, Loss: 9.810247421264648
INFO:root:Epoch 1, Batch 33, Loss: 10.369032859802246
INFO:root:Epoch 1, Batch 34, Loss: 9.751379013061523
INFO:root:Epoch 1, Batch 35, Loss: 9.826403617858887
INFO:root:Epoch 1, Batch 36, Loss: 9.869223594665527
INFO:root:Epoch 1, Batch 37, Loss: 10.244239807128906
INFO:root:Epoch 1, Batch 38, Loss: 9.703472137451172
INFO:root:Epoch 1, Batch 39, Loss: 9.346086502075195
INFO:root:Epoch 1, Batch 40, Loss: 9.755367279052734
INFO:root:Epoch 1, Batch 41, Loss: 9.606996536254883
INFO:root:Epoch 1, Batch 42, Loss: 8.996916770935059
INFO:root:Epoch 1, Batch 43, Loss: 10.54587173461914
INFO:root:Epoch 1, Batch 44, Loss: 10.040152549743652
INFO:root:Epoch 1, Batch 45, Loss: 9.82441234588623
INFO:root:Epoch 1, Batch 46, Loss: 9.702126502990723
INFO:root:Epoch 1, Batch 47, Loss: 9.502079010009766
INFO:root:Epoch 1, Batch 48, Loss: 9.80198860168457
INFO:root:Epoch 1, Batch 49, Loss: 9.553297996520996
INFO:root:Epoch 1, Batch 50, Loss: 9.98929214477539
INFO:root:Epoch 1, Batch 51, Loss: 9.936911582946777
INFO:root:Epoch 1, Batch 52, Loss: 9.384110450744629
INFO:root:Epoch 1, Batch 53, Loss: 10.412044525146484
INFO:root:Epoch 1, Batch 54, Loss: 9.173195838928223
INFO:root:Epoch 1, Batch 55, Loss: 9.592602729797363
INFO:root:Epoch 1, Batch 56, Loss: 10.04189682006836
INFO:root:Epoch 1, Batch 57, Loss: 9.901232719421387
INFO:root:Epoch 1, Batch 58, Loss: 9.750691413879395
INFO:root:Epoch 1, Batch 59, Loss: 9.369939804077148
INFO:root:Epoch 1, Batch 60, Loss: 9.702610969543457
INFO:root:Epoch 1, Batch 61, Loss: 9.845566749572754
INFO:root:Epoch 1, Batch 62, Loss: 9.38805866241455
INFO:root:Epoch 1, Batch 63, Loss: 9.762115478515625
INFO:root:Epoch 1, Batch 64, Loss: 9.970165252685547
INFO:root:Epoch 1, Batch 65, Loss: 9.589465141296387
INFO:root:Epoch 1, Batch 66, Loss: 9.893956184387207
INFO:root:Epoch 1, Batch 67, Loss: 9.60697078704834
INFO:root:Epoch 1, Batch 68, Loss: 9.20940113067627
INFO:root:Epoch 1, Batch 69, Loss: 9.386564254760742
INFO:root:Epoch 1, Batch 70, Loss: 9.416269302368164
INFO:root:Epoch 1, Batch 71, Loss: 9.93441104888916
INFO:root:Epoch 1, Batch 72, Loss: 9.142946243286133
INFO:root:Epoch 1, Batch 73, Loss: 9.239304542541504
INFO:root:Epoch 1, Batch 74, Loss: 9.378331184387207
INFO:root:Epoch 1, Batch 75, Loss: 9.33116626739502
INFO:root:Epoch 1, Batch 76, Loss: 9.657382011413574
INFO:root:Epoch 1, Batch 77, Loss: 8.889915466308594
INFO:root:Epoch 1, Batch 78, Loss: 9.21670913696289
INFO:root:Epoch 1, Batch 79, Loss: 9.614849090576172
INFO:root:Epoch 1, Batch 80, Loss: 9.318290710449219
INFO:root:Epoch 1, Batch 81, Loss: 10.232556343078613
INFO:root:Epoch 1, Batch 82, Loss: 8.953001976013184
INFO:root:Epoch 1, Batch 83, Loss: 10.008010864257812
INFO:root:Epoch 1, Batch 84, Loss: 9.490326881408691
INFO:root:Epoch 1, Batch 85, Loss: 9.209429740905762
INFO:root:Epoch 1, Batch 86, Loss: 9.963842391967773
INFO:root:Epoch 1, Batch 87, Loss: 9.328937530517578
INFO:root:Epoch 1, Batch 88, Loss: 9.863901138305664
INFO:root:Epoch 1, Batch 89, Loss: 9.949135780334473
INFO:root:Epoch 1, Batch 90, Loss: 9.693461418151855
INFO:root:Epoch 1, Batch 91, Loss: 9.602474212646484
INFO:root:Epoch 1, Batch 92, Loss: 9.966157913208008
INFO:root:Epoch 1, Batch 93, Loss: 9.702217102050781
INFO:root:Epoch 1, Batch 94, Loss: 9.037339210510254
INFO:root:Epoch 1, Batch 95, Loss: 9.414510726928711
INFO:root:Epoch 1, Batch 96, Loss: 9.156713485717773
INFO:root:Epoch 1, Batch 97, Loss: 8.727075576782227
INFO:root:Epoch 1, Batch 98, Loss: 9.429817199707031
INFO:root:Epoch 1, Batch 99, Loss: 9.11120891571045
INFO:root:Epoch 1, Batch 100, Loss: 9.455245971679688
INFO:root:Epoch 1, Batch 101, Loss: 8.792593002319336
INFO:root:Epoch 1, Batch 102, Loss: 8.956750869750977
INFO:root:Epoch 1, Batch 103, Loss: 8.98490047454834
INFO:root:Epoch 1, Batch 104, Loss: 8.706327438354492
INFO:root:Epoch 1, Batch 105, Loss: 9.175202369689941
INFO:root:Epoch 1, Batch 106, Loss: 9.683025360107422
INFO:root:Epoch 1, Batch 107, Loss: 8.803404808044434
INFO:root:Epoch 1, Batch 108, Loss: 8.527862548828125
INFO:root:Epoch 1, Batch 109, Loss: 8.52996826171875
INFO:root:Epoch 1, Batch 110, Loss: 8.629687309265137
INFO:root:Epoch 1, Batch 111, Loss: 8.977622032165527
INFO:root:Epoch 1, Batch 112, Loss: 9.094850540161133
INFO:root:Epoch 1, Batch 113, Loss: 9.426010131835938
INFO:root:Epoch 1, Batch 114, Loss: 9.39145278930664
INFO:root:Epoch 1, Batch 115, Loss: 9.369940757751465
INFO:root:Epoch 1, Batch 116, Loss: 9.692411422729492
INFO:root:Epoch 1, Batch 117, Loss: 9.336559295654297
INFO:root:Epoch 1, Batch 118, Loss: 8.302361488342285
INFO:root:Epoch 1, Batch 119, Loss: 9.671930313110352
INFO:root:Epoch 1, Batch 120, Loss: 9.30959701538086
INFO:root:Epoch 1, Batch 121, Loss: 9.275761604309082
INFO:root:Epoch 1, Batch 122, Loss: 8.96570110321045
INFO:root:Epoch 1, Batch 123, Loss: 8.131184577941895
INFO:root:Epoch 1, Batch 124, Loss: 8.601734161376953
INFO:root:Epoch 1, Batch 125, Loss: 9.229684829711914
INFO:root:Epoch 1, Batch 126, Loss: 10.29446792602539
INFO:root:Epoch 1, Batch 127, Loss: 8.758011817932129
INFO:root:Epoch 1, Batch 128, Loss: 9.96569538116455
INFO:root:Epoch 1, Batch 129, Loss: 9.411237716674805
INFO:root:Epoch 1, Batch 130, Loss: 9.074485778808594
INFO:root:Epoch 1, Batch 131, Loss: 9.515871047973633
INFO:root:Epoch 1, Batch 132, Loss: 9.41857624053955
INFO:root:Epoch 1, Batch 133, Loss: 8.272369384765625
INFO:root:Epoch 1, Batch 134, Loss: 8.100982666015625
INFO:root:Epoch 1, Batch 135, Loss: 9.354952812194824
INFO:root:Epoch 1, Batch 136, Loss: 9.487839698791504
INFO:root:Epoch 1, Batch 137, Loss: 9.630278587341309
INFO:root:Epoch 1, Batch 138, Loss: 9.880775451660156
INFO:root:Epoch 1, Batch 139, Loss: 9.49895191192627
INFO:root:Epoch 1, Batch 140, Loss: 8.481610298156738
INFO:root:Epoch 1, Batch 141, Loss: 9.629205703735352
INFO:root:Epoch 1, Batch 142, Loss: 9.035722732543945
INFO:root:Epoch 1, Batch 143, Loss: 8.057777404785156
INFO:root:Epoch 1, Batch 144, Loss: 8.950284004211426
INFO:root:Epoch 1, Batch 145, Loss: 8.322232246398926
INFO:root:Epoch 1, Batch 146, Loss: 9.300414085388184
INFO:root:Epoch 1, Batch 147, Loss: 9.368278503417969
INFO:root:Epoch 1, Batch 148, Loss: 9.043659210205078
INFO:root:Epoch 1, Batch 149, Loss: 8.992385864257812
INFO:root:Epoch 1, Batch 150, Loss: 9.106804847717285
INFO:root:Epoch 1, Batch 151, Loss: 8.6587495803833
INFO:root:Epoch 1, Batch 152, Loss: 7.640627861022949
INFO:root:Epoch 1, Batch 153, Loss: 9.06589126586914
INFO:root:Epoch 1, Batch 154, Loss: 7.808165550231934
INFO:root:Epoch 1, Batch 155, Loss: 8.707941055297852
INFO:root:Epoch 1, Batch 156, Loss: 9.796306610107422
INFO:root:Epoch 1, Batch 157, Loss: 9.712789535522461
INFO:root:Epoch 1, Batch 158, Loss: 8.957979202270508
INFO:root:Epoch 1, Batch 159, Loss: 9.194792747497559
INFO:root:Epoch 1, Batch 160, Loss: 9.228191375732422
INFO:root:Epoch 1, Batch 161, Loss: 8.590919494628906
INFO:root:Epoch 1, Batch 162, Loss: 8.082037925720215
INFO:root:Epoch 1, Batch 163, Loss: 7.526895523071289
INFO:root:Epoch 1, Batch 164, Loss: 7.578968048095703
INFO:root:Epoch 1, Batch 165, Loss: 8.643539428710938
INFO:root:Epoch 1, Batch 166, Loss: 7.77528190612793
INFO:root:Epoch 1, Batch 167, Loss: 8.389957427978516
INFO:root:Epoch 1, Batch 168, Loss: 8.724258422851562
INFO:root:Epoch 1, Batch 169, Loss: 9.516467094421387
INFO:root:Epoch 1, Batch 170, Loss: 8.813652992248535
INFO:root:Epoch 1, Batch 171, Loss: 8.710273742675781
INFO:root:Epoch 1, Batch 172, Loss: 8.554581642150879
INFO:root:Epoch 1, Batch 173, Loss: 9.289545059204102
INFO:root:Epoch 1, Batch 174, Loss: 7.928502082824707
INFO:root:Epoch 1, Batch 175, Loss: 9.441118240356445
INFO:root:Epoch 1, Batch 176, Loss: 9.086091041564941
INFO:root:Epoch 1, Batch 177, Loss: 9.34650707244873
INFO:root:Epoch 1, Batch 178, Loss: 8.523907661437988
INFO:root:Epoch 1, Batch 179, Loss: 8.773721694946289
INFO:root:Epoch 1, Batch 180, Loss: 8.8400297164917
INFO:root:Epoch 1, Batch 181, Loss: 8.264777183532715
INFO:root:Epoch 1, Batch 182, Loss: 7.664881229400635
INFO:root:Epoch 1, Batch 183, Loss: 8.348587989807129
INFO:root:Epoch 1, Batch 184, Loss: 8.520834922790527
INFO:root:Epoch 1, Batch 185, Loss: 9.61774730682373
INFO:root:Epoch 1, Batch 186, Loss: 9.891241073608398
INFO:root:Epoch 1, Batch 187, Loss: 9.335062026977539
INFO:root:Epoch 1, Batch 188, Loss: 8.058709144592285
INFO:root:Epoch 1, Batch 189, Loss: 7.593535900115967
INFO:root:Epoch 1, Batch 190, Loss: 10.038252830505371
INFO:root:Epoch 1, Batch 191, Loss: 6.134862422943115
INFO:root:Epoch 1, Batch 192, Loss: 7.889249801635742
INFO:root:Epoch 1, Batch 193, Loss: 8.697343826293945
INFO:root:Epoch 1, Batch 194, Loss: 8.185073852539062
INFO:root:Epoch 1, Batch 195, Loss: 10.323290824890137
INFO:root:Epoch 1, Batch 196, Loss: 7.7098708152771
INFO:root:Epoch 1, Batch 197, Loss: 9.707855224609375
INFO:root:Epoch 1, Batch 198, Loss: 9.1402587890625
INFO:root:Epoch 1, Batch 199, Loss: 8.034811019897461
INFO:root:Epoch 1, Batch 200, Loss: 8.253557205200195
INFO:root:Epoch 1, Batch 201, Loss: 8.473700523376465
INFO:root:Epoch 1, Batch 202, Loss: 9.34414005279541
INFO:root:Epoch 1, Batch 203, Loss: 10.24179458618164
INFO:root:Epoch 1, Batch 204, Loss: 7.556374549865723
INFO:root:Epoch 1, Batch 205, Loss: 8.801640510559082
INFO:root:Epoch 1, Batch 206, Loss: 7.833169460296631
INFO:root:Epoch 1, Batch 207, Loss: 7.6563544273376465
INFO:root:Epoch 1, Batch 208, Loss: 9.495657920837402
INFO:root:Epoch 1, Batch 209, Loss: 8.072265625
INFO:root:Epoch 1, Batch 210, Loss: 8.239980697631836
INFO:root:Epoch 1, Batch 211, Loss: 8.410504341125488
INFO:root:Epoch 1, Batch 212, Loss: 9.207132339477539
INFO:root:Epoch 1, Batch 213, Loss: 7.523129940032959
INFO:root:Epoch 1, Batch 214, Loss: 8.82492733001709
INFO:root:Epoch 1, Batch 215, Loss: 8.146172523498535
INFO:root:Epoch 1, Batch 216, Loss: 6.6534857749938965
INFO:root:Epoch 1, Batch 217, Loss: 7.865171432495117
INFO:root:Epoch 1, Batch 218, Loss: 8.454541206359863
INFO:root:Epoch 1, Batch 219, Loss: 7.285232067108154
INFO:root:Epoch 1, Batch 220, Loss: 7.436910629272461
INFO:root:Epoch 1, Batch 221, Loss: 6.820828437805176
INFO:root:Epoch 1, Batch 222, Loss: 7.309348106384277
INFO:root:Epoch 1, Batch 223, Loss: 7.647927284240723
INFO:root:Epoch 1, Batch 224, Loss: 8.85601806640625
INFO:root:Epoch 1, Batch 225, Loss: 8.25961971282959
INFO:root:Epoch 1, Batch 226, Loss: 8.137964248657227
INFO:root:Epoch 1, Batch 227, Loss: 7.7821550369262695
INFO:root:Epoch 1, Batch 228, Loss: 9.413488388061523
INFO:root:Epoch 1, Batch 229, Loss: 8.257623672485352
INFO:root:Epoch 1, Batch 230, Loss: 7.629046440124512
INFO:root:Epoch 1, Batch 231, Loss: 6.77443265914917
INFO:root:Epoch 1, Batch 232, Loss: 8.40850830078125
INFO:root:Epoch 1, Batch 233, Loss: 7.367804050445557
INFO:root:Epoch 1, Batch 234, Loss: 6.842526912689209
INFO:root:Epoch 1, Batch 235, Loss: 8.06049919128418
INFO:root:Epoch 1, Batch 236, Loss: 9.091944694519043
INFO:root:Epoch 1, Batch 237, Loss: 7.345517158508301
INFO:root:Epoch 1, Batch 238, Loss: 7.967517375946045
INFO:root:Epoch 1, Batch 239, Loss: 6.929179668426514
INFO:root:Epoch 1, Batch 240, Loss: 7.807593822479248
INFO:root:Epoch 1, Batch 241, Loss: 7.214998245239258
INFO:root:Epoch 1, Batch 242, Loss: 8.115421295166016
INFO:root:Epoch 1, Batch 243, Loss: 8.351691246032715
INFO:root:Epoch 1, Batch 244, Loss: 7.444552421569824
INFO:root:Epoch 1, Batch 245, Loss: 9.956072807312012
INFO:root:Epoch 1, Batch 246, Loss: 8.087726593017578
INFO:root:Epoch 1, Batch 247, Loss: 8.41267204284668
INFO:root:Epoch 1, Batch 248, Loss: 8.348182678222656
INFO:root:Epoch 1, Batch 249, Loss: 7.426303863525391
INFO:root:Epoch 1, Batch 250, Loss: 7.728725910186768
INFO:root:Epoch 1, Batch 251, Loss: 7.8920745849609375
INFO:root:Epoch 1, Batch 252, Loss: 8.847212791442871
INFO:root:Epoch 1, Batch 253, Loss: 7.856801509857178
INFO:root:Epoch 1, Batch 254, Loss: 8.860443115234375
INFO:root:Epoch 1, Batch 255, Loss: 9.413456916809082
INFO:root:Epoch 1, Batch 256, Loss: 7.462600231170654
INFO:root:Epoch 1, Batch 257, Loss: 8.08568000793457
INFO:root:Epoch 1, Batch 258, Loss: 9.297517776489258
INFO:root:Epoch 1, Batch 259, Loss: 7.776316165924072
INFO:root:Epoch 1, Batch 260, Loss: 7.955102443695068
INFO:root:Epoch 1, Batch 261, Loss: 8.917618751525879
INFO:root:Epoch 1, Batch 262, Loss: 6.969684600830078
INFO:root:Epoch 1, Batch 263, Loss: 6.495055198669434
INFO:root:Epoch 1, Batch 264, Loss: 9.118277549743652
INFO:root:Epoch 1, Batch 265, Loss: 7.362857818603516
INFO:root:Epoch 1, Batch 266, Loss: 7.064829349517822
INFO:root:Epoch 1, Batch 267, Loss: 8.1827974319458
INFO:root:Epoch 1, Batch 268, Loss: 7.250393867492676
INFO:root:Epoch 1, Batch 269, Loss: 6.903556823730469
INFO:root:Epoch 1, Batch 270, Loss: 7.820767879486084
INFO:root:Epoch 1, Batch 271, Loss: 7.427670001983643
INFO:root:Epoch 1, Batch 272, Loss: 8.142804145812988
INFO:root:Epoch 1, Batch 273, Loss: 7.483087062835693
INFO:root:Epoch 1, Batch 274, Loss: 7.822987079620361
INFO:root:Epoch 1, Batch 275, Loss: 8.9304780960083
INFO:root:Epoch 1, Batch 276, Loss: 6.96246337890625
INFO:root:Epoch 1, Batch 277, Loss: 8.536604881286621
INFO:root:Epoch 1, Batch 278, Loss: 6.672946929931641
INFO:root:Epoch 1, Batch 279, Loss: 8.126113891601562
INFO:root:Epoch 1, Batch 280, Loss: 6.735448360443115
INFO:root:Epoch 1, Batch 281, Loss: 8.201162338256836
INFO:root:Epoch 1, Batch 282, Loss: 7.096434593200684
INFO:root:Epoch 1, Batch 283, Loss: 7.510952472686768
INFO:root:Epoch 1, Batch 284, Loss: 7.42497444152832
INFO:root:Epoch 1, Batch 285, Loss: 7.774074554443359
INFO:root:Epoch 1, Batch 286, Loss: 8.45934772491455
INFO:root:Epoch 1, Batch 287, Loss: 7.523018836975098
INFO:root:Epoch 1, Batch 288, Loss: 8.326265335083008
INFO:root:Epoch 1, Batch 289, Loss: 8.104730606079102
INFO:root:Epoch 1, Batch 290, Loss: 7.365603446960449
INFO:root:Epoch 1, Batch 291, Loss: 7.809284210205078
INFO:root:Epoch 1, Batch 292, Loss: 7.790256023406982
INFO:root:Epoch 1, Batch 293, Loss: 6.3792901039123535
INFO:root:Epoch 1, Batch 294, Loss: 7.989773750305176
INFO:root:Epoch 1, Batch 295, Loss: 8.29065227508545
INFO:root:Epoch 1, Batch 296, Loss: 7.822427272796631
INFO:root:Epoch 1, Batch 297, Loss: 7.409059047698975
INFO:root:Epoch 1, Batch 298, Loss: 8.936959266662598
INFO:root:Epoch 1, Batch 299, Loss: 8.192063331604004
INFO:root:Epoch 1, Batch 300, Loss: 8.892848014831543
INFO:root:Epoch 1, Batch 301, Loss: 7.5646796226501465
INFO:root:Epoch 1, Batch 302, Loss: 7.439762115478516
INFO:root:Epoch 1, Batch 303, Loss: 6.395961761474609
INFO:root:Epoch 1, Batch 304, Loss: 9.113175392150879
INFO:root:Epoch 1, Batch 305, Loss: 7.365694999694824
INFO:root:Epoch 1, Batch 306, Loss: 7.656773567199707
INFO:root:Epoch 1, Batch 307, Loss: 7.366519451141357
INFO:root:Epoch 1, Batch 308, Loss: 7.545674800872803
INFO:root:Epoch 1, Batch 309, Loss: 7.820844650268555
INFO:root:Epoch 1, Batch 310, Loss: 6.432773590087891
INFO:root:Epoch 1, Batch 311, Loss: 7.791937351226807
INFO:root:Epoch 1, Batch 312, Loss: 7.151442527770996
INFO:root:Epoch 1, Batch 313, Loss: 7.732157230377197
INFO:root:Epoch 1, Batch 314, Loss: 8.811148643493652
INFO:root:Epoch 1, Batch 315, Loss: 7.409976959228516
INFO:root:Epoch 1, Batch 316, Loss: 7.422512531280518
INFO:root:Epoch 1, Batch 317, Loss: 8.316020965576172
INFO:root:Epoch 1, Batch 318, Loss: 6.758894443511963
INFO:root:Epoch 1, Batch 319, Loss: 7.108551502227783
INFO:root:Epoch 1, Batch 320, Loss: 8.350789070129395
INFO:root:Epoch 1, Batch 321, Loss: 6.422778606414795
INFO:root:Epoch 1, Batch 322, Loss: 6.370703220367432
INFO:root:Epoch 1, Batch 323, Loss: 7.539093494415283
INFO:root:Epoch 1, Batch 324, Loss: 8.254366874694824
INFO:root:Epoch 1, Batch 325, Loss: 7.092750072479248
INFO:root:Epoch 1, Batch 326, Loss: 7.422069549560547
INFO:root:Epoch 1, Batch 327, Loss: 6.760180473327637
INFO:root:Epoch 1, Batch 328, Loss: 9.035783767700195
INFO:root:Epoch 1, Batch 329, Loss: 7.8179755210876465
INFO:root:Epoch 1, Batch 330, Loss: 6.882777214050293
INFO:root:Epoch 1, Batch 331, Loss: 7.3538713455200195
INFO:root:Epoch 1, Batch 332, Loss: 7.326048374176025
INFO:root:Epoch 1, Batch 333, Loss: 7.000065326690674
INFO:root:Epoch 1, Batch 334, Loss: 7.140844821929932
INFO:root:Epoch 1, Batch 335, Loss: 7.542567253112793
INFO:root:Epoch 1, Batch 336, Loss: 6.488199234008789
INFO:root:Epoch 1, Batch 337, Loss: 8.020025253295898
INFO:root:Epoch 1, Batch 338, Loss: 9.046501159667969
INFO:root:Epoch 1, Batch 339, Loss: 8.311692237854004
INFO:root:Epoch 1, Batch 340, Loss: 8.714173316955566
INFO:root:Epoch 1, Batch 341, Loss: 7.0983052253723145
INFO:root:Epoch 1, Batch 342, Loss: 7.990850448608398
INFO:root:Epoch 1, Batch 343, Loss: 7.886227130889893
INFO:root:Epoch 1, Batch 344, Loss: 5.917697429656982
INFO:root:Epoch 1, Batch 345, Loss: 9.037622451782227
INFO:root:Epoch 1, Batch 346, Loss: 7.194021224975586
INFO:root:Epoch 1, Batch 347, Loss: 7.801779270172119
INFO:root:Epoch 1, Batch 348, Loss: 7.506656169891357
INFO:root:Epoch 1, Batch 349, Loss: 6.989706039428711
INFO:root:Epoch 1, Batch 350, Loss: 6.317205905914307
INFO:root:Epoch 1, Batch 351, Loss: 7.322291374206543
INFO:root:Epoch 1, Batch 352, Loss: 7.985706329345703
INFO:root:Epoch 1, Batch 353, Loss: 6.486597537994385
INFO:root:Epoch 1, Batch 354, Loss: 7.890566825866699
INFO:root:Epoch 1, Batch 355, Loss: 5.835075378417969
INFO:root:Epoch 1, Batch 356, Loss: 6.7811665534973145
INFO:root:Epoch 1, Batch 357, Loss: 7.588749885559082
INFO:root:Epoch 1, Batch 358, Loss: 8.410821914672852
INFO:root:Epoch 1, Batch 359, Loss: 9.982670783996582
INFO:root:Epoch 1, Batch 360, Loss: 7.02665901184082
INFO:root:Epoch 1, Batch 361, Loss: 7.448287487030029
INFO:root:Epoch 1, Batch 362, Loss: 8.132755279541016
INFO:root:Epoch 1, Batch 363, Loss: 7.596545219421387
INFO:root:Epoch 1, Batch 364, Loss: 5.993704795837402
INFO:root:Epoch 1, Batch 365, Loss: 7.698978424072266
INFO:root:Epoch 1, Batch 366, Loss: 8.23142147064209
INFO:root:Epoch 1, Batch 367, Loss: 8.500799179077148
INFO:root:Epoch 1, Batch 368, Loss: 6.9752726554870605
INFO:root:Epoch 1, Batch 369, Loss: 6.882450103759766
INFO:root:Epoch 1, Batch 370, Loss: 8.585103988647461
INFO:root:Epoch 1, Batch 371, Loss: 7.342226028442383
INFO:root:Epoch 1, Batch 372, Loss: 7.602694988250732
INFO:root:Epoch 1, Batch 373, Loss: 6.87619686126709
INFO:root:Epoch 1, Batch 374, Loss: 7.464341640472412
INFO:root:Epoch 1, Batch 375, Loss: 7.667024612426758
INFO:root:Epoch 1, Batch 376, Loss: 7.27529239654541
INFO:root:Epoch 1, Batch 377, Loss: 7.635373115539551
INFO:root:Epoch 1, Batch 378, Loss: 6.98667049407959
INFO:root:Epoch 1, Batch 379, Loss: 7.0752644538879395
INFO:root:Epoch 1, Batch 380, Loss: 6.222939491271973
INFO:root:Epoch 1, Batch 381, Loss: 8.140975952148438
INFO:root:Epoch 1, Batch 382, Loss: 6.619805335998535
INFO:root:Epoch 1, Batch 383, Loss: 7.388964653015137
INFO:root:Epoch 1, Batch 384, Loss: 8.477924346923828
INFO:root:Epoch 1, Batch 385, Loss: 6.899273872375488
INFO:root:Epoch 1, Batch 386, Loss: 7.045171737670898
INFO:root:Epoch 1, Batch 387, Loss: 7.395269393920898
INFO:root:Epoch 1, Batch 388, Loss: 8.89661979675293
INFO:root:Epoch 1, Batch 389, Loss: 8.954390525817871
INFO:root:Epoch 1, Batch 390, Loss: 8.103816032409668
INFO:root:Epoch 1, Batch 391, Loss: 7.308609962463379
INFO:root:Epoch 1, Batch 392, Loss: 7.169303894042969
INFO:root:Epoch 1, Batch 393, Loss: 8.297104835510254
INFO:root:Epoch 1, Batch 394, Loss: 8.522266387939453
INFO:root:Epoch 1, Batch 395, Loss: 6.576954364776611
INFO:root:Epoch 1, Batch 396, Loss: 9.376066207885742
INFO:root:Epoch 1, Batch 397, Loss: 8.237468719482422
INFO:root:Epoch 1, Batch 398, Loss: 5.76426887512207
INFO:root:Epoch 1, Batch 399, Loss: 6.537246227264404
INFO:root:Epoch 1, Batch 400, Loss: 5.728692054748535
INFO:root:Epoch 1, Batch 401, Loss: 6.72466516494751
INFO:root:Epoch 1, Batch 402, Loss: 8.386113166809082
INFO:root:Epoch 1, Batch 403, Loss: 7.442574977874756
INFO:root:Epoch 1, Batch 404, Loss: 7.133097171783447
INFO:root:Epoch 1, Batch 405, Loss: 6.891880035400391
INFO:root:Epoch 1, Batch 406, Loss: 8.587152481079102
INFO:root:Epoch 1, Batch 407, Loss: 7.22709321975708
INFO:root:Epoch 1, Batch 408, Loss: 7.668092250823975
INFO:root:Epoch 1, Batch 409, Loss: 8.071396827697754
INFO:root:Epoch 1, Batch 410, Loss: 7.083520889282227
INFO:root:Epoch 1, Batch 411, Loss: 6.394900321960449
INFO:root:Epoch 1, Batch 412, Loss: 7.413522720336914
INFO:root:Epoch 1, Batch 413, Loss: 5.943122386932373
INFO:root:Epoch 1, Batch 414, Loss: 7.5155415534973145
INFO:root:Epoch 1, Batch 415, Loss: 6.390547752380371
INFO:root:Epoch 1, Batch 416, Loss: 6.602168560028076
INFO:root:Epoch 1, Batch 417, Loss: 7.96583366394043
INFO:root:Epoch 1, Batch 418, Loss: 8.356358528137207
INFO:root:Epoch 1, Batch 419, Loss: 6.352314472198486
INFO:root:Epoch 1, Batch 420, Loss: 6.16340970993042
INFO:root:Epoch 1, Batch 421, Loss: 7.092864036560059
INFO:root:Epoch 1, Batch 422, Loss: 7.376121520996094
INFO:root:Epoch 1, Batch 423, Loss: 7.521984577178955
INFO:root:Epoch 1, Batch 424, Loss: 6.147710800170898
INFO:root:Epoch 1, Batch 425, Loss: 6.834794044494629
INFO:root:Epoch 1, Batch 426, Loss: 8.55069637298584
INFO:root:Epoch 1, Batch 427, Loss: 7.509228229522705
INFO:root:Epoch 1, Batch 428, Loss: 8.535983085632324
INFO:root:Epoch 1, Batch 429, Loss: 6.064183712005615
INFO:root:Epoch 1, Batch 430, Loss: 5.912871360778809
INFO:root:Epoch 1, Batch 431, Loss: 7.7087507247924805
INFO:root:Epoch 1, Batch 432, Loss: 6.2834882736206055
INFO:root:Epoch 1, Batch 433, Loss: 7.3171186447143555
INFO:root:Epoch 1, Batch 434, Loss: 7.441717624664307
INFO:root:Epoch 1, Batch 435, Loss: 7.250095367431641
INFO:root:Epoch 1, Batch 436, Loss: 8.567166328430176
INFO:root:Epoch 1, Batch 437, Loss: 7.4070916175842285
INFO:root:Epoch 1, Batch 438, Loss: 9.254022598266602
INFO:root:Epoch 1, Batch 439, Loss: 7.983708381652832
INFO:root:Epoch 1, Batch 440, Loss: 8.259037017822266
INFO:root:Epoch 1, Batch 441, Loss: 6.577260494232178
INFO:root:Epoch 1, Batch 442, Loss: 6.471494674682617
INFO:root:Epoch 1, Batch 443, Loss: 6.4730424880981445
INFO:root:Epoch 1, Batch 444, Loss: 7.565130233764648
INFO:root:Epoch 1, Batch 445, Loss: 7.7994232177734375
INFO:root:Epoch 1, Batch 446, Loss: 6.582884311676025
INFO:root:Epoch 1, Batch 447, Loss: 7.136148929595947
INFO:root:Epoch 1, Batch 448, Loss: 7.189979076385498
INFO:root:Epoch 1, Batch 449, Loss: 7.218721866607666
INFO:root:Epoch 1, Batch 450, Loss: 8.380846977233887
INFO:root:Epoch 1, Batch 451, Loss: 6.983377456665039
INFO:root:Epoch 1, Batch 452, Loss: 7.272794723510742
INFO:root:Epoch 1, Batch 453, Loss: 6.711624622344971
INFO:root:Epoch 1, Batch 454, Loss: 7.533321380615234
INFO:root:Epoch 1, Batch 455, Loss: 7.383230686187744
INFO:root:Epoch 1, Batch 456, Loss: 7.788549423217773
INFO:root:Epoch 1, Batch 457, Loss: 7.713554382324219
INFO:root:Epoch 1, Batch 458, Loss: 7.941493034362793
INFO:root:Epoch 1, Batch 459, Loss: 9.515693664550781
INFO:root:Epoch 1, Batch 460, Loss: 7.717457294464111
INFO:root:Epoch 1, Batch 461, Loss: 7.7380523681640625
INFO:root:Epoch 1, Batch 462, Loss: 7.626091003417969
INFO:root:Epoch 1, Batch 463, Loss: 6.330428123474121
INFO:root:Epoch 1, Batch 464, Loss: 7.151296615600586
INFO:root:Epoch 1, Batch 465, Loss: 6.719180583953857
INFO:root:Epoch 1, Batch 466, Loss: 7.3335347175598145
INFO:root:Epoch 1, Batch 467, Loss: 6.644644737243652
INFO:root:Epoch 1, Batch 468, Loss: 7.931293487548828
INFO:root:Epoch 1, Batch 469, Loss: 7.7502851486206055
INFO:root:Epoch 1, Batch 470, Loss: 6.845643043518066
INFO:root:Epoch 1, Batch 471, Loss: 6.534112453460693
INFO:root:Epoch 1, Batch 472, Loss: 6.569263458251953
INFO:root:Epoch 1, Batch 473, Loss: 8.253813743591309
INFO:root:Epoch 1, Batch 474, Loss: 6.596081733703613
INFO:root:Epoch 1, Batch 475, Loss: 6.193845272064209
INFO:root:Epoch 1, Batch 476, Loss: 6.835435390472412
INFO:root:Epoch 1, Batch 477, Loss: 5.6575541496276855
INFO:root:Epoch 1, Batch 478, Loss: 7.247051239013672
INFO:root:Epoch 1, Batch 479, Loss: 5.892313003540039
INFO:root:Epoch 1, Batch 480, Loss: 6.923144817352295
INFO:root:Epoch 1, Batch 481, Loss: 8.207796096801758
INFO:root:Epoch 1, Batch 482, Loss: 5.969482898712158
INFO:root:Epoch 1, Batch 483, Loss: 7.1981401443481445
INFO:root:Epoch 1, Batch 484, Loss: 7.354278564453125
INFO:root:Epoch 1, Batch 485, Loss: 7.435634136199951
INFO:root:Epoch 1, Batch 486, Loss: 6.40396785736084
INFO:root:Epoch 1, Batch 487, Loss: 6.392033576965332
INFO:root:Epoch 1, Batch 488, Loss: 7.068726539611816
INFO:root:Epoch 1, Batch 489, Loss: 6.428030014038086
INFO:root:Epoch 1, Batch 490, Loss: 6.420853137969971
INFO:root:Epoch 1, Batch 491, Loss: 7.1476731300354
INFO:root:Epoch 1, Batch 492, Loss: 8.424188613891602
INFO:root:Epoch 1, Batch 493, Loss: 7.679424285888672
INFO:root:Epoch 1, Batch 494, Loss: 10.055123329162598
INFO:root:Epoch 1, Batch 495, Loss: 6.921154499053955
INFO:root:Epoch 1, Batch 496, Loss: 7.232838153839111
INFO:root:Epoch 1, Batch 497, Loss: 7.191584587097168
INFO:root:Epoch 1, Batch 498, Loss: 8.729203224182129
INFO:root:Epoch 1, Batch 499, Loss: 6.050503730773926
INFO:root:Epoch 1, Batch 500, Loss: 7.9789886474609375
INFO:root:Epoch 1, Batch 501, Loss: 8.911006927490234
INFO:root:Epoch 1, Batch 502, Loss: 7.3102850914001465
INFO:root:Epoch 1, Batch 503, Loss: 5.425572395324707
INFO:root:Epoch 1, Batch 504, Loss: 7.794098377227783
INFO:root:Epoch 1, Batch 505, Loss: 5.845098972320557
INFO:root:Epoch 1, Batch 506, Loss: 8.400469779968262
INFO:root:Epoch 1, Batch 507, Loss: 7.073834419250488
INFO:root:Epoch 1, Batch 508, Loss: 6.72842264175415
INFO:root:Epoch 1, Batch 509, Loss: 7.722914695739746
INFO:root:Epoch 1, Batch 510, Loss: 7.737678527832031
INFO:root:Epoch 1, Batch 511, Loss: 6.620216369628906
INFO:root:Epoch 1, Batch 512, Loss: 6.543779373168945
INFO:root:Epoch 1, Batch 513, Loss: 7.9198479652404785
INFO:root:Epoch 1, Batch 514, Loss: 7.224295139312744
INFO:root:Epoch 1, Batch 515, Loss: 8.293641090393066
INFO:root:Epoch 1, Batch 516, Loss: 7.464311599731445
INFO:root:Epoch 1, Batch 517, Loss: 6.114543437957764
INFO:root:Epoch 1, Batch 518, Loss: 8.200249671936035
INFO:root:Epoch 1, Batch 519, Loss: 6.002297878265381
INFO:root:Epoch 1, Batch 520, Loss: 6.229240417480469
INFO:root:Epoch 1, Batch 521, Loss: 6.95468282699585
INFO:root:Epoch 1, Batch 522, Loss: 6.432891845703125
INFO:root:Epoch 1, Batch 523, Loss: 7.23868989944458
INFO:root:Epoch 1, Batch 524, Loss: 6.834773540496826
INFO:root:Epoch 1, Batch 525, Loss: 8.531652450561523
INFO:root:Epoch 1, Batch 526, Loss: 9.261640548706055
INFO:root:Epoch 1, Batch 527, Loss: 6.2288007736206055
INFO:root:Epoch 1, Batch 528, Loss: 8.702927589416504
INFO:root:Epoch 1, Batch 529, Loss: 6.477065563201904
INFO:root:Epoch 1, Batch 530, Loss: 4.5229315757751465
INFO:root:Epoch 1, Batch 531, Loss: 6.512703895568848
INFO:root:Epoch 1, Batch 532, Loss: 9.960639953613281
INFO:root:Epoch 1, Batch 533, Loss: 6.860752105712891
INFO:root:Epoch 1, Batch 534, Loss: 8.361907005310059
INFO:root:Epoch 1, Batch 535, Loss: 7.697967529296875
INFO:root:Epoch 1, Batch 536, Loss: 6.9206461906433105
INFO:root:Epoch 1, Batch 537, Loss: 7.287546634674072
INFO:root:Epoch 1, Batch 538, Loss: 7.323739051818848
INFO:root:Epoch 1, Batch 539, Loss: 6.560522556304932
INFO:root:Epoch 1, Batch 540, Loss: 7.5258660316467285
INFO:root:Epoch 1, Batch 541, Loss: 6.874258041381836
INFO:root:Epoch 1, Batch 542, Loss: 6.4594550132751465
INFO:root:Epoch 1, Batch 543, Loss: 7.938136577606201
INFO:root:Epoch 1, Batch 544, Loss: 6.607501029968262
INFO:root:Epoch 1, Batch 545, Loss: 8.130600929260254
INFO:root:Epoch 1, Batch 546, Loss: 7.6337738037109375
INFO:root:Epoch 1, Batch 547, Loss: 7.937423229217529
INFO:root:Epoch 1, Batch 548, Loss: 6.834587097167969
INFO:root:Epoch 1, Batch 549, Loss: 7.15432071685791
INFO:root:Epoch 1, Batch 550, Loss: 6.606832981109619
INFO:root:Epoch 1, Batch 551, Loss: 7.910557746887207
INFO:root:Epoch 1, Batch 552, Loss: 6.378317832946777
INFO:root:Epoch 1, Batch 553, Loss: 6.081534385681152
INFO:root:Epoch 1, Batch 554, Loss: 8.091344833374023
INFO:root:Epoch 1, Batch 555, Loss: 5.844245433807373
INFO:root:Epoch 1, Batch 556, Loss: 7.735198020935059
INFO:root:Epoch 1, Batch 557, Loss: 5.802585124969482
INFO:root:Epoch 1, Batch 558, Loss: 8.506484985351562
INFO:root:Epoch 1, Batch 559, Loss: 7.073111534118652
INFO:root:Epoch 1, Batch 560, Loss: 6.128010272979736
INFO:root:Epoch 1, Batch 561, Loss: 6.028013706207275
INFO:root:Epoch 1, Batch 562, Loss: 6.6533708572387695
INFO:root:Epoch 1, Batch 563, Loss: 7.727987289428711
INFO:root:Epoch 1, Batch 564, Loss: 6.8708977699279785
INFO:root:Epoch 1, Batch 565, Loss: 7.638134002685547
INFO:root:Epoch 1, Batch 566, Loss: 5.933815956115723
INFO:root:Epoch 1, Batch 567, Loss: 7.876005172729492
INFO:root:Epoch 1, Batch 568, Loss: 6.902868270874023
INFO:root:Epoch 1, Batch 569, Loss: 6.485737323760986
INFO:root:Epoch 1, Batch 570, Loss: 6.653219223022461
INFO:root:Epoch 1, Batch 571, Loss: 6.362021446228027
INFO:root:Epoch 1, Batch 572, Loss: 5.411628723144531
INFO:root:Epoch 1, Batch 573, Loss: 8.232319831848145
INFO:root:Epoch 1, Batch 574, Loss: 6.35672664642334
INFO:root:Epoch 1, Batch 575, Loss: 6.9037981033325195
INFO:root:Epoch 1, Batch 576, Loss: 8.578216552734375
INFO:root:Epoch 1, Batch 577, Loss: 6.197852611541748
INFO:root:Epoch 1, Batch 578, Loss: 8.377607345581055
INFO:root:Epoch 1, Batch 579, Loss: 7.952375411987305
INFO:root:Epoch 1, Batch 580, Loss: 4.397274494171143
INFO:root:Epoch 1, Batch 581, Loss: 9.1697998046875
INFO:root:Epoch 1, Batch 582, Loss: 7.086760520935059
INFO:root:Epoch 1, Batch 583, Loss: 6.201953411102295
INFO:root:Epoch 1, Batch 584, Loss: 7.657142639160156
INFO:root:Epoch 1, Batch 585, Loss: 7.322177886962891
INFO:root:Epoch 1, Batch 586, Loss: 6.747694492340088
INFO:root:Epoch 1, Batch 587, Loss: 6.7849345207214355
INFO:root:Epoch 1, Batch 588, Loss: 9.194043159484863
INFO:root:Epoch 1, Batch 589, Loss: 6.266941070556641
INFO:root:Epoch 1, Batch 590, Loss: 6.510887622833252
INFO:root:Epoch 1, Batch 591, Loss: 6.12719202041626
INFO:root:Epoch 1, Batch 592, Loss: 6.071176052093506
INFO:root:Epoch 1, Batch 593, Loss: 8.81029987335205
INFO:root:Epoch 1, Batch 594, Loss: 6.655670166015625
INFO:root:Epoch 1, Batch 595, Loss: 8.285991668701172
INFO:root:Epoch 1, Batch 596, Loss: 9.028063774108887
INFO:root:Epoch 1, Batch 597, Loss: 7.088627815246582
INFO:root:Epoch 1, Batch 598, Loss: 7.274171829223633
INFO:root:Epoch 1, Batch 599, Loss: 8.086103439331055
INFO:root:Epoch 1, Batch 600, Loss: 7.263672351837158
INFO:root:Epoch 1, Batch 601, Loss: 7.522030830383301
INFO:root:Epoch 1, Batch 602, Loss: 6.4515299797058105
INFO:root:Epoch 1, Batch 603, Loss: 5.823361873626709
INFO:root:Epoch 1, Batch 604, Loss: 6.359070777893066
INFO:root:Epoch 1, Batch 605, Loss: 5.7647480964660645
INFO:root:Epoch 1, Batch 606, Loss: 8.774827003479004
INFO:root:Epoch 1, Batch 607, Loss: 8.049765586853027
INFO:root:Epoch 1, Batch 608, Loss: 5.36617374420166
