INFO:root:Epoch 1, Batch 0, Loss: 10.100592613220215
INFO:root:Epoch 1, Batch 1, Loss: 9.998570442199707
INFO:root:Epoch 1, Batch 2, Loss: 10.139588356018066
INFO:root:Epoch 1, Batch 3, Loss: 10.015922546386719
INFO:root:Epoch 1, Batch 4, Loss: 9.978593826293945
INFO:root:Epoch 1, Batch 5, Loss: 10.21300220489502
INFO:root:Epoch 1, Batch 6, Loss: 10.165863990783691
INFO:root:Epoch 1, Batch 7, Loss: 10.262907028198242
INFO:root:Epoch 1, Batch 8, Loss: 10.1807222366333
INFO:root:Epoch 1, Batch 9, Loss: 10.032187461853027
INFO:root:Epoch 1, Batch 10, Loss: 10.382003784179688
INFO:root:Epoch 1, Batch 11, Loss: 10.1114501953125
INFO:root:Epoch 1, Batch 12, Loss: 10.16936206817627
INFO:root:Epoch 1, Batch 13, Loss: 10.159721374511719
INFO:root:Epoch 1, Batch 14, Loss: 9.915048599243164
INFO:root:Epoch 1, Batch 15, Loss: 10.206038475036621
INFO:root:Epoch 1, Batch 16, Loss: 10.303584098815918
INFO:root:Epoch 1, Batch 17, Loss: 10.108132362365723
INFO:root:Epoch 1, Batch 18, Loss: 10.043414115905762
INFO:root:Epoch 1, Batch 19, Loss: 9.964106559753418
INFO:root:Epoch 1, Batch 20, Loss: 10.216825485229492
INFO:root:Epoch 1, Batch 21, Loss: 10.226751327514648
INFO:root:Epoch 1, Batch 22, Loss: 9.839162826538086
INFO:root:Epoch 1, Batch 23, Loss: 10.322162628173828
INFO:root:Epoch 1, Batch 24, Loss: 9.93393325805664
INFO:root:Epoch 1, Batch 25, Loss: 9.915069580078125
INFO:root:Epoch 1, Batch 26, Loss: 10.226524353027344
INFO:root:Epoch 1, Batch 27, Loss: 10.29301643371582
INFO:root:Epoch 1, Batch 28, Loss: 9.89700984954834
INFO:root:Epoch 1, Batch 29, Loss: 9.771242141723633
INFO:root:Epoch 1, Batch 30, Loss: 9.996708869934082
INFO:root:Epoch 1, Batch 31, Loss: 9.731135368347168
INFO:root:Epoch 1, Batch 32, Loss: 9.902214050292969
INFO:root:Epoch 1, Batch 33, Loss: 10.329475402832031
INFO:root:Epoch 1, Batch 34, Loss: 9.831052780151367
INFO:root:Epoch 1, Batch 35, Loss: 9.910435676574707
INFO:root:Epoch 1, Batch 36, Loss: 9.934955596923828
INFO:root:Epoch 1, Batch 37, Loss: 10.232806205749512
INFO:root:Epoch 1, Batch 38, Loss: 9.81153678894043
INFO:root:Epoch 1, Batch 39, Loss: 9.520732879638672
INFO:root:Epoch 1, Batch 40, Loss: 9.85918140411377
INFO:root:Epoch 1, Batch 41, Loss: 9.723817825317383
INFO:root:Epoch 1, Batch 42, Loss: 9.220786094665527
INFO:root:Epoch 1, Batch 43, Loss: 10.509674072265625
INFO:root:Epoch 1, Batch 44, Loss: 10.061446189880371
INFO:root:Epoch 1, Batch 45, Loss: 9.883474349975586
INFO:root:Epoch 1, Batch 46, Loss: 9.798514366149902
INFO:root:Epoch 1, Batch 47, Loss: 9.675701141357422
INFO:root:Epoch 1, Batch 48, Loss: 9.8761568069458
INFO:root:Epoch 1, Batch 49, Loss: 9.695595741271973
INFO:root:Epoch 1, Batch 50, Loss: 9.997812271118164
INFO:root:Epoch 1, Batch 51, Loss: 9.95812702178955
INFO:root:Epoch 1, Batch 52, Loss: 9.543539047241211
INFO:root:Epoch 1, Batch 53, Loss: 10.392131805419922
INFO:root:Epoch 1, Batch 54, Loss: 9.347970008850098
INFO:root:Epoch 1, Batch 55, Loss: 9.709821701049805
INFO:root:Epoch 1, Batch 56, Loss: 10.031176567077637
INFO:root:Epoch 1, Batch 57, Loss: 9.917435646057129
INFO:root:Epoch 1, Batch 58, Loss: 9.809094429016113
INFO:root:Epoch 1, Batch 59, Loss: 9.547938346862793
INFO:root:Epoch 1, Batch 60, Loss: 9.778949737548828
INFO:root:Epoch 1, Batch 61, Loss: 9.91712474822998
INFO:root:Epoch 1, Batch 62, Loss: 9.558231353759766
INFO:root:Epoch 1, Batch 63, Loss: 9.87138843536377
INFO:root:Epoch 1, Batch 64, Loss: 10.04139518737793
INFO:root:Epoch 1, Batch 65, Loss: 9.72721004486084
INFO:root:Epoch 1, Batch 66, Loss: 9.960935592651367
INFO:root:Epoch 1, Batch 67, Loss: 9.69944953918457
INFO:root:Epoch 1, Batch 68, Loss: 9.394522666931152
INFO:root:Epoch 1, Batch 69, Loss: 9.531106948852539
INFO:root:Epoch 1, Batch 70, Loss: 9.574148178100586
INFO:root:Epoch 1, Batch 71, Loss: 10.01145076751709
INFO:root:Epoch 1, Batch 72, Loss: 9.34023666381836
INFO:root:Epoch 1, Batch 73, Loss: 9.459409713745117
INFO:root:Epoch 1, Batch 74, Loss: 9.547826766967773
INFO:root:Epoch 1, Batch 75, Loss: 9.527019500732422
INFO:root:Epoch 1, Batch 76, Loss: 9.783201217651367
INFO:root:Epoch 1, Batch 77, Loss: 9.122846603393555
INFO:root:Epoch 1, Batch 78, Loss: 9.420248031616211
INFO:root:Epoch 1, Batch 79, Loss: 9.68667984008789
INFO:root:Epoch 1, Batch 80, Loss: 9.501932144165039
INFO:root:Epoch 1, Batch 81, Loss: 10.256382942199707
INFO:root:Epoch 1, Batch 82, Loss: 9.159028053283691
INFO:root:Epoch 1, Batch 83, Loss: 10.025162696838379
INFO:root:Epoch 1, Batch 84, Loss: 9.672618865966797
INFO:root:Epoch 1, Batch 85, Loss: 9.393179893493652
INFO:root:Epoch 1, Batch 86, Loss: 9.961674690246582
INFO:root:Epoch 1, Batch 87, Loss: 9.514214515686035
INFO:root:Epoch 1, Batch 88, Loss: 9.939454078674316
INFO:root:Epoch 1, Batch 89, Loss: 10.026803970336914
INFO:root:Epoch 1, Batch 90, Loss: 9.811752319335938
INFO:root:Epoch 1, Batch 91, Loss: 9.749238967895508
INFO:root:Epoch 1, Batch 92, Loss: 10.041357040405273
INFO:root:Epoch 1, Batch 93, Loss: 9.799511909484863
INFO:root:Epoch 1, Batch 94, Loss: 9.254334449768066
INFO:root:Epoch 1, Batch 95, Loss: 9.576751708984375
INFO:root:Epoch 1, Batch 96, Loss: 9.380060195922852
INFO:root:Epoch 1, Batch 97, Loss: 9.033645629882812
INFO:root:Epoch 1, Batch 98, Loss: 9.645003318786621
INFO:root:Epoch 1, Batch 99, Loss: 9.31336784362793
INFO:root:Epoch 1, Batch 100, Loss: 9.598158836364746
INFO:root:Epoch 1, Batch 101, Loss: 9.084064483642578
INFO:root:Epoch 1, Batch 102, Loss: 9.175704002380371
INFO:root:Epoch 1, Batch 103, Loss: 9.207908630371094
INFO:root:Epoch 1, Batch 104, Loss: 8.984914779663086
INFO:root:Epoch 1, Batch 105, Loss: 9.344610214233398
INFO:root:Epoch 1, Batch 106, Loss: 9.724113464355469
INFO:root:Epoch 1, Batch 107, Loss: 9.071688652038574
INFO:root:Epoch 1, Batch 108, Loss: 8.806568145751953
INFO:root:Epoch 1, Batch 109, Loss: 8.853153228759766
INFO:root:Epoch 1, Batch 110, Loss: 8.939682960510254
INFO:root:Epoch 1, Batch 111, Loss: 9.251106262207031
INFO:root:Epoch 1, Batch 112, Loss: 9.319366455078125
INFO:root:Epoch 1, Batch 113, Loss: 9.588264465332031
INFO:root:Epoch 1, Batch 114, Loss: 9.51865005493164
INFO:root:Epoch 1, Batch 115, Loss: 9.521791458129883
INFO:root:Epoch 1, Batch 116, Loss: 9.798117637634277
INFO:root:Epoch 1, Batch 117, Loss: 9.554831504821777
INFO:root:Epoch 1, Batch 118, Loss: 8.624434471130371
INFO:root:Epoch 1, Batch 119, Loss: 9.748257637023926
INFO:root:Epoch 1, Batch 120, Loss: 9.522085189819336
INFO:root:Epoch 1, Batch 121, Loss: 9.43643856048584
INFO:root:Epoch 1, Batch 122, Loss: 9.196433067321777
INFO:root:Epoch 1, Batch 123, Loss: 8.493160247802734
INFO:root:Epoch 1, Batch 124, Loss: 8.879677772521973
INFO:root:Epoch 1, Batch 125, Loss: 9.392595291137695
INFO:root:Epoch 1, Batch 126, Loss: 10.24537181854248
INFO:root:Epoch 1, Batch 127, Loss: 9.102755546569824
INFO:root:Epoch 1, Batch 128, Loss: 9.966692924499512
INFO:root:Epoch 1, Batch 129, Loss: 9.536178588867188
INFO:root:Epoch 1, Batch 130, Loss: 9.259799003601074
INFO:root:Epoch 1, Batch 131, Loss: 9.626394271850586
INFO:root:Epoch 1, Batch 132, Loss: 9.54098129272461
INFO:root:Epoch 1, Batch 133, Loss: 8.585411071777344
INFO:root:Epoch 1, Batch 134, Loss: 8.468228340148926
INFO:root:Epoch 1, Batch 135, Loss: 9.501975059509277
INFO:root:Epoch 1, Batch 136, Loss: 9.596736907958984
INFO:root:Epoch 1, Batch 137, Loss: 9.70247745513916
INFO:root:Epoch 1, Batch 138, Loss: 9.888348579406738
INFO:root:Epoch 1, Batch 139, Loss: 9.635564804077148
INFO:root:Epoch 1, Batch 140, Loss: 8.769693374633789
INFO:root:Epoch 1, Batch 141, Loss: 9.716720581054688
INFO:root:Epoch 1, Batch 142, Loss: 9.222384452819824
INFO:root:Epoch 1, Batch 143, Loss: 8.361275672912598
INFO:root:Epoch 1, Batch 144, Loss: 9.20702075958252
INFO:root:Epoch 1, Batch 145, Loss: 8.630888938903809
INFO:root:Epoch 1, Batch 146, Loss: 9.488767623901367
INFO:root:Epoch 1, Batch 147, Loss: 9.529084205627441
INFO:root:Epoch 1, Batch 148, Loss: 9.287886619567871
INFO:root:Epoch 1, Batch 149, Loss: 9.23485279083252
INFO:root:Epoch 1, Batch 150, Loss: 9.301280975341797
INFO:root:Epoch 1, Batch 151, Loss: 8.914111137390137
INFO:root:Epoch 1, Batch 152, Loss: 8.036656379699707
INFO:root:Epoch 1, Batch 153, Loss: 9.240751266479492
INFO:root:Epoch 1, Batch 154, Loss: 8.201987266540527
INFO:root:Epoch 1, Batch 155, Loss: 8.957160949707031
INFO:root:Epoch 1, Batch 156, Loss: 9.875327110290527
INFO:root:Epoch 1, Batch 157, Loss: 9.787428855895996
INFO:root:Epoch 1, Batch 158, Loss: 9.164027214050293
INFO:root:Epoch 1, Batch 159, Loss: 9.425686836242676
INFO:root:Epoch 1, Batch 160, Loss: 9.42880630493164
INFO:root:Epoch 1, Batch 161, Loss: 8.863595962524414
INFO:root:Epoch 1, Batch 162, Loss: 8.427499771118164
INFO:root:Epoch 1, Batch 163, Loss: 7.89463472366333
INFO:root:Epoch 1, Batch 164, Loss: 7.983041763305664
INFO:root:Epoch 1, Batch 165, Loss: 8.9181547164917
INFO:root:Epoch 1, Batch 166, Loss: 8.15921401977539
INFO:root:Epoch 1, Batch 167, Loss: 8.663686752319336
INFO:root:Epoch 1, Batch 168, Loss: 8.953967094421387
INFO:root:Epoch 1, Batch 169, Loss: 9.61489486694336
INFO:root:Epoch 1, Batch 170, Loss: 9.033150672912598
INFO:root:Epoch 1, Batch 171, Loss: 8.97541618347168
INFO:root:Epoch 1, Batch 172, Loss: 8.82310676574707
INFO:root:Epoch 1, Batch 173, Loss: 9.463017463684082
INFO:root:Epoch 1, Batch 174, Loss: 8.29768180847168
INFO:root:Epoch 1, Batch 175, Loss: 9.54819393157959
INFO:root:Epoch 1, Batch 176, Loss: 9.290159225463867
INFO:root:Epoch 1, Batch 177, Loss: 9.492246627807617
INFO:root:Epoch 1, Batch 178, Loss: 8.806174278259277
INFO:root:Epoch 1, Batch 179, Loss: 9.021841049194336
INFO:root:Epoch 1, Batch 180, Loss: 9.073031425476074
INFO:root:Epoch 1, Batch 181, Loss: 8.548839569091797
INFO:root:Epoch 1, Batch 182, Loss: 8.016483306884766
INFO:root:Epoch 1, Batch 183, Loss: 8.65291976928711
INFO:root:Epoch 1, Batch 184, Loss: 8.787514686584473
INFO:root:Epoch 1, Batch 185, Loss: 9.72978687286377
INFO:root:Epoch 1, Batch 186, Loss: 9.896321296691895
INFO:root:Epoch 1, Batch 187, Loss: 9.490140914916992
INFO:root:Epoch 1, Batch 188, Loss: 8.387828826904297
INFO:root:Epoch 1, Batch 189, Loss: 7.946335315704346
INFO:root:Epoch 1, Batch 190, Loss: 10.023660659790039
INFO:root:Epoch 1, Batch 191, Loss: 6.610095977783203
INFO:root:Epoch 1, Batch 192, Loss: 8.218939781188965
INFO:root:Epoch 1, Batch 193, Loss: 8.911698341369629
INFO:root:Epoch 1, Batch 194, Loss: 8.462943077087402
INFO:root:Epoch 1, Batch 195, Loss: 10.297135353088379
INFO:root:Epoch 1, Batch 196, Loss: 8.077486038208008
INFO:root:Epoch 1, Batch 197, Loss: 9.792585372924805
INFO:root:Epoch 1, Batch 198, Loss: 9.313027381896973
INFO:root:Epoch 1, Batch 199, Loss: 8.36957836151123
INFO:root:Epoch 1, Batch 200, Loss: 8.55646800994873
INFO:root:Epoch 1, Batch 201, Loss: 8.741344451904297
INFO:root:Epoch 1, Batch 202, Loss: 9.409469604492188
INFO:root:Epoch 1, Batch 203, Loss: 10.179869651794434
INFO:root:Epoch 1, Batch 204, Loss: 7.894652366638184
INFO:root:Epoch 1, Batch 205, Loss: 8.989648818969727
INFO:root:Epoch 1, Batch 206, Loss: 8.142927169799805
INFO:root:Epoch 1, Batch 207, Loss: 8.014669418334961
INFO:root:Epoch 1, Batch 208, Loss: 9.576300621032715
INFO:root:Epoch 1, Batch 209, Loss: 8.381231307983398
INFO:root:Epoch 1, Batch 210, Loss: 8.517505645751953
INFO:root:Epoch 1, Batch 211, Loss: 8.627713203430176
INFO:root:Epoch 1, Batch 212, Loss: 9.355395317077637
INFO:root:Epoch 1, Batch 213, Loss: 7.853189468383789
INFO:root:Epoch 1, Batch 214, Loss: 8.980938911437988
INFO:root:Epoch 1, Batch 215, Loss: 8.390532493591309
INFO:root:Epoch 1, Batch 216, Loss: 7.046302318572998
INFO:root:Epoch 1, Batch 217, Loss: 8.162068367004395
INFO:root:Epoch 1, Batch 218, Loss: 8.711039543151855
INFO:root:Epoch 1, Batch 219, Loss: 7.614773750305176
INFO:root:Epoch 1, Batch 220, Loss: 7.78734016418457
INFO:root:Epoch 1, Batch 221, Loss: 7.204382419586182
INFO:root:Epoch 1, Batch 222, Loss: 7.66953706741333
INFO:root:Epoch 1, Batch 223, Loss: 7.968314170837402
INFO:root:Epoch 1, Batch 224, Loss: 9.033035278320312
INFO:root:Epoch 1, Batch 225, Loss: 8.492358207702637
INFO:root:Epoch 1, Batch 226, Loss: 8.388921737670898
INFO:root:Epoch 1, Batch 227, Loss: 8.064261436462402
INFO:root:Epoch 1, Batch 228, Loss: 9.493547439575195
INFO:root:Epoch 1, Batch 229, Loss: 8.507482528686523
INFO:root:Epoch 1, Batch 230, Loss: 7.907832622528076
INFO:root:Epoch 1, Batch 231, Loss: 7.135373592376709
INFO:root:Epoch 1, Batch 232, Loss: 8.599200248718262
INFO:root:Epoch 1, Batch 233, Loss: 7.6634087562561035
INFO:root:Epoch 1, Batch 234, Loss: 7.203123092651367
INFO:root:Epoch 1, Batch 235, Loss: 8.328529357910156
INFO:root:Epoch 1, Batch 236, Loss: 9.238527297973633
INFO:root:Epoch 1, Batch 237, Loss: 7.666990756988525
INFO:root:Epoch 1, Batch 238, Loss: 8.20911693572998
INFO:root:Epoch 1, Batch 239, Loss: 7.315877914428711
INFO:root:Epoch 1, Batch 240, Loss: 8.083248138427734
INFO:root:Epoch 1, Batch 241, Loss: 7.537050247192383
INFO:root:Epoch 1, Batch 242, Loss: 8.358137130737305
INFO:root:Epoch 1, Batch 243, Loss: 8.599891662597656
INFO:root:Epoch 1, Batch 244, Loss: 7.739162921905518
INFO:root:Epoch 1, Batch 245, Loss: 9.94424057006836
INFO:root:Epoch 1, Batch 246, Loss: 8.308250427246094
INFO:root:Epoch 1, Batch 247, Loss: 8.632859230041504
INFO:root:Epoch 1, Batch 248, Loss: 8.54308795928955
INFO:root:Epoch 1, Batch 249, Loss: 7.723653316497803
INFO:root:Epoch 1, Batch 250, Loss: 7.973071098327637
INFO:root:Epoch 1, Batch 251, Loss: 8.128453254699707
INFO:root:Epoch 1, Batch 252, Loss: 9.022252082824707
INFO:root:Epoch 1, Batch 253, Loss: 8.108784675598145
INFO:root:Epoch 1, Batch 254, Loss: 9.020644187927246
INFO:root:Epoch 1, Batch 255, Loss: 9.499248504638672
INFO:root:Epoch 1, Batch 256, Loss: 7.757925033569336
INFO:root:Epoch 1, Batch 257, Loss: 8.315045356750488
INFO:root:Epoch 1, Batch 258, Loss: 9.422845840454102
INFO:root:Epoch 1, Batch 259, Loss: 7.986030578613281
INFO:root:Epoch 1, Batch 260, Loss: 8.171792984008789
INFO:root:Epoch 1, Batch 261, Loss: 9.046669960021973
INFO:root:Epoch 1, Batch 262, Loss: 7.26287317276001
INFO:root:Epoch 1, Batch 263, Loss: 6.817890644073486
INFO:root:Epoch 1, Batch 264, Loss: 9.23320484161377
INFO:root:Epoch 1, Batch 265, Loss: 7.619002819061279
INFO:root:Epoch 1, Batch 266, Loss: 7.355911731719971
INFO:root:Epoch 1, Batch 267, Loss: 8.384918212890625
INFO:root:Epoch 1, Batch 268, Loss: 7.551236629486084
INFO:root:Epoch 1, Batch 269, Loss: 7.165374755859375
INFO:root:Epoch 1, Batch 270, Loss: 8.040558815002441
INFO:root:Epoch 1, Batch 271, Loss: 7.678141117095947
INFO:root:Epoch 1, Batch 272, Loss: 8.328737258911133
INFO:root:Epoch 1, Batch 273, Loss: 7.723483562469482
INFO:root:Epoch 1, Batch 274, Loss: 8.022727966308594
INFO:root:Epoch 1, Batch 275, Loss: 9.056145668029785
INFO:root:Epoch 1, Batch 276, Loss: 7.234920501708984
INFO:root:Epoch 1, Batch 277, Loss: 8.662095069885254
INFO:root:Epoch 1, Batch 278, Loss: 6.935358047485352
INFO:root:Epoch 1, Batch 279, Loss: 8.319215774536133
INFO:root:Epoch 1, Batch 280, Loss: 7.005251884460449
INFO:root:Epoch 1, Batch 281, Loss: 8.394266128540039
INFO:root:Epoch 1, Batch 282, Loss: 7.322304725646973
INFO:root:Epoch 1, Batch 283, Loss: 7.735202312469482
INFO:root:Epoch 1, Batch 284, Loss: 7.619500160217285
INFO:root:Epoch 1, Batch 285, Loss: 7.897793769836426
INFO:root:Epoch 1, Batch 286, Loss: 8.598016738891602
INFO:root:Epoch 1, Batch 287, Loss: 7.7332329750061035
INFO:root:Epoch 1, Batch 288, Loss: 8.468548774719238
INFO:root:Epoch 1, Batch 289, Loss: 8.240180969238281
INFO:root:Epoch 1, Batch 290, Loss: 7.599977016448975
INFO:root:Epoch 1, Batch 291, Loss: 7.990174770355225
INFO:root:Epoch 1, Batch 292, Loss: 7.9428839683532715
INFO:root:Epoch 1, Batch 293, Loss: 6.635793685913086
INFO:root:Epoch 1, Batch 294, Loss: 8.142776489257812
INFO:root:Epoch 1, Batch 295, Loss: 8.416358947753906
INFO:root:Epoch 1, Batch 296, Loss: 7.957882404327393
INFO:root:Epoch 1, Batch 297, Loss: 7.590536117553711
INFO:root:Epoch 1, Batch 298, Loss: 9.03193187713623
INFO:root:Epoch 1, Batch 299, Loss: 8.292961120605469
INFO:root:Epoch 1, Batch 300, Loss: 8.983575820922852
INFO:root:Epoch 1, Batch 301, Loss: 7.718740463256836
INFO:root:Epoch 1, Batch 302, Loss: 7.642985820770264
INFO:root:Epoch 1, Batch 303, Loss: 6.633685111999512
INFO:root:Epoch 1, Batch 304, Loss: 9.161065101623535
INFO:root:Epoch 1, Batch 305, Loss: 7.537381172180176
INFO:root:Epoch 1, Batch 306, Loss: 7.818981647491455
INFO:root:Epoch 1, Batch 307, Loss: 7.566184997558594
INFO:root:Epoch 1, Batch 308, Loss: 7.728262901306152
INFO:root:Epoch 1, Batch 309, Loss: 7.969878196716309
INFO:root:Epoch 1, Batch 310, Loss: 6.65234899520874
INFO:root:Epoch 1, Batch 311, Loss: 7.957060813903809
INFO:root:Epoch 1, Batch 312, Loss: 7.343375205993652
INFO:root:Epoch 1, Batch 313, Loss: 7.850181579589844
INFO:root:Epoch 1, Batch 314, Loss: 8.90449047088623
INFO:root:Epoch 1, Batch 315, Loss: 7.593219757080078
INFO:root:Epoch 1, Batch 316, Loss: 7.619727611541748
INFO:root:Epoch 1, Batch 317, Loss: 8.41347885131836
INFO:root:Epoch 1, Batch 318, Loss: 6.947758197784424
INFO:root:Epoch 1, Batch 319, Loss: 7.283162593841553
INFO:root:Epoch 1, Batch 320, Loss: 8.423823356628418
INFO:root:Epoch 1, Batch 321, Loss: 6.647976875305176
INFO:root:Epoch 1, Batch 322, Loss: 6.58445405960083
INFO:root:Epoch 1, Batch 323, Loss: 7.696457386016846
INFO:root:Epoch 1, Batch 324, Loss: 8.36385440826416
INFO:root:Epoch 1, Batch 325, Loss: 7.2508463859558105
INFO:root:Epoch 1, Batch 326, Loss: 7.581776142120361
INFO:root:Epoch 1, Batch 327, Loss: 6.967556953430176
INFO:root:Epoch 1, Batch 328, Loss: 9.09451675415039
INFO:root:Epoch 1, Batch 329, Loss: 7.961485862731934
INFO:root:Epoch 1, Batch 330, Loss: 7.048654556274414
INFO:root:Epoch 1, Batch 331, Loss: 7.515357971191406
INFO:root:Epoch 1, Batch 332, Loss: 7.477218151092529
INFO:root:Epoch 1, Batch 333, Loss: 7.174086570739746
INFO:root:Epoch 1, Batch 334, Loss: 7.326233863830566
INFO:root:Epoch 1, Batch 335, Loss: 7.675936698913574
INFO:root:Epoch 1, Batch 336, Loss: 6.679662227630615
INFO:root:Epoch 1, Batch 337, Loss: 8.10670280456543
INFO:root:Epoch 1, Batch 338, Loss: 9.083373069763184
INFO:root:Epoch 1, Batch 339, Loss: 8.400420188903809
INFO:root:Epoch 1, Batch 340, Loss: 8.746742248535156
INFO:root:Epoch 1, Batch 341, Loss: 7.225722789764404
INFO:root:Epoch 1, Batch 342, Loss: 8.075902938842773
INFO:root:Epoch 1, Batch 343, Loss: 7.987558364868164
INFO:root:Epoch 1, Batch 344, Loss: 6.102934837341309
INFO:root:Epoch 1, Batch 345, Loss: 9.014960289001465
INFO:root:Epoch 1, Batch 346, Loss: 7.327460765838623
INFO:root:Epoch 1, Batch 347, Loss: 7.907679080963135
INFO:root:Epoch 1, Batch 348, Loss: 7.627121448516846
INFO:root:Epoch 1, Batch 349, Loss: 7.140854358673096
INFO:root:Epoch 1, Batch 350, Loss: 6.4818596839904785
INFO:root:Epoch 1, Batch 351, Loss: 7.431044578552246
INFO:root:Epoch 1, Batch 352, Loss: 8.065645217895508
INFO:root:Epoch 1, Batch 353, Loss: 6.657550811767578
INFO:root:Epoch 1, Batch 354, Loss: 7.9717631340026855
INFO:root:Epoch 1, Batch 355, Loss: 6.0113115310668945
INFO:root:Epoch 1, Batch 356, Loss: 6.908374786376953
INFO:root:Epoch 1, Batch 357, Loss: 7.724989891052246
INFO:root:Epoch 1, Batch 358, Loss: 8.450547218322754
INFO:root:Epoch 1, Batch 359, Loss: 9.893228530883789
INFO:root:Epoch 1, Batch 360, Loss: 7.13921594619751
INFO:root:Epoch 1, Batch 361, Loss: 7.534895896911621
INFO:root:Epoch 1, Batch 362, Loss: 8.193297386169434
INFO:root:Epoch 1, Batch 363, Loss: 7.677446365356445
INFO:root:Epoch 1, Batch 364, Loss: 6.190160274505615
INFO:root:Epoch 1, Batch 365, Loss: 7.805005073547363
INFO:root:Epoch 1, Batch 366, Loss: 8.297335624694824
INFO:root:Epoch 1, Batch 367, Loss: 8.535027503967285
INFO:root:Epoch 1, Batch 368, Loss: 7.099706172943115
INFO:root:Epoch 1, Batch 369, Loss: 7.0085062980651855
INFO:root:Epoch 1, Batch 370, Loss: 8.63508415222168
INFO:root:Epoch 1, Batch 371, Loss: 7.407344818115234
INFO:root:Epoch 1, Batch 372, Loss: 7.68896484375
INFO:root:Epoch 1, Batch 373, Loss: 6.99522066116333
INFO:root:Epoch 1, Batch 374, Loss: 7.54984188079834
INFO:root:Epoch 1, Batch 375, Loss: 7.766483306884766
INFO:root:Epoch 1, Batch 376, Loss: 7.338930606842041
INFO:root:Epoch 1, Batch 377, Loss: 7.717653274536133
INFO:root:Epoch 1, Batch 378, Loss: 7.082398891448975
INFO:root:Epoch 1, Batch 379, Loss: 7.142709732055664
INFO:root:Epoch 1, Batch 380, Loss: 6.3698530197143555
INFO:root:Epoch 1, Batch 381, Loss: 8.17591381072998
INFO:root:Epoch 1, Batch 382, Loss: 6.746817111968994
INFO:root:Epoch 1, Batch 383, Loss: 7.467221260070801
INFO:root:Epoch 1, Batch 384, Loss: 8.511896133422852
INFO:root:Epoch 1, Batch 385, Loss: 7.012043476104736
INFO:root:Epoch 1, Batch 386, Loss: 7.153726577758789
INFO:root:Epoch 1, Batch 387, Loss: 7.485804557800293
INFO:root:Epoch 1, Batch 388, Loss: 8.90062141418457
INFO:root:Epoch 1, Batch 389, Loss: 8.969015121459961
INFO:root:Epoch 1, Batch 390, Loss: 8.161121368408203
INFO:root:Epoch 1, Batch 391, Loss: 7.432929992675781
INFO:root:Epoch 1, Batch 392, Loss: 7.2481160163879395
INFO:root:Epoch 1, Batch 393, Loss: 8.341133117675781
INFO:root:Epoch 1, Batch 394, Loss: 8.486188888549805
INFO:root:Epoch 1, Batch 395, Loss: 6.670703887939453
INFO:root:Epoch 1, Batch 396, Loss: 9.28136157989502
INFO:root:Epoch 1, Batch 397, Loss: 8.234834671020508
INFO:root:Epoch 1, Batch 398, Loss: 5.9089813232421875
INFO:root:Epoch 1, Batch 399, Loss: 6.6838507652282715
INFO:root:Epoch 1, Batch 400, Loss: 5.878950595855713
INFO:root:Epoch 1, Batch 401, Loss: 6.893830299377441
INFO:root:Epoch 1, Batch 402, Loss: 8.45369815826416
INFO:root:Epoch 1, Batch 403, Loss: 7.5033440589904785
INFO:root:Epoch 1, Batch 404, Loss: 7.199045181274414
INFO:root:Epoch 1, Batch 405, Loss: 6.998357772827148
INFO:root:Epoch 1, Batch 406, Loss: 8.564695358276367
INFO:root:Epoch 1, Batch 407, Loss: 7.260260581970215
INFO:root:Epoch 1, Batch 408, Loss: 7.684994697570801
INFO:root:Epoch 1, Batch 409, Loss: 8.114785194396973
INFO:root:Epoch 1, Batch 410, Loss: 7.190413951873779
INFO:root:Epoch 1, Batch 411, Loss: 6.499142646789551
INFO:root:Epoch 1, Batch 412, Loss: 7.489551067352295
INFO:root:Epoch 1, Batch 413, Loss: 6.069151401519775
INFO:root:Epoch 1, Batch 414, Loss: 7.572190284729004
INFO:root:Epoch 1, Batch 415, Loss: 6.528236389160156
INFO:root:Epoch 1, Batch 416, Loss: 6.702070713043213
INFO:root:Epoch 1, Batch 417, Loss: 8.027181625366211
INFO:root:Epoch 1, Batch 418, Loss: 8.402770042419434
INFO:root:Epoch 1, Batch 419, Loss: 6.452939033508301
INFO:root:Epoch 1, Batch 420, Loss: 6.273102283477783
INFO:root:Epoch 1, Batch 421, Loss: 7.182471752166748
INFO:root:Epoch 1, Batch 422, Loss: 7.445154666900635
INFO:root:Epoch 1, Batch 423, Loss: 7.582894802093506
INFO:root:Epoch 1, Batch 424, Loss: 6.2489447593688965
INFO:root:Epoch 1, Batch 425, Loss: 6.922942638397217
INFO:root:Epoch 1, Batch 426, Loss: 8.56934642791748
INFO:root:Epoch 1, Batch 427, Loss: 7.588039398193359
INFO:root:Epoch 1, Batch 428, Loss: 8.578901290893555
INFO:root:Epoch 1, Batch 429, Loss: 6.172565937042236
INFO:root:Epoch 1, Batch 430, Loss: 6.042750358581543
INFO:root:Epoch 1, Batch 431, Loss: 7.74721097946167
INFO:root:Epoch 1, Batch 432, Loss: 6.410212993621826
INFO:root:Epoch 1, Batch 433, Loss: 7.4021782875061035
INFO:root:Epoch 1, Batch 434, Loss: 7.488315582275391
INFO:root:Epoch 1, Batch 435, Loss: 7.26774787902832
INFO:root:Epoch 1, Batch 436, Loss: 8.56867790222168
INFO:root:Epoch 1, Batch 437, Loss: 7.468157768249512
INFO:root:Epoch 1, Batch 438, Loss: 9.257579803466797
INFO:root:Epoch 1, Batch 439, Loss: 7.999242305755615
INFO:root:Epoch 1, Batch 440, Loss: 8.27305793762207
INFO:root:Epoch 1, Batch 441, Loss: 6.658946514129639
INFO:root:Epoch 1, Batch 442, Loss: 6.564918041229248
INFO:root:Epoch 1, Batch 443, Loss: 6.574673175811768
INFO:root:Epoch 1, Batch 444, Loss: 7.597839832305908
INFO:root:Epoch 1, Batch 445, Loss: 7.860462188720703
INFO:root:Epoch 1, Batch 446, Loss: 6.693539619445801
INFO:root:Epoch 1, Batch 447, Loss: 7.194387435913086
INFO:root:Epoch 1, Batch 448, Loss: 7.28314208984375
INFO:root:Epoch 1, Batch 449, Loss: 7.243600368499756
INFO:root:Epoch 1, Batch 450, Loss: 8.38637924194336
INFO:root:Epoch 1, Batch 451, Loss: 7.089530944824219
INFO:root:Epoch 1, Batch 452, Loss: 7.310020446777344
INFO:root:Epoch 1, Batch 453, Loss: 6.792539119720459
INFO:root:Epoch 1, Batch 454, Loss: 7.562989711761475
INFO:root:Epoch 1, Batch 455, Loss: 7.444285869598389
INFO:root:Epoch 1, Batch 456, Loss: 7.811666488647461
INFO:root:Epoch 1, Batch 457, Loss: 7.774112701416016
INFO:root:Epoch 1, Batch 458, Loss: 7.94495964050293
INFO:root:Epoch 1, Batch 459, Loss: 9.498817443847656
INFO:root:Epoch 1, Batch 460, Loss: 7.702026844024658
INFO:root:Epoch 1, Batch 461, Loss: 7.811981201171875
INFO:root:Epoch 1, Batch 462, Loss: 7.691158771514893
INFO:root:Epoch 1, Batch 463, Loss: 6.439330101013184
INFO:root:Epoch 1, Batch 464, Loss: 7.177880764007568
INFO:root:Epoch 1, Batch 465, Loss: 6.7711567878723145
INFO:root:Epoch 1, Batch 466, Loss: 7.365448474884033
INFO:root:Epoch 1, Batch 467, Loss: 6.72023344039917
INFO:root:Epoch 1, Batch 468, Loss: 7.949993133544922
INFO:root:Epoch 1, Batch 469, Loss: 7.796607494354248
INFO:root:Epoch 1, Batch 470, Loss: 6.9026689529418945
INFO:root:Epoch 1, Batch 471, Loss: 6.596074104309082
INFO:root:Epoch 1, Batch 472, Loss: 6.659440517425537
INFO:root:Epoch 1, Batch 473, Loss: 8.280770301818848
INFO:root:Epoch 1, Batch 474, Loss: 6.690799713134766
INFO:root:Epoch 1, Batch 475, Loss: 6.2809247970581055
INFO:root:Epoch 1, Batch 476, Loss: 6.900784492492676
INFO:root:Epoch 1, Batch 477, Loss: 5.78470516204834
INFO:root:Epoch 1, Batch 478, Loss: 7.260831832885742
INFO:root:Epoch 1, Batch 479, Loss: 5.995813369750977
INFO:root:Epoch 1, Batch 480, Loss: 7.008753776550293
INFO:root:Epoch 1, Batch 481, Loss: 8.258289337158203
INFO:root:Epoch 1, Batch 482, Loss: 6.060995578765869
INFO:root:Epoch 1, Batch 483, Loss: 7.241684913635254
INFO:root:Epoch 1, Batch 484, Loss: 7.426372528076172
INFO:root:Epoch 1, Batch 485, Loss: 7.442731857299805
INFO:root:Epoch 1, Batch 486, Loss: 6.497908592224121
INFO:root:Epoch 1, Batch 487, Loss: 6.457131862640381
INFO:root:Epoch 1, Batch 488, Loss: 7.131858825683594
INFO:root:Epoch 1, Batch 489, Loss: 6.493122577667236
INFO:root:Epoch 1, Batch 490, Loss: 6.47676944732666
INFO:root:Epoch 1, Batch 491, Loss: 7.1469621658325195
INFO:root:Epoch 1, Batch 492, Loss: 8.453473091125488
INFO:root:Epoch 1, Batch 493, Loss: 7.705893039703369
INFO:root:Epoch 1, Batch 494, Loss: 9.947868347167969
INFO:root:Epoch 1, Batch 495, Loss: 6.987462520599365
INFO:root:Epoch 1, Batch 496, Loss: 7.280168533325195
INFO:root:Epoch 1, Batch 497, Loss: 7.200797080993652
INFO:root:Epoch 1, Batch 498, Loss: 8.726634979248047
INFO:root:Epoch 1, Batch 499, Loss: 6.163271903991699
INFO:root:Epoch 1, Batch 500, Loss: 8.007528305053711
INFO:root:Epoch 1, Batch 501, Loss: 8.898831367492676
INFO:root:Epoch 1, Batch 502, Loss: 7.340760707855225
INFO:root:Epoch 1, Batch 503, Loss: 5.544932842254639
INFO:root:Epoch 1, Batch 504, Loss: 7.801783561706543
INFO:root:Epoch 1, Batch 505, Loss: 5.952664375305176
INFO:root:Epoch 1, Batch 506, Loss: 8.390974998474121
INFO:root:Epoch 1, Batch 507, Loss: 7.1602091789245605
INFO:root:Epoch 1, Batch 508, Loss: 6.767577171325684
INFO:root:Epoch 1, Batch 509, Loss: 7.69616174697876
INFO:root:Epoch 1, Batch 510, Loss: 7.72542142868042
INFO:root:Epoch 1, Batch 511, Loss: 6.678621292114258
INFO:root:Epoch 1, Batch 512, Loss: 6.6176958084106445
INFO:root:Epoch 1, Batch 513, Loss: 7.897209644317627
INFO:root:Epoch 1, Batch 514, Loss: 7.2068705558776855
INFO:root:Epoch 1, Batch 515, Loss: 8.301695823669434
INFO:root:Epoch 1, Batch 516, Loss: 7.499623775482178
INFO:root:Epoch 1, Batch 517, Loss: 6.172502517700195
INFO:root:Epoch 1, Batch 518, Loss: 8.208879470825195
INFO:root:Epoch 1, Batch 519, Loss: 6.057292461395264
INFO:root:Epoch 1, Batch 520, Loss: 6.3419270515441895
INFO:root:Epoch 1, Batch 521, Loss: 7.031423568725586
INFO:root:Epoch 1, Batch 522, Loss: 6.50409460067749
INFO:root:Epoch 1, Batch 523, Loss: 7.312160968780518
INFO:root:Epoch 1, Batch 524, Loss: 6.893910884857178
INFO:root:Epoch 1, Batch 525, Loss: 8.51629638671875
INFO:root:Epoch 1, Batch 526, Loss: 9.234012603759766
INFO:root:Epoch 1, Batch 527, Loss: 6.301768779754639
INFO:root:Epoch 1, Batch 528, Loss: 8.6548490524292
INFO:root:Epoch 1, Batch 529, Loss: 6.473093509674072
INFO:root:Epoch 1, Batch 530, Loss: 4.690454483032227
INFO:root:Epoch 1, Batch 531, Loss: 6.586897373199463
INFO:root:Epoch 1, Batch 532, Loss: 9.850543022155762
INFO:root:Epoch 1, Batch 533, Loss: 6.93762731552124
INFO:root:Epoch 1, Batch 534, Loss: 8.396367073059082
INFO:root:Epoch 1, Batch 535, Loss: 7.715696334838867
INFO:root:Epoch 1, Batch 536, Loss: 7.01665735244751
INFO:root:Epoch 1, Batch 537, Loss: 7.3320512771606445
INFO:root:Epoch 1, Batch 538, Loss: 7.365765571594238
INFO:root:Epoch 1, Batch 539, Loss: 6.620961666107178
INFO:root:Epoch 1, Batch 540, Loss: 7.559998512268066
INFO:root:Epoch 1, Batch 541, Loss: 6.896007061004639
INFO:root:Epoch 1, Batch 542, Loss: 6.541103839874268
INFO:root:Epoch 1, Batch 543, Loss: 8.001274108886719
INFO:root:Epoch 1, Batch 544, Loss: 6.654253959655762
INFO:root:Epoch 1, Batch 545, Loss: 8.122385025024414
INFO:root:Epoch 1, Batch 546, Loss: 7.6609015464782715
INFO:root:Epoch 1, Batch 547, Loss: 7.970705986022949
INFO:root:Epoch 1, Batch 548, Loss: 6.9245524406433105
INFO:root:Epoch 1, Batch 549, Loss: 7.220125198364258
INFO:root:Epoch 1, Batch 550, Loss: 6.694067001342773
INFO:root:Epoch 1, Batch 551, Loss: 7.89620304107666
INFO:root:Epoch 1, Batch 552, Loss: 6.455001354217529
INFO:root:Epoch 1, Batch 553, Loss: 6.160770893096924
INFO:root:Epoch 1, Batch 554, Loss: 8.078880310058594
INFO:root:Epoch 1, Batch 555, Loss: 5.952077865600586
INFO:root:Epoch 1, Batch 556, Loss: 7.7744059562683105
INFO:root:Epoch 1, Batch 557, Loss: 5.887357234954834
INFO:root:Epoch 1, Batch 558, Loss: 8.494118690490723
INFO:root:Epoch 1, Batch 559, Loss: 7.112523555755615
INFO:root:Epoch 1, Batch 560, Loss: 6.237684726715088
INFO:root:Epoch 1, Batch 561, Loss: 6.112861156463623
INFO:root:Epoch 1, Batch 562, Loss: 6.723793029785156
INFO:root:Epoch 1, Batch 563, Loss: 7.7132182121276855
INFO:root:Epoch 1, Batch 564, Loss: 6.931813716888428
INFO:root:Epoch 1, Batch 565, Loss: 7.637114524841309
INFO:root:Epoch 1, Batch 566, Loss: 6.002131462097168
INFO:root:Epoch 1, Batch 567, Loss: 7.888307571411133
INFO:root:Epoch 1, Batch 568, Loss: 6.924497604370117
INFO:root:Epoch 1, Batch 569, Loss: 6.5436224937438965
INFO:root:Epoch 1, Batch 570, Loss: 6.710533618927002
INFO:root:Epoch 1, Batch 571, Loss: 6.425363063812256
INFO:root:Epoch 1, Batch 572, Loss: 5.545149803161621
INFO:root:Epoch 1, Batch 573, Loss: 8.250785827636719
INFO:root:Epoch 1, Batch 574, Loss: 6.443609714508057
INFO:root:Epoch 1, Batch 575, Loss: 6.919381618499756
INFO:root:Epoch 1, Batch 576, Loss: 8.578965187072754
INFO:root:Epoch 1, Batch 577, Loss: 6.282944679260254
INFO:root:Epoch 1, Batch 578, Loss: 8.371847152709961
INFO:root:Epoch 1, Batch 579, Loss: 7.940702438354492
INFO:root:Epoch 1, Batch 580, Loss: 4.531881809234619
INFO:root:Epoch 1, Batch 581, Loss: 9.073463439941406
INFO:root:Epoch 1, Batch 582, Loss: 7.101847171783447
INFO:root:Epoch 1, Batch 583, Loss: 6.297878265380859
INFO:root:Epoch 1, Batch 584, Loss: 7.626190185546875
INFO:root:Epoch 1, Batch 585, Loss: 7.384912490844727
INFO:root:Epoch 1, Batch 586, Loss: 6.839506149291992
INFO:root:Epoch 1, Batch 587, Loss: 6.885870933532715
INFO:root:Epoch 1, Batch 588, Loss: 9.160330772399902
INFO:root:Epoch 1, Batch 589, Loss: 6.296889305114746
INFO:root:Epoch 1, Batch 590, Loss: 6.561809539794922
INFO:root:Epoch 1, Batch 591, Loss: 6.198920726776123
INFO:root:Epoch 1, Batch 592, Loss: 6.134768486022949
INFO:root:Epoch 1, Batch 593, Loss: 8.698460578918457
INFO:root:Epoch 1, Batch 594, Loss: 6.688159942626953
INFO:root:Epoch 1, Batch 595, Loss: 8.259885787963867
INFO:root:Epoch 1, Batch 596, Loss: 8.96009635925293
INFO:root:Epoch 1, Batch 597, Loss: 7.133410930633545
INFO:root:Epoch 1, Batch 598, Loss: 7.292181491851807
INFO:root:Epoch 1, Batch 599, Loss: 8.006134033203125
INFO:root:Epoch 1, Batch 600, Loss: 7.307554244995117
INFO:root:Epoch 1, Batch 601, Loss: 7.535251140594482
INFO:root:Epoch 1, Batch 602, Loss: 6.504631042480469
INFO:root:Epoch 1, Batch 603, Loss: 5.927516937255859
INFO:root:Epoch 1, Batch 604, Loss: 6.3964362144470215
INFO:root:Epoch 1, Batch 605, Loss: 5.797896862030029
INFO:root:Epoch 1, Batch 606, Loss: 8.730874061584473
INFO:root:Epoch 1, Batch 607, Loss: 8.032236099243164
INFO:root:Epoch 1, Batch 608, Loss: 5.49293851852417
INFO:root:Epoch 1, Batch 609, Loss: 6.506046295166016
INFO:root:Epoch 1, Batch 610, Loss: 8.328690528869629
INFO:root:Epoch 1, Batch 611, Loss: 8.89420223236084
INFO:root:Epoch 1, Batch 612, Loss: 7.376649856567383
INFO:root:Epoch 1, Batch 613, Loss: 5.690863609313965
INFO:root:Epoch 1, Batch 614, Loss: 6.924638271331787
INFO:root:Epoch 1, Batch 615, Loss: 6.414778709411621
INFO:root:Epoch 1, Batch 616, Loss: 7.768554210662842
INFO:root:Epoch 1, Batch 617, Loss: 5.921807765960693
INFO:root:Epoch 1, Batch 618, Loss: 7.2228569984436035
INFO:root:Epoch 1, Batch 619, Loss: 6.773047924041748
INFO:root:Epoch 1, Batch 620, Loss: 6.730972766876221
INFO:root:Epoch 1, Batch 621, Loss: 6.903865814208984
INFO:root:Epoch 1, Batch 622, Loss: 5.99776029586792
INFO:root:Epoch 1, Batch 623, Loss: 7.958440780639648
INFO:root:Epoch 1, Batch 624, Loss: 6.39006233215332
INFO:root:Epoch 1, Batch 625, Loss: 6.566629886627197
INFO:root:Epoch 1, Batch 626, Loss: 6.820810317993164
INFO:root:Epoch 1, Batch 627, Loss: 6.735087871551514
INFO:root:Epoch 1, Batch 628, Loss: 5.229222774505615
INFO:root:Epoch 1, Batch 629, Loss: 9.216782569885254
INFO:root:Epoch 1, Batch 630, Loss: 7.191401481628418
INFO:root:Epoch 1, Batch 631, Loss: 6.610593318939209
INFO:root:Epoch 1, Batch 632, Loss: 5.898725986480713
INFO:root:Epoch 1, Batch 633, Loss: 7.532345771789551
INFO:root:Epoch 1, Batch 634, Loss: 7.817417144775391
INFO:root:Epoch 1, Batch 635, Loss: 8.762832641601562
INFO:root:Epoch 1, Batch 636, Loss: 7.174636363983154
INFO:root:Epoch 1, Batch 637, Loss: 6.37897253036499
INFO:root:Epoch 1, Batch 638, Loss: 8.192340850830078
INFO:root:Epoch 1, Batch 639, Loss: 7.728051662445068
INFO:root:Epoch 1, Batch 640, Loss: 6.25667142868042
INFO:root:Epoch 1, Batch 641, Loss: 7.923859119415283
INFO:root:Epoch 1, Batch 642, Loss: 7.290724754333496
INFO:root:Epoch 1, Batch 643, Loss: 6.0243449211120605
INFO:root:Epoch 1, Batch 644, Loss: 6.513547897338867
INFO:root:Epoch 1, Batch 645, Loss: 7.328105449676514
INFO:root:Epoch 1, Batch 646, Loss: 8.530831336975098
INFO:root:Epoch 1, Batch 647, Loss: 8.194337844848633
INFO:root:Epoch 1, Batch 648, Loss: 6.826714038848877
INFO:root:Epoch 1, Batch 649, Loss: 7.944048881530762
INFO:root:Epoch 1, Batch 650, Loss: 8.447861671447754
INFO:root:Epoch 1, Batch 651, Loss: 7.852033615112305
INFO:root:Epoch 1, Batch 652, Loss: 6.145899772644043
INFO:root:Epoch 1, Batch 653, Loss: 6.595633029937744
INFO:root:Epoch 1, Batch 654, Loss: 6.0784220695495605
INFO:root:Epoch 1, Batch 655, Loss: 6.862294673919678
INFO:root:Epoch 1, Batch 656, Loss: 6.253094673156738
INFO:root:Epoch 1, Batch 657, Loss: 6.321585178375244
INFO:root:Epoch 1, Batch 658, Loss: 6.386221885681152
INFO:root:Epoch 1, Batch 659, Loss: 6.3074727058410645
INFO:root:Epoch 1, Batch 660, Loss: 7.721268177032471
INFO:root:Epoch 1, Batch 661, Loss: 7.550009727478027
INFO:root:Epoch 1, Batch 662, Loss: 6.434817790985107
INFO:root:Epoch 1, Batch 663, Loss: 7.65386438369751
INFO:root:Epoch 1, Batch 664, Loss: 6.168741703033447
INFO:root:Epoch 1, Batch 665, Loss: 7.0815510749816895
INFO:root:Epoch 1, Batch 666, Loss: 6.730456829071045
INFO:root:Epoch 1, Batch 667, Loss: 6.758815288543701
INFO:root:Epoch 1, Batch 668, Loss: 8.374394416809082
INFO:root:Epoch 1, Batch 669, Loss: 6.137472629547119
INFO:root:Epoch 1, Batch 670, Loss: 7.9846367835998535
INFO:root:Epoch 1, Batch 671, Loss: 7.018791675567627
INFO:root:Epoch 1, Batch 672, Loss: 7.057199001312256
INFO:root:Epoch 1, Batch 673, Loss: 5.509553909301758
INFO:root:Epoch 1, Batch 674, Loss: 6.897665023803711
INFO:root:Epoch 1, Batch 675, Loss: 6.887335777282715
INFO:root:Epoch 1, Batch 676, Loss: 6.844956874847412
INFO:root:Epoch 1, Batch 677, Loss: 5.519784927368164
INFO:root:Epoch 1, Batch 678, Loss: 6.335861682891846
INFO:root:Epoch 1, Batch 679, Loss: 7.5289812088012695
INFO:root:Epoch 1, Batch 680, Loss: 6.612418174743652
INFO:root:Epoch 1, Batch 681, Loss: 5.694913387298584
INFO:root:Epoch 1, Batch 682, Loss: 6.919199466705322
INFO:root:Epoch 1, Batch 683, Loss: 7.066699981689453
INFO:root:Epoch 1, Batch 684, Loss: 7.242938041687012
INFO:root:Epoch 1, Batch 685, Loss: 6.69964075088501
INFO:root:Epoch 1, Batch 686, Loss: 6.94934606552124
INFO:root:Epoch 1, Batch 687, Loss: 7.125593662261963
INFO:root:Epoch 1, Batch 688, Loss: 6.11423397064209
INFO:root:Epoch 1, Batch 689, Loss: 5.661746501922607
INFO:root:Epoch 1, Batch 690, Loss: 8.615822792053223
INFO:root:Epoch 1, Batch 691, Loss: 7.386655330657959
INFO:root:Epoch 1, Batch 692, Loss: 7.265721321105957
INFO:root:Epoch 1, Batch 693, Loss: 5.438836574554443
INFO:root:Epoch 1, Batch 694, Loss: 7.355823993682861
INFO:root:Epoch 1, Batch 695, Loss: 6.517126560211182
INFO:root:Epoch 1, Batch 696, Loss: 6.528575420379639
INFO:root:Epoch 1, Batch 697, Loss: 9.546339988708496
INFO:root:Epoch 1, Batch 698, Loss: 8.11922836303711
INFO:root:Epoch 1, Batch 699, Loss: 6.132277011871338
INFO:root:Epoch 1, Batch 700, Loss: 8.009326934814453
INFO:root:Epoch 1, Batch 701, Loss: 8.609378814697266
INFO:root:Epoch 1, Batch 702, Loss: 7.169287204742432
INFO:root:Epoch 1, Batch 703, Loss: 6.0237531661987305
INFO:root:Epoch 1, Batch 704, Loss: 6.424232482910156
INFO:root:Epoch 1, Batch 705, Loss: 6.232059955596924
INFO:root:Epoch 1, Batch 706, Loss: 7.9471025466918945
INFO:root:Epoch 1, Batch 707, Loss: 7.559319019317627
INFO:root:Epoch 1, Batch 708, Loss: 9.531203269958496
INFO:root:Epoch 1, Batch 709, Loss: 7.069157600402832
INFO:root:Epoch 1, Batch 710, Loss: 5.687313556671143
INFO:root:Epoch 1, Batch 711, Loss: 4.244962215423584
INFO:root:Epoch 1, Batch 712, Loss: 8.145439147949219
INFO:root:Epoch 1, Batch 713, Loss: 8.514619827270508
INFO:root:Epoch 1, Batch 714, Loss: 5.599125862121582
INFO:root:Epoch 1, Batch 715, Loss: 6.186401844024658
INFO:root:Epoch 1, Batch 716, Loss: 6.4497971534729
INFO:root:Epoch 1, Batch 717, Loss: 8.651713371276855
INFO:root:Epoch 1, Batch 718, Loss: 7.306044101715088
INFO:root:Epoch 1, Batch 719, Loss: 7.8709893226623535
INFO:root:Epoch 1, Batch 720, Loss: 9.49423599243164
INFO:root:Epoch 1, Batch 721, Loss: 8.054549217224121
INFO:root:Epoch 1, Batch 722, Loss: 5.663156032562256
INFO:root:Epoch 1, Batch 723, Loss: 6.479576110839844
INFO:root:Epoch 1, Batch 724, Loss: 4.743036270141602
INFO:root:Epoch 1, Batch 725, Loss: 6.936765193939209
INFO:root:Epoch 1, Batch 726, Loss: 6.4551682472229
INFO:root:Epoch 1, Batch 727, Loss: 7.949368953704834
INFO:root:Epoch 1, Batch 728, Loss: 6.354104042053223
INFO:root:Epoch 1, Batch 729, Loss: 5.595128536224365
INFO:root:Epoch 1, Batch 730, Loss: 5.617238998413086
INFO:root:Epoch 1, Batch 731, Loss: 5.223344802856445
INFO:root:Epoch 1, Batch 732, Loss: 5.586931228637695
INFO:root:Epoch 1, Batch 733, Loss: 7.214792251586914
INFO:root:Epoch 1, Batch 734, Loss: 7.881852149963379
INFO:root:Epoch 1, Batch 735, Loss: 6.687747478485107
INFO:root:Epoch 1, Batch 736, Loss: 7.315104961395264
INFO:root:Epoch 1, Batch 737, Loss: 6.2952423095703125
INFO:root:Epoch 1, Batch 738, Loss: 5.744887351989746
INFO:root:Epoch 1, Batch 739, Loss: 7.724363803863525
INFO:root:Epoch 1, Batch 740, Loss: 6.492841720581055
INFO:root:Epoch 1, Batch 741, Loss: 7.760903358459473
INFO:root:Epoch 1, Batch 742, Loss: 6.994821548461914
INFO:root:Epoch 1, Batch 743, Loss: 5.121823310852051
INFO:root:Epoch 1, Batch 744, Loss: 6.14496374130249
INFO:root:Epoch 1, Batch 745, Loss: 7.7524895668029785
INFO:root:Epoch 1, Batch 746, Loss: 7.642400741577148
INFO:root:Epoch 1, Batch 747, Loss: 7.675368785858154
INFO:root:Epoch 1, Batch 748, Loss: 8.973148345947266
INFO:root:Epoch 1, Batch 749, Loss: 7.400882720947266
INFO:root:Epoch 1, Batch 750, Loss: 8.042052268981934
INFO:root:Epoch 1, Batch 751, Loss: 6.095512390136719
INFO:root:Epoch 1, Batch 752, Loss: 7.308114051818848
INFO:root:Epoch 1, Batch 753, Loss: 7.980230331420898
INFO:root:Epoch 1, Batch 754, Loss: 7.998770236968994
INFO:root:Epoch 1, Batch 755, Loss: 6.682703971862793
INFO:root:Epoch 1, Batch 756, Loss: 6.637658596038818
INFO:root:Epoch 1, Batch 757, Loss: 7.20533561706543
INFO:root:Epoch 1, Batch 758, Loss: 6.894600868225098
INFO:root:Epoch 1, Batch 759, Loss: 5.411165237426758
INFO:root:Epoch 1, Batch 760, Loss: 7.428208827972412
INFO:root:Epoch 1, Batch 761, Loss: 7.588688373565674
INFO:root:Epoch 1, Batch 762, Loss: 7.4676642417907715
INFO:root:Epoch 1, Batch 763, Loss: 5.819313049316406
INFO:root:Epoch 1, Batch 764, Loss: 8.21851634979248
INFO:root:Epoch 1, Batch 765, Loss: 7.607113838195801
INFO:root:Epoch 1, Batch 766, Loss: 7.7224931716918945
INFO:root:Epoch 1, Batch 767, Loss: 7.405511856079102
INFO:root:Epoch 1, Batch 768, Loss: 6.930370330810547
INFO:root:Epoch 1, Batch 769, Loss: 7.456672191619873
INFO:root:Epoch 1, Batch 770, Loss: 7.162854194641113
INFO:root:Epoch 1, Batch 771, Loss: 7.28641414642334
INFO:root:Epoch 1, Batch 772, Loss: 6.670782089233398
INFO:root:Epoch 1, Batch 773, Loss: 6.814127445220947
INFO:root:Epoch 1, Batch 774, Loss: 6.266744613647461
INFO:root:Epoch 1, Batch 775, Loss: 7.160898208618164
INFO:root:Epoch 1, Batch 776, Loss: 5.671497344970703
INFO:root:Epoch 1, Batch 777, Loss: 7.15287446975708
INFO:root:Epoch 1, Batch 778, Loss: 5.872896671295166
INFO:root:Epoch 1, Batch 779, Loss: 6.490900993347168
INFO:root:Epoch 1, Batch 780, Loss: 8.583125114440918
INFO:root:Epoch 1, Batch 781, Loss: 7.653265476226807
INFO:root:Epoch 1, Batch 782, Loss: 6.264992713928223
INFO:root:Epoch 1, Batch 783, Loss: 6.838374137878418
INFO:root:Epoch 1, Batch 784, Loss: 5.8405656814575195
INFO:root:Epoch 1, Batch 785, Loss: 6.492565631866455
INFO:root:Epoch 1, Batch 786, Loss: 7.764294147491455
INFO:root:Epoch 1, Batch 787, Loss: 6.34470272064209
INFO:root:Epoch 1, Batch 788, Loss: 6.001194000244141
INFO:root:Epoch 1, Batch 789, Loss: 5.604731559753418
INFO:root:Epoch 1, Batch 790, Loss: 8.261031150817871
INFO:root:Epoch 1, Batch 791, Loss: 6.184996604919434
INFO:root:Epoch 1, Batch 792, Loss: 6.443395614624023
INFO:root:Epoch 1, Batch 793, Loss: 7.781773090362549
INFO:root:Epoch 1, Batch 794, Loss: 7.6319379806518555
INFO:root:Epoch 1, Batch 795, Loss: 6.651791572570801
INFO:root:Epoch 1, Batch 796, Loss: 6.965421676635742
INFO:root:Epoch 1, Batch 797, Loss: 6.413689613342285
INFO:root:Epoch 1, Batch 798, Loss: 7.438638687133789
INFO:root:Epoch 1, Batch 799, Loss: 7.620235443115234
INFO:root:Epoch 1, Batch 800, Loss: 7.1586785316467285
INFO:root:Epoch 1, Batch 801, Loss: 5.816220283508301
INFO:root:Epoch 1, Batch 802, Loss: 7.504427433013916
INFO:root:Epoch 1, Batch 803, Loss: 8.867629051208496
INFO:root:Epoch 1, Batch 804, Loss: 9.187416076660156
INFO:root:Epoch 1, Batch 805, Loss: 5.680204391479492
INFO:root:Epoch 1, Batch 806, Loss: 6.0218610763549805
INFO:root:Epoch 1, Batch 807, Loss: 6.801485538482666
INFO:root:Epoch 1, Batch 808, Loss: 7.784857749938965
INFO:root:Epoch 1, Batch 809, Loss: 6.251957416534424
INFO:root:Epoch 1, Batch 810, Loss: 6.600479602813721
INFO:root:Epoch 1, Batch 811, Loss: 6.2682108879089355
INFO:root:Epoch 1, Batch 812, Loss: 7.82214879989624
INFO:root:Epoch 1, Batch 813, Loss: 7.0635504722595215
INFO:root:Epoch 1, Batch 814, Loss: 7.488815784454346
INFO:root:Epoch 1, Batch 815, Loss: 4.457253932952881
INFO:root:Epoch 1, Batch 816, Loss: 6.8598809242248535
INFO:root:Epoch 1, Batch 817, Loss: 5.989440441131592
INFO:root:Epoch 1, Batch 818, Loss: 7.556980133056641
INFO:root:Epoch 1, Batch 819, Loss: 6.86980676651001
INFO:root:Epoch 1, Batch 820, Loss: 7.60613489151001
INFO:root:Epoch 1, Batch 821, Loss: 7.4881978034973145
INFO:root:Epoch 1, Batch 822, Loss: 6.598527431488037
INFO:root:Epoch 1, Batch 823, Loss: 7.535967826843262
INFO:root:Epoch 1, Batch 824, Loss: 5.355971813201904
INFO:root:Epoch 1, Batch 825, Loss: 6.33743953704834
INFO:root:Epoch 1, Batch 826, Loss: 6.847002029418945
INFO:root:Epoch 1, Batch 827, Loss: 6.899303436279297
INFO:root:Epoch 1, Batch 828, Loss: 7.150134086608887
INFO:root:Epoch 1, Batch 829, Loss: 6.0890703201293945
INFO:root:Epoch 1, Batch 830, Loss: 6.730594158172607
INFO:root:Epoch 1, Batch 831, Loss: 7.044262886047363
INFO:root:Epoch 1, Batch 832, Loss: 8.144092559814453
INFO:root:Epoch 1, Batch 833, Loss: 5.3262200355529785
INFO:root:Epoch 1, Batch 834, Loss: 5.865241050720215
INFO:root:Epoch 1, Batch 835, Loss: 6.892125606536865
INFO:root:Epoch 1, Batch 836, Loss: 7.329010486602783
INFO:root:Epoch 1, Batch 837, Loss: 6.368663787841797
INFO:root:Epoch 1, Batch 838, Loss: 7.107699871063232
INFO:root:Epoch 1, Batch 839, Loss: 7.351263523101807
INFO:root:Epoch 1, Batch 840, Loss: 6.723889350891113
INFO:root:Epoch 1, Batch 841, Loss: 7.662778854370117
INFO:root:Epoch 1, Batch 842, Loss: 6.230963706970215
INFO:root:Epoch 1, Batch 843, Loss: 6.927753925323486
INFO:root:Epoch 1, Batch 844, Loss: 8.775755882263184
INFO:root:Epoch 1, Batch 845, Loss: 6.823799133300781
INFO:root:Epoch 1, Batch 846, Loss: 7.409074306488037
INFO:root:Epoch 1, Batch 847, Loss: 7.024418830871582
INFO:root:Epoch 1, Batch 848, Loss: 5.702486038208008
INFO:root:Epoch 1, Batch 849, Loss: 7.73853874206543
INFO:root:Epoch 1, Batch 850, Loss: 5.456482410430908
INFO:root:Epoch 1, Batch 851, Loss: 5.795206546783447
INFO:root:Epoch 1, Batch 852, Loss: 7.35123872756958
INFO:root:Epoch 1, Batch 853, Loss: 4.19119930267334
INFO:root:Epoch 1, Batch 854, Loss: 6.842975616455078
INFO:root:Epoch 1, Batch 855, Loss: 5.3475213050842285
INFO:root:Epoch 1, Batch 856, Loss: 6.008353233337402
INFO:root:Epoch 1, Batch 857, Loss: 6.705893039703369
INFO:root:Epoch 1, Batch 858, Loss: 5.304330348968506
INFO:root:Epoch 1, Batch 859, Loss: 5.986051559448242
INFO:root:Epoch 1, Batch 860, Loss: 6.159666538238525
INFO:root:Epoch 1, Batch 861, Loss: 6.145835876464844
INFO:root:Epoch 1, Batch 862, Loss: 7.143767356872559
INFO:root:Epoch 1, Batch 863, Loss: 6.966127395629883
INFO:root:Epoch 1, Batch 864, Loss: 7.672219753265381
INFO:root:Epoch 1, Batch 865, Loss: 7.262868881225586
INFO:root:Epoch 1, Batch 866, Loss: 5.03574800491333
INFO:root:Epoch 1, Batch 867, Loss: 6.237107276916504
INFO:root:Epoch 1, Batch 868, Loss: 6.080786228179932
INFO:root:Epoch 1, Batch 869, Loss: 5.538938045501709
INFO:root:Epoch 1, Batch 870, Loss: 5.292867183685303
INFO:root:Epoch 1, Batch 871, Loss: 6.283884048461914
INFO:root:Epoch 1, Batch 872, Loss: 6.390333652496338
INFO:root:Epoch 1, Batch 873, Loss: 6.781946659088135
INFO:root:Epoch 1, Batch 874, Loss: 6.4127936363220215
INFO:root:Epoch 1, Batch 875, Loss: 8.176168441772461
INFO:root:Epoch 1, Batch 876, Loss: 6.122496128082275
INFO:root:Epoch 1, Batch 877, Loss: 7.075956344604492
INFO:root:Epoch 1, Batch 878, Loss: 7.335620403289795
INFO:root:Epoch 1, Batch 879, Loss: 7.3116044998168945
INFO:root:Epoch 1, Batch 880, Loss: 8.418745040893555
INFO:root:Epoch 1, Batch 881, Loss: 6.035297393798828
INFO:root:Epoch 1, Batch 882, Loss: 5.920519828796387
INFO:root:Epoch 1, Batch 883, Loss: 6.127680778503418
INFO:root:Epoch 1, Batch 884, Loss: 6.400940418243408
INFO:root:Epoch 1, Batch 885, Loss: 6.06859016418457
INFO:root:Epoch 1, Batch 886, Loss: 5.868044853210449
INFO:root:Epoch 1, Batch 887, Loss: 6.674374580383301
INFO:root:Epoch 1, Batch 888, Loss: 7.682440280914307
INFO:root:Epoch 1, Batch 889, Loss: 7.376784324645996
INFO:root:Epoch 1, Batch 890, Loss: 6.246799468994141
INFO:root:Epoch 1, Batch 891, Loss: 6.150756359100342
INFO:root:Epoch 1, Batch 892, Loss: 6.7460222244262695
INFO:root:Epoch 1, Batch 893, Loss: 8.097017288208008
INFO:root:Epoch 1, Batch 894, Loss: 8.025981903076172
INFO:root:Epoch 1, Batch 895, Loss: 6.252742290496826
INFO:root:Epoch 1, Batch 896, Loss: 6.11073112487793
INFO:root:Epoch 1, Batch 897, Loss: 5.381553649902344
INFO:root:Epoch 1, Batch 898, Loss: 6.093019962310791
INFO:root:Epoch 1, Batch 899, Loss: 9.332696914672852
INFO:root:Epoch 1, Batch 900, Loss: 5.429863452911377
INFO:root:Epoch 1, Batch 901, Loss: 7.401395797729492
INFO:root:Epoch 1, Batch 902, Loss: 6.727909088134766
INFO:root:Epoch 1, Batch 903, Loss: 5.561750888824463
INFO:root:Epoch 1, Batch 904, Loss: 8.037618637084961
INFO:root:Epoch 1, Batch 905, Loss: 6.096120357513428
INFO:root:Epoch 1, Batch 906, Loss: 8.527179718017578
INFO:root:Epoch 1, Batch 907, Loss: 7.24160099029541
INFO:root:Epoch 1, Batch 908, Loss: 7.085901260375977
INFO:root:Epoch 1, Batch 909, Loss: 7.050831317901611
INFO:root:Epoch 1, Batch 910, Loss: 5.746734142303467
INFO:root:Epoch 1, Batch 911, Loss: 6.561521053314209
INFO:root:Epoch 1, Batch 912, Loss: 7.7927937507629395
INFO:root:Epoch 1, Batch 913, Loss: 6.80509614944458
INFO:root:Epoch 1, Batch 914, Loss: 7.948426723480225
INFO:root:Epoch 1, Batch 915, Loss: 8.044447898864746
INFO:root:Epoch 1, Batch 916, Loss: 5.687986373901367
INFO:root:Epoch 1, Batch 917, Loss: 7.793231010437012
INFO:root:Epoch 1, Batch 918, Loss: 5.854909420013428
INFO:root:Epoch 1, Batch 919, Loss: 6.153167247772217
INFO:root:Epoch 1, Batch 920, Loss: 6.537868022918701
INFO:root:Epoch 1, Batch 921, Loss: 6.6805219650268555
INFO:root:Epoch 1, Batch 922, Loss: 6.8783650398254395
INFO:root:Epoch 1, Batch 923, Loss: 5.711482524871826
INFO:root:Epoch 1, Batch 924, Loss: 6.069491386413574
INFO:root:Epoch 1, Batch 925, Loss: 5.339477062225342
INFO:root:Epoch 1, Batch 926, Loss: 6.388266563415527
INFO:root:Epoch 1, Batch 927, Loss: 7.015650749206543
INFO:root:Epoch 1, Batch 928, Loss: 6.973079681396484
INFO:root:Epoch 1, Batch 929, Loss: 7.183422088623047
INFO:root:Epoch 1, Batch 930, Loss: 4.83387565612793
INFO:root:Epoch 1, Batch 931, Loss: 6.073848724365234
INFO:root:Epoch 1, Batch 932, Loss: 6.927219867706299
INFO:root:Epoch 1, Batch 933, Loss: 5.052967548370361
INFO:root:Epoch 1, Batch 934, Loss: 6.994246006011963
INFO:root:Epoch 1, Batch 935, Loss: 8.088749885559082
INFO:root:Epoch 1, Batch 936, Loss: 7.4144206047058105
INFO:root:Epoch 1, Batch 937, Loss: 6.449604034423828
INFO:root:Epoch 1, Batch 938, Loss: 7.368242263793945
INFO:root:Epoch 1, Batch 939, Loss: 7.393179416656494
INFO:root:Epoch 1, Batch 940, Loss: 7.795448303222656
INFO:root:Epoch 1, Batch 941, Loss: 6.179261684417725
INFO:root:Epoch 1, Batch 942, Loss: 7.03045129776001
INFO:root:Epoch 1, Batch 943, Loss: 6.645099639892578
INFO:root:Epoch 1, Batch 944, Loss: 6.061281204223633
INFO:root:Epoch 1, Batch 945, Loss: 7.344913959503174
INFO:root:Epoch 1, Batch 946, Loss: 7.719649314880371
INFO:root:Epoch 1, Batch 947, Loss: 7.169025897979736
INFO:root:Epoch 1, Batch 948, Loss: 6.146178245544434
INFO:root:Epoch 1, Batch 949, Loss: 5.197439670562744
INFO:root:Epoch 1, Batch 950, Loss: 5.8168416023254395
INFO:root:Epoch 1, Batch 951, Loss: 7.217040061950684
INFO:root:Epoch 1, Batch 952, Loss: 3.977792263031006
INFO:root:Epoch 1, Batch 953, Loss: 6.369156837463379
INFO:root:Epoch 1, Batch 954, Loss: 6.0698113441467285
INFO:root:Epoch 1, Batch 955, Loss: 7.783568382263184
INFO:root:Epoch 1, Batch 956, Loss: 6.469016075134277
INFO:root:Epoch 1, Batch 957, Loss: 7.893914699554443
INFO:root:Epoch 1, Batch 958, Loss: 5.2335734367370605
INFO:root:Epoch 1, Batch 959, Loss: 6.720860481262207
INFO:root:Epoch 1, Batch 960, Loss: 7.955211639404297
INFO:root:Epoch 1, Batch 961, Loss: 7.256325721740723
INFO:root:Epoch 1, Batch 962, Loss: 6.975493431091309
INFO:root:Epoch 1, Batch 963, Loss: 7.572476863861084
INFO:root:Epoch 1, Batch 964, Loss: 6.740361213684082
INFO:root:Epoch 1, Batch 965, Loss: 4.99729061126709
INFO:root:Epoch 1, Batch 966, Loss: 9.17342472076416
INFO:root:Epoch 1, Batch 967, Loss: 5.783438205718994
INFO:root:Epoch 1, Batch 968, Loss: 6.501366138458252
INFO:root:Epoch 1, Batch 969, Loss: 5.317105770111084
INFO:root:Epoch 1, Batch 970, Loss: 5.47751522064209
INFO:root:Epoch 1, Batch 971, Loss: 5.4472551345825195
INFO:root:Epoch 1, Batch 972, Loss: 8.522833824157715
INFO:root:Epoch 1, Batch 973, Loss: 6.996094703674316
INFO:root:Epoch 1, Batch 974, Loss: 6.3903069496154785
INFO:root:Epoch 1, Batch 975, Loss: 8.018670082092285
INFO:root:Epoch 1, Batch 976, Loss: 5.567562580108643
INFO:root:Epoch 1, Batch 977, Loss: 6.453664779663086
INFO:root:Epoch 1, Batch 978, Loss: 7.007697105407715
INFO:root:Epoch 1, Batch 979, Loss: 6.997405529022217
INFO:root:Epoch 1, Batch 980, Loss: 6.891353607177734
INFO:root:Epoch 1, Batch 981, Loss: 5.489786624908447
INFO:root:Epoch 1, Batch 982, Loss: 7.893678188323975
INFO:root:Epoch 1, Batch 983, Loss: 4.906595706939697
INFO:root:Epoch 1, Batch 984, Loss: 5.625333309173584
INFO:root:Epoch 1, Batch 985, Loss: 6.145753383636475
INFO:root:Epoch 1, Batch 986, Loss: 6.4175872802734375
INFO:root:Epoch 1, Batch 987, Loss: 5.819962501525879
INFO:root:Epoch 1, Batch 988, Loss: 6.179091930389404
INFO:root:Epoch 1, Batch 989, Loss: 6.062306880950928
INFO:root:Epoch 1, Batch 990, Loss: 6.0611677169799805
INFO:root:Epoch 1, Batch 991, Loss: 6.5575432777404785
INFO:root:Epoch 1, Batch 992, Loss: 5.7990336418151855
INFO:root:Epoch 1, Batch 993, Loss: 7.676000595092773
INFO:root:Epoch 1, Batch 994, Loss: 6.817205429077148
INFO:root:Epoch 1, Batch 995, Loss: 5.810016632080078
INFO:root:Epoch 1, Batch 996, Loss: 6.792074203491211
INFO:root:Epoch 1, Batch 997, Loss: 5.307159423828125
INFO:root:Epoch 1, Batch 998, Loss: 6.460198402404785
INFO:root:Epoch 1, Batch 999, Loss: 6.73571252822876
INFO:root:Epoch 2, Batch 0, Loss: 5.89291524887085
INFO:root:Epoch 2, Batch 1, Loss: 5.040719985961914
INFO:root:Epoch 2, Batch 2, Loss: 6.321329116821289
INFO:root:Epoch 2, Batch 3, Loss: 5.3560614585876465
INFO:root:Epoch 2, Batch 4, Loss: 5.207771301269531
INFO:root:Epoch 2, Batch 5, Loss: 6.891858100891113
INFO:root:Epoch 2, Batch 6, Loss: 6.498870372772217
INFO:root:Epoch 2, Batch 7, Loss: 7.533239364624023
INFO:root:Epoch 2, Batch 8, Loss: 6.6300764083862305
INFO:root:Epoch 2, Batch 9, Loss: 5.879473686218262
INFO:root:Epoch 2, Batch 10, Loss: 8.089356422424316
INFO:root:Epoch 2, Batch 11, Loss: 6.289106845855713
INFO:root:Epoch 2, Batch 12, Loss: 6.753664016723633
INFO:root:Epoch 2, Batch 13, Loss: 6.712627410888672
INFO:root:Epoch 2, Batch 14, Loss: 5.43765926361084
INFO:root:Epoch 2, Batch 15, Loss: 6.9035115242004395
INFO:root:Epoch 2, Batch 16, Loss: 7.503164291381836
INFO:root:Epoch 2, Batch 17, Loss: 6.533311367034912
INFO:root:Epoch 2, Batch 18, Loss: 6.208698272705078
INFO:root:Epoch 2, Batch 19, Loss: 5.830500602722168
INFO:root:Epoch 2, Batch 20, Loss: 7.296726226806641
INFO:root:Epoch 2, Batch 21, Loss: 7.348963260650635
INFO:root:Epoch 2, Batch 22, Loss: 5.276209831237793
INFO:root:Epoch 2, Batch 23, Loss: 7.946004390716553
INFO:root:Epoch 2, Batch 24, Loss: 5.895229816436768
INFO:root:Epoch 2, Batch 25, Loss: 5.820763111114502
INFO:root:Epoch 2, Batch 26, Loss: 7.316797256469727
INFO:root:Epoch 2, Batch 27, Loss: 7.9478325843811035
INFO:root:Epoch 2, Batch 28, Loss: 5.794203758239746
INFO:root:Epoch 2, Batch 29, Loss: 5.318321228027344
INFO:root:Epoch 2, Batch 30, Loss: 6.404659748077393
INFO:root:Epoch 2, Batch 31, Loss: 5.353662014007568
INFO:root:Epoch 2, Batch 32, Loss: 6.019944190979004
INFO:root:Epoch 2, Batch 33, Loss: 8.099496841430664
INFO:root:Epoch 2, Batch 34, Loss: 5.847686767578125
INFO:root:Epoch 2, Batch 35, Loss: 6.228602886199951
INFO:root:Epoch 2, Batch 36, Loss: 6.308642387390137
INFO:root:Epoch 2, Batch 37, Loss: 7.816494941711426
INFO:root:Epoch 2, Batch 38, Loss: 5.813211441040039
INFO:root:Epoch 2, Batch 39, Loss: 4.809617519378662
INFO:root:Epoch 2, Batch 40, Loss: 6.041038990020752
INFO:root:Epoch 2, Batch 41, Loss: 5.662603378295898
INFO:root:Epoch 2, Batch 42, Loss: 3.919651508331299
INFO:root:Epoch 2, Batch 43, Loss: 9.236553192138672
INFO:root:Epoch 2, Batch 44, Loss: 6.986151218414307
INFO:root:Epoch 2, Batch 45, Loss: 6.365070343017578
INFO:root:Epoch 2, Batch 46, Loss: 6.061813831329346
INFO:root:Epoch 2, Batch 47, Loss: 5.5222086906433105
INFO:root:Epoch 2, Batch 48, Loss: 6.411042213439941
INFO:root:Epoch 2, Batch 49, Loss: 5.603547096252441
INFO:root:Epoch 2, Batch 50, Loss: 6.938355922698975
INFO:root:Epoch 2, Batch 51, Loss: 6.602970123291016
INFO:root:Epoch 2, Batch 52, Loss: 5.291156768798828
INFO:root:Epoch 2, Batch 53, Loss: 8.660334587097168
INFO:root:Epoch 2, Batch 54, Loss: 4.860787391662598
INFO:root:Epoch 2, Batch 55, Loss: 5.8891143798828125
INFO:root:Epoch 2, Batch 56, Loss: 7.185127258300781
INFO:root:Epoch 2, Batch 57, Loss: 6.774738788604736
INFO:root:Epoch 2, Batch 58, Loss: 6.359547138214111
INFO:root:Epoch 2, Batch 59, Loss: 5.5033392906188965
INFO:root:Epoch 2, Batch 60, Loss: 6.2449951171875
INFO:root:Epoch 2, Batch 61, Loss: 6.791947841644287
INFO:root:Epoch 2, Batch 62, Loss: 5.585736274719238
INFO:root:Epoch 2, Batch 63, Loss: 6.528658866882324
INFO:root:Epoch 2, Batch 64, Loss: 7.347061634063721
INFO:root:Epoch 2, Batch 65, Loss: 6.252021789550781
INFO:root:Epoch 2, Batch 66, Loss: 6.9741740226745605
INFO:root:Epoch 2, Batch 67, Loss: 6.167151927947998
INFO:root:Epoch 2, Batch 68, Loss: 5.315546035766602
INFO:root:Epoch 2, Batch 69, Loss: 5.689850330352783
INFO:root:Epoch 2, Batch 70, Loss: 5.903923034667969
INFO:root:Epoch 2, Batch 71, Loss: 7.224973201751709
INFO:root:Epoch 2, Batch 72, Loss: 5.220526218414307
INFO:root:Epoch 2, Batch 73, Loss: 5.521724224090576
INFO:root:Epoch 2, Batch 74, Loss: 5.833453178405762
INFO:root:Epoch 2, Batch 75, Loss: 5.714500904083252
INFO:root:Epoch 2, Batch 76, Loss: 6.589791297912598
INFO:root:Epoch 2, Batch 77, Loss: 4.882935047149658
INFO:root:Epoch 2, Batch 78, Loss: 5.505861282348633
INFO:root:Epoch 2, Batch 79, Loss: 6.382657051086426
INFO:root:Epoch 2, Batch 80, Loss: 5.9095964431762695
INFO:root:Epoch 2, Batch 81, Loss: 8.127601623535156
INFO:root:Epoch 2, Batch 82, Loss: 5.088792324066162
INFO:root:Epoch 2, Batch 83, Loss: 7.557024955749512
INFO:root:Epoch 2, Batch 84, Loss: 6.297320365905762
INFO:root:Epoch 2, Batch 85, Loss: 5.6142473220825195
INFO:root:Epoch 2, Batch 86, Loss: 7.218545436859131
INFO:root:Epoch 2, Batch 87, Loss: 5.994292736053467
INFO:root:Epoch 2, Batch 88, Loss: 7.204919815063477
INFO:root:Epoch 2, Batch 89, Loss: 7.432404518127441
INFO:root:Epoch 2, Batch 90, Loss: 6.890749931335449
INFO:root:Epoch 2, Batch 91, Loss: 6.7454657554626465
INFO:root:Epoch 2, Batch 92, Loss: 7.459665775299072
INFO:root:Epoch 2, Batch 93, Loss: 6.868351936340332
INFO:root:Epoch 2, Batch 94, Loss: 5.498651027679443
INFO:root:Epoch 2, Batch 95, Loss: 6.410995960235596
INFO:root:Epoch 2, Batch 96, Loss: 5.829257488250732
INFO:root:Epoch 2, Batch 97, Loss: 5.06458854675293
INFO:root:Epoch 2, Batch 98, Loss: 6.546253681182861
INFO:root:Epoch 2, Batch 99, Loss: 5.79914665222168
INFO:root:Epoch 2, Batch 100, Loss: 6.497722625732422
INFO:root:Epoch 2, Batch 101, Loss: 5.272381782531738
INFO:root:Epoch 2, Batch 102, Loss: 5.553368091583252
INFO:root:Epoch 2, Batch 103, Loss: 5.719942569732666
INFO:root:Epoch 2, Batch 104, Loss: 5.107502460479736
INFO:root:Epoch 2, Batch 105, Loss: 5.91025447845459
INFO:root:Epoch 2, Batch 106, Loss: 6.817013740539551
INFO:root:Epoch 2, Batch 107, Loss: 5.403824806213379
INFO:root:Epoch 2, Batch 108, Loss: 4.858297348022461
INFO:root:Epoch 2, Batch 109, Loss: 5.001789569854736
INFO:root:Epoch 2, Batch 110, Loss: 5.152418613433838
INFO:root:Epoch 2, Batch 111, Loss: 5.83367395401001
INFO:root:Epoch 2, Batch 112, Loss: 6.030770301818848
INFO:root:Epoch 2, Batch 113, Loss: 6.517809867858887
INFO:root:Epoch 2, Batch 114, Loss: 6.4205851554870605
INFO:root:Epoch 2, Batch 115, Loss: 6.525820255279541
INFO:root:Epoch 2, Batch 116, Loss: 7.124111175537109
INFO:root:Epoch 2, Batch 117, Loss: 6.620551109313965
INFO:root:Epoch 2, Batch 118, Loss: 4.77961540222168
INFO:root:Epoch 2, Batch 119, Loss: 6.98895788192749
INFO:root:Epoch 2, Batch 120, Loss: 6.480349063873291
INFO:root:Epoch 2, Batch 121, Loss: 6.4181952476501465
INFO:root:Epoch 2, Batch 122, Loss: 5.883988380432129
INFO:root:Epoch 2, Batch 123, Loss: 4.5100531578063965
INFO:root:Epoch 2, Batch 124, Loss: 5.30291748046875
INFO:root:Epoch 2, Batch 125, Loss: 6.294142723083496
INFO:root:Epoch 2, Batch 126, Loss: 8.333375930786133
INFO:root:Epoch 2, Batch 127, Loss: 5.858402729034424
INFO:root:Epoch 2, Batch 128, Loss: 7.751767635345459
INFO:root:Epoch 2, Batch 129, Loss: 6.653929710388184
INFO:root:Epoch 2, Batch 130, Loss: 6.167214870452881
INFO:root:Epoch 2, Batch 131, Loss: 6.951975345611572
INFO:root:Epoch 2, Batch 132, Loss: 6.723527908325195
INFO:root:Epoch 2, Batch 133, Loss: 4.985593318939209
INFO:root:Epoch 2, Batch 134, Loss: 4.805299758911133
INFO:root:Epoch 2, Batch 135, Loss: 6.680018901824951
INFO:root:Epoch 2, Batch 136, Loss: 6.8872246742248535
INFO:root:Epoch 2, Batch 137, Loss: 7.1159563064575195
INFO:root:Epoch 2, Batch 138, Loss: 7.493897438049316
INFO:root:Epoch 2, Batch 139, Loss: 7.078781604766846
INFO:root:Epoch 2, Batch 140, Loss: 5.382734298706055
INFO:root:Epoch 2, Batch 141, Loss: 7.19320011138916
INFO:root:Epoch 2, Batch 142, Loss: 6.252236366271973
INFO:root:Epoch 2, Batch 143, Loss: 4.7760701179504395
INFO:root:Epoch 2, Batch 144, Loss: 6.214685440063477
INFO:root:Epoch 2, Batch 145, Loss: 5.250403881072998
INFO:root:Epoch 2, Batch 146, Loss: 6.7504401206970215
INFO:root:Epoch 2, Batch 147, Loss: 6.845775604248047
INFO:root:Epoch 2, Batch 148, Loss: 6.385828018188477
INFO:root:Epoch 2, Batch 149, Loss: 6.3331990242004395
INFO:root:Epoch 2, Batch 150, Loss: 6.465909004211426
INFO:root:Epoch 2, Batch 151, Loss: 5.781119346618652
INFO:root:Epoch 2, Batch 152, Loss: 4.427519798278809
INFO:root:Epoch 2, Batch 153, Loss: 6.274356365203857
INFO:root:Epoch 2, Batch 154, Loss: 4.6826982498168945
INFO:root:Epoch 2, Batch 155, Loss: 5.93704080581665
INFO:root:Epoch 2, Batch 156, Loss: 7.594569683074951
INFO:root:Epoch 2, Batch 157, Loss: 7.512121677398682
INFO:root:Epoch 2, Batch 158, Loss: 6.422896862030029
INFO:root:Epoch 2, Batch 159, Loss: 6.765319347381592
INFO:root:Epoch 2, Batch 160, Loss: 6.864939212799072
INFO:root:Epoch 2, Batch 161, Loss: 5.840248107910156
INFO:root:Epoch 2, Batch 162, Loss: 5.215799331665039
INFO:root:Epoch 2, Batch 163, Loss: 4.429060459136963
INFO:root:Epoch 2, Batch 164, Loss: 4.578030586242676
INFO:root:Epoch 2, Batch 165, Loss: 6.0135321617126465
INFO:root:Epoch 2, Batch 166, Loss: 4.845965385437012
INFO:root:Epoch 2, Batch 167, Loss: 5.6336774826049805
INFO:root:Epoch 2, Batch 168, Loss: 6.1358113288879395
INFO:root:Epoch 2, Batch 169, Loss: 7.293393611907959
INFO:root:Epoch 2, Batch 170, Loss: 6.232585430145264
INFO:root:Epoch 2, Batch 171, Loss: 6.109641075134277
INFO:root:Epoch 2, Batch 172, Loss: 5.935352325439453
INFO:root:Epoch 2, Batch 173, Loss: 7.031616687774658
INFO:root:Epoch 2, Batch 174, Loss: 5.2573418617248535
INFO:root:Epoch 2, Batch 175, Loss: 7.05699348449707
INFO:root:Epoch 2, Batch 176, Loss: 6.621240615844727
INFO:root:Epoch 2, Batch 177, Loss: 7.020191192626953
INFO:root:Epoch 2, Batch 178, Loss: 5.998561382293701
INFO:root:Epoch 2, Batch 179, Loss: 6.378231525421143
INFO:root:Epoch 2, Batch 180, Loss: 6.46270751953125
INFO:root:Epoch 2, Batch 181, Loss: 5.485756874084473
INFO:root:Epoch 2, Batch 182, Loss: 4.884499549865723
INFO:root:Epoch 2, Batch 183, Loss: 5.773805618286133
INFO:root:Epoch 2, Batch 184, Loss: 6.015750408172607
INFO:root:Epoch 2, Batch 185, Loss: 7.526517868041992
INFO:root:Epoch 2, Batch 186, Loss: 7.768465042114258
INFO:root:Epoch 2, Batch 187, Loss: 7.08644962310791
INFO:root:Epoch 2, Batch 188, Loss: 5.566222667694092
INFO:root:Epoch 2, Batch 189, Loss: 4.877251625061035
INFO:root:Epoch 2, Batch 190, Loss: 8.00214958190918
INFO:root:Epoch 2, Batch 191, Loss: 3.2824127674102783
INFO:root:Epoch 2, Batch 192, Loss: 5.279269218444824
INFO:root:Epoch 2, Batch 193, Loss: 6.298458099365234
INFO:root:Epoch 2, Batch 194, Loss: 5.562759876251221
INFO:root:Epoch 2, Batch 195, Loss: 8.779693603515625
INFO:root:Epoch 2, Batch 196, Loss: 5.120814800262451
INFO:root:Epoch 2, Batch 197, Loss: 7.7421183586120605
INFO:root:Epoch 2, Batch 198, Loss: 7.008042335510254
INFO:root:Epoch 2, Batch 199, Loss: 5.61240291595459
INFO:root:Epoch 2, Batch 200, Loss: 5.877809047698975
INFO:root:Epoch 2, Batch 201, Loss: 6.212435722351074
INFO:root:Epoch 2, Batch 202, Loss: 7.140490531921387
INFO:root:Epoch 2, Batch 203, Loss: 8.402337074279785
INFO:root:Epoch 2, Batch 204, Loss: 5.041990756988525
INFO:root:Epoch 2, Batch 205, Loss: 6.4503173828125
INFO:root:Epoch 2, Batch 206, Loss: 5.406485557556152
INFO:root:Epoch 2, Batch 207, Loss: 5.17341947555542
INFO:root:Epoch 2, Batch 208, Loss: 7.390021800994873
INFO:root:Epoch 2, Batch 209, Loss: 5.869660377502441
INFO:root:Epoch 2, Batch 210, Loss: 5.793032646179199
INFO:root:Epoch 2, Batch 211, Loss: 6.059596061706543
INFO:root:Epoch 2, Batch 212, Loss: 7.049172401428223
INFO:root:Epoch 2, Batch 213, Loss: 5.162952899932861
INFO:root:Epoch 2, Batch 214, Loss: 6.526473522186279
INFO:root:Epoch 2, Batch 215, Loss: 5.804116725921631
INFO:root:Epoch 2, Batch 216, Loss: 4.172653675079346
INFO:root:Epoch 2, Batch 217, Loss: 5.486966133117676
INFO:root:Epoch 2, Batch 218, Loss: 6.169084548950195
INFO:root:Epoch 2, Batch 219, Loss: 4.872675895690918
INFO:root:Epoch 2, Batch 220, Loss: 5.086876392364502
INFO:root:Epoch 2, Batch 221, Loss: 4.348301410675049
INFO:root:Epoch 2, Batch 222, Loss: 4.963818550109863
INFO:root:Epoch 2, Batch 223, Loss: 5.356947422027588
INFO:root:Epoch 2, Batch 224, Loss: 6.655149459838867
INFO:root:Epoch 2, Batch 225, Loss: 6.023106098175049
INFO:root:Epoch 2, Batch 226, Loss: 5.889075756072998
INFO:root:Epoch 2, Batch 227, Loss: 5.497798919677734
INFO:root:Epoch 2, Batch 228, Loss: 7.503938674926758
INFO:root:Epoch 2, Batch 229, Loss: 6.09849214553833
INFO:root:Epoch 2, Batch 230, Loss: 5.33547306060791
INFO:root:Epoch 2, Batch 231, Loss: 4.438984394073486
INFO:root:Epoch 2, Batch 232, Loss: 6.246525764465332
INFO:root:Epoch 2, Batch 233, Loss: 5.0806756019592285
INFO:root:Epoch 2, Batch 234, Loss: 4.533614635467529
INFO:root:Epoch 2, Batch 235, Loss: 5.952669143676758
INFO:root:Epoch 2, Batch 236, Loss: 7.146734237670898
INFO:root:Epoch 2, Batch 237, Loss: 5.137984275817871
INFO:root:Epoch 2, Batch 238, Loss: 5.72844934463501
INFO:root:Epoch 2, Batch 239, Loss: 4.708880424499512
INFO:root:Epoch 2, Batch 240, Loss: 5.652599811553955
INFO:root:Epoch 2, Batch 241, Loss: 4.993314266204834
INFO:root:Epoch 2, Batch 242, Loss: 6.072677135467529
INFO:root:Epoch 2, Batch 243, Loss: 6.236530303955078
INFO:root:Epoch 2, Batch 244, Loss: 5.212963581085205
INFO:root:Epoch 2, Batch 245, Loss: 8.024378776550293
INFO:root:Epoch 2, Batch 246, Loss: 5.892410755157471
INFO:root:Epoch 2, Batch 247, Loss: 6.3977952003479
INFO:root:Epoch 2, Batch 248, Loss: 6.209561824798584
INFO:root:Epoch 2, Batch 249, Loss: 5.3235578536987305
INFO:root:Epoch 2, Batch 250, Loss: 5.730903148651123
INFO:root:Epoch 2, Batch 251, Loss: 5.651814937591553
INFO:root:Epoch 2, Batch 252, Loss: 6.9335551261901855
INFO:root:Epoch 2, Batch 253, Loss: 5.746455192565918
INFO:root:Epoch 2, Batch 254, Loss: 6.9143266677856445
INFO:root:Epoch 2, Batch 255, Loss: 7.418857574462891
INFO:root:Epoch 2, Batch 256, Loss: 5.360703468322754
INFO:root:Epoch 2, Batch 257, Loss: 6.08144474029541
INFO:root:Epoch 2, Batch 258, Loss: 8.168210983276367
INFO:root:Epoch 2, Batch 259, Loss: 5.6851887702941895
INFO:root:Epoch 2, Batch 260, Loss: 5.964717864990234
INFO:root:Epoch 2, Batch 261, Loss: 7.012800216674805
INFO:root:Epoch 2, Batch 262, Loss: 4.961207389831543
INFO:root:Epoch 2, Batch 263, Loss: 4.435399532318115
INFO:root:Epoch 2, Batch 264, Loss: 7.211860179901123
INFO:root:Epoch 2, Batch 265, Loss: 5.382102966308594
INFO:root:Epoch 2, Batch 266, Loss: 5.0048747062683105
INFO:root:Epoch 2, Batch 267, Loss: 6.18958854675293
INFO:root:Epoch 2, Batch 268, Loss: 5.275443077087402
INFO:root:Epoch 2, Batch 269, Loss: 4.828865051269531
INFO:root:Epoch 2, Batch 270, Loss: 5.9222636222839355
INFO:root:Epoch 2, Batch 271, Loss: 5.468877792358398
INFO:root:Epoch 2, Batch 272, Loss: 6.193251132965088
INFO:root:Epoch 2, Batch 273, Loss: 5.531922340393066
INFO:root:Epoch 2, Batch 274, Loss: 5.855727195739746
INFO:root:Epoch 2, Batch 275, Loss: 7.160178184509277
INFO:root:Epoch 2, Batch 276, Loss: 5.003424167633057
INFO:root:Epoch 2, Batch 277, Loss: 6.6973981857299805
INFO:root:Epoch 2, Batch 278, Loss: 4.630260944366455
INFO:root:Epoch 2, Batch 279, Loss: 6.240265369415283
INFO:root:Epoch 2, Batch 280, Loss: 4.754420757293701
INFO:root:Epoch 2, Batch 281, Loss: 6.35624885559082
INFO:root:Epoch 2, Batch 282, Loss: 5.128749370574951
INFO:root:Epoch 2, Batch 283, Loss: 5.624279022216797
INFO:root:Epoch 2, Batch 284, Loss: 5.5372514724731445
INFO:root:Epoch 2, Batch 285, Loss: 5.7086663246154785
INFO:root:Epoch 2, Batch 286, Loss: 6.632683753967285
INFO:root:Epoch 2, Batch 287, Loss: 5.677362442016602
INFO:root:Epoch 2, Batch 288, Loss: 6.403611660003662
INFO:root:Epoch 2, Batch 289, Loss: 6.179636478424072
INFO:root:Epoch 2, Batch 290, Loss: 5.443519592285156
INFO:root:Epoch 2, Batch 291, Loss: 5.795888900756836
INFO:root:Epoch 2, Batch 292, Loss: 5.76950216293335
INFO:root:Epoch 2, Batch 293, Loss: 4.443087100982666
INFO:root:Epoch 2, Batch 294, Loss: 6.155117511749268
INFO:root:Epoch 2, Batch 295, Loss: 6.4284772872924805
INFO:root:Epoch 2, Batch 296, Loss: 5.950912952423096
INFO:root:Epoch 2, Batch 297, Loss: 5.478024482727051
INFO:root:Epoch 2, Batch 298, Loss: 7.159826755523682
INFO:root:Epoch 2, Batch 299, Loss: 6.190699100494385
INFO:root:Epoch 2, Batch 300, Loss: 7.19014310836792
INFO:root:Epoch 2, Batch 301, Loss: 5.652170658111572
INFO:root:Epoch 2, Batch 302, Loss: 5.579922199249268
INFO:root:Epoch 2, Batch 303, Loss: 4.481865406036377
INFO:root:Epoch 2, Batch 304, Loss: 7.191126823425293
INFO:root:Epoch 2, Batch 305, Loss: 5.4806342124938965
INFO:root:Epoch 2, Batch 306, Loss: 5.795228004455566
INFO:root:Epoch 2, Batch 307, Loss: 5.6168975830078125
INFO:root:Epoch 2, Batch 308, Loss: 5.792335510253906
INFO:root:Epoch 2, Batch 309, Loss: 5.914399147033691
INFO:root:Epoch 2, Batch 310, Loss: 4.585724353790283
INFO:root:Epoch 2, Batch 311, Loss: 5.9928083419799805
INFO:root:Epoch 2, Batch 312, Loss: 5.282680511474609
INFO:root:Epoch 2, Batch 313, Loss: 5.791417121887207
INFO:root:Epoch 2, Batch 314, Loss: 7.010685920715332
INFO:root:Epoch 2, Batch 315, Loss: 5.566822528839111
INFO:root:Epoch 2, Batch 316, Loss: 5.627366542816162
INFO:root:Epoch 2, Batch 317, Loss: 6.5270915031433105
INFO:root:Epoch 2, Batch 318, Loss: 4.888818740844727
INFO:root:Epoch 2, Batch 319, Loss: 5.277528285980225
INFO:root:Epoch 2, Batch 320, Loss: 6.410090923309326
INFO:root:Epoch 2, Batch 321, Loss: 4.62762975692749
INFO:root:Epoch 2, Batch 322, Loss: 4.507488250732422
INFO:root:Epoch 2, Batch 323, Loss: 5.667226314544678
