INFO:root:Epoch 1, Batch 0, Loss: 2265211.0
INFO:root:Epoch 1, Batch 1, Loss: 2281511.25
INFO:root:Epoch 1, Batch 2, Loss: 2209597.0
INFO:root:Epoch 1, Batch 3, Loss: 2147417.0
INFO:root:Epoch 1, Batch 4, Loss: 2027635.0
INFO:root:Epoch 1, Batch 5, Loss: 1995118.75
INFO:root:Epoch 1, Batch 6, Loss: 2010661.75
INFO:root:Epoch 1, Batch 7, Loss: 2121538.75
INFO:root:Epoch 1, Batch 8, Loss: 2119208.5
INFO:root:Epoch 1, Batch 9, Loss: 2007188.875
INFO:root:Epoch 1, Batch 10, Loss: 1995382.25
INFO:root:Epoch 1, Batch 11, Loss: 1994345.625
INFO:root:Epoch 1, Batch 12, Loss: 2086730.875
INFO:root:Epoch 1, Batch 13, Loss: 2197154.5
INFO:root:Epoch 1, Batch 14, Loss: 2197340.0
INFO:root:Epoch 1, Batch 15, Loss: 2207206.0
INFO:root:Epoch 1, Batch 16, Loss: 2206642.0
INFO:root:Epoch 1, Batch 17, Loss: 2203131.75
INFO:root:Epoch 1, Batch 18, Loss: 2090495.25
INFO:root:Epoch 1, Batch 19, Loss: 2096267.375
INFO:root:Epoch 1, Batch 20, Loss: 2066196.75
INFO:root:Epoch 1, Batch 21, Loss: 2057575.0
INFO:root:Epoch 1, Batch 22, Loss: 2058468.25
INFO:root:Epoch 1, Batch 23, Loss: 2038874.125
INFO:root:Epoch 1, Batch 24, Loss: 2013448.0
INFO:root:Epoch 1, Batch 25, Loss: 1970460.5
INFO:root:Epoch 1, Batch 26, Loss: 1936724.625
INFO:root:Epoch 1, Batch 27, Loss: 1935905.125
INFO:root:Epoch 1, Batch 28, Loss: 1889082.0
INFO:root:Epoch 1, Batch 29, Loss: 1999722.0
INFO:root:Epoch 1, Batch 30, Loss: 1868243.0
INFO:root:Epoch 1, Batch 31, Loss: 1857033.875
INFO:root:Epoch 1, Batch 32, Loss: 1957744.75
INFO:root:Epoch 1, Batch 33, Loss: 1964790.75
INFO:root:Epoch 1, Batch 34, Loss: 1996247.25
INFO:root:Epoch 1, Batch 35, Loss: 1987672.5
INFO:root:Epoch 1, Batch 36, Loss: 1978535.75
INFO:root:Epoch 1, Batch 0, Loss: 2063795.75
INFO:root:Epoch 1, Batch 1, Loss: 2079757.75
INFO:root:Epoch 1, Batch 2, Loss: 2014369.0
INFO:root:Epoch 1, Batch 3, Loss: 1960899.0
INFO:root:Epoch 1, Batch 4, Loss: 1846525.375
INFO:root:Epoch 1, Batch 5, Loss: 1814530.0
INFO:root:Epoch 1, Batch 6, Loss: 1830426.125
INFO:root:Epoch 1, Batch 7, Loss: 1934550.0
INFO:root:Epoch 1, Batch 8, Loss: 1926093.0
INFO:root:Epoch 1, Batch 9, Loss: 1824658.75
INFO:root:Epoch 1, Batch 10, Loss: 1821478.0
INFO:root:Epoch 1, Batch 11, Loss: 1820149.5
INFO:root:Epoch 1, Batch 12, Loss: 1909341.0
INFO:root:Epoch 1, Batch 13, Loss: 2018553.375
INFO:root:Epoch 1, Batch 14, Loss: 2015836.125
INFO:root:Epoch 1, Batch 15, Loss: 2025013.5
INFO:root:Epoch 1, Batch 16, Loss: 2029354.875
INFO:root:Epoch 1, Batch 17, Loss: 2020421.5
INFO:root:Epoch 1, Batch 18, Loss: 1920392.625
INFO:root:Epoch 1, Batch 19, Loss: 1926792.375
INFO:root:Epoch 1, Batch 20, Loss: 1899227.75
INFO:root:Epoch 1, Batch 21, Loss: 1895183.25
INFO:root:Epoch 1, Batch 22, Loss: 1895005.625
INFO:root:Epoch 1, Batch 23, Loss: 1876379.0
INFO:root:Epoch 1, Batch 24, Loss: 1849524.5
INFO:root:Epoch 1, Batch 25, Loss: 1810173.375
INFO:root:Epoch 1, Batch 26, Loss: 1779874.0
INFO:root:Epoch 1, Batch 27, Loss: 1775481.375
INFO:root:Epoch 1, Batch 28, Loss: 1733685.375
INFO:root:Epoch 1, Batch 29, Loss: 1850938.5
INFO:root:Epoch 1, Batch 30, Loss: 1738621.125
INFO:root:Epoch 1, Batch 31, Loss: 1727478.5
INFO:root:Epoch 1, Batch 32, Loss: 1833558.5
INFO:root:Epoch 1, Batch 33, Loss: 1842530.5
INFO:root:Epoch 1, Batch 34, Loss: 1876551.75
INFO:root:Epoch 1, Batch 35, Loss: 1875550.5
INFO:root:Epoch 1, Batch 36, Loss: 1873203.25
INFO:root:Epoch 1, Batch 37, Loss: 1870329.75
INFO:root:Epoch 1, Batch 38, Loss: 1996894.125
INFO:root:Epoch 1, Batch 39, Loss: 2084686.0
INFO:root:Epoch 1, Batch 40, Loss: 2071618.875
INFO:root:Epoch 1, Batch 41, Loss: 2092527.875
INFO:root:Epoch 1, Batch 42, Loss: 2082834.0
INFO:root:Epoch 1, Batch 43, Loss: 2065696.0
INFO:root:Epoch 1, Batch 44, Loss: 1976709.625
INFO:root:Epoch 1, Batch 45, Loss: 1987058.5
INFO:root:Epoch 1, Batch 46, Loss: 1981793.0
INFO:root:Epoch 1, Batch 47, Loss: 1890692.25
INFO:root:Epoch 1, Batch 48, Loss: 1870955.25
INFO:root:Epoch 1, Batch 49, Loss: 1766290.5
INFO:root:Epoch 1, Batch 50, Loss: 1795232.625
INFO:root:Epoch 1, Batch 51, Loss: 1802485.625
INFO:root:Epoch 1, Batch 52, Loss: 1709062.0
INFO:root:Epoch 1, Batch 53, Loss: 1666493.25
INFO:root:Epoch 1, Batch 54, Loss: 1758063.375
INFO:root:Epoch 1, Batch 55, Loss: 1793361.75
INFO:root:Epoch 1, Batch 56, Loss: 1731037.0
INFO:root:Epoch 1, Batch 57, Loss: 1768965.125
INFO:root:Epoch 1, Batch 58, Loss: 1856924.0
INFO:root:Epoch 1, Batch 59, Loss: 1849395.875
INFO:root:Epoch 1, Batch 60, Loss: 1789507.0
INFO:root:Epoch 1, Batch 61, Loss: 1715614.0
INFO:root:Epoch 1, Batch 62, Loss: 1656648.625
INFO:root:Epoch 1, Batch 63, Loss: 1665866.0
INFO:root:Epoch 1, Batch 64, Loss: 1779871.75
INFO:root:Epoch 1, Batch 65, Loss: 1738628.375
INFO:root:Epoch 1, Batch 66, Loss: 1726461.25
INFO:root:Epoch 1, Batch 67, Loss: 1673258.625
INFO:root:Epoch 1, Batch 68, Loss: 1668258.5
INFO:root:Epoch 1, Batch 69, Loss: 1675643.0
INFO:root:Epoch 1, Batch 70, Loss: 1644198.875
INFO:root:Epoch 1, Batch 71, Loss: 1533690.25
INFO:root:Epoch 1, Batch 72, Loss: 1532234.625
INFO:root:Epoch 1, Batch 73, Loss: 1525070.5
INFO:root:Epoch 1, Batch 74, Loss: 1556809.625
