INFO:root:Epoch 1, Batch 0, Loss: 5403705.0
INFO:root:Epoch 1, Batch 1, Loss: 5403798.0
INFO:root:Epoch 1, Batch 2, Loss: 5328611.0
INFO:root:Epoch 1, Batch 3, Loss: 5251676.0
INFO:root:Epoch 1, Batch 4, Loss: 5311488.0
INFO:root:Epoch 1, Batch 5, Loss: 5362418.0
INFO:root:Epoch 1, Batch 6, Loss: 5323390.0
INFO:root:Epoch 1, Batch 7, Loss: 5299077.0
INFO:root:Epoch 1, Batch 8, Loss: 5335588.0
INFO:root:Epoch 1, Batch 9, Loss: 5222830.5
INFO:root:Epoch 1, Batch 10, Loss: 5318839.0
INFO:root:Epoch 1, Batch 11, Loss: 5349819.0
INFO:root:Epoch 1, Batch 12, Loss: 5281015.0
INFO:root:Epoch 1, Batch 13, Loss: 5296037.0
INFO:root:Epoch 1, Batch 14, Loss: 5232926.0
INFO:root:Epoch 1, Batch 15, Loss: 5309758.5
INFO:root:Epoch 1, Batch 16, Loss: 5365770.0
INFO:root:Epoch 1, Batch 17, Loss: 5368114.5
INFO:root:Epoch 1, Batch 18, Loss: 5372865.0
INFO:root:Epoch 1, Batch 19, Loss: 5378340.0
INFO:root:Epoch 1, Batch 20, Loss: 5239618.0
INFO:root:Epoch 1, Batch 21, Loss: 5351838.0
INFO:root:Epoch 1, Batch 22, Loss: 5354326.0
INFO:root:Epoch 1, Batch 23, Loss: 5236180.0
INFO:root:Epoch 1, Batch 24, Loss: 5250287.0
INFO:root:Epoch 1, Batch 25, Loss: 5362909.0
INFO:root:Epoch 1, Batch 26, Loss: 5250073.0
INFO:root:Epoch 1, Batch 27, Loss: 5121256.5
INFO:root:Epoch 1, Batch 28, Loss: 4981159.5
INFO:root:Epoch 1, Batch 29, Loss: 5001497.0
INFO:root:Epoch 1, Batch 30, Loss: 4868125.0
INFO:root:Epoch 1, Batch 31, Loss: 4728166.5
INFO:root:Epoch 1, Batch 32, Loss: 4617801.0
INFO:root:Epoch 1, Batch 33, Loss: 4629855.0
INFO:root:Epoch 1, Batch 34, Loss: 4608256.0
INFO:root:Epoch 1, Batch 35, Loss: 4566469.0
INFO:root:Epoch 1, Batch 36, Loss: 4477721.0
INFO:root:Epoch 1, Batch 37, Loss: 4374327.0
INFO:root:Epoch 1, Batch 38, Loss: 4364285.5
INFO:root:Epoch 1, Batch 39, Loss: 4241904.5
INFO:root:Epoch 1, Batch 40, Loss: 4131432.25
INFO:root:Epoch 1, Batch 41, Loss: 4028480.0
INFO:root:Epoch 1, Batch 42, Loss: 4013672.75
INFO:root:Epoch 1, Batch 43, Loss: 3898007.0
INFO:root:Epoch 1, Batch 44, Loss: 3896273.25
INFO:root:Epoch 1, Batch 45, Loss: 3776194.25
INFO:root:Epoch 1, Batch 46, Loss: 3705222.75
INFO:root:Epoch 1, Batch 47, Loss: 3599267.0
INFO:root:Epoch 1, Batch 48, Loss: 3495643.0
INFO:root:Epoch 1, Batch 49, Loss: 3382651.0
INFO:root:Epoch 1, Batch 50, Loss: 3334873.5
INFO:root:Epoch 1, Batch 51, Loss: 3200389.25
INFO:root:Epoch 1, Batch 52, Loss: 3202934.0
INFO:root:Epoch 1, Batch 53, Loss: 3105428.5
INFO:root:Epoch 1, Batch 54, Loss: 3036454.0
INFO:root:Epoch 1, Batch 55, Loss: 2935802.5
INFO:root:Epoch 1, Batch 56, Loss: 2847924.75
INFO:root:Epoch 1, Batch 57, Loss: 2744550.25
INFO:root:Epoch 1, Batch 58, Loss: 2653148.5
INFO:root:Epoch 1, Batch 59, Loss: 2550542.25
INFO:root:Epoch 1, Batch 60, Loss: 2548304.25
INFO:root:Epoch 1, Batch 61, Loss: 2454525.0
INFO:root:Epoch 1, Batch 62, Loss: 2397002.5
INFO:root:Epoch 1, Batch 63, Loss: 2268500.25
INFO:root:Epoch 1, Batch 64, Loss: 2227541.25
INFO:root:Epoch 1, Batch 65, Loss: 2230137.5
INFO:root:Epoch 1, Batch 66, Loss: 2303333.0
INFO:root:Epoch 1, Batch 67, Loss: 2251736.0
INFO:root:Epoch 1, Batch 68, Loss: 2346371.5
INFO:root:Epoch 1, Batch 69, Loss: 2289753.0
INFO:root:Epoch 1, Batch 70, Loss: 2378945.0
INFO:root:Epoch 1, Batch 71, Loss: 2359175.5
INFO:root:Epoch 1, Batch 72, Loss: 2409518.5
INFO:root:Epoch 1, Batch 73, Loss: 2404768.0
INFO:root:Epoch 1, Batch 74, Loss: 2399936.25
INFO:root:Epoch 1, Batch 75, Loss: 2377046.0
INFO:root:Epoch 1, Batch 76, Loss: 2357028.0
INFO:root:Epoch 1, Batch 77, Loss: 2472019.5
INFO:root:Epoch 1, Batch 78, Loss: 2569051.5
INFO:root:Epoch 1, Batch 79, Loss: 2526922.0
INFO:root:Epoch 1, Batch 80, Loss: 2464692.75
INFO:root:Epoch 1, Batch 81, Loss: 2460936.75
INFO:root:Epoch 1, Batch 82, Loss: 2437724.25
INFO:root:Epoch 1, Batch 83, Loss: 2480094.75
INFO:root:Epoch 1, Batch 84, Loss: 2502711.0
INFO:root:Epoch 1, Batch 85, Loss: 2395102.5
INFO:root:Epoch 1, Batch 86, Loss: 2328456.5
INFO:root:Epoch 1, Batch 87, Loss: 2337189.0
INFO:root:Epoch 1, Batch 88, Loss: 2431637.25
INFO:root:Epoch 1, Batch 89, Loss: 2441171.5
INFO:root:Epoch 1, Batch 90, Loss: 2485237.25
INFO:root:Epoch 1, Batch 91, Loss: 2481657.5
INFO:root:Epoch 1, Batch 92, Loss: 2580417.5
INFO:root:Epoch 1, Batch 93, Loss: 2492060.0
INFO:root:Epoch 1, Batch 94, Loss: 2489504.5
INFO:root:Epoch 1, Batch 95, Loss: 2502323.0
INFO:root:Epoch 1, Batch 96, Loss: 2583711.5
INFO:root:Epoch 1, Batch 97, Loss: 2473873.25
INFO:root:Epoch 1, Batch 98, Loss: 2478283.25
INFO:root:Epoch 1, Batch 99, Loss: 2476587.5
INFO:root:Epoch 1, Batch 100, Loss: 2440407.0
INFO:root:Epoch 1, Batch 101, Loss: 2551983.25
INFO:root:Epoch 1, Batch 102, Loss: 2435810.5
INFO:root:Epoch 1, Batch 103, Loss: 2422894.0
INFO:root:Epoch 1, Batch 104, Loss: 2514501.5
INFO:root:Epoch 1, Batch 105, Loss: 2539569.5
INFO:root:Epoch 1, Batch 106, Loss: 2432024.0
INFO:root:Epoch 1, Batch 107, Loss: 2446082.25
INFO:root:Epoch 1, Batch 108, Loss: 2353508.0
INFO:root:Epoch 1, Batch 109, Loss: 2506008.75
INFO:root:Epoch 1, Batch 110, Loss: 2447054.0
INFO:root:Epoch 1, Batch 111, Loss: 2462420.75
INFO:root:Epoch 1, Batch 112, Loss: 2562494.75
INFO:root:Epoch 1, Batch 113, Loss: 2565942.5
INFO:root:Epoch 1, Batch 114, Loss: 2527821.25
INFO:root:Epoch 1, Batch 115, Loss: 2583236.0
INFO:root:Epoch 1, Batch 116, Loss: 2589383.0
INFO:root:Epoch 1, Batch 117, Loss: 2588575.25
INFO:root:Epoch 1, Batch 118, Loss: 2728753.5
INFO:root:Epoch 1, Batch 119, Loss: 2734748.0
INFO:root:Epoch 1, Batch 120, Loss: 2627720.0
INFO:root:Epoch 1, Batch 121, Loss: 2653294.5
INFO:root:Epoch 1, Batch 122, Loss: 2623138.25
INFO:root:Epoch 1, Batch 123, Loss: 2624229.5
INFO:root:Epoch 1, Batch 124, Loss: 2507915.0
INFO:root:Epoch 1, Batch 125, Loss: 2543850.25
INFO:root:Epoch 1, Batch 126, Loss: 2685248.5
INFO:root:Epoch 1, Batch 127, Loss: 2680017.75
INFO:root:Epoch 1, Batch 128, Loss: 2726011.0
INFO:root:Epoch 1, Batch 129, Loss: 2868341.5
INFO:root:Epoch 1, Batch 130, Loss: 2827986.5
INFO:root:Epoch 1, Batch 131, Loss: 2831571.75
INFO:root:Epoch 1, Batch 132, Loss: 2783178.5
INFO:root:Epoch 1, Batch 133, Loss: 2779749.25
INFO:root:Epoch 1, Batch 134, Loss: 2681428.0
INFO:root:Epoch 1, Batch 135, Loss: 2798491.0
INFO:root:Epoch 1, Batch 136, Loss: 2825730.0
INFO:root:Epoch 1, Batch 137, Loss: 2864624.0
INFO:root:Epoch 1, Batch 138, Loss: 2767569.5
INFO:root:Epoch 1, Batch 139, Loss: 2792819.5
INFO:root:Epoch 1, Batch 140, Loss: 2779657.0
INFO:root:Epoch 1, Batch 141, Loss: 2703548.25
INFO:root:Epoch 1, Batch 142, Loss: 2551506.0
INFO:root:Epoch 1, Batch 143, Loss: 2633246.0
INFO:root:Epoch 1, Batch 144, Loss: 2692733.0
INFO:root:Epoch 1, Batch 145, Loss: 2689359.75
INFO:root:Epoch 1, Batch 146, Loss: 2693424.5
INFO:root:Epoch 1, Batch 147, Loss: 2649673.5
INFO:root:Epoch 1, Batch 148, Loss: 2627774.5
INFO:root:Epoch 1, Batch 149, Loss: 2649747.25
INFO:root:Epoch 1, Batch 150, Loss: 2696601.25
INFO:root:Epoch 1, Batch 151, Loss: 2687948.0
INFO:root:Epoch 1, Batch 152, Loss: 2614038.75
INFO:root:Epoch 1, Batch 153, Loss: 2538576.0
INFO:root:Epoch 1, Batch 154, Loss: 2488414.5
INFO:root:Epoch 1, Batch 155, Loss: 2481551.0
INFO:root:Epoch 1, Batch 156, Loss: 2369456.0
INFO:root:Epoch 1, Batch 157, Loss: 2359600.0
INFO:root:Epoch 1, Batch 158, Loss: 2326262.75
INFO:root:Epoch 1, Batch 159, Loss: 2298901.5
INFO:root:Epoch 1, Batch 160, Loss: 2298133.5
INFO:root:Epoch 1, Batch 161, Loss: 2429061.0
INFO:root:Epoch 1, Batch 162, Loss: 2358359.75
INFO:root:Epoch 1, Batch 163, Loss: 2364942.5
INFO:root:Epoch 1, Batch 164, Loss: 2354076.5
INFO:root:Epoch 1, Batch 165, Loss: 2230007.0
INFO:root:Epoch 1, Batch 166, Loss: 2281309.5
INFO:root:Epoch 1, Batch 167, Loss: 2402891.0
INFO:root:Epoch 1, Batch 168, Loss: 2296539.5
INFO:root:Epoch 1, Batch 169, Loss: 2251010.0
INFO:root:Epoch 1, Batch 170, Loss: 2299753.25
INFO:root:Epoch 1, Batch 171, Loss: 2307407.25
INFO:root:Epoch 1, Batch 172, Loss: 2370804.0
INFO:root:Epoch 1, Batch 173, Loss: 2249224.0
INFO:root:Epoch 1, Batch 174, Loss: 2262653.5
INFO:root:Epoch 1, Batch 175, Loss: 2260407.0
INFO:root:Epoch 1, Batch 176, Loss: 2161001.75
INFO:root:Epoch 1, Batch 177, Loss: 2268991.0
INFO:root:Epoch 1, Batch 178, Loss: 2269074.0
INFO:root:Epoch 1, Batch 179, Loss: 2217568.5
INFO:root:Epoch 1, Batch 180, Loss: 2108714.5
INFO:root:Epoch 1, Batch 181, Loss: 2108303.5
INFO:root:Epoch 1, Batch 182, Loss: 2010977.0
INFO:root:Epoch 1, Batch 183, Loss: 2131805.5
INFO:root:Epoch 1, Batch 184, Loss: 2182493.75
INFO:root:Epoch 1, Batch 185, Loss: 2180130.5
INFO:root:Epoch 1, Batch 186, Loss: 2217500.5
INFO:root:Epoch 1, Batch 187, Loss: 2297393.5
INFO:root:Epoch 1, Batch 188, Loss: 2287746.5
INFO:root:Epoch 1, Batch 189, Loss: 2248723.5
INFO:root:Epoch 1, Batch 190, Loss: 2264236.5
INFO:root:Epoch 1, Batch 191, Loss: 2256491.0
INFO:root:Epoch 1, Batch 192, Loss: 2187748.5
INFO:root:Epoch 1, Batch 193, Loss: 2150851.0
INFO:root:Epoch 1, Batch 194, Loss: 2097175.5
INFO:root:Epoch 1, Batch 195, Loss: 2211674.0
INFO:root:Epoch 1, Batch 196, Loss: 2184506.25
INFO:root:Epoch 1, Batch 197, Loss: 2295909.0
INFO:root:Epoch 1, Batch 198, Loss: 2418746.0
INFO:root:Epoch 1, Batch 199, Loss: 2318233.0
INFO:root:Epoch 1, Batch 200, Loss: 2318536.75
INFO:root:Epoch 1, Batch 201, Loss: 2284546.5
INFO:root:Epoch 1, Batch 202, Loss: 2328181.5
INFO:root:Epoch 1, Batch 203, Loss: 2348882.5
INFO:root:Epoch 1, Batch 204, Loss: 2351643.75
INFO:root:Epoch 1, Batch 205, Loss: 2349852.25
INFO:root:Epoch 1, Batch 206, Loss: 2351026.25
INFO:root:Epoch 1, Batch 207, Loss: 2232315.5
INFO:root:Epoch 1, Batch 208, Loss: 2286526.5
INFO:root:Epoch 1, Batch 209, Loss: 2292387.5
INFO:root:Epoch 1, Batch 210, Loss: 2309169.25
INFO:root:Epoch 1, Batch 211, Loss: 2392959.5
INFO:root:Epoch 1, Batch 212, Loss: 2535701.0
INFO:root:Epoch 1, Batch 213, Loss: 2532207.5
INFO:root:Epoch 1, Batch 214, Loss: 2618254.75
INFO:root:Epoch 1, Batch 215, Loss: 2709300.25
INFO:root:Epoch 1, Batch 216, Loss: 2752854.75
INFO:root:Epoch 1, Batch 217, Loss: 2685788.75
INFO:root:Epoch 1, Batch 218, Loss: 2679886.25
INFO:root:Epoch 1, Batch 219, Loss: 2775487.0
INFO:root:Epoch 1, Batch 220, Loss: 2759683.0
INFO:root:Epoch 1, Batch 221, Loss: 2849361.5
INFO:root:Epoch 1, Batch 222, Loss: 2844380.0
INFO:root:Epoch 1, Batch 223, Loss: 2894545.5
INFO:root:Epoch 1, Batch 224, Loss: 2909478.25
INFO:root:Epoch 1, Batch 225, Loss: 2793098.5
INFO:root:Epoch 1, Batch 226, Loss: 2732930.25
INFO:root:Epoch 1, Batch 227, Loss: 2842701.25
INFO:root:Epoch 1, Batch 228, Loss: 2840792.75
INFO:root:Epoch 1, Batch 229, Loss: 2852760.0
INFO:root:Epoch 1, Batch 230, Loss: 2815558.25
INFO:root:Epoch 1, Batch 231, Loss: 2711235.0
INFO:root:Epoch 1, Batch 232, Loss: 2700808.25
INFO:root:Epoch 1, Batch 233, Loss: 2804078.25
INFO:root:Epoch 1, Batch 234, Loss: 2889869.0
INFO:root:Epoch 1, Batch 235, Loss: 2981238.0
INFO:root:Epoch 1, Batch 236, Loss: 3021520.75
INFO:root:Epoch 1, Batch 237, Loss: 3124456.5
INFO:root:Epoch 1, Batch 238, Loss: 3194202.25
INFO:root:Epoch 1, Batch 239, Loss: 3207351.0
INFO:root:Epoch 1, Batch 240, Loss: 3321384.75
INFO:root:Epoch 1, Batch 241, Loss: 3195083.75
INFO:root:Epoch 1, Batch 242, Loss: 3193931.5
INFO:root:Epoch 1, Batch 243, Loss: 3268228.75
INFO:root:Epoch 1, Batch 244, Loss: 3285341.75
INFO:root:Epoch 1, Batch 245, Loss: 3285928.25
INFO:root:Epoch 1, Batch 246, Loss: 3285557.25
INFO:root:Epoch 1, Batch 247, Loss: 3155503.25
INFO:root:Epoch 1, Batch 248, Loss: 3105810.0
INFO:root:Epoch 1, Batch 249, Loss: 3097199.75
INFO:root:Epoch 1, Batch 250, Loss: 3044465.25
INFO:root:Epoch 1, Batch 251, Loss: 2970050.5
INFO:root:Epoch 1, Batch 252, Loss: 2972408.5
INFO:root:Epoch 1, Batch 253, Loss: 2964312.25
INFO:root:Epoch 1, Batch 254, Loss: 2978469.75
INFO:root:Epoch 1, Batch 255, Loss: 3021456.5
INFO:root:Epoch 1, Batch 256, Loss: 2995574.25
INFO:root:Epoch 1, Batch 257, Loss: 2922186.0
INFO:root:Epoch 1, Batch 258, Loss: 3047853.75
INFO:root:Epoch 1, Batch 259, Loss: 2926098.0
INFO:root:Epoch 1, Batch 260, Loss: 2883437.25
INFO:root:Epoch 1, Batch 261, Loss: 2783471.5
INFO:root:Epoch 1, Batch 262, Loss: 2657168.0
INFO:root:Epoch 1, Batch 263, Loss: 2714282.0
INFO:root:Epoch 1, Batch 264, Loss: 2637390.25
INFO:root:Epoch 1, Batch 265, Loss: 2748667.5
INFO:root:Epoch 1, Batch 266, Loss: 2665786.5
INFO:root:Epoch 1, Batch 267, Loss: 2641755.75
INFO:root:Epoch 1, Batch 268, Loss: 2653589.5
INFO:root:Epoch 1, Batch 269, Loss: 2678002.5
INFO:root:Epoch 1, Batch 270, Loss: 2675821.0
INFO:root:Epoch 1, Batch 271, Loss: 2680239.5
INFO:root:Epoch 1, Batch 272, Loss: 2578369.25
INFO:root:Epoch 1, Batch 273, Loss: 2590073.5
INFO:root:Epoch 1, Batch 274, Loss: 2618227.0
INFO:root:Epoch 1, Batch 275, Loss: 2592370.0
INFO:root:Epoch 1, Batch 276, Loss: 2591454.5
INFO:root:Epoch 1, Batch 277, Loss: 2567995.5
INFO:root:Epoch 1, Batch 278, Loss: 2474769.0
INFO:root:Epoch 1, Batch 279, Loss: 2361064.75
INFO:root:Epoch 1, Batch 280, Loss: 2320788.0
INFO:root:Epoch 1, Batch 281, Loss: 2298177.0
INFO:root:Epoch 1, Batch 282, Loss: 2370335.5
INFO:root:Epoch 1, Batch 283, Loss: 2344408.5
INFO:root:Epoch 1, Batch 284, Loss: 2363321.5
INFO:root:Epoch 1, Batch 285, Loss: 2256429.25
INFO:root:Epoch 1, Batch 286, Loss: 2262323.25
INFO:root:Epoch 1, Batch 287, Loss: 2207611.5
INFO:root:Epoch 1, Batch 288, Loss: 2132295.25
INFO:root:Epoch 1, Batch 289, Loss: 2127409.5
INFO:root:Epoch 1, Batch 290, Loss: 2247040.0
INFO:root:Epoch 1, Batch 291, Loss: 2137325.0
INFO:root:Epoch 1, Batch 292, Loss: 2193371.25
INFO:root:Epoch 1, Batch 293, Loss: 2179897.5
INFO:root:Epoch 1, Batch 294, Loss: 2194192.0
INFO:root:Epoch 1, Batch 295, Loss: 2167308.75
INFO:root:Epoch 1, Batch 296, Loss: 2255638.0
INFO:root:Epoch 1, Batch 297, Loss: 2256828.5
INFO:root:Epoch 1, Batch 298, Loss: 2146429.0
INFO:root:Epoch 1, Batch 299, Loss: 2017608.25
INFO:root:Epoch 1, Batch 300, Loss: 1961200.375
INFO:root:Epoch 1, Batch 301, Loss: 1956294.875
INFO:root:Epoch 1, Batch 302, Loss: 1910237.25
INFO:root:Epoch 1, Batch 303, Loss: 1926155.25
INFO:root:Epoch 1, Batch 304, Loss: 1818923.0
INFO:root:Epoch 1, Batch 305, Loss: 1812143.0
INFO:root:Epoch 1, Batch 306, Loss: 1810197.5
INFO:root:Epoch 1, Batch 307, Loss: 1720837.0
INFO:root:Epoch 1, Batch 308, Loss: 1708147.5
INFO:root:Epoch 1, Batch 309, Loss: 1785478.875
INFO:root:Epoch 1, Batch 310, Loss: 1793088.75
INFO:root:Epoch 1, Batch 311, Loss: 1778018.25
INFO:root:Epoch 1, Batch 312, Loss: 1884427.25
INFO:root:Epoch 1, Batch 313, Loss: 1985834.75
INFO:root:Epoch 1, Batch 314, Loss: 2093887.25
INFO:root:Epoch 1, Batch 315, Loss: 2111156.5
INFO:root:Epoch 1, Batch 316, Loss: 2114587.0
INFO:root:Epoch 1, Batch 317, Loss: 2103762.5
INFO:root:Epoch 1, Batch 318, Loss: 2043878.0
INFO:root:Epoch 1, Batch 319, Loss: 2010590.875
INFO:root:Epoch 1, Batch 320, Loss: 1985224.5
INFO:root:Epoch 1, Batch 321, Loss: 2099742.5
INFO:root:Epoch 1, Batch 322, Loss: 1998838.25
INFO:root:Epoch 1, Batch 323, Loss: 2018838.875
INFO:root:Epoch 1, Batch 324, Loss: 2054562.625
INFO:root:Epoch 1, Batch 325, Loss: 2095158.5
INFO:root:Epoch 1, Batch 326, Loss: 2194334.5
INFO:root:Epoch 1, Batch 327, Loss: 2155034.0
INFO:root:Epoch 1, Batch 328, Loss: 2133906.0
INFO:root:Epoch 1, Batch 329, Loss: 2049824.375
INFO:root:Epoch 1, Batch 330, Loss: 2053385.5
INFO:root:Epoch 1, Batch 331, Loss: 2052822.375
INFO:root:Epoch 1, Batch 332, Loss: 2043979.75
INFO:root:Epoch 1, Batch 333, Loss: 2016459.875
INFO:root:Epoch 1, Batch 334, Loss: 2058976.0
INFO:root:Epoch 1, Batch 335, Loss: 2076921.375
INFO:root:Epoch 1, Batch 336, Loss: 2205153.0
INFO:root:Epoch 1, Batch 337, Loss: 2185692.0
INFO:root:Epoch 1, Batch 338, Loss: 2104957.5
INFO:root:Epoch 1, Batch 339, Loss: 2050649.75
INFO:root:Epoch 1, Batch 340, Loss: 1944095.25
INFO:root:Epoch 1, Batch 341, Loss: 1930669.0
INFO:root:Epoch 1, Batch 342, Loss: 1952674.5
INFO:root:Epoch 1, Batch 343, Loss: 2070831.0
INFO:root:Epoch 1, Batch 344, Loss: 2047613.25
INFO:root:Epoch 1, Batch 345, Loss: 2045611.125
INFO:root:Epoch 1, Batch 346, Loss: 2087495.0
INFO:root:Epoch 1, Batch 347, Loss: 2149750.0
INFO:root:Epoch 1, Batch 348, Loss: 2206079.5
INFO:root:Epoch 1, Batch 349, Loss: 2177756.5
INFO:root:Epoch 1, Batch 350, Loss: 2282672.5
INFO:root:Epoch 1, Batch 351, Loss: 2291057.5
INFO:root:Epoch 1, Batch 352, Loss: 2249308.0
INFO:root:Epoch 1, Batch 353, Loss: 2237881.5
INFO:root:Epoch 1, Batch 354, Loss: 2118659.75
INFO:root:Epoch 1, Batch 355, Loss: 2108953.25
INFO:root:Epoch 1, Batch 356, Loss: 2056616.25
INFO:root:Epoch 1, Batch 357, Loss: 2190938.5
INFO:root:Epoch 1, Batch 358, Loss: 2239974.25
INFO:root:Epoch 1, Batch 359, Loss: 2246617.0
INFO:root:Epoch 1, Batch 360, Loss: 2269875.75
INFO:root:Epoch 1, Batch 361, Loss: 2226354.5
INFO:root:Epoch 1, Batch 362, Loss: 2337645.5
INFO:root:Epoch 1, Batch 363, Loss: 2346477.5
INFO:root:Epoch 1, Batch 364, Loss: 2317067.5
INFO:root:Epoch 1, Batch 365, Loss: 2320092.25
INFO:root:Epoch 1, Batch 366, Loss: 2381208.5
INFO:root:Epoch 1, Batch 367, Loss: 2478734.0
INFO:root:Epoch 1, Batch 368, Loss: 2476626.0
INFO:root:Epoch 1, Batch 369, Loss: 2541487.75
INFO:root:Epoch 1, Batch 370, Loss: 2525034.0
INFO:root:Epoch 1, Batch 371, Loss: 2522690.0
INFO:root:Epoch 1, Batch 372, Loss: 2525571.0
INFO:root:Epoch 1, Batch 373, Loss: 2405023.0
INFO:root:Epoch 1, Batch 374, Loss: 2517223.5
INFO:root:Epoch 1, Batch 375, Loss: 2521661.0
INFO:root:Epoch 1, Batch 376, Loss: 2445876.5
INFO:root:Epoch 1, Batch 377, Loss: 2358163.0
INFO:root:Epoch 1, Batch 378, Loss: 2253934.0
INFO:root:Epoch 1, Batch 379, Loss: 2238854.5
INFO:root:Epoch 1, Batch 380, Loss: 2285206.75
INFO:root:Epoch 1, Batch 381, Loss: 2392201.75
INFO:root:Epoch 1, Batch 382, Loss: 2381178.75
INFO:root:Epoch 1, Batch 383, Loss: 2357901.75
INFO:root:Epoch 1, Batch 384, Loss: 2472521.75
INFO:root:Epoch 1, Batch 385, Loss: 2354339.0
INFO:root:Epoch 1, Batch 386, Loss: 2460163.5
INFO:root:Epoch 1, Batch 387, Loss: 2498485.25
INFO:root:Epoch 1, Batch 388, Loss: 2460664.0
INFO:root:Epoch 1, Batch 389, Loss: 2408739.5
INFO:root:Epoch 1, Batch 390, Loss: 2354717.5
INFO:root:Epoch 1, Batch 391, Loss: 2403245.0
INFO:root:Epoch 1, Batch 392, Loss: 2407095.5
INFO:root:Epoch 1, Batch 393, Loss: 2497983.0
INFO:root:Epoch 1, Batch 394, Loss: 2516873.5
INFO:root:Epoch 1, Batch 395, Loss: 2634405.0
INFO:root:Epoch 1, Batch 396, Loss: 2614029.5
INFO:root:Epoch 1, Batch 397, Loss: 2632425.25
INFO:root:Epoch 1, Batch 398, Loss: 2592106.0
INFO:root:Epoch 1, Batch 399, Loss: 2568754.75
INFO:root:Epoch 1, Batch 400, Loss: 2444892.0
INFO:root:Epoch 1, Batch 401, Loss: 2450862.5
INFO:root:Epoch 1, Batch 402, Loss: 2603049.0
INFO:root:Epoch 1, Batch 403, Loss: 2583280.0
INFO:root:Epoch 1, Batch 404, Loss: 2590890.25
INFO:root:Epoch 1, Batch 405, Loss: 2591472.25
INFO:root:Epoch 1, Batch 406, Loss: 2614322.5
INFO:root:Epoch 1, Batch 407, Loss: 2484248.25
INFO:root:Epoch 1, Batch 408, Loss: 2520217.0
INFO:root:Epoch 1, Batch 409, Loss: 2647462.0
INFO:root:Epoch 1, Batch 410, Loss: 2541835.5
INFO:root:Epoch 1, Batch 411, Loss: 2434211.25
INFO:root:Epoch 1, Batch 412, Loss: 2400466.0
INFO:root:Epoch 1, Batch 413, Loss: 2512281.5
INFO:root:Epoch 1, Batch 414, Loss: 2406469.0
INFO:root:Epoch 1, Batch 415, Loss: 2403905.75
INFO:root:Epoch 1, Batch 416, Loss: 2516032.75
INFO:root:Epoch 1, Batch 417, Loss: 2653192.5
INFO:root:Epoch 1, Batch 418, Loss: 2651705.0
INFO:root:Epoch 1, Batch 419, Loss: 2651355.5
INFO:root:Epoch 1, Batch 420, Loss: 2763201.5
INFO:root:Epoch 1, Batch 421, Loss: 2643555.5
INFO:root:Epoch 1, Batch 422, Loss: 2594529.0
INFO:root:Epoch 1, Batch 423, Loss: 2601030.5
INFO:root:Epoch 1, Batch 424, Loss: 2581258.0
INFO:root:Epoch 1, Batch 425, Loss: 2565956.5
INFO:root:Epoch 1, Batch 426, Loss: 2448249.75
INFO:root:Epoch 1, Batch 427, Loss: 2469421.25
INFO:root:Epoch 1, Batch 428, Loss: 2556839.5
INFO:root:Epoch 1, Batch 429, Loss: 2454953.5
INFO:root:Epoch 1, Batch 430, Loss: 2390529.25
INFO:root:Epoch 1, Batch 431, Loss: 2346921.5
INFO:root:Epoch 1, Batch 432, Loss: 2355048.25
INFO:root:Epoch 1, Batch 433, Loss: 2293913.0
INFO:root:Epoch 1, Batch 434, Loss: 2293000.75
INFO:root:Epoch 1, Batch 435, Loss: 2318458.5
INFO:root:Epoch 1, Batch 436, Loss: 2319180.25
INFO:root:Epoch 1, Batch 437, Loss: 2312929.0
INFO:root:Epoch 1, Batch 438, Loss: 2218658.0
INFO:root:Epoch 1, Batch 439, Loss: 2208238.5
INFO:root:Epoch 1, Batch 440, Loss: 2188275.0
INFO:root:Epoch 1, Batch 441, Loss: 2164326.0
INFO:root:Epoch 1, Batch 442, Loss: 2186289.25
INFO:root:Epoch 1, Batch 443, Loss: 2165972.75
INFO:root:Epoch 1, Batch 444, Loss: 2241613.5
INFO:root:Epoch 1, Batch 445, Loss: 2236404.0
INFO:root:Epoch 1, Batch 446, Loss: 2308539.5
INFO:root:Epoch 1, Batch 447, Loss: 2326214.5
INFO:root:Epoch 1, Batch 448, Loss: 2235777.0
INFO:root:Epoch 1, Batch 449, Loss: 2251534.0
INFO:root:Epoch 1, Batch 450, Loss: 2144132.25
INFO:root:Epoch 1, Batch 451, Loss: 2091555.0
INFO:root:Epoch 1, Batch 452, Loss: 2076532.125
INFO:root:Epoch 1, Batch 453, Loss: 2133822.75
INFO:root:Epoch 1, Batch 454, Loss: 2210118.5
INFO:root:Epoch 1, Batch 455, Loss: 2161862.0
INFO:root:Epoch 1, Batch 456, Loss: 2181992.0
INFO:root:Epoch 1, Batch 457, Loss: 2158084.5
INFO:root:Epoch 1, Batch 458, Loss: 2288090.0
INFO:root:Epoch 1, Batch 459, Loss: 2184013.25
INFO:root:Epoch 1, Batch 460, Loss: 2242652.5
INFO:root:Epoch 1, Batch 461, Loss: 2198677.5
INFO:root:Epoch 1, Batch 462, Loss: 2187219.75
INFO:root:Epoch 1, Batch 463, Loss: 2206489.0
INFO:root:Epoch 1, Batch 464, Loss: 2203786.75
INFO:root:Epoch 1, Batch 465, Loss: 2216180.75
INFO:root:Epoch 1, Batch 466, Loss: 2097858.75
INFO:root:Epoch 1, Batch 467, Loss: 2221371.5
INFO:root:Epoch 1, Batch 468, Loss: 2347876.25
INFO:root:Epoch 1, Batch 469, Loss: 2319641.0
INFO:root:Epoch 1, Batch 470, Loss: 2267666.75
INFO:root:Epoch 1, Batch 471, Loss: 2388598.5
INFO:root:Epoch 1, Batch 472, Loss: 2355253.0
INFO:root:Epoch 1, Batch 473, Loss: 2350991.5
INFO:root:Epoch 1, Batch 474, Loss: 2387401.0
INFO:root:Epoch 1, Batch 475, Loss: 2387266.25
INFO:root:Epoch 1, Batch 476, Loss: 2458490.5
INFO:root:Epoch 1, Batch 477, Loss: 2349897.5
INFO:root:Epoch 1, Batch 478, Loss: 2355570.0
INFO:root:Epoch 1, Batch 479, Loss: 2384462.0
INFO:root:Epoch 1, Batch 480, Loss: 2288545.75
INFO:root:Epoch 1, Batch 481, Loss: 2264325.25
INFO:root:Epoch 1, Batch 482, Loss: 2259207.5
INFO:root:Epoch 1, Batch 483, Loss: 2315501.0
INFO:root:Epoch 1, Batch 484, Loss: 2205991.0
INFO:root:Epoch 1, Batch 485, Loss: 2200686.0
INFO:root:Epoch 1, Batch 486, Loss: 2187748.75
INFO:root:Epoch 1, Batch 487, Loss: 2213587.5
INFO:root:Epoch 1, Batch 488, Loss: 2121283.25
INFO:root:Epoch 1, Batch 489, Loss: 2089163.375
INFO:root:Epoch 1, Batch 490, Loss: 2159826.0
INFO:root:Epoch 1, Batch 491, Loss: 2257471.0
INFO:root:Epoch 1, Batch 492, Loss: 2263707.0
INFO:root:Epoch 1, Batch 493, Loss: 2269927.0
INFO:root:Epoch 1, Batch 494, Loss: 2264379.0
INFO:root:Epoch 1, Batch 495, Loss: 2249882.75
INFO:root:Epoch 1, Batch 496, Loss: 2231511.0
INFO:root:Epoch 1, Batch 497, Loss: 2215934.5
INFO:root:Epoch 1, Batch 498, Loss: 2216877.25
INFO:root:Epoch 1, Batch 499, Loss: 2189105.0
INFO:root:Epoch 1, Batch 500, Loss: 2181089.5
INFO:root:Epoch 1, Batch 501, Loss: 2292756.0
INFO:root:Epoch 1, Batch 502, Loss: 2277647.75
INFO:root:Epoch 1, Batch 503, Loss: 2274279.5
INFO:root:Epoch 1, Batch 504, Loss: 2289899.5
INFO:root:Epoch 1, Batch 505, Loss: 2347295.0
INFO:root:Epoch 1, Batch 506, Loss: 2358667.5
INFO:root:Epoch 1, Batch 507, Loss: 2346137.5
INFO:root:Epoch 1, Batch 508, Loss: 2369408.0
INFO:root:Epoch 1, Batch 509, Loss: 2297525.5
INFO:root:Epoch 1, Batch 510, Loss: 2181311.0
INFO:root:Epoch 1, Batch 511, Loss: 2157641.5
INFO:root:Epoch 1, Batch 512, Loss: 2145301.0
INFO:root:Epoch 1, Batch 513, Loss: 2114958.5
INFO:root:Epoch 1, Batch 514, Loss: 2160064.0
INFO:root:Epoch 1, Batch 515, Loss: 2177401.25
INFO:root:Epoch 1, Batch 516, Loss: 2307638.5
INFO:root:Epoch 1, Batch 517, Loss: 2258013.5
INFO:root:Epoch 1, Batch 518, Loss: 2188320.5
INFO:root:Epoch 1, Batch 519, Loss: 2303401.0
INFO:root:Epoch 1, Batch 520, Loss: 2301586.75
INFO:root:Epoch 1, Batch 521, Loss: 2350100.25
INFO:root:Epoch 1, Batch 522, Loss: 2197059.5
INFO:root:Epoch 1, Batch 523, Loss: 2198628.75
INFO:root:Epoch 1, Batch 524, Loss: 2144650.0
