INFO:root:Batch 0, Loss: 10.036171913146973
INFO:root:Batch 1, Loss: 9.964548110961914
INFO:root:Batch 2, Loss: 10.007771492004395
INFO:root:Batch 3, Loss: 9.932504653930664
INFO:root:Batch 4, Loss: 9.9052152633667
INFO:root:Batch 5, Loss: 10.000353813171387
INFO:root:Batch 6, Loss: 9.963325500488281
INFO:root:Batch 7, Loss: 9.99631404876709
INFO:root:Batch 8, Loss: 9.923395156860352
INFO:root:Batch 9, Loss: 9.858758926391602
INFO:root:Batch 10, Loss: 10.012754440307617
INFO:root:Batch 11, Loss: 9.844970703125
INFO:root:Batch 12, Loss: 9.86736011505127
INFO:root:Batch 13, Loss: 9.848681449890137
INFO:root:Batch 14, Loss: 9.712364196777344
INFO:root:Batch 15, Loss: 9.85904598236084
INFO:root:Batch 16, Loss: 9.860604286193848
INFO:root:Batch 17, Loss: 9.774263381958008
INFO:root:Batch 18, Loss: 9.714181900024414
INFO:root:Batch 19, Loss: 9.673857688903809
INFO:root:Batch 20, Loss: 9.805327415466309
INFO:root:Batch 21, Loss: 9.759590148925781
INFO:root:Batch 22, Loss: 9.55551815032959
INFO:root:Batch 23, Loss: 9.80131721496582
INFO:root:Batch 24, Loss: 9.581437110900879
INFO:root:Batch 25, Loss: 9.569541931152344
INFO:root:Batch 26, Loss: 9.683130264282227
INFO:root:Batch 27, Loss: 9.731372833251953
INFO:root:Batch 28, Loss: 9.472825050354004
INFO:root:Batch 29, Loss: 9.414826393127441
INFO:root:Batch 30, Loss: 9.529876708984375
INFO:root:Batch 31, Loss: 9.40923023223877
INFO:root:Batch 32, Loss: 9.442749977111816
INFO:root:Batch 33, Loss: 9.68249225616455
INFO:root:Batch 34, Loss: 9.414990425109863
INFO:root:Batch 35, Loss: 9.41495418548584
INFO:root:Batch 36, Loss: 9.427295684814453
INFO:root:Batch 37, Loss: 9.600354194641113
INFO:root:Batch 38, Loss: 9.317830085754395
INFO:root:Batch 39, Loss: 9.161248207092285
INFO:root:Batch 40, Loss: 9.335865020751953
INFO:root:Batch 41, Loss: 9.242977142333984
INFO:root:Batch 42, Loss: 8.949369430541992
INFO:root:Batch 43, Loss: 9.712370872497559
INFO:root:Batch 44, Loss: 9.378323554992676
INFO:root:Batch 45, Loss: 9.28015422821045
INFO:root:Batch 46, Loss: 9.206561088562012
INFO:root:Batch 47, Loss: 9.10317611694336
INFO:root:Batch 48, Loss: 9.229445457458496
INFO:root:Batch 49, Loss: 9.10058879852295
INFO:root:Batch 50, Loss: 9.283941268920898
INFO:root:Batch 51, Loss: 9.222180366516113
INFO:root:Batch 52, Loss: 8.976999282836914
INFO:root:Batch 53, Loss: 9.471964836120605
INFO:root:Batch 54, Loss: 8.851136207580566
INFO:root:Batch 55, Loss: 9.0238037109375
INFO:root:Batch 56, Loss: 9.215113639831543
INFO:root:Batch 57, Loss: 9.145185470581055
INFO:root:Batch 58, Loss: 9.061721801757812
INFO:root:Batch 59, Loss: 8.852869033813477
INFO:root:Batch 60, Loss: 9.009302139282227
INFO:root:Batch 61, Loss: 9.0725679397583
INFO:root:Batch 62, Loss: 8.826762199401855
INFO:root:Batch 63, Loss: 8.975081443786621
INFO:root:Batch 64, Loss: 9.092438697814941
INFO:root:Batch 65, Loss: 8.875045776367188
INFO:root:Batch 66, Loss: 9.016270637512207
INFO:root:Batch 67, Loss: 8.863496780395508
INFO:root:Batch 68, Loss: 8.649962425231934
INFO:root:Batch 69, Loss: 8.732449531555176
INFO:root:Batch 70, Loss: 8.749544143676758
INFO:root:Batch 71, Loss: 8.984905242919922
INFO:root:Batch 72, Loss: 8.553216934204102
INFO:root:Batch 73, Loss: 8.60002326965332
INFO:root:Batch 74, Loss: 8.667065620422363
INFO:root:Batch 75, Loss: 8.606432914733887
INFO:root:Batch 76, Loss: 8.7721529006958
INFO:root:Batch 77, Loss: 8.360257148742676
INFO:root:Batch 78, Loss: 8.527198791503906
INFO:root:Batch 79, Loss: 8.70641803741455
INFO:root:Batch 80, Loss: 8.561544418334961
INFO:root:Batch 81, Loss: 9.008707046508789
INFO:root:Batch 82, Loss: 8.335274696350098
INFO:root:Batch 83, Loss: 8.860736846923828
INFO:root:Batch 84, Loss: 8.555841445922852
INFO:root:Batch 85, Loss: 8.432456016540527
INFO:root:Batch 86, Loss: 8.793896675109863
INFO:root:Batch 87, Loss: 8.442753791809082
INFO:root:Batch 88, Loss: 8.69672966003418
INFO:root:Batch 89, Loss: 8.764204978942871
INFO:root:Batch 90, Loss: 8.60152530670166
INFO:root:Batch 91, Loss: 8.522246360778809
INFO:root:Batch 92, Loss: 8.712761878967285
INFO:root:Batch 93, Loss: 8.53095817565918
INFO:root:Batch 94, Loss: 8.19184684753418
INFO:root:Batch 95, Loss: 8.366739273071289
INFO:root:Batch 96, Loss: 8.252299308776855
INFO:root:Batch 97, Loss: 7.984360218048096
INFO:root:Batch 98, Loss: 8.354070663452148
INFO:root:Batch 99, Loss: 8.151164054870605
INFO:root:Batch 100, Loss: 8.341236114501953
INFO:root:Batch 101, Loss: 7.985861778259277
INFO:root:Batch 102, Loss: 8.059203147888184
INFO:root:Batch 103, Loss: 8.034558296203613
INFO:root:Batch 104, Loss: 7.893064498901367
INFO:root:Batch 105, Loss: 8.104598045349121
INFO:root:Batch 106, Loss: 8.331622123718262
INFO:root:Batch 107, Loss: 7.886397361755371
INFO:root:Batch 108, Loss: 7.747471809387207
INFO:root:Batch 109, Loss: 7.694870471954346
INFO:root:Batch 110, Loss: 7.764575481414795
INFO:root:Batch 111, Loss: 7.933111667633057
INFO:root:Batch 112, Loss: 7.976507186889648
INFO:root:Batch 113, Loss: 8.120857238769531
INFO:root:Batch 114, Loss: 8.080978393554688
INFO:root:Batch 115, Loss: 8.042855262756348
INFO:root:Batch 116, Loss: 8.228995323181152
INFO:root:Batch 117, Loss: 8.02105712890625
INFO:root:Batch 118, Loss: 7.472227096557617
INFO:root:Batch 119, Loss: 8.188633918762207
INFO:root:Batch 120, Loss: 7.994400501251221
INFO:root:Batch 121, Loss: 7.91433048248291
INFO:root:Batch 122, Loss: 7.7601470947265625
INFO:root:Batch 123, Loss: 7.311852931976318
INFO:root:Batch 124, Loss: 7.512603759765625
INFO:root:Batch 125, Loss: 7.844479560852051
INFO:root:Batch 126, Loss: 8.421562194824219
INFO:root:Batch 127, Loss: 7.597716808319092
INFO:root:Batch 128, Loss: 8.213788032531738
INFO:root:Batch 129, Loss: 7.891293048858643
INFO:root:Batch 130, Loss: 7.675156116485596
INFO:root:Batch 131, Loss: 7.915631294250488
INFO:root:Batch 132, Loss: 7.854140758514404
INFO:root:Batch 133, Loss: 7.233731269836426
INFO:root:Batch 134, Loss: 7.142788410186768
INFO:root:Batch 135, Loss: 7.745400905609131
INFO:root:Batch 136, Loss: 7.829751968383789
INFO:root:Batch 137, Loss: 7.896951675415039
INFO:root:Batch 138, Loss: 8.020686149597168
INFO:root:Batch 139, Loss: 7.802318572998047
INFO:root:Batch 140, Loss: 7.255107402801514
INFO:root:Batch 141, Loss: 7.818023681640625
INFO:root:Batch 142, Loss: 7.500605583190918
INFO:root:Batch 0, Loss: 7.300405025482178
INFO:root:Batch 1, Loss: 6.95188045501709
INFO:root:Batch 2, Loss: 7.389482021331787
INFO:root:Batch 3, Loss: 7.043356418609619
INFO:root:Batch 4, Loss: 6.970821380615234
INFO:root:Batch 5, Loss: 7.572511672973633
INFO:root:Batch 6, Loss: 7.428450584411621
INFO:root:Batch 7, Loss: 7.719664096832275
INFO:root:Batch 8, Loss: 7.409653186798096
INFO:root:Batch 9, Loss: 7.121774196624756
INFO:root:Batch 10, Loss: 7.915108680725098
INFO:root:Batch 11, Loss: 7.235118389129639
INFO:root:Batch 12, Loss: 7.388089656829834
INFO:root:Batch 13, Loss: 7.3805317878723145
INFO:root:Batch 14, Loss: 6.844304084777832
INFO:root:Batch 15, Loss: 7.466633319854736
INFO:root:Batch 0, Loss: 7.034709453582764
INFO:root:Batch 1, Loss: 6.670649528503418
INFO:root:Batch 2, Loss: 7.1332221031188965
INFO:root:Batch 3, Loss: 6.7698893547058105
INFO:root:Batch 4, Loss: 6.693233966827393
INFO:root:Batch 5, Loss: 7.326047897338867
INFO:root:Batch 6, Loss: 7.174804210662842
INFO:root:Batch 7, Loss: 7.482868671417236
INFO:root:Batch 8, Loss: 7.156009674072266
INFO:root:Batch 9, Loss: 6.853299140930176
INFO:root:Batch 10, Loss: 7.691595554351807
INFO:root:Batch 11, Loss: 6.975186824798584
INFO:root:Batch 12, Loss: 7.135149955749512
INFO:root:Batch 13, Loss: 7.12808895111084
INFO:root:Batch 14, Loss: 6.568182468414307
INFO:root:Batch 0, Loss: 6.797910213470459
INFO:root:Batch 1, Loss: 6.422389984130859
INFO:root:Batch 2, Loss: 6.906449317932129
INFO:root:Batch 0, Loss: 6.7502336502075195
INFO:root:Batch 1, Loss: 6.37248420715332
INFO:root:Batch 2, Loss: 6.859747886657715
INFO:root:Batch 3, Loss: 6.482159614562988
INFO:root:Batch 4, Loss: 6.403149604797363
INFO:root:Batch 5, Loss: 7.065950870513916
INFO:root:Batch 6, Loss: 6.909518718719482
INFO:root:Batch 7, Loss: 7.234653472900391
