INFO:root:Batch 0, Loss: 9.879535675048828
INFO:root:Batch 1, Loss: 9.789653778076172
INFO:root:Batch 2, Loss: 9.879141807556152
INFO:root:Batch 3, Loss: 9.772457122802734
INFO:root:Batch 4, Loss: 9.74328899383545
INFO:root:Batch 5, Loss: 9.89150333404541
INFO:root:Batch 6, Loss: 9.830163955688477
INFO:root:Batch 7, Loss: 9.881035804748535
INFO:root:Batch 8, Loss: 9.813884735107422
INFO:root:Batch 9, Loss: 9.685300827026367
INFO:root:Batch 10, Loss: 9.927312850952148
INFO:root:Batch 11, Loss: 9.732645988464355
INFO:root:Batch 12, Loss: 9.719115257263184
INFO:root:Batch 13, Loss: 9.731614112854004
INFO:root:Batch 14, Loss: 9.559098243713379
INFO:root:Batch 15, Loss: 9.718512535095215
INFO:root:Batch 16, Loss: 9.761773109436035
INFO:root:Batch 17, Loss: 9.626338005065918
INFO:root:Batch 18, Loss: 9.592024803161621
INFO:root:Batch 19, Loss: 9.51134204864502
INFO:root:Batch 20, Loss: 9.67383861541748
INFO:root:Batch 21, Loss: 9.669307708740234
INFO:root:Batch 22, Loss: 9.396045684814453
INFO:root:Batch 23, Loss: 9.730012893676758
INFO:root:Batch 24, Loss: 9.443155288696289
INFO:root:Batch 25, Loss: 9.410425186157227
INFO:root:Batch 26, Loss: 9.606949806213379
INFO:root:Batch 27, Loss: 9.636174201965332
INFO:root:Batch 28, Loss: 9.348630905151367
INFO:root:Batch 29, Loss: 9.29168701171875
INFO:root:Batch 30, Loss: 9.39312744140625
INFO:root:Batch 31, Loss: 9.247612953186035
INFO:root:Batch 32, Loss: 9.319011688232422
INFO:root:Batch 33, Loss: 9.602128028869629
INFO:root:Batch 34, Loss: 9.244756698608398
INFO:root:Batch 35, Loss: 9.272549629211426
INFO:root:Batch 36, Loss: 9.298521041870117
INFO:root:Batch 37, Loss: 9.492140769958496
INFO:root:Batch 38, Loss: 9.169965744018555
INFO:root:Batch 39, Loss: 8.989718437194824
INFO:root:Batch 40, Loss: 9.19172191619873
INFO:root:Batch 41, Loss: 9.104453086853027
INFO:root:Batch 42, Loss: 8.774358749389648
INFO:root:Batch 43, Loss: 9.627850532531738
INFO:root:Batch 44, Loss: 9.27412223815918
INFO:root:Batch 45, Loss: 9.127213478088379
INFO:root:Batch 46, Loss: 9.081393241882324
INFO:root:Batch 47, Loss: 8.980034828186035
INFO:root:Batch 48, Loss: 9.116355895996094
INFO:root:Batch 49, Loss: 8.964070320129395
INFO:root:Batch 50, Loss: 9.144415855407715
INFO:root:Batch 51, Loss: 9.11386775970459
INFO:root:Batch 52, Loss: 8.833745002746582
INFO:root:Batch 53, Loss: 9.371848106384277
INFO:root:Batch 54, Loss: 8.699134826660156
INFO:root:Batch 55, Loss: 8.897010803222656
INFO:root:Batch 56, Loss: 9.102023124694824
INFO:root:Batch 57, Loss: 9.032073020935059
INFO:root:Batch 58, Loss: 8.94446086883545
INFO:root:Batch 59, Loss: 8.726949691772461
INFO:root:Batch 60, Loss: 8.853389739990234
INFO:root:Batch 61, Loss: 8.936813354492188
INFO:root:Batch 62, Loss: 8.690614700317383
INFO:root:Batch 63, Loss: 8.881123542785645
INFO:root:Batch 64, Loss: 8.973154067993164
INFO:root:Batch 65, Loss: 8.776795387268066
INFO:root:Batch 66, Loss: 8.896023750305176
INFO:root:Batch 67, Loss: 8.742414474487305
INFO:root:Batch 68, Loss: 8.541946411132812
INFO:root:Batch 69, Loss: 8.604743003845215
INFO:root:Batch 70, Loss: 8.624691009521484
INFO:root:Batch 71, Loss: 8.897393226623535
INFO:root:Batch 72, Loss: 8.44022274017334
INFO:root:Batch 73, Loss: 8.502500534057617
INFO:root:Batch 74, Loss: 8.527587890625
INFO:root:Batch 75, Loss: 8.522412300109863
INFO:root:Batch 76, Loss: 8.667819023132324
INFO:root:Batch 77, Loss: 8.277688026428223
INFO:root:Batch 78, Loss: 8.430129051208496
INFO:root:Batch 79, Loss: 8.595818519592285
INFO:root:Batch 80, Loss: 8.435239791870117
INFO:root:Batch 81, Loss: 8.947212219238281
INFO:root:Batch 82, Loss: 8.227704048156738
INFO:root:Batch 83, Loss: 8.749001502990723
INFO:root:Batch 84, Loss: 8.465859413146973
INFO:root:Batch 85, Loss: 8.31518840789795
INFO:root:Batch 86, Loss: 8.654158592224121
INFO:root:Batch 87, Loss: 8.349638938903809
INFO:root:Batch 88, Loss: 8.633708000183105
INFO:root:Batch 89, Loss: 8.677220344543457
INFO:root:Batch 90, Loss: 8.521049499511719
INFO:root:Batch 91, Loss: 8.43492603302002
INFO:root:Batch 92, Loss: 8.6466064453125
INFO:root:Batch 93, Loss: 8.431836128234863
INFO:root:Batch 94, Loss: 8.123860359191895
INFO:root:Batch 95, Loss: 8.308685302734375
INFO:root:Batch 96, Loss: 8.134220123291016
INFO:root:Batch 97, Loss: 7.9275312423706055
INFO:root:Batch 98, Loss: 8.294443130493164
INFO:root:Batch 99, Loss: 8.098152160644531
INFO:root:Batch 100, Loss: 8.259099960327148
INFO:root:Batch 101, Loss: 7.924958229064941
INFO:root:Batch 102, Loss: 7.987174987792969
INFO:root:Batch 103, Loss: 7.9776740074157715
INFO:root:Batch 104, Loss: 7.82517147064209
INFO:root:Batch 105, Loss: 8.034202575683594
INFO:root:Batch 106, Loss: 8.256988525390625
INFO:root:Batch 107, Loss: 7.83650016784668
INFO:root:Batch 108, Loss: 7.694559574127197
INFO:root:Batch 109, Loss: 7.682638645172119
INFO:root:Batch 110, Loss: 7.716118812561035
INFO:root:Batch 111, Loss: 7.878992080688477
INFO:root:Batch 112, Loss: 7.907015800476074
INFO:root:Batch 113, Loss: 8.062721252441406
INFO:root:Batch 114, Loss: 8.025373458862305
INFO:root:Batch 115, Loss: 7.9967756271362305
INFO:root:Batch 116, Loss: 8.147221565246582
INFO:root:Batch 117, Loss: 7.997079372406006
INFO:root:Batch 118, Loss: 7.452269554138184
INFO:root:Batch 119, Loss: 8.097789764404297
INFO:root:Batch 120, Loss: 7.927072048187256
INFO:root:Batch 121, Loss: 7.888768196105957
INFO:root:Batch 122, Loss: 7.7149763107299805
INFO:root:Batch 123, Loss: 7.294466495513916
INFO:root:Batch 124, Loss: 7.546748161315918
INFO:root:Batch 125, Loss: 7.793821334838867
INFO:root:Batch 126, Loss: 8.343146324157715
INFO:root:Batch 127, Loss: 7.5914177894592285
INFO:root:Batch 128, Loss: 8.152212142944336
INFO:root:Batch 129, Loss: 7.832732677459717
INFO:root:Batch 130, Loss: 7.684138774871826
INFO:root:Batch 131, Loss: 7.832875728607178
INFO:root:Batch 132, Loss: 7.816985607147217
INFO:root:Batch 133, Loss: 7.244577884674072
INFO:root:Batch 134, Loss: 7.16045618057251
INFO:root:Batch 135, Loss: 7.749649524688721
INFO:root:Batch 136, Loss: 7.779069423675537
INFO:root:Batch 137, Loss: 7.8478102684021
INFO:root:Batch 138, Loss: 7.958563804626465
INFO:root:Batch 139, Loss: 7.773156642913818
INFO:root:Batch 140, Loss: 7.2624101638793945
INFO:root:Batch 141, Loss: 7.808236598968506
INFO:root:Batch 142, Loss: 7.465682029724121
INFO:root:Batch 143, Loss: 7.00372314453125
INFO:root:Batch 144, Loss: 7.435572624206543
INFO:root:Batch 145, Loss: 7.122694969177246
INFO:root:Batch 146, Loss: 7.570652008056641
INFO:root:Batch 147, Loss: 7.587544918060303
INFO:root:Batch 148, Loss: 7.414052963256836
INFO:root:Batch 149, Loss: 7.401995658874512
INFO:root:Batch 150, Loss: 7.421401500701904
INFO:root:Batch 151, Loss: 7.197858810424805
INFO:root:Batch 152, Loss: 6.725318431854248
INFO:root:Batch 153, Loss: 7.363400936126709
INFO:root:Batch 154, Loss: 6.783368110656738
INFO:root:Batch 155, Loss: 7.168893337249756
INFO:root:Batch 156, Loss: 7.72341775894165
INFO:root:Batch 157, Loss: 7.659552097320557
INFO:root:Batch 158, Loss: 7.254045009613037
INFO:root:Batch 159, Loss: 7.3723297119140625
INFO:root:Batch 160, Loss: 7.3743109703063965
INFO:root:Batch 161, Loss: 7.043362617492676
INFO:root:Batch 162, Loss: 6.789862632751465
INFO:root:Batch 163, Loss: 6.528761863708496
INFO:root:Batch 164, Loss: 6.550307750701904
INFO:root:Batch 165, Loss: 7.009554862976074
INFO:root:Batch 166, Loss: 6.595075607299805
INFO:root:Batch 167, Loss: 6.87107515335083
INFO:root:Batch 168, Loss: 7.0245747566223145
INFO:root:Batch 169, Loss: 7.397061824798584
INFO:root:Batch 170, Loss: 7.048787593841553
INFO:root:Batch 171, Loss: 6.977107524871826
INFO:root:Batch 172, Loss: 6.898693561553955
INFO:root:Batch 173, Loss: 7.241158485412598
INFO:root:Batch 174, Loss: 6.595683574676514
INFO:root:Batch 175, Loss: 7.276519298553467
INFO:root:Batch 176, Loss: 7.099660873413086
INFO:root:Batch 177, Loss: 7.201353073120117
INFO:root:Batch 178, Loss: 6.812566757202148
INFO:root:Batch 179, Loss: 6.9150614738464355
INFO:root:Batch 180, Loss: 6.915816307067871
INFO:root:Batch 181, Loss: 6.624875545501709
INFO:root:Batch 182, Loss: 6.3682451248168945
INFO:root:Batch 183, Loss: 6.66438627243042
INFO:root:Batch 184, Loss: 6.727199077606201
INFO:root:Batch 185, Loss: 7.255760669708252
INFO:root:Batch 186, Loss: 7.371998310089111
INFO:root:Batch 187, Loss: 7.074219703674316
INFO:root:Batch 188, Loss: 6.480931758880615
INFO:root:Batch 189, Loss: 6.252377033233643
INFO:root:Batch 190, Loss: 7.410807132720947
INFO:root:Batch 191, Loss: 5.606158256530762
INFO:root:Batch 192, Loss: 6.343068599700928
INFO:root:Batch 193, Loss: 6.713686943054199
INFO:root:Batch 194, Loss: 6.452227592468262
INFO:root:Batch 195, Loss: 7.53195858001709
INFO:root:Batch 196, Loss: 6.23884916305542
INFO:root:Batch 197, Loss: 7.156921863555908
INFO:root:Batch 198, Loss: 6.88155460357666
INFO:root:Batch 199, Loss: 6.3460693359375
INFO:root:Batch 200, Loss: 6.435252666473389
INFO:root:Batch 201, Loss: 6.537375450134277
INFO:root:Batch 202, Loss: 6.918193817138672
INFO:root:Batch 203, Loss: 7.401131629943848
INFO:root:Batch 204, Loss: 6.083165645599365
INFO:root:Batch 205, Loss: 6.621682167053223
INFO:root:Batch 206, Loss: 6.178293704986572
INFO:root:Batch 207, Loss: 6.099915981292725
INFO:root:Batch 208, Loss: 6.961269855499268
INFO:root:Batch 209, Loss: 6.257749080657959
INFO:root:Batch 210, Loss: 6.328829765319824
INFO:root:Batch 211, Loss: 6.385096073150635
INFO:root:Batch 212, Loss: 6.7813262939453125
INFO:root:Batch 213, Loss: 5.97446870803833
INFO:root:Batch 214, Loss: 6.556040287017822
INFO:root:Batch 215, Loss: 6.231971263885498
INFO:root:Batch 216, Loss: 5.570692539215088
INFO:root:Batch 217, Loss: 6.07243013381958
INFO:root:Batch 218, Loss: 6.35262393951416
INFO:root:Batch 219, Loss: 5.815408229827881
INFO:root:Batch 220, Loss: 5.880616188049316
INFO:root:Batch 221, Loss: 5.598609924316406
INFO:root:Batch 222, Loss: 5.8190836906433105
INFO:root:Batch 223, Loss: 5.936490535736084
INFO:root:Batch 224, Loss: 6.490697860717773
INFO:root:Batch 225, Loss: 6.204192638397217
INFO:root:Batch 226, Loss: 6.126330375671387
INFO:root:Batch 227, Loss: 5.949182510375977
INFO:root:Batch 228, Loss: 6.6892499923706055
INFO:root:Batch 229, Loss: 6.181817531585693
INFO:root:Batch 230, Loss: 5.875558853149414
INFO:root:Batch 231, Loss: 5.493182182312012
INFO:root:Batch 232, Loss: 6.207756996154785
INFO:root:Batch 233, Loss: 5.72204065322876
INFO:root:Batch 234, Loss: 5.531212329864502
INFO:root:Batch 235, Loss: 6.031525611877441
INFO:root:Batch 236, Loss: 6.501987934112549
INFO:root:Batch 237, Loss: 5.712753772735596
INFO:root:Batch 238, Loss: 5.973577499389648
INFO:root:Batch 239, Loss: 5.50652551651001
INFO:root:Batch 240, Loss: 5.878456115722656
INFO:root:Batch 241, Loss: 5.60429048538208
INFO:root:Batch 242, Loss: 6.005257606506348
INFO:root:Batch 243, Loss: 6.1019606590271
INFO:root:Batch 244, Loss: 5.6879143714904785
INFO:root:Batch 245, Loss: 6.842111587524414
INFO:root:Batch 246, Loss: 5.9641218185424805
INFO:root:Batch 247, Loss: 6.106744289398193
INFO:root:Batch 248, Loss: 6.055281639099121
INFO:root:Batch 249, Loss: 5.638812065124512
INFO:root:Batch 250, Loss: 5.767343044281006
INFO:root:Batch 251, Loss: 5.845043182373047
INFO:root:Batch 252, Loss: 6.268635272979736
INFO:root:Batch 253, Loss: 5.816151142120361
INFO:root:Batch 254, Loss: 6.245066165924072
INFO:root:Batch 255, Loss: 6.488265514373779
INFO:root:Batch 256, Loss: 5.631508827209473
INFO:root:Batch 257, Loss: 5.9063401222229
INFO:root:Batch 258, Loss: 6.419537544250488
INFO:root:Batch 259, Loss: 5.739915370941162
INFO:root:Batch 260, Loss: 5.812765598297119
INFO:root:Batch 261, Loss: 6.2296857833862305
