INFO:root:Epoch 1, Batch 0, Loss: 10.798083305358887
INFO:root:Epoch 1, Batch 1, Loss: 10.829692840576172
INFO:root:Epoch 1, Batch 2, Loss: 10.727746963500977
INFO:root:Epoch 1, Batch 3, Loss: 10.79836654663086
INFO:root:Epoch 1, Batch 4, Loss: 10.809280395507812
INFO:root:Epoch 1, Batch 5, Loss: 10.700403213500977
INFO:root:Epoch 1, Batch 6, Loss: 10.721738815307617
INFO:root:Epoch 1, Batch 7, Loss: 10.648909568786621
INFO:root:Epoch 1, Batch 8, Loss: 10.713743209838867
INFO:root:Epoch 1, Batch 9, Loss: 10.741118431091309
INFO:root:Epoch 1, Batch 10, Loss: 10.597453117370605
INFO:root:Epoch 1, Batch 11, Loss: 10.752487182617188
INFO:root:Epoch 1, Batch 12, Loss: 10.673140525817871
INFO:root:Epoch 1, Batch 13, Loss: 10.67846393585205
INFO:root:Epoch 1, Batch 14, Loss: 10.799633979797363
INFO:root:Epoch 1, Batch 15, Loss: 10.66289234161377
INFO:root:Epoch 1, Batch 16, Loss: 10.657894134521484
INFO:root:Epoch 1, Batch 17, Loss: 10.708178520202637
INFO:root:Epoch 1, Batch 18, Loss: 10.705548286437988
INFO:root:Epoch 1, Batch 19, Loss: 10.70938491821289
INFO:root:Epoch 1, Batch 20, Loss: 10.62193489074707
INFO:root:Epoch 1, Batch 21, Loss: 10.656020164489746
INFO:root:Epoch 1, Batch 22, Loss: 10.704740524291992
INFO:root:Epoch 1, Batch 23, Loss: 10.577837944030762
INFO:root:Epoch 1, Batch 24, Loss: 10.71863079071045
INFO:root:Epoch 1, Batch 25, Loss: 10.735547065734863
INFO:root:Epoch 1, Batch 26, Loss: 10.640308380126953
INFO:root:Epoch 1, Batch 27, Loss: 10.589031219482422
INFO:root:Epoch 1, Batch 28, Loss: 10.702744483947754
INFO:root:Epoch 1, Batch 29, Loss: 10.714981079101562
INFO:root:Epoch 1, Batch 30, Loss: 10.672781944274902
INFO:root:Epoch 1, Batch 31, Loss: 10.693958282470703
INFO:root:Epoch 1, Batch 32, Loss: 10.663361549377441
INFO:root:Epoch 1, Batch 33, Loss: 10.542208671569824
INFO:root:Epoch 1, Batch 34, Loss: 10.6687650680542
INFO:root:Epoch 1, Batch 35, Loss: 10.650971412658691
INFO:root:Epoch 1, Batch 36, Loss: 10.627934455871582
INFO:root:Epoch 1, Batch 37, Loss: 10.537195205688477
INFO:root:Epoch 1, Batch 38, Loss: 10.663779258728027
INFO:root:Epoch 1, Batch 39, Loss: 10.68196964263916
INFO:root:Epoch 1, Batch 40, Loss: 10.616349220275879
INFO:root:Epoch 1, Batch 41, Loss: 10.634602546691895
INFO:root:Epoch 1, Batch 42, Loss: 10.682982444763184
INFO:root:Epoch 1, Batch 43, Loss: 10.479585647583008
INFO:root:Epoch 1, Batch 44, Loss: 10.585453033447266
INFO:root:Epoch 1, Batch 45, Loss: 10.598459243774414
INFO:root:Epoch 1, Batch 46, Loss: 10.615821838378906
INFO:root:Epoch 1, Batch 47, Loss: 10.619804382324219
INFO:root:Epoch 1, Batch 48, Loss: 10.611653327941895
INFO:root:Epoch 1, Batch 49, Loss: 10.60586166381836
INFO:root:Epoch 1, Batch 50, Loss: 10.550658226013184
INFO:root:Epoch 1, Batch 51, Loss: 10.578113555908203
INFO:root:Epoch 1, Batch 52, Loss: 10.62601089477539
INFO:root:Epoch 1, Batch 53, Loss: 10.464662551879883
INFO:root:Epoch 1, Batch 54, Loss: 10.632074356079102
INFO:root:Epoch 1, Batch 55, Loss: 10.594762802124023
INFO:root:Epoch 1, Batch 56, Loss: 10.562516212463379
INFO:root:Epoch 1, Batch 57, Loss: 10.542317390441895
INFO:root:Epoch 1, Batch 58, Loss: 10.57153034210205
INFO:root:Epoch 1, Batch 59, Loss: 10.580619812011719
INFO:root:Epoch 1, Batch 60, Loss: 10.557764053344727
INFO:root:Epoch 1, Batch 61, Loss: 10.541790962219238
INFO:root:Epoch 1, Batch 62, Loss: 10.567524909973145
INFO:root:Epoch 1, Batch 63, Loss: 10.569568634033203
INFO:root:Epoch 1, Batch 64, Loss: 10.517271995544434
INFO:root:Epoch 1, Batch 65, Loss: 10.55162525177002
INFO:root:Epoch 1, Batch 66, Loss: 10.529605865478516
INFO:root:Epoch 1, Batch 67, Loss: 10.542530059814453
INFO:root:Epoch 1, Batch 68, Loss: 10.544546127319336
INFO:root:Epoch 1, Batch 69, Loss: 10.518746376037598
INFO:root:Epoch 1, Batch 70, Loss: 10.531672477722168
INFO:root:Epoch 1, Batch 71, Loss: 10.476737022399902
INFO:root:Epoch 1, Batch 72, Loss: 10.548401832580566
INFO:root:Epoch 1, Batch 73, Loss: 10.525556564331055
INFO:root:Epoch 1, Batch 74, Loss: 10.515003204345703
INFO:root:Epoch 1, Batch 75, Loss: 10.528839111328125
INFO:root:Epoch 1, Batch 76, Loss: 10.532943725585938
INFO:root:Epoch 1, Batch 77, Loss: 10.499310493469238
INFO:root:Epoch 1, Batch 78, Loss: 10.505766868591309
INFO:root:Epoch 1, Batch 79, Loss: 10.469953536987305
INFO:root:Epoch 1, Batch 80, Loss: 10.514616966247559
INFO:root:Epoch 1, Batch 81, Loss: 10.487862586975098
INFO:root:Epoch 1, Batch 82, Loss: 10.479483604431152
INFO:root:Epoch 1, Batch 83, Loss: 10.501890182495117
INFO:root:Epoch 1, Batch 84, Loss: 10.492752075195312
INFO:root:Epoch 1, Batch 85, Loss: 10.460860252380371
INFO:root:Epoch 1, Batch 86, Loss: 10.424181938171387
INFO:root:Epoch 1, Batch 87, Loss: 10.498385429382324
INFO:root:Epoch 1, Batch 88, Loss: 10.49127197265625
INFO:root:Epoch 1, Batch 89, Loss: 10.448602676391602
INFO:root:Epoch 1, Batch 90, Loss: 10.4533109664917
INFO:root:Epoch 1, Batch 91, Loss: 10.502339363098145
INFO:root:Epoch 1, Batch 92, Loss: 10.44888687133789
INFO:root:Epoch 1, Batch 93, Loss: 10.469385147094727
INFO:root:Epoch 1, Batch 94, Loss: 10.426945686340332
INFO:root:Epoch 1, Batch 95, Loss: 10.459054946899414
INFO:root:Epoch 1, Batch 96, Loss: 10.444925308227539
INFO:root:Epoch 1, Batch 97, Loss: 10.450263023376465
INFO:root:Epoch 1, Batch 98, Loss: 10.449606895446777
INFO:root:Epoch 1, Batch 99, Loss: 10.467446327209473
INFO:root:Epoch 1, Batch 100, Loss: 10.428484916687012
INFO:root:Epoch 1, Batch 101, Loss: 10.406460762023926
INFO:root:Epoch 1, Batch 102, Loss: 10.436727523803711
INFO:root:Epoch 1, Batch 103, Loss: 10.440816879272461
INFO:root:Epoch 1, Batch 104, Loss: 10.393245697021484
INFO:root:Epoch 1, Batch 105, Loss: 10.414113998413086
INFO:root:Epoch 1, Batch 106, Loss: 10.434185981750488
INFO:root:Epoch 1, Batch 107, Loss: 10.392707824707031
INFO:root:Epoch 1, Batch 108, Loss: 10.363311767578125
INFO:root:Epoch 1, Batch 109, Loss: 10.391406059265137
INFO:root:Epoch 1, Batch 110, Loss: 10.355877876281738
INFO:root:Epoch 1, Batch 111, Loss: 10.399579048156738
INFO:root:Epoch 1, Batch 112, Loss: 10.362870216369629
INFO:root:Epoch 1, Batch 113, Loss: 10.4107666015625
INFO:root:Epoch 1, Batch 114, Loss: 10.401043891906738
INFO:root:Epoch 1, Batch 115, Loss: 10.399491310119629
INFO:root:Epoch 1, Batch 116, Loss: 10.38607120513916
INFO:root:Epoch 1, Batch 117, Loss: 10.38636302947998
INFO:root:Epoch 1, Batch 118, Loss: 10.296431541442871
INFO:root:Epoch 1, Batch 119, Loss: 10.37050724029541
INFO:root:Epoch 1, Batch 120, Loss: 10.33973503112793
INFO:root:Epoch 1, Batch 121, Loss: 10.334816932678223
INFO:root:Epoch 1, Batch 122, Loss: 10.331178665161133
INFO:root:Epoch 1, Batch 123, Loss: 10.240457534790039
INFO:root:Epoch 1, Batch 124, Loss: 10.31639289855957
INFO:root:Epoch 1, Batch 125, Loss: 10.33174991607666
INFO:root:Epoch 1, Batch 126, Loss: 10.406207084655762
INFO:root:Epoch 1, Batch 127, Loss: 10.336991310119629
INFO:root:Epoch 1, Batch 128, Loss: 10.391963005065918
INFO:root:Epoch 1, Batch 129, Loss: 10.345650672912598
INFO:root:Epoch 1, Batch 130, Loss: 10.32309627532959
INFO:root:Epoch 1, Batch 131, Loss: 10.364058494567871
INFO:root:Epoch 1, Batch 132, Loss: 10.329398155212402
INFO:root:Epoch 1, Batch 133, Loss: 10.257898330688477
INFO:root:Epoch 1, Batch 134, Loss: 10.20458984375
INFO:root:Epoch 1, Batch 135, Loss: 10.342032432556152
INFO:root:Epoch 1, Batch 136, Loss: 10.335598945617676
INFO:root:Epoch 1, Batch 137, Loss: 10.317320823669434
INFO:root:Epoch 1, Batch 138, Loss: 10.336222648620605
INFO:root:Epoch 1, Batch 139, Loss: 10.345256805419922
INFO:root:Epoch 1, Batch 140, Loss: 10.235185623168945
INFO:root:Epoch 1, Batch 141, Loss: 10.344304084777832
INFO:root:Epoch 1, Batch 142, Loss: 10.285876274108887
INFO:root:Epoch 1, Batch 143, Loss: 10.180737495422363
INFO:root:Epoch 1, Batch 144, Loss: 10.276778221130371
INFO:root:Epoch 1, Batch 145, Loss: 10.21693229675293
INFO:root:Epoch 1, Batch 146, Loss: 10.309895515441895
INFO:root:Epoch 1, Batch 147, Loss: 10.309053421020508
INFO:root:Epoch 1, Batch 148, Loss: 10.285134315490723
INFO:root:Epoch 1, Batch 149, Loss: 10.253026008605957
INFO:root:Epoch 1, Batch 150, Loss: 10.273853302001953
INFO:root:Epoch 1, Batch 151, Loss: 10.20689868927002
INFO:root:Epoch 1, Batch 152, Loss: 10.111685752868652
INFO:root:Epoch 1, Batch 153, Loss: 10.273250579833984
INFO:root:Epoch 1, Batch 154, Loss: 10.115286827087402
INFO:root:Epoch 1, Batch 155, Loss: 10.216666221618652
INFO:root:Epoch 1, Batch 156, Loss: 10.354104995727539
INFO:root:Epoch 1, Batch 157, Loss: 10.350157737731934
INFO:root:Epoch 1, Batch 158, Loss: 10.230838775634766
INFO:root:Epoch 1, Batch 159, Loss: 10.272780418395996
INFO:root:Epoch 1, Batch 160, Loss: 10.24210262298584
INFO:root:Epoch 1, Batch 161, Loss: 10.193520545959473
INFO:root:Epoch 1, Batch 162, Loss: 10.13376235961914
INFO:root:Epoch 1, Batch 163, Loss: 10.032944679260254
INFO:root:Epoch 1, Batch 164, Loss: 10.036169052124023
INFO:root:Epoch 1, Batch 165, Loss: 10.205306053161621
INFO:root:Epoch 1, Batch 166, Loss: 10.050395965576172
INFO:root:Epoch 1, Batch 167, Loss: 10.129434585571289
INFO:root:Epoch 1, Batch 168, Loss: 10.182707786560059
INFO:root:Epoch 1, Batch 169, Loss: 10.257238388061523
INFO:root:Epoch 1, Batch 170, Loss: 10.17867660522461
INFO:root:Epoch 1, Batch 171, Loss: 10.192703247070312
INFO:root:Epoch 1, Batch 172, Loss: 10.125707626342773
INFO:root:Epoch 1, Batch 173, Loss: 10.23438835144043
INFO:root:Epoch 1, Batch 174, Loss: 10.079744338989258
INFO:root:Epoch 1, Batch 175, Loss: 10.21583080291748
INFO:root:Epoch 1, Batch 176, Loss: 10.208162307739258
INFO:root:Epoch 1, Batch 177, Loss: 10.275289535522461
INFO:root:Epoch 1, Batch 178, Loss: 10.125971794128418
INFO:root:Epoch 1, Batch 179, Loss: 10.198715209960938
INFO:root:Epoch 1, Batch 180, Loss: 10.178121566772461
INFO:root:Epoch 1, Batch 181, Loss: 10.071151733398438
INFO:root:Epoch 1, Batch 182, Loss: 9.98050594329834
INFO:root:Epoch 1, Batch 183, Loss: 10.116700172424316
INFO:root:Epoch 1, Batch 184, Loss: 10.114431381225586
INFO:root:Epoch 1, Batch 185, Loss: 10.278849601745605
INFO:root:Epoch 1, Batch 186, Loss: 10.241239547729492
INFO:root:Epoch 1, Batch 187, Loss: 10.1945161819458
INFO:root:Epoch 1, Batch 188, Loss: 10.04819393157959
INFO:root:Epoch 1, Batch 189, Loss: 9.964691162109375
INFO:root:Epoch 1, Batch 190, Loss: 10.257528305053711
INFO:root:Epoch 1, Batch 191, Loss: 9.710684776306152
INFO:root:Epoch 1, Batch 192, Loss: 9.961666107177734
INFO:root:Epoch 1, Batch 193, Loss: 10.0838623046875
INFO:root:Epoch 1, Batch 194, Loss: 10.001147270202637
INFO:root:Epoch 1, Batch 195, Loss: 10.319758415222168
INFO:root:Epoch 1, Batch 196, Loss: 9.9765043258667
INFO:root:Epoch 1, Batch 197, Loss: 10.227025985717773
INFO:root:Epoch 1, Batch 198, Loss: 10.183306694030762
INFO:root:Epoch 1, Batch 199, Loss: 9.999473571777344
INFO:root:Epoch 1, Batch 200, Loss: 10.038118362426758
INFO:root:Epoch 1, Batch 201, Loss: 10.066023826599121
INFO:root:Epoch 1, Batch 202, Loss: 10.182464599609375
INFO:root:Epoch 1, Batch 203, Loss: 10.275132179260254
INFO:root:Epoch 1, Batch 204, Loss: 9.925968170166016
INFO:root:Epoch 1, Batch 205, Loss: 10.102331161499023
INFO:root:Epoch 1, Batch 206, Loss: 9.961645126342773
INFO:root:Epoch 1, Batch 207, Loss: 9.878499984741211
INFO:root:Epoch 1, Batch 208, Loss: 10.194971084594727
INFO:root:Epoch 1, Batch 209, Loss: 9.98487377166748
INFO:root:Epoch 1, Batch 210, Loss: 9.990866661071777
INFO:root:Epoch 1, Batch 211, Loss: 10.036856651306152
INFO:root:Epoch 1, Batch 212, Loss: 10.150017738342285
INFO:root:Epoch 1, Batch 213, Loss: 9.859440803527832
INFO:root:Epoch 1, Batch 214, Loss: 10.068780899047852
INFO:root:Epoch 1, Batch 215, Loss: 9.96353530883789
INFO:root:Epoch 1, Batch 216, Loss: 9.677833557128906
INFO:root:Epoch 1, Batch 217, Loss: 9.889337539672852
INFO:root:Epoch 1, Batch 218, Loss: 9.990190505981445
INFO:root:Epoch 1, Batch 219, Loss: 9.76860237121582
INFO:root:Epoch 1, Batch 220, Loss: 9.820113182067871
INFO:root:Epoch 1, Batch 221, Loss: 9.671687126159668
INFO:root:Epoch 1, Batch 222, Loss: 9.778315544128418
INFO:root:Epoch 1, Batch 223, Loss: 9.855003356933594
INFO:root:Epoch 1, Batch 224, Loss: 10.040705680847168
INFO:root:Epoch 1, Batch 225, Loss: 9.94415283203125
INFO:root:Epoch 1, Batch 226, Loss: 9.915014266967773
INFO:root:Epoch 1, Batch 227, Loss: 9.840211868286133
INFO:root:Epoch 1, Batch 228, Loss: 10.12887954711914
INFO:root:Epoch 1, Batch 229, Loss: 10.000179290771484
INFO:root:Epoch 1, Batch 230, Loss: 9.805703163146973
INFO:root:Epoch 1, Batch 231, Loss: 9.630294799804688
INFO:root:Epoch 1, Batch 232, Loss: 9.9699068069458
INFO:root:Epoch 1, Batch 233, Loss: 9.757268905639648
INFO:root:Epoch 1, Batch 234, Loss: 9.623492240905762
INFO:root:Epoch 1, Batch 235, Loss: 9.868762016296387
INFO:root:Epoch 1, Batch 236, Loss: 10.09201431274414
INFO:root:Epoch 1, Batch 237, Loss: 9.702713966369629
INFO:root:Epoch 1, Batch 238, Loss: 9.816288948059082
INFO:root:Epoch 1, Batch 239, Loss: 9.612310409545898
INFO:root:Epoch 1, Batch 240, Loss: 9.772063255310059
INFO:root:Epoch 1, Batch 241, Loss: 9.660222053527832
INFO:root:Epoch 1, Batch 242, Loss: 9.902451515197754
INFO:root:Epoch 1, Batch 243, Loss: 9.921175003051758
INFO:root:Epoch 1, Batch 244, Loss: 9.710844993591309
INFO:root:Epoch 1, Batch 245, Loss: 10.226642608642578
INFO:root:Epoch 1, Batch 246, Loss: 9.808141708374023
INFO:root:Epoch 1, Batch 247, Loss: 9.90142822265625
INFO:root:Epoch 1, Batch 248, Loss: 9.893321990966797
INFO:root:Epoch 1, Batch 249, Loss: 9.693408012390137
INFO:root:Epoch 1, Batch 250, Loss: 9.77126693725586
INFO:root:Epoch 1, Batch 251, Loss: 9.75476360321045
INFO:root:Epoch 1, Batch 252, Loss: 9.974893569946289
INFO:root:Epoch 1, Batch 253, Loss: 9.741259574890137
INFO:root:Epoch 1, Batch 254, Loss: 9.978611946105957
INFO:root:Epoch 1, Batch 255, Loss: 10.085121154785156
INFO:root:Epoch 1, Batch 256, Loss: 9.652748107910156
INFO:root:Epoch 1, Batch 257, Loss: 9.80046558380127
INFO:root:Epoch 1, Batch 258, Loss: 10.218501091003418
INFO:root:Epoch 1, Batch 259, Loss: 9.694084167480469
INFO:root:Epoch 1, Batch 260, Loss: 9.763958930969238
INFO:root:Epoch 1, Batch 261, Loss: 9.971335411071777
INFO:root:Epoch 1, Batch 262, Loss: 9.520234107971191
INFO:root:Epoch 1, Batch 263, Loss: 9.381884574890137
INFO:root:Epoch 1, Batch 264, Loss: 10.009634971618652
INFO:root:Epoch 1, Batch 265, Loss: 9.595727920532227
INFO:root:Epoch 1, Batch 266, Loss: 9.529328346252441
INFO:root:Epoch 1, Batch 267, Loss: 9.788663864135742
INFO:root:Epoch 1, Batch 268, Loss: 9.580875396728516
INFO:root:Epoch 1, Batch 269, Loss: 9.448272705078125
INFO:root:Epoch 1, Batch 270, Loss: 9.703946113586426
INFO:root:Epoch 1, Batch 271, Loss: 9.575095176696777
INFO:root:Epoch 1, Batch 272, Loss: 9.765624046325684
INFO:root:Epoch 1, Batch 273, Loss: 9.585704803466797
INFO:root:Epoch 1, Batch 274, Loss: 9.695244789123535
INFO:root:Epoch 1, Batch 275, Loss: 9.947165489196777
INFO:root:Epoch 1, Batch 276, Loss: 9.4609375
INFO:root:Epoch 1, Batch 277, Loss: 9.842905044555664
INFO:root:Epoch 1, Batch 278, Loss: 9.368804931640625
INFO:root:Epoch 1, Batch 279, Loss: 9.733304023742676
INFO:root:Epoch 1, Batch 280, Loss: 9.358016014099121
INFO:root:Epoch 1, Batch 281, Loss: 9.728581428527832
INFO:root:Epoch 1, Batch 282, Loss: 9.44322395324707
INFO:root:Epoch 1, Batch 283, Loss: 9.535124778747559
INFO:root:Epoch 1, Batch 284, Loss: 9.511404991149902
INFO:root:Epoch 1, Batch 285, Loss: 9.600301742553711
INFO:root:Epoch 1, Batch 286, Loss: 9.827573776245117
INFO:root:Epoch 1, Batch 287, Loss: 9.544800758361816
INFO:root:Epoch 1, Batch 288, Loss: 9.745123863220215
INFO:root:Epoch 1, Batch 289, Loss: 9.669698715209961
INFO:root:Epoch 1, Batch 290, Loss: 9.472648620605469
INFO:root:Epoch 1, Batch 291, Loss: 9.611530303955078
INFO:root:Epoch 1, Batch 292, Loss: 9.600078582763672
INFO:root:Epoch 1, Batch 293, Loss: 9.16000747680664
INFO:root:Epoch 1, Batch 294, Loss: 9.632766723632812
INFO:root:Epoch 1, Batch 295, Loss: 9.692667961120605
INFO:root:Epoch 1, Batch 296, Loss: 9.588177680969238
INFO:root:Epoch 1, Batch 297, Loss: 9.431407928466797
INFO:root:Epoch 1, Batch 298, Loss: 9.874540328979492
INFO:root:Epoch 1, Batch 299, Loss: 9.632183074951172
INFO:root:Epoch 1, Batch 300, Loss: 9.852639198303223
INFO:root:Epoch 1, Batch 301, Loss: 9.477529525756836
INFO:root:Epoch 1, Batch 302, Loss: 9.448637008666992
INFO:root:Epoch 1, Batch 303, Loss: 9.09762191772461
INFO:root:Epoch 1, Batch 304, Loss: 9.907825469970703
INFO:root:Epoch 1, Batch 305, Loss: 9.408451080322266
INFO:root:Epoch 1, Batch 306, Loss: 9.488037109375
INFO:root:Epoch 1, Batch 307, Loss: 9.424139976501465
INFO:root:Epoch 1, Batch 308, Loss: 9.448564529418945
INFO:root:Epoch 1, Batch 309, Loss: 9.527191162109375
INFO:root:Epoch 1, Batch 310, Loss: 9.08236312866211
INFO:root:Epoch 1, Batch 311, Loss: 9.516009330749512
INFO:root:Epoch 1, Batch 312, Loss: 9.298412322998047
INFO:root:Epoch 1, Batch 313, Loss: 9.425965309143066
INFO:root:Epoch 1, Batch 314, Loss: 9.821762084960938
INFO:root:Epoch 1, Batch 315, Loss: 9.362285614013672
INFO:root:Epoch 1, Batch 316, Loss: 9.35134506225586
INFO:root:Epoch 1, Batch 317, Loss: 9.680670738220215
INFO:root:Epoch 1, Batch 318, Loss: 9.163735389709473
INFO:root:Epoch 1, Batch 319, Loss: 9.250107765197754
INFO:root:Epoch 1, Batch 320, Loss: 9.626906394958496
INFO:root:Epoch 1, Batch 321, Loss: 9.00241756439209
INFO:root:Epoch 1, Batch 322, Loss: 8.965363502502441
INFO:root:Epoch 1, Batch 323, Loss: 9.370878219604492
INFO:root:Epoch 1, Batch 324, Loss: 9.603854179382324
INFO:root:Epoch 1, Batch 325, Loss: 9.197882652282715
INFO:root:Epoch 1, Batch 326, Loss: 9.315191268920898
INFO:root:Epoch 1, Batch 327, Loss: 9.100801467895508
INFO:root:Epoch 1, Batch 328, Loss: 9.861454963684082
INFO:root:Epoch 1, Batch 329, Loss: 9.453761100769043
INFO:root:Epoch 1, Batch 330, Loss: 9.10588264465332
INFO:root:Epoch 1, Batch 331, Loss: 9.28248405456543
INFO:root:Epoch 1, Batch 332, Loss: 9.255692481994629
INFO:root:Epoch 1, Batch 333, Loss: 9.141339302062988
INFO:root:Epoch 1, Batch 334, Loss: 9.201650619506836
INFO:root:Epoch 1, Batch 335, Loss: 9.302734375
INFO:root:Epoch 1, Batch 336, Loss: 8.940412521362305
INFO:root:Epoch 1, Batch 337, Loss: 9.450858116149902
INFO:root:Epoch 1, Batch 338, Loss: 9.790045738220215
INFO:root:Epoch 1, Batch 339, Loss: 9.567986488342285
INFO:root:Epoch 1, Batch 340, Loss: 9.653581619262695
INFO:root:Epoch 1, Batch 341, Loss: 9.08506965637207
INFO:root:Epoch 1, Batch 342, Loss: 9.447461128234863
INFO:root:Epoch 1, Batch 343, Loss: 9.396819114685059
INFO:root:Epoch 1, Batch 344, Loss: 8.65591812133789
INFO:root:Epoch 1, Batch 345, Loss: 9.810052871704102
INFO:root:Epoch 1, Batch 346, Loss: 9.112859725952148
INFO:root:Epoch 1, Batch 347, Loss: 9.337122917175293
INFO:root:Epoch 1, Batch 348, Loss: 9.207239151000977
INFO:root:Epoch 1, Batch 349, Loss: 8.980649948120117
INFO:root:Epoch 1, Batch 350, Loss: 8.771466255187988
INFO:root:Epoch 1, Batch 351, Loss: 9.11121654510498
INFO:root:Epoch 1, Batch 352, Loss: 9.351286888122559
INFO:root:Epoch 1, Batch 353, Loss: 8.821352005004883
INFO:root:Epoch 1, Batch 354, Loss: 9.346694946289062
INFO:root:Epoch 1, Batch 355, Loss: 8.516944885253906
INFO:root:Epoch 1, Batch 356, Loss: 8.919553756713867
INFO:root:Epoch 1, Batch 357, Loss: 9.216706275939941
INFO:root:Epoch 1, Batch 358, Loss: 9.51642894744873
INFO:root:Epoch 1, Batch 359, Loss: 10.143843650817871
INFO:root:Epoch 1, Batch 360, Loss: 8.980059623718262
INFO:root:Epoch 1, Batch 361, Loss: 9.111599922180176
INFO:root:Epoch 1, Batch 362, Loss: 9.393233299255371
INFO:root:Epoch 1, Batch 363, Loss: 9.200511932373047
INFO:root:Epoch 1, Batch 364, Loss: 8.560900688171387
INFO:root:Epoch 1, Batch 365, Loss: 9.247314453125
INFO:root:Epoch 1, Batch 366, Loss: 9.414514541625977
INFO:root:Epoch 1, Batch 367, Loss: 9.55809497833252
INFO:root:Epoch 1, Batch 368, Loss: 8.897939682006836
INFO:root:Epoch 1, Batch 369, Loss: 8.85645866394043
INFO:root:Epoch 1, Batch 370, Loss: 9.556526184082031
INFO:root:Epoch 1, Batch 371, Loss: 9.040319442749023
INFO:root:Epoch 1, Batch 372, Loss: 9.125186920166016
INFO:root:Epoch 1, Batch 373, Loss: 8.811787605285645
INFO:root:Epoch 1, Batch 374, Loss: 9.080653190612793
INFO:root:Epoch 1, Batch 375, Loss: 9.150079727172852
INFO:root:Epoch 1, Batch 376, Loss: 8.98090648651123
INFO:root:Epoch 1, Batch 377, Loss: 9.149283409118652
INFO:root:Epoch 1, Batch 378, Loss: 8.876399040222168
INFO:root:Epoch 1, Batch 379, Loss: 8.861288070678711
INFO:root:Epoch 1, Batch 380, Loss: 8.521443367004395
INFO:root:Epoch 1, Batch 381, Loss: 9.288797378540039
INFO:root:Epoch 1, Batch 382, Loss: 8.686236381530762
INFO:root:Epoch 1, Batch 383, Loss: 8.995416641235352
INFO:root:Epoch 1, Batch 384, Loss: 9.461207389831543
INFO:root:Epoch 1, Batch 385, Loss: 8.751344680786133
INFO:root:Epoch 1, Batch 386, Loss: 8.847040176391602
INFO:root:Epoch 1, Batch 387, Loss: 8.964346885681152
INFO:root:Epoch 1, Batch 388, Loss: 9.642236709594727
INFO:root:Epoch 1, Batch 389, Loss: 9.649186134338379
INFO:root:Epoch 1, Batch 390, Loss: 9.302395820617676
INFO:root:Epoch 1, Batch 391, Loss: 8.93566608428955
INFO:root:Epoch 1, Batch 392, Loss: 8.850802421569824
INFO:root:Epoch 1, Batch 393, Loss: 9.355055809020996
INFO:root:Epoch 1, Batch 394, Loss: 9.425283432006836
INFO:root:Epoch 1, Batch 395, Loss: 8.540473937988281
INFO:root:Epoch 1, Batch 396, Loss: 9.798467636108398
INFO:root:Epoch 1, Batch 397, Loss: 9.284069061279297
INFO:root:Epoch 1, Batch 398, Loss: 8.17590618133545
INFO:root:Epoch 1, Batch 399, Loss: 8.534629821777344
INFO:root:Epoch 1, Batch 400, Loss: 8.11756420135498
INFO:root:Epoch 1, Batch 401, Loss: 8.602574348449707
INFO:root:Epoch 1, Batch 402, Loss: 9.402399063110352
INFO:root:Epoch 1, Batch 403, Loss: 8.899835586547852
INFO:root:Epoch 1, Batch 404, Loss: 8.769062042236328
INFO:root:Epoch 1, Batch 405, Loss: 8.65491008758545
INFO:root:Epoch 1, Batch 406, Loss: 9.452372550964355
INFO:root:Epoch 1, Batch 407, Loss: 8.785951614379883
INFO:root:Epoch 1, Batch 408, Loss: 8.97999095916748
INFO:root:Epoch 1, Batch 409, Loss: 9.181328773498535
INFO:root:Epoch 1, Batch 410, Loss: 8.71551513671875
INFO:root:Epoch 1, Batch 411, Loss: 8.362154006958008
INFO:root:Epoch 1, Batch 412, Loss: 8.851908683776855
INFO:root:Epoch 1, Batch 413, Loss: 8.109086990356445
INFO:root:Epoch 1, Batch 414, Loss: 8.899648666381836
INFO:root:Epoch 1, Batch 415, Loss: 8.33804988861084
INFO:root:Epoch 1, Batch 416, Loss: 8.425151824951172
INFO:root:Epoch 1, Batch 417, Loss: 9.084270477294922
INFO:root:Epoch 1, Batch 418, Loss: 9.331559181213379
INFO:root:Epoch 1, Batch 419, Loss: 8.291232109069824
INFO:root:Epoch 1, Batch 420, Loss: 8.176254272460938
INFO:root:Epoch 1, Batch 421, Loss: 8.6349458694458
INFO:root:Epoch 1, Batch 422, Loss: 8.787282943725586
INFO:root:Epoch 1, Batch 423, Loss: 8.85367202758789
INFO:root:Epoch 1, Batch 424, Loss: 8.15674114227295
INFO:root:Epoch 1, Batch 425, Loss: 8.513341903686523
INFO:root:Epoch 1, Batch 426, Loss: 9.353199005126953
INFO:root:Epoch 1, Batch 427, Loss: 8.834188461303711
INFO:root:Epoch 1, Batch 428, Loss: 9.384462356567383
INFO:root:Epoch 1, Batch 429, Loss: 8.043673515319824
INFO:root:Epoch 1, Batch 430, Loss: 7.968418121337891
INFO:root:Epoch 1, Batch 431, Loss: 8.902605056762695
INFO:root:Epoch 1, Batch 432, Loss: 8.148902893066406
INFO:root:Epoch 1, Batch 433, Loss: 8.694472312927246
INFO:root:Epoch 1, Batch 434, Loss: 8.807106971740723
INFO:root:Epoch 1, Batch 435, Loss: 8.62819766998291
INFO:root:Epoch 1, Batch 436, Loss: 9.354598999023438
INFO:root:Epoch 1, Batch 437, Loss: 8.705473899841309
INFO:root:Epoch 1, Batch 438, Loss: 9.702937126159668
INFO:root:Epoch 1, Batch 439, Loss: 9.03670597076416
INFO:root:Epoch 1, Batch 440, Loss: 9.168245315551758
INFO:root:Epoch 1, Batch 441, Loss: 8.250917434692383
INFO:root:Epoch 1, Batch 442, Loss: 8.171886444091797
INFO:root:Epoch 1, Batch 443, Loss: 8.185873031616211
INFO:root:Epoch 1, Batch 444, Loss: 8.735099792480469
INFO:root:Epoch 1, Batch 445, Loss: 8.887807846069336
INFO:root:Epoch 1, Batch 446, Loss: 8.225520133972168
INFO:root:Epoch 1, Batch 447, Loss: 8.526554107666016
INFO:root:Epoch 1, Batch 448, Loss: 8.561410903930664
INFO:root:Epoch 1, Batch 449, Loss: 8.523300170898438
INFO:root:Epoch 1, Batch 450, Loss: 9.162595748901367
INFO:root:Epoch 1, Batch 451, Loss: 8.42272663116455
INFO:root:Epoch 1, Batch 452, Loss: 8.551468849182129
INFO:root:Epoch 1, Batch 453, Loss: 8.257638931274414
INFO:root:Epoch 1, Batch 454, Loss: 8.70014762878418
INFO:root:Epoch 1, Batch 455, Loss: 8.645657539367676
INFO:root:Epoch 1, Batch 456, Loss: 8.820699691772461
INFO:root:Epoch 1, Batch 457, Loss: 8.804706573486328
INFO:root:Epoch 1, Batch 458, Loss: 8.91694450378418
INFO:root:Epoch 1, Batch 459, Loss: 9.833694458007812
INFO:root:Epoch 1, Batch 460, Loss: 8.758049964904785
INFO:root:Epoch 1, Batch 461, Loss: 8.814083099365234
INFO:root:Epoch 1, Batch 462, Loss: 8.747790336608887
INFO:root:Epoch 1, Batch 463, Loss: 7.957708358764648
INFO:root:Epoch 1, Batch 464, Loss: 8.421148300170898
INFO:root:Epoch 1, Batch 465, Loss: 8.157669067382812
INFO:root:Epoch 1, Batch 466, Loss: 8.558992385864258
INFO:root:Epoch 1, Batch 467, Loss: 8.10045051574707
INFO:root:Epoch 1, Batch 468, Loss: 8.887862205505371
INFO:root:Epoch 1, Batch 469, Loss: 8.786258697509766
INFO:root:Epoch 1, Batch 470, Loss: 8.210887908935547
INFO:root:Epoch 1, Batch 471, Loss: 8.038505554199219
INFO:root:Epoch 1, Batch 472, Loss: 8.069833755493164
INFO:root:Epoch 1, Batch 473, Loss: 9.046379089355469
INFO:root:Epoch 1, Batch 474, Loss: 8.05855655670166
INFO:root:Epoch 1, Batch 475, Loss: 7.810699939727783
INFO:root:Epoch 1, Batch 476, Loss: 8.19787883758545
INFO:root:Epoch 1, Batch 477, Loss: 7.453978061676025
INFO:root:Epoch 1, Batch 478, Loss: 8.374354362487793
INFO:root:Epoch 1, Batch 479, Loss: 7.584184169769287
INFO:root:Epoch 1, Batch 480, Loss: 8.19232177734375
INFO:root:Epoch 1, Batch 481, Loss: 8.992707252502441
INFO:root:Epoch 1, Batch 482, Loss: 7.633089065551758
INFO:root:Epoch 1, Batch 483, Loss: 8.369911193847656
INFO:root:Epoch 1, Batch 484, Loss: 8.460783958435059
INFO:root:Epoch 1, Batch 485, Loss: 8.474600791931152
INFO:root:Epoch 1, Batch 486, Loss: 7.878147125244141
INFO:root:Epoch 1, Batch 487, Loss: 7.8494110107421875
INFO:root:Epoch 1, Batch 488, Loss: 8.293971061706543
INFO:root:Epoch 1, Batch 489, Loss: 7.831242084503174
INFO:root:Epoch 1, Batch 490, Loss: 7.847824573516846
INFO:root:Epoch 1, Batch 491, Loss: 8.257671356201172
INFO:root:Epoch 1, Batch 492, Loss: 9.149696350097656
INFO:root:Epoch 1, Batch 493, Loss: 8.646495819091797
INFO:root:Epoch 1, Batch 494, Loss: 10.115316390991211
INFO:root:Epoch 1, Batch 495, Loss: 8.129207611083984
INFO:root:Epoch 1, Batch 496, Loss: 8.33100414276123
INFO:root:Epoch 1, Batch 497, Loss: 8.271505355834961
INFO:root:Epoch 1, Batch 498, Loss: 9.277392387390137
INFO:root:Epoch 1, Batch 499, Loss: 7.543456554412842
INFO:root:Epoch 1, Batch 500, Loss: 8.760329246520996
INFO:root:Epoch 1, Batch 501, Loss: 9.325441360473633
INFO:root:Epoch 1, Batch 502, Loss: 8.323653221130371
INFO:root:Epoch 1, Batch 503, Loss: 7.093390941619873
INFO:root:Epoch 1, Batch 504, Loss: 8.675616264343262
INFO:root:Epoch 1, Batch 505, Loss: 7.376636028289795
INFO:root:Epoch 1, Batch 506, Loss: 9.031929016113281
INFO:root:Epoch 1, Batch 507, Loss: 8.19691276550293
INFO:root:Epoch 1, Batch 508, Loss: 7.917044639587402
INFO:root:Epoch 1, Batch 509, Loss: 8.573348999023438
INFO:root:Epoch 1, Batch 510, Loss: 8.615139961242676
INFO:root:Epoch 1, Batch 511, Loss: 7.85859489440918
INFO:root:Epoch 1, Batch 512, Loss: 7.793951511383057
INFO:root:Epoch 1, Batch 513, Loss: 8.684136390686035
INFO:root:Epoch 1, Batch 514, Loss: 8.209310531616211
INFO:root:Epoch 1, Batch 515, Loss: 8.966986656188965
INFO:root:Epoch 1, Batch 516, Loss: 8.40075969696045
INFO:root:Epoch 1, Batch 517, Loss: 7.486439228057861
INFO:root:Epoch 1, Batch 518, Loss: 8.86787223815918
INFO:root:Epoch 1, Batch 519, Loss: 7.409938335418701
INFO:root:Epoch 1, Batch 520, Loss: 7.531008243560791
INFO:root:Epoch 1, Batch 521, Loss: 8.027872085571289
INFO:root:Epoch 1, Batch 522, Loss: 7.657221794128418
INFO:root:Epoch 1, Batch 523, Loss: 8.218721389770508
INFO:root:Epoch 1, Batch 524, Loss: 7.91723108291626
INFO:root:Epoch 1, Batch 525, Loss: 9.108293533325195
INFO:root:Epoch 1, Batch 526, Loss: 9.571642875671387
INFO:root:Epoch 1, Batch 527, Loss: 7.491940021514893
INFO:root:Epoch 1, Batch 528, Loss: 9.218733787536621
INFO:root:Epoch 1, Batch 529, Loss: 7.602481365203857
INFO:root:Epoch 1, Batch 530, Loss: 6.293907642364502
INFO:root:Epoch 1, Batch 531, Loss: 7.675116062164307
INFO:root:Epoch 1, Batch 532, Loss: 10.05504035949707
INFO:root:Epoch 1, Batch 533, Loss: 7.905877113342285
INFO:root:Epoch 1, Batch 534, Loss: 8.981809616088867
INFO:root:Epoch 1, Batch 535, Loss: 8.506996154785156
INFO:root:Epoch 1, Batch 536, Loss: 7.957276821136475
INFO:root:Epoch 1, Batch 537, Loss: 8.182975769042969
INFO:root:Epoch 1, Batch 538, Loss: 8.199542999267578
INFO:root:Epoch 1, Batch 539, Loss: 7.650523662567139
INFO:root:Epoch 1, Batch 540, Loss: 8.342958450317383
INFO:root:Epoch 1, Batch 541, Loss: 7.85141658782959
INFO:root:Epoch 1, Batch 542, Loss: 7.601564884185791
INFO:root:Epoch 1, Batch 543, Loss: 8.627458572387695
INFO:root:Epoch 1, Batch 544, Loss: 7.6778974533081055
INFO:root:Epoch 1, Batch 545, Loss: 8.736620903015137
INFO:root:Epoch 1, Batch 546, Loss: 8.379841804504395
INFO:root:Epoch 1, Batch 547, Loss: 8.635644912719727
INFO:root:Epoch 1, Batch 548, Loss: 7.81919002532959
INFO:root:Epoch 1, Batch 549, Loss: 8.07637882232666
INFO:root:Epoch 1, Batch 550, Loss: 7.661610126495361
INFO:root:Epoch 1, Batch 551, Loss: 8.595250129699707
INFO:root:Epoch 1, Batch 552, Loss: 7.493406772613525
INFO:root:Epoch 1, Batch 553, Loss: 7.264929294586182
INFO:root:Epoch 1, Batch 554, Loss: 8.668386459350586
INFO:root:Epoch 1, Batch 555, Loss: 7.112433910369873
INFO:root:Epoch 1, Batch 556, Loss: 8.468528747558594
INFO:root:Epoch 1, Batch 557, Loss: 7.0314860343933105
INFO:root:Epoch 1, Batch 558, Loss: 9.017765045166016
INFO:root:Epoch 1, Batch 559, Loss: 7.9691386222839355
INFO:root:Epoch 1, Batch 560, Loss: 7.290892601013184
INFO:root:Epoch 1, Batch 561, Loss: 7.189418315887451
INFO:root:Epoch 1, Batch 562, Loss: 7.661348342895508
INFO:root:Epoch 1, Batch 563, Loss: 8.390270233154297
INFO:root:Epoch 1, Batch 564, Loss: 7.787515640258789
INFO:root:Epoch 1, Batch 565, Loss: 8.335680961608887
INFO:root:Epoch 1, Batch 566, Loss: 7.032715320587158
INFO:root:Epoch 1, Batch 567, Loss: 8.502693176269531
INFO:root:Epoch 1, Batch 568, Loss: 7.796469688415527
INFO:root:Epoch 1, Batch 569, Loss: 7.454367637634277
INFO:root:Epoch 1, Batch 570, Loss: 7.583123683929443
INFO:root:Epoch 1, Batch 571, Loss: 7.391753196716309
INFO:root:Epoch 1, Batch 572, Loss: 6.688385486602783
INFO:root:Epoch 1, Batch 573, Loss: 8.877341270446777
INFO:root:Epoch 1, Batch 574, Loss: 7.382411003112793
INFO:root:Epoch 1, Batch 575, Loss: 7.757504940032959
INFO:root:Epoch 1, Batch 576, Loss: 9.019805908203125
INFO:root:Epoch 1, Batch 577, Loss: 7.215545177459717
INFO:root:Epoch 1, Batch 578, Loss: 8.843652725219727
INFO:root:Epoch 1, Batch 579, Loss: 8.530041694641113
INFO:root:Epoch 1, Batch 580, Loss: 5.82350492477417
INFO:root:Epoch 1, Batch 581, Loss: 9.477741241455078
INFO:root:Epoch 1, Batch 582, Loss: 7.8547515869140625
INFO:root:Epoch 1, Batch 583, Loss: 7.192397117614746
INFO:root:Epoch 1, Batch 584, Loss: 8.29874324798584
INFO:root:Epoch 1, Batch 585, Loss: 8.05765438079834
INFO:root:Epoch 1, Batch 586, Loss: 7.635662078857422
INFO:root:Epoch 1, Batch 587, Loss: 7.642496109008789
INFO:root:Epoch 1, Batch 588, Loss: 9.500338554382324
INFO:root:Epoch 1, Batch 589, Loss: 7.196581840515137
INFO:root:Epoch 1, Batch 590, Loss: 7.451615810394287
INFO:root:Epoch 1, Batch 591, Loss: 7.1041789054870605
INFO:root:Epoch 1, Batch 592, Loss: 7.069120407104492
INFO:root:Epoch 1, Batch 593, Loss: 9.120563507080078
INFO:root:Epoch 1, Batch 594, Loss: 7.502608299255371
INFO:root:Epoch 1, Batch 595, Loss: 8.741802215576172
INFO:root:Epoch 1, Batch 596, Loss: 9.375316619873047
INFO:root:Epoch 1, Batch 597, Loss: 7.825608253479004
INFO:root:Epoch 1, Batch 598, Loss: 7.999731063842773
INFO:root:Epoch 1, Batch 599, Loss: 8.580195426940918
INFO:root:Epoch 1, Batch 600, Loss: 7.976217269897461
INFO:root:Epoch 1, Batch 601, Loss: 8.197220802307129
INFO:root:Epoch 1, Batch 602, Loss: 7.314067363739014
INFO:root:Epoch 1, Batch 603, Loss: 6.834491729736328
INFO:root:Epoch 1, Batch 604, Loss: 7.237943172454834
INFO:root:Epoch 1, Batch 605, Loss: 6.760507583618164
INFO:root:Epoch 1, Batch 606, Loss: 9.120506286621094
INFO:root:Epoch 1, Batch 607, Loss: 8.551446914672852
INFO:root:Epoch 1, Batch 608, Loss: 6.438676834106445
INFO:root:Epoch 1, Batch 609, Loss: 7.301700115203857
INFO:root:Epoch 1, Batch 610, Loss: 8.846561431884766
INFO:root:Epoch 1, Batch 611, Loss: 9.279990196228027
INFO:root:Epoch 1, Batch 612, Loss: 8.069602966308594
INFO:root:Epoch 1, Batch 613, Loss: 6.637354373931885
INFO:root:Epoch 1, Batch 614, Loss: 7.6536970138549805
INFO:root:Epoch 1, Batch 615, Loss: 7.1937689781188965
INFO:root:Epoch 1, Batch 616, Loss: 8.315939903259277
INFO:root:Epoch 1, Batch 617, Loss: 6.827640056610107
INFO:root:Epoch 1, Batch 618, Loss: 7.834747791290283
INFO:root:Epoch 1, Batch 619, Loss: 7.478170871734619
INFO:root:Epoch 1, Batch 620, Loss: 7.442921161651611
INFO:root:Epoch 1, Batch 621, Loss: 7.590299606323242
INFO:root:Epoch 1, Batch 622, Loss: 6.84214973449707
INFO:root:Epoch 1, Batch 623, Loss: 8.443815231323242
INFO:root:Epoch 1, Batch 624, Loss: 7.174747467041016
INFO:root:Epoch 1, Batch 625, Loss: 7.311338901519775
INFO:root:Epoch 1, Batch 626, Loss: 7.500332832336426
INFO:root:Epoch 1, Batch 627, Loss: 7.44211483001709
INFO:root:Epoch 1, Batch 628, Loss: 6.148849964141846
INFO:root:Epoch 1, Batch 629, Loss: 9.49207592010498
INFO:root:Epoch 1, Batch 630, Loss: 7.8310394287109375
INFO:root:Epoch 1, Batch 631, Loss: 7.309945583343506
INFO:root:Epoch 1, Batch 632, Loss: 6.700013637542725
INFO:root:Epoch 1, Batch 633, Loss: 8.075630187988281
INFO:root:Epoch 1, Batch 634, Loss: 8.345660209655762
INFO:root:Epoch 1, Batch 635, Loss: 9.13308048248291
INFO:root:Epoch 1, Batch 636, Loss: 7.8076605796813965
INFO:root:Epoch 1, Batch 637, Loss: 7.141080856323242
INFO:root:Epoch 1, Batch 638, Loss: 8.651001930236816
INFO:root:Epoch 1, Batch 639, Loss: 8.292181968688965
INFO:root:Epoch 1, Batch 640, Loss: 6.994265556335449
INFO:root:Epoch 1, Batch 641, Loss: 8.409915924072266
INFO:root:Epoch 1, Batch 642, Loss: 7.879632949829102
INFO:root:Epoch 1, Batch 643, Loss: 6.813988208770752
INFO:root:Epoch 1, Batch 644, Loss: 7.195740699768066
INFO:root:Epoch 1, Batch 645, Loss: 7.897368431091309
INFO:root:Epoch 1, Batch 646, Loss: 8.97524356842041
INFO:root:Epoch 1, Batch 647, Loss: 8.69000244140625
INFO:root:Epoch 1, Batch 648, Loss: 7.477095603942871
INFO:root:Epoch 1, Batch 649, Loss: 8.46017074584961
INFO:root:Epoch 1, Batch 650, Loss: 8.900646209716797
INFO:root:Epoch 1, Batch 651, Loss: 8.339086532592773
INFO:root:Epoch 1, Batch 652, Loss: 6.831878185272217
INFO:root:Epoch 1, Batch 653, Loss: 7.242742538452148
INFO:root:Epoch 1, Batch 654, Loss: 6.792925834655762
INFO:root:Epoch 1, Batch 655, Loss: 7.471285343170166
INFO:root:Epoch 1, Batch 656, Loss: 6.938553333282471
INFO:root:Epoch 1, Batch 657, Loss: 6.994336128234863
INFO:root:Epoch 1, Batch 658, Loss: 7.039247512817383
INFO:root:Epoch 1, Batch 659, Loss: 7.005946159362793
INFO:root:Epoch 1, Batch 660, Loss: 8.228690147399902
INFO:root:Epoch 1, Batch 661, Loss: 8.044915199279785
INFO:root:Epoch 1, Batch 662, Loss: 7.07907247543335
INFO:root:Epoch 1, Batch 663, Loss: 8.147537231445312
INFO:root:Epoch 1, Batch 664, Loss: 6.859553813934326
INFO:root:Epoch 1, Batch 665, Loss: 7.640038013458252
INFO:root:Epoch 1, Batch 666, Loss: 7.3450608253479
INFO:root:Epoch 1, Batch 667, Loss: 7.394638538360596
INFO:root:Epoch 1, Batch 668, Loss: 8.74951457977295
INFO:root:Epoch 1, Batch 669, Loss: 6.816709041595459
INFO:root:Epoch 1, Batch 670, Loss: 8.456181526184082
INFO:root:Epoch 1, Batch 671, Loss: 7.6372761726379395
INFO:root:Epoch 1, Batch 672, Loss: 7.585141181945801
INFO:root:Epoch 1, Batch 673, Loss: 6.256896018981934
INFO:root:Epoch 1, Batch 674, Loss: 7.496188640594482
INFO:root:Epoch 1, Batch 675, Loss: 7.464168071746826
INFO:root:Epoch 1, Batch 676, Loss: 7.422654628753662
INFO:root:Epoch 1, Batch 677, Loss: 6.26179838180542
INFO:root:Epoch 1, Batch 678, Loss: 6.923889636993408
INFO:root:Epoch 1, Batch 679, Loss: 8.0623779296875
INFO:root:Epoch 1, Batch 680, Loss: 7.2130608558654785
INFO:root:Epoch 1, Batch 681, Loss: 6.377039432525635
INFO:root:Epoch 1, Batch 682, Loss: 7.497982978820801
INFO:root:Epoch 1, Batch 683, Loss: 7.599114894866943
INFO:root:Epoch 1, Batch 684, Loss: 7.716155529022217
INFO:root:Epoch 1, Batch 685, Loss: 7.270795822143555
INFO:root:Epoch 1, Batch 686, Loss: 7.502399444580078
INFO:root:Epoch 1, Batch 687, Loss: 7.62931489944458
INFO:root:Epoch 1, Batch 688, Loss: 6.7654290199279785
INFO:root:Epoch 1, Batch 689, Loss: 6.324690818786621
INFO:root:Epoch 1, Batch 690, Loss: 8.991009712219238
INFO:root:Epoch 1, Batch 691, Loss: 7.901912689208984
INFO:root:Epoch 1, Batch 692, Loss: 7.743596076965332
INFO:root:Epoch 1, Batch 693, Loss: 6.147401332855225
INFO:root:Epoch 1, Batch 694, Loss: 7.834044933319092
INFO:root:Epoch 1, Batch 695, Loss: 7.042821884155273
INFO:root:Epoch 1, Batch 696, Loss: 7.125669479370117
INFO:root:Epoch 1, Batch 697, Loss: 9.83287239074707
INFO:root:Epoch 1, Batch 698, Loss: 8.554914474487305
INFO:root:Epoch 1, Batch 699, Loss: 6.719189167022705
INFO:root:Epoch 1, Batch 700, Loss: 8.47168254852295
INFO:root:Epoch 1, Batch 701, Loss: 8.983207702636719
INFO:root:Epoch 1, Batch 702, Loss: 7.662843227386475
INFO:root:Epoch 1, Batch 703, Loss: 6.592522621154785
INFO:root:Epoch 1, Batch 704, Loss: 6.959750652313232
INFO:root:Epoch 1, Batch 705, Loss: 6.819132328033447
INFO:root:Epoch 1, Batch 706, Loss: 8.368322372436523
INFO:root:Epoch 1, Batch 707, Loss: 8.018020629882812
INFO:root:Epoch 1, Batch 708, Loss: 9.91202163696289
INFO:root:Epoch 1, Batch 709, Loss: 7.55847692489624
INFO:root:Epoch 1, Batch 710, Loss: 6.2771172523498535
INFO:root:Epoch 1, Batch 711, Loss: 4.978591442108154
INFO:root:Epoch 1, Batch 712, Loss: 8.598390579223633
INFO:root:Epoch 1, Batch 713, Loss: 8.941031455993652
INFO:root:Epoch 1, Batch 714, Loss: 6.2196526527404785
INFO:root:Epoch 1, Batch 715, Loss: 6.7567853927612305
INFO:root:Epoch 1, Batch 716, Loss: 6.994313716888428
INFO:root:Epoch 1, Batch 717, Loss: 9.024401664733887
INFO:root:Epoch 1, Batch 718, Loss: 7.852303504943848
INFO:root:Epoch 1, Batch 719, Loss: 8.364481925964355
INFO:root:Epoch 1, Batch 720, Loss: 9.775555610656738
INFO:root:Epoch 1, Batch 721, Loss: 8.50774097442627
INFO:root:Epoch 1, Batch 722, Loss: 6.2785749435424805
INFO:root:Epoch 1, Batch 723, Loss: 7.035155296325684
INFO:root:Epoch 1, Batch 724, Loss: 5.426619529724121
INFO:root:Epoch 1, Batch 725, Loss: 7.483809471130371
INFO:root:Epoch 1, Batch 726, Loss: 6.956667900085449
INFO:root:Epoch 1, Batch 727, Loss: 8.376579284667969
INFO:root:Epoch 1, Batch 728, Loss: 6.869619369506836
INFO:root:Epoch 1, Batch 729, Loss: 6.2196149826049805
INFO:root:Epoch 1, Batch 730, Loss: 6.234554290771484
INFO:root:Epoch 1, Batch 731, Loss: 5.856839656829834
INFO:root:Epoch 1, Batch 732, Loss: 6.184646129608154
INFO:root:Epoch 1, Batch 733, Loss: 7.667896270751953
INFO:root:Epoch 1, Batch 734, Loss: 8.367531776428223
INFO:root:Epoch 1, Batch 735, Loss: 7.24747371673584
INFO:root:Epoch 1, Batch 736, Loss: 7.7456817626953125
INFO:root:Epoch 1, Batch 737, Loss: 6.8350629806518555
INFO:root:Epoch 1, Batch 738, Loss: 6.3172502517700195
INFO:root:Epoch 1, Batch 739, Loss: 8.149592399597168
INFO:root:Epoch 1, Batch 740, Loss: 7.00103759765625
INFO:root:Epoch 1, Batch 741, Loss: 8.160640716552734
INFO:root:Epoch 1, Batch 742, Loss: 7.447459697723389
INFO:root:Epoch 1, Batch 743, Loss: 5.724471569061279
INFO:root:Epoch 1, Batch 744, Loss: 6.675857067108154
INFO:root:Epoch 1, Batch 745, Loss: 8.180893898010254
INFO:root:Epoch 1, Batch 746, Loss: 8.029242515563965
INFO:root:Epoch 1, Batch 747, Loss: 8.164811134338379
INFO:root:Epoch 1, Batch 748, Loss: 9.393247604370117
INFO:root:Epoch 1, Batch 749, Loss: 7.8670735359191895
INFO:root:Epoch 1, Batch 750, Loss: 8.493780136108398
INFO:root:Epoch 1, Batch 751, Loss: 6.614963531494141
INFO:root:Epoch 1, Batch 752, Loss: 7.791927337646484
INFO:root:Epoch 1, Batch 753, Loss: 8.459342956542969
INFO:root:Epoch 1, Batch 754, Loss: 8.388579368591309
INFO:root:Epoch 1, Batch 755, Loss: 7.117485046386719
INFO:root:Epoch 1, Batch 756, Loss: 7.112886905670166
INFO:root:Epoch 1, Batch 757, Loss: 7.6502909660339355
INFO:root:Epoch 1, Batch 758, Loss: 7.339028358459473
INFO:root:Epoch 1, Batch 759, Loss: 5.9341607093811035
INFO:root:Epoch 1, Batch 760, Loss: 7.925179481506348
INFO:root:Epoch 1, Batch 761, Loss: 8.033448219299316
INFO:root:Epoch 1, Batch 762, Loss: 7.913472652435303
INFO:root:Epoch 1, Batch 763, Loss: 6.305240631103516
INFO:root:Epoch 1, Batch 764, Loss: 8.618367195129395
INFO:root:Epoch 1, Batch 765, Loss: 8.03892993927002
INFO:root:Epoch 1, Batch 766, Loss: 8.145254135131836
INFO:root:Epoch 1, Batch 767, Loss: 7.874343395233154
INFO:root:Epoch 1, Batch 768, Loss: 7.396457672119141
INFO:root:Epoch 1, Batch 769, Loss: 7.9033308029174805
INFO:root:Epoch 1, Batch 770, Loss: 7.632984638214111
INFO:root:Epoch 1, Batch 771, Loss: 7.672008037567139
INFO:root:Epoch 1, Batch 772, Loss: 7.174681663513184
INFO:root:Epoch 1, Batch 773, Loss: 7.320801734924316
INFO:root:Epoch 1, Batch 774, Loss: 6.762940406799316
INFO:root:Epoch 1, Batch 775, Loss: 7.622620105743408
INFO:root:Epoch 1, Batch 776, Loss: 6.176946640014648
INFO:root:Epoch 1, Batch 777, Loss: 7.585926055908203
INFO:root:Epoch 1, Batch 778, Loss: 6.357547760009766
INFO:root:Epoch 1, Batch 779, Loss: 6.9324870109558105
INFO:root:Epoch 1, Batch 780, Loss: 8.972094535827637
INFO:root:Epoch 1, Batch 781, Loss: 8.066324234008789
INFO:root:Epoch 1, Batch 782, Loss: 6.779658794403076
INFO:root:Epoch 1, Batch 783, Loss: 7.25948429107666
INFO:root:Epoch 1, Batch 784, Loss: 6.325761795043945
INFO:root:Epoch 1, Batch 785, Loss: 6.925570487976074
INFO:root:Epoch 1, Batch 786, Loss: 8.125676155090332
INFO:root:Epoch 1, Batch 787, Loss: 6.876829624176025
INFO:root:Epoch 1, Batch 788, Loss: 6.49182653427124
INFO:root:Epoch 1, Batch 789, Loss: 6.117105484008789
INFO:root:Epoch 1, Batch 790, Loss: 8.659357070922852
INFO:root:Epoch 1, Batch 791, Loss: 6.6657867431640625
INFO:root:Epoch 1, Batch 792, Loss: 6.9018402099609375
INFO:root:Epoch 1, Batch 793, Loss: 8.282569885253906
INFO:root:Epoch 1, Batch 794, Loss: 8.058801651000977
INFO:root:Epoch 1, Batch 795, Loss: 7.1321187019348145
INFO:root:Epoch 1, Batch 796, Loss: 7.459392070770264
INFO:root:Epoch 1, Batch 797, Loss: 6.859466552734375
INFO:root:Epoch 1, Batch 798, Loss: 7.852778434753418
INFO:root:Epoch 1, Batch 799, Loss: 8.041974067687988
INFO:root:Epoch 1, Batch 800, Loss: 7.537635803222656
INFO:root:Epoch 1, Batch 801, Loss: 6.325228691101074
INFO:root:Epoch 1, Batch 802, Loss: 7.938928127288818
INFO:root:Epoch 1, Batch 803, Loss: 9.313535690307617
INFO:root:Epoch 1, Batch 804, Loss: 9.613527297973633
INFO:root:Epoch 1, Batch 805, Loss: 6.180773735046387
INFO:root:Epoch 1, Batch 806, Loss: 6.48052453994751
INFO:root:Epoch 1, Batch 807, Loss: 7.312920570373535
INFO:root:Epoch 1, Batch 808, Loss: 8.132331848144531
INFO:root:Epoch 1, Batch 809, Loss: 6.74593448638916
INFO:root:Epoch 1, Batch 810, Loss: 7.067632675170898
INFO:root:Epoch 1, Batch 811, Loss: 6.716707229614258
INFO:root:Epoch 1, Batch 812, Loss: 8.2650728225708
INFO:root:Epoch 1, Batch 813, Loss: 7.46927547454834
INFO:root:Epoch 1, Batch 814, Loss: 7.9742865562438965
INFO:root:Epoch 1, Batch 815, Loss: 4.967164993286133
INFO:root:Epoch 1, Batch 816, Loss: 7.308343410491943
INFO:root:Epoch 1, Batch 817, Loss: 6.492498397827148
INFO:root:Epoch 1, Batch 818, Loss: 7.968292713165283
INFO:root:Epoch 1, Batch 819, Loss: 7.328797817230225
INFO:root:Epoch 1, Batch 820, Loss: 8.056495666503906
INFO:root:Epoch 1, Batch 821, Loss: 7.935606002807617
INFO:root:Epoch 1, Batch 822, Loss: 7.043647289276123
INFO:root:Epoch 1, Batch 823, Loss: 7.951197147369385
INFO:root:Epoch 1, Batch 824, Loss: 5.837280750274658
INFO:root:Epoch 1, Batch 825, Loss: 6.754341125488281
INFO:root:Epoch 1, Batch 826, Loss: 7.273702621459961
INFO:root:Epoch 1, Batch 827, Loss: 7.341522216796875
INFO:root:Epoch 1, Batch 828, Loss: 7.576452732086182
INFO:root:Epoch 1, Batch 829, Loss: 6.526086807250977
INFO:root:Epoch 1, Batch 830, Loss: 7.140583038330078
INFO:root:Epoch 1, Batch 831, Loss: 7.428333759307861
INFO:root:Epoch 1, Batch 832, Loss: 8.465349197387695
INFO:root:Epoch 1, Batch 833, Loss: 5.802449703216553
INFO:root:Epoch 1, Batch 834, Loss: 6.332027912139893
INFO:root:Epoch 1, Batch 835, Loss: 7.323289394378662
INFO:root:Epoch 1, Batch 836, Loss: 7.7612738609313965
INFO:root:Epoch 1, Batch 837, Loss: 6.781531810760498
INFO:root:Epoch 1, Batch 838, Loss: 7.4902801513671875
INFO:root:Epoch 1, Batch 839, Loss: 7.784265518188477
INFO:root:Epoch 1, Batch 840, Loss: 7.162681579589844
INFO:root:Epoch 1, Batch 841, Loss: 8.096549034118652
INFO:root:Epoch 1, Batch 842, Loss: 6.661375045776367
INFO:root:Epoch 1, Batch 843, Loss: 7.341615676879883
INFO:root:Epoch 1, Batch 844, Loss: 9.242703437805176
INFO:root:Epoch 1, Batch 845, Loss: 7.224344730377197
INFO:root:Epoch 1, Batch 846, Loss: 7.8150634765625
INFO:root:Epoch 1, Batch 847, Loss: 7.44753360748291
INFO:root:Epoch 1, Batch 848, Loss: 6.154850006103516
INFO:root:Epoch 1, Batch 849, Loss: 8.141866683959961
INFO:root:Epoch 1, Batch 850, Loss: 5.91467809677124
INFO:root:Epoch 1, Batch 851, Loss: 6.215445041656494
INFO:root:Epoch 1, Batch 852, Loss: 7.7729644775390625
INFO:root:Epoch 1, Batch 853, Loss: 4.6569390296936035
INFO:root:Epoch 1, Batch 854, Loss: 7.2028374671936035
INFO:root:Epoch 1, Batch 855, Loss: 5.802539825439453
INFO:root:Epoch 1, Batch 856, Loss: 6.437702178955078
INFO:root:Epoch 1, Batch 857, Loss: 7.157801628112793
INFO:root:Epoch 1, Batch 858, Loss: 5.787354469299316
INFO:root:Epoch 1, Batch 859, Loss: 6.43817138671875
INFO:root:Epoch 1, Batch 860, Loss: 6.683969497680664
INFO:root:Epoch 1, Batch 861, Loss: 6.669803142547607
INFO:root:Epoch 1, Batch 862, Loss: 7.593424320220947
INFO:root:Epoch 1, Batch 863, Loss: 7.427497386932373
INFO:root:Epoch 1, Batch 864, Loss: 8.159878730773926
INFO:root:Epoch 1, Batch 865, Loss: 7.680129528045654
INFO:root:Epoch 1, Batch 866, Loss: 5.464240550994873
INFO:root:Epoch 1, Batch 867, Loss: 6.6731343269348145
INFO:root:Epoch 1, Batch 868, Loss: 6.524865627288818
INFO:root:Epoch 1, Batch 869, Loss: 6.013458251953125
INFO:root:Epoch 1, Batch 870, Loss: 5.76072883605957
INFO:root:Epoch 1, Batch 871, Loss: 6.6401848793029785
INFO:root:Epoch 1, Batch 872, Loss: 6.84169864654541
INFO:root:Epoch 1, Batch 873, Loss: 7.169220447540283
INFO:root:Epoch 1, Batch 874, Loss: 6.848735809326172
INFO:root:Epoch 1, Batch 875, Loss: 8.631752014160156
INFO:root:Epoch 1, Batch 876, Loss: 6.608584403991699
INFO:root:Epoch 1, Batch 877, Loss: 7.497950553894043
INFO:root:Epoch 1, Batch 878, Loss: 7.763426780700684
INFO:root:Epoch 1, Batch 879, Loss: 7.759615421295166
INFO:root:Epoch 1, Batch 880, Loss: 8.949273109436035
INFO:root:Epoch 1, Batch 881, Loss: 6.433475017547607
INFO:root:Epoch 1, Batch 882, Loss: 6.351593017578125
INFO:root:Epoch 1, Batch 883, Loss: 6.542261600494385
INFO:root:Epoch 1, Batch 884, Loss: 6.901396751403809
INFO:root:Epoch 1, Batch 885, Loss: 6.4815673828125
INFO:root:Epoch 1, Batch 886, Loss: 6.303860664367676
INFO:root:Epoch 1, Batch 887, Loss: 7.115005016326904
INFO:root:Epoch 1, Batch 888, Loss: 8.183670043945312
INFO:root:Epoch 1, Batch 889, Loss: 7.75901985168457
INFO:root:Epoch 1, Batch 890, Loss: 6.673710346221924
INFO:root:Epoch 1, Batch 891, Loss: 6.505548477172852
INFO:root:Epoch 1, Batch 892, Loss: 7.175245761871338
INFO:root:Epoch 1, Batch 893, Loss: 8.560147285461426
INFO:root:Epoch 1, Batch 894, Loss: 8.424707412719727
INFO:root:Epoch 1, Batch 895, Loss: 6.704918384552002
INFO:root:Epoch 1, Batch 896, Loss: 6.580663204193115
INFO:root:Epoch 1, Batch 897, Loss: 5.8384504318237305
INFO:root:Epoch 1, Batch 898, Loss: 6.51837682723999
INFO:root:Epoch 1, Batch 899, Loss: 9.630499839782715
INFO:root:Epoch 1, Batch 900, Loss: 5.860692977905273
INFO:root:Epoch 1, Batch 901, Loss: 7.8377461433410645
INFO:root:Epoch 1, Batch 902, Loss: 7.138015270233154
INFO:root:Epoch 1, Batch 903, Loss: 6.026837348937988
INFO:root:Epoch 1, Batch 904, Loss: 8.451132774353027
INFO:root:Epoch 1, Batch 905, Loss: 6.484949111938477
INFO:root:Epoch 1, Batch 906, Loss: 9.019163131713867
INFO:root:Epoch 1, Batch 907, Loss: 7.724178314208984
INFO:root:Epoch 1, Batch 908, Loss: 7.565393447875977
INFO:root:Epoch 1, Batch 909, Loss: 7.470788478851318
INFO:root:Epoch 1, Batch 910, Loss: 6.171355247497559
INFO:root:Epoch 1, Batch 911, Loss: 6.970122337341309
INFO:root:Epoch 1, Batch 912, Loss: 8.229344367980957
INFO:root:Epoch 1, Batch 913, Loss: 7.213929176330566
INFO:root:Epoch 1, Batch 914, Loss: 8.414013862609863
INFO:root:Epoch 1, Batch 915, Loss: 8.427132606506348
INFO:root:Epoch 1, Batch 916, Loss: 6.117239475250244
INFO:root:Epoch 1, Batch 917, Loss: 8.185039520263672
INFO:root:Epoch 1, Batch 918, Loss: 6.292482376098633
INFO:root:Epoch 1, Batch 919, Loss: 6.575044631958008
INFO:root:Epoch 1, Batch 920, Loss: 6.898744583129883
INFO:root:Epoch 1, Batch 921, Loss: 7.114673614501953
INFO:root:Epoch 1, Batch 922, Loss: 7.2838029861450195
INFO:root:Epoch 1, Batch 923, Loss: 6.1166911125183105
INFO:root:Epoch 1, Batch 924, Loss: 6.495176792144775
INFO:root:Epoch 1, Batch 925, Loss: 5.75726318359375
INFO:root:Epoch 1, Batch 926, Loss: 6.86311674118042
INFO:root:Epoch 1, Batch 927, Loss: 7.47879695892334
INFO:root:Epoch 1, Batch 928, Loss: 7.425806999206543
INFO:root:Epoch 1, Batch 929, Loss: 7.61313009262085
INFO:root:Epoch 1, Batch 930, Loss: 5.241010665893555
INFO:root:Epoch 1, Batch 931, Loss: 6.456181049346924
INFO:root:Epoch 1, Batch 932, Loss: 7.388974189758301
INFO:root:Epoch 1, Batch 933, Loss: 5.446359634399414
INFO:root:Epoch 1, Batch 934, Loss: 7.458030700683594
INFO:root:Epoch 1, Batch 935, Loss: 8.535547256469727
INFO:root:Epoch 1, Batch 936, Loss: 7.87102746963501
INFO:root:Epoch 1, Batch 937, Loss: 6.8487443923950195
INFO:root:Epoch 1, Batch 938, Loss: 7.8242902755737305
INFO:root:Epoch 1, Batch 939, Loss: 7.782436370849609
INFO:root:Epoch 1, Batch 940, Loss: 8.256455421447754
INFO:root:Epoch 1, Batch 941, Loss: 6.616616725921631
INFO:root:Epoch 1, Batch 942, Loss: 7.443011283874512
INFO:root:Epoch 1, Batch 943, Loss: 7.104152679443359
INFO:root:Epoch 1, Batch 944, Loss: 6.459380626678467
INFO:root:Epoch 1, Batch 945, Loss: 7.809950351715088
INFO:root:Epoch 1, Batch 946, Loss: 8.159000396728516
INFO:root:Epoch 1, Batch 947, Loss: 7.604859352111816
INFO:root:Epoch 1, Batch 948, Loss: 6.642428398132324
INFO:root:Epoch 1, Batch 949, Loss: 5.6619367599487305
INFO:root:Epoch 1, Batch 950, Loss: 6.223904609680176
INFO:root:Epoch 1, Batch 951, Loss: 7.6558637619018555
INFO:root:Epoch 1, Batch 952, Loss: 4.384001731872559
INFO:root:Epoch 1, Batch 953, Loss: 6.750960826873779
INFO:root:Epoch 1, Batch 954, Loss: 6.4736127853393555
INFO:root:Epoch 1, Batch 955, Loss: 8.238795280456543
INFO:root:Epoch 1, Batch 956, Loss: 6.929225444793701
INFO:root:Epoch 1, Batch 957, Loss: 8.308737754821777
INFO:root:Epoch 1, Batch 958, Loss: 5.682466506958008
INFO:root:Epoch 1, Batch 959, Loss: 7.1158766746521
INFO:root:Epoch 1, Batch 960, Loss: 8.38595962524414
INFO:root:Epoch 1, Batch 961, Loss: 7.6321306228637695
INFO:root:Epoch 1, Batch 962, Loss: 7.36848258972168
INFO:root:Epoch 1, Batch 963, Loss: 8.039881706237793
INFO:root:Epoch 1, Batch 964, Loss: 7.177580833435059
INFO:root:Epoch 1, Batch 965, Loss: 5.3979597091674805
INFO:root:Epoch 1, Batch 966, Loss: 9.613564491271973
INFO:root:Epoch 1, Batch 967, Loss: 6.187803745269775
INFO:root:Epoch 1, Batch 968, Loss: 6.973691463470459
INFO:root:Epoch 1, Batch 969, Loss: 5.7375335693359375
INFO:root:Epoch 1, Batch 970, Loss: 5.84279203414917
INFO:root:Epoch 1, Batch 971, Loss: 5.834840774536133
INFO:root:Epoch 1, Batch 972, Loss: 9.063773155212402
INFO:root:Epoch 1, Batch 973, Loss: 7.344943523406982
INFO:root:Epoch 1, Batch 974, Loss: 6.838666915893555
INFO:root:Epoch 1, Batch 975, Loss: 8.432646751403809
INFO:root:Epoch 1, Batch 976, Loss: 6.026847839355469
INFO:root:Epoch 1, Batch 977, Loss: 6.904919147491455
INFO:root:Epoch 1, Batch 978, Loss: 7.462933540344238
INFO:root:Epoch 1, Batch 979, Loss: 7.442379951477051
INFO:root:Epoch 1, Batch 980, Loss: 7.29911470413208
INFO:root:Epoch 1, Batch 981, Loss: 5.885898590087891
INFO:root:Epoch 1, Batch 982, Loss: 8.345836639404297
INFO:root:Epoch 1, Batch 983, Loss: 5.336109638214111
INFO:root:Epoch 1, Batch 984, Loss: 6.03990364074707
INFO:root:Epoch 1, Batch 985, Loss: 6.530370235443115
INFO:root:Epoch 1, Batch 986, Loss: 6.884316921234131
INFO:root:Epoch 1, Batch 987, Loss: 6.209328651428223
INFO:root:Epoch 1, Batch 988, Loss: 6.579746723175049
INFO:root:Epoch 1, Batch 989, Loss: 6.510330677032471
INFO:root:Epoch 1, Batch 990, Loss: 6.486440181732178
INFO:root:Epoch 1, Batch 991, Loss: 6.960434436798096
INFO:root:Epoch 1, Batch 992, Loss: 6.192607879638672
INFO:root:Epoch 1, Batch 993, Loss: 8.16077709197998
INFO:root:Epoch 1, Batch 994, Loss: 7.337367534637451
INFO:root:Epoch 1, Batch 995, Loss: 6.24466609954834
INFO:root:Epoch 1, Batch 996, Loss: 7.237839698791504
INFO:root:Epoch 1, Batch 997, Loss: 5.67739200592041
INFO:root:Epoch 1, Batch 998, Loss: 6.876456260681152
INFO:root:Epoch 1, Batch 999, Loss: 7.158298015594482
