INFO:root:Epoch 1, Batch 0, Loss: 10.58236312866211
INFO:root:Epoch 1, Batch 1, Loss: 10.569921493530273
INFO:root:Epoch 1, Batch 2, Loss: 10.531068801879883
INFO:root:Epoch 1, Batch 3, Loss: 10.566967010498047
INFO:root:Epoch 1, Batch 4, Loss: 10.546040534973145
INFO:root:Epoch 1, Batch 5, Loss: 10.519447326660156
INFO:root:Epoch 1, Batch 6, Loss: 10.536500930786133
INFO:root:Epoch 1, Batch 7, Loss: 10.567625045776367
INFO:root:Epoch 1, Batch 8, Loss: 10.536532402038574
INFO:root:Epoch 1, Batch 9, Loss: 10.505789756774902
INFO:root:Epoch 1, Batch 10, Loss: 10.54536247253418
INFO:root:Epoch 1, Batch 11, Loss: 10.506730079650879
INFO:root:Epoch 1, Batch 12, Loss: 10.535264015197754
INFO:root:Epoch 1, Batch 13, Loss: 10.517197608947754
INFO:root:Epoch 1, Batch 14, Loss: 10.410233497619629
INFO:root:Epoch 1, Batch 15, Loss: 10.48360824584961
INFO:root:Epoch 1, Batch 16, Loss: 10.53451156616211
INFO:root:Epoch 1, Batch 17, Loss: 10.521986961364746
INFO:root:Epoch 1, Batch 18, Loss: 10.435721397399902
INFO:root:Epoch 1, Batch 19, Loss: 10.456741333007812
INFO:root:Epoch 1, Batch 20, Loss: 10.49877643585205
INFO:root:Epoch 1, Batch 21, Loss: 10.471924781799316
INFO:root:Epoch 1, Batch 22, Loss: 10.355507850646973
INFO:root:Epoch 1, Batch 23, Loss: 10.527195930480957
INFO:root:Epoch 1, Batch 24, Loss: 10.365729331970215
INFO:root:Epoch 1, Batch 25, Loss: 10.356816291809082
INFO:root:Epoch 1, Batch 26, Loss: 10.45500659942627
INFO:root:Epoch 1, Batch 27, Loss: 10.510035514831543
INFO:root:Epoch 1, Batch 28, Loss: 10.303564071655273
INFO:root:Epoch 1, Batch 29, Loss: 10.267548561096191
INFO:root:Epoch 1, Batch 30, Loss: 10.365349769592285
INFO:root:Epoch 1, Batch 31, Loss: 10.26805591583252
INFO:root:Epoch 1, Batch 32, Loss: 10.310652732849121
INFO:root:Epoch 1, Batch 33, Loss: 10.524523735046387
INFO:root:Epoch 1, Batch 34, Loss: 10.27728271484375
INFO:root:Epoch 1, Batch 35, Loss: 10.343875885009766
INFO:root:Epoch 1, Batch 36, Loss: 10.39965534210205
INFO:root:Epoch 1, Batch 37, Loss: 10.50857925415039
INFO:root:Epoch 1, Batch 38, Loss: 10.261341094970703
INFO:root:Epoch 1, Batch 39, Loss: 10.146939277648926
INFO:root:Epoch 1, Batch 40, Loss: 10.289515495300293
INFO:root:Epoch 1, Batch 41, Loss: 10.234402656555176
INFO:root:Epoch 1, Batch 42, Loss: 9.948586463928223
INFO:root:Epoch 1, Batch 43, Loss: 10.560036659240723
INFO:root:Epoch 1, Batch 44, Loss: 10.36823558807373
INFO:root:Epoch 1, Batch 45, Loss: 10.267777442932129
INFO:root:Epoch 1, Batch 46, Loss: 10.228302001953125
INFO:root:Epoch 1, Batch 47, Loss: 10.152073860168457
INFO:root:Epoch 1, Batch 48, Loss: 10.26581859588623
INFO:root:Epoch 1, Batch 49, Loss: 10.117143630981445
INFO:root:Epoch 1, Batch 50, Loss: 10.300719261169434
INFO:root:Epoch 1, Batch 51, Loss: 10.273778915405273
INFO:root:Epoch 1, Batch 52, Loss: 10.054132461547852
INFO:root:Epoch 1, Batch 53, Loss: 10.506908416748047
INFO:root:Epoch 1, Batch 54, Loss: 9.969258308410645
INFO:root:Epoch 1, Batch 55, Loss: 10.135350227355957
INFO:root:Epoch 1, Batch 56, Loss: 10.312675476074219
INFO:root:Epoch 1, Batch 57, Loss: 10.260900497436523
INFO:root:Epoch 1, Batch 58, Loss: 10.185829162597656
INFO:root:Epoch 1, Batch 59, Loss: 9.999971389770508
INFO:root:Epoch 1, Batch 60, Loss: 10.142424583435059
INFO:root:Epoch 1, Batch 61, Loss: 10.205178260803223
INFO:root:Epoch 1, Batch 62, Loss: 9.986726760864258
INFO:root:Epoch 1, Batch 63, Loss: 10.157750129699707
INFO:root:Epoch 1, Batch 64, Loss: 10.25371265411377
INFO:root:Epoch 1, Batch 65, Loss: 10.119956016540527
INFO:root:Epoch 1, Batch 66, Loss: 10.233805656433105
INFO:root:Epoch 1, Batch 67, Loss: 10.097350120544434
INFO:root:Epoch 1, Batch 68, Loss: 9.898744583129883
INFO:root:Epoch 1, Batch 69, Loss: 10.002049446105957
INFO:root:Epoch 1, Batch 70, Loss: 9.986595153808594
INFO:root:Epoch 1, Batch 71, Loss: 10.254629135131836
INFO:root:Epoch 1, Batch 72, Loss: 9.799506187438965
INFO:root:Epoch 1, Batch 73, Loss: 9.893322944641113
INFO:root:Epoch 1, Batch 74, Loss: 9.972696304321289
INFO:root:Epoch 1, Batch 75, Loss: 9.915107727050781
INFO:root:Epoch 1, Batch 76, Loss: 10.11433219909668
INFO:root:Epoch 1, Batch 77, Loss: 9.648636817932129
INFO:root:Epoch 1, Batch 78, Loss: 9.891528129577637
INFO:root:Epoch 1, Batch 79, Loss: 10.089125633239746
INFO:root:Epoch 1, Batch 80, Loss: 9.924118995666504
INFO:root:Epoch 1, Batch 81, Loss: 10.375629425048828
INFO:root:Epoch 1, Batch 82, Loss: 9.684160232543945
INFO:root:Epoch 1, Batch 83, Loss: 10.243565559387207
INFO:root:Epoch 1, Batch 84, Loss: 9.95766544342041
INFO:root:Epoch 1, Batch 85, Loss: 9.833734512329102
INFO:root:Epoch 1, Batch 86, Loss: 10.193075180053711
INFO:root:Epoch 1, Batch 87, Loss: 9.901924133300781
INFO:root:Epoch 1, Batch 88, Loss: 10.171009063720703
INFO:root:Epoch 1, Batch 89, Loss: 10.243196487426758
INFO:root:Epoch 1, Batch 90, Loss: 10.074081420898438
INFO:root:Epoch 1, Batch 91, Loss: 10.023253440856934
INFO:root:Epoch 1, Batch 92, Loss: 10.199200630187988
INFO:root:Epoch 1, Batch 93, Loss: 10.07717514038086
INFO:root:Epoch 1, Batch 94, Loss: 9.721835136413574
INFO:root:Epoch 1, Batch 95, Loss: 9.89023208618164
INFO:root:Epoch 1, Batch 96, Loss: 9.772461891174316
INFO:root:Epoch 1, Batch 97, Loss: 9.484665870666504
INFO:root:Epoch 1, Batch 98, Loss: 9.942784309387207
INFO:root:Epoch 1, Batch 99, Loss: 9.718931198120117
INFO:root:Epoch 1, Batch 100, Loss: 9.937187194824219
INFO:root:Epoch 1, Batch 101, Loss: 9.559852600097656
INFO:root:Epoch 1, Batch 102, Loss: 9.634481430053711
INFO:root:Epoch 1, Batch 103, Loss: 9.5894775390625
INFO:root:Epoch 1, Batch 104, Loss: 9.452338218688965
INFO:root:Epoch 1, Batch 105, Loss: 9.718195915222168
INFO:root:Epoch 1, Batch 106, Loss: 9.98845386505127
INFO:root:Epoch 1, Batch 107, Loss: 9.504562377929688
INFO:root:Epoch 1, Batch 108, Loss: 9.317543983459473
INFO:root:Epoch 1, Batch 109, Loss: 9.303205490112305
INFO:root:Epoch 1, Batch 110, Loss: 9.386958122253418
INFO:root:Epoch 1, Batch 111, Loss: 9.59662914276123
INFO:root:Epoch 1, Batch 112, Loss: 9.691492080688477
INFO:root:Epoch 1, Batch 113, Loss: 9.840898513793945
INFO:root:Epoch 1, Batch 114, Loss: 9.81600284576416
INFO:root:Epoch 1, Batch 115, Loss: 9.79979419708252
INFO:root:Epoch 1, Batch 116, Loss: 10.010306358337402
INFO:root:Epoch 1, Batch 117, Loss: 9.815441131591797
INFO:root:Epoch 1, Batch 118, Loss: 9.117791175842285
INFO:root:Epoch 1, Batch 119, Loss: 10.002385139465332
INFO:root:Epoch 1, Batch 120, Loss: 9.823074340820312
INFO:root:Epoch 1, Batch 121, Loss: 9.762907981872559
INFO:root:Epoch 1, Batch 122, Loss: 9.541074752807617
INFO:root:Epoch 1, Batch 123, Loss: 9.008255958557129
INFO:root:Epoch 1, Batch 124, Loss: 9.317451477050781
INFO:root:Epoch 1, Batch 125, Loss: 9.724573135375977
INFO:root:Epoch 1, Batch 126, Loss: 10.339473724365234
INFO:root:Epoch 1, Batch 127, Loss: 9.421639442443848
INFO:root:Epoch 1, Batch 128, Loss: 10.167206764221191
INFO:root:Epoch 1, Batch 129, Loss: 9.806241989135742
INFO:root:Epoch 1, Batch 130, Loss: 9.595617294311523
INFO:root:Epoch 1, Batch 131, Loss: 9.84009838104248
INFO:root:Epoch 1, Batch 132, Loss: 9.828369140625
INFO:root:Epoch 1, Batch 133, Loss: 9.028681755065918
INFO:root:Epoch 1, Batch 134, Loss: 8.931973457336426
INFO:root:Epoch 1, Batch 135, Loss: 9.806451797485352
INFO:root:Epoch 1, Batch 136, Loss: 9.840551376342773
INFO:root:Epoch 1, Batch 137, Loss: 9.913128852844238
INFO:root:Epoch 1, Batch 138, Loss: 10.081642150878906
INFO:root:Epoch 1, Batch 139, Loss: 9.864823341369629
INFO:root:Epoch 1, Batch 140, Loss: 9.190605163574219
INFO:root:Epoch 1, Batch 141, Loss: 9.916337966918945
INFO:root:Epoch 1, Batch 142, Loss: 9.525667190551758
INFO:root:Epoch 1, Batch 143, Loss: 8.817676544189453
INFO:root:Epoch 1, Batch 144, Loss: 9.487098693847656
INFO:root:Epoch 1, Batch 145, Loss: 9.051215171813965
INFO:root:Epoch 1, Batch 146, Loss: 9.699725151062012
INFO:root:Epoch 1, Batch 147, Loss: 9.755829811096191
INFO:root:Epoch 1, Batch 148, Loss: 9.54320240020752
INFO:root:Epoch 1, Batch 149, Loss: 9.498629570007324
INFO:root:Epoch 1, Batch 150, Loss: 9.549118041992188
INFO:root:Epoch 1, Batch 151, Loss: 9.288764953613281
INFO:root:Epoch 1, Batch 152, Loss: 8.541773796081543
INFO:root:Epoch 1, Batch 153, Loss: 9.538475036621094
INFO:root:Epoch 1, Batch 154, Loss: 8.657991409301758
INFO:root:Epoch 1, Batch 155, Loss: 9.300801277160645
INFO:root:Epoch 1, Batch 156, Loss: 10.027120590209961
INFO:root:Epoch 1, Batch 157, Loss: 9.978423118591309
INFO:root:Epoch 1, Batch 158, Loss: 9.447343826293945
INFO:root:Epoch 1, Batch 159, Loss: 9.612563133239746
INFO:root:Epoch 1, Batch 160, Loss: 9.627754211425781
INFO:root:Epoch 1, Batch 161, Loss: 9.17231559753418
INFO:root:Epoch 1, Batch 162, Loss: 8.830219268798828
INFO:root:Epoch 1, Batch 163, Loss: 8.36994743347168
INFO:root:Epoch 1, Batch 164, Loss: 8.429201126098633
INFO:root:Epoch 1, Batch 165, Loss: 9.208589553833008
INFO:root:Epoch 1, Batch 166, Loss: 8.566362380981445
INFO:root:Epoch 1, Batch 167, Loss: 8.965916633605957
INFO:root:Epoch 1, Batch 168, Loss: 9.212013244628906
INFO:root:Epoch 1, Batch 169, Loss: 9.776575088500977
INFO:root:Epoch 1, Batch 170, Loss: 9.327856063842773
INFO:root:Epoch 1, Batch 171, Loss: 9.241252899169922
INFO:root:Epoch 1, Batch 172, Loss: 9.107739448547363
INFO:root:Epoch 1, Batch 173, Loss: 9.69415283203125
INFO:root:Epoch 1, Batch 174, Loss: 8.617508888244629
INFO:root:Epoch 1, Batch 175, Loss: 9.740129470825195
INFO:root:Epoch 1, Batch 176, Loss: 9.502725601196289
INFO:root:Epoch 1, Batch 177, Loss: 9.66124439239502
INFO:root:Epoch 1, Batch 178, Loss: 9.080009460449219
INFO:root:Epoch 1, Batch 179, Loss: 9.257233619689941
INFO:root:Epoch 1, Batch 180, Loss: 9.263132095336914
INFO:root:Epoch 1, Batch 181, Loss: 8.83462142944336
INFO:root:Epoch 1, Batch 182, Loss: 8.422656059265137
INFO:root:Epoch 1, Batch 183, Loss: 8.913994789123535
INFO:root:Epoch 1, Batch 184, Loss: 9.038684844970703
INFO:root:Epoch 1, Batch 185, Loss: 9.866586685180664
INFO:root:Epoch 1, Batch 186, Loss: 10.034382820129395
INFO:root:Epoch 1, Batch 187, Loss: 9.6533203125
INFO:root:Epoch 1, Batch 188, Loss: 8.66502571105957
INFO:root:Epoch 1, Batch 189, Loss: 8.280596733093262
INFO:root:Epoch 1, Batch 190, Loss: 10.112344741821289
INFO:root:Epoch 1, Batch 191, Loss: 7.101632118225098
INFO:root:Epoch 1, Batch 192, Loss: 8.508017539978027
INFO:root:Epoch 1, Batch 193, Loss: 9.138671875
INFO:root:Epoch 1, Batch 194, Loss: 8.705944061279297
INFO:root:Epoch 1, Batch 195, Loss: 10.295486450195312
INFO:root:Epoch 1, Batch 196, Loss: 8.366010665893555
INFO:root:Epoch 1, Batch 197, Loss: 9.914029121398926
INFO:root:Epoch 1, Batch 198, Loss: 9.50551986694336
INFO:root:Epoch 1, Batch 199, Loss: 8.60402774810791
INFO:root:Epoch 1, Batch 200, Loss: 8.78352165222168
INFO:root:Epoch 1, Batch 201, Loss: 8.978002548217773
INFO:root:Epoch 1, Batch 202, Loss: 9.591625213623047
INFO:root:Epoch 1, Batch 203, Loss: 10.263144493103027
INFO:root:Epoch 1, Batch 204, Loss: 8.202942848205566
INFO:root:Epoch 1, Batch 205, Loss: 9.215191841125488
INFO:root:Epoch 1, Batch 206, Loss: 8.421850204467773
INFO:root:Epoch 1, Batch 207, Loss: 8.305113792419434
INFO:root:Epoch 1, Batch 208, Loss: 9.774592399597168
INFO:root:Epoch 1, Batch 209, Loss: 8.627137184143066
INFO:root:Epoch 1, Batch 210, Loss: 8.778623580932617
INFO:root:Epoch 1, Batch 211, Loss: 8.869990348815918
INFO:root:Epoch 1, Batch 212, Loss: 9.544797897338867
INFO:root:Epoch 1, Batch 213, Loss: 8.145556449890137
INFO:root:Epoch 1, Batch 214, Loss: 9.196257591247559
INFO:root:Epoch 1, Batch 215, Loss: 8.628290176391602
INFO:root:Epoch 1, Batch 216, Loss: 7.429081916809082
INFO:root:Epoch 1, Batch 217, Loss: 8.429439544677734
INFO:root:Epoch 1, Batch 218, Loss: 8.877159118652344
INFO:root:Epoch 1, Batch 219, Loss: 7.949195861816406
INFO:root:Epoch 1, Batch 220, Loss: 8.050658226013184
INFO:root:Epoch 1, Batch 221, Loss: 7.5484089851379395
INFO:root:Epoch 1, Batch 222, Loss: 7.95867919921875
INFO:root:Epoch 1, Batch 223, Loss: 8.238659858703613
INFO:root:Epoch 1, Batch 224, Loss: 9.163949012756348
INFO:root:Epoch 1, Batch 225, Loss: 8.723472595214844
INFO:root:Epoch 1, Batch 226, Loss: 8.59170913696289
INFO:root:Epoch 1, Batch 227, Loss: 8.312272071838379
INFO:root:Epoch 1, Batch 228, Loss: 9.644903182983398
INFO:root:Epoch 1, Batch 229, Loss: 8.721940994262695
INFO:root:Epoch 1, Batch 230, Loss: 8.159503936767578
INFO:root:Epoch 1, Batch 231, Loss: 7.465313911437988
INFO:root:Epoch 1, Batch 232, Loss: 8.779268264770508
INFO:root:Epoch 1, Batch 233, Loss: 7.931118011474609
INFO:root:Epoch 1, Batch 234, Loss: 7.527238845825195
INFO:root:Epoch 1, Batch 235, Loss: 8.541203498840332
INFO:root:Epoch 1, Batch 236, Loss: 9.379677772521973
INFO:root:Epoch 1, Batch 237, Loss: 7.903266429901123
INFO:root:Epoch 1, Batch 238, Loss: 8.505265235900879
INFO:root:Epoch 1, Batch 239, Loss: 7.560613632202148
INFO:root:Epoch 1, Batch 240, Loss: 8.288278579711914
INFO:root:Epoch 1, Batch 241, Loss: 7.767934322357178
INFO:root:Epoch 1, Batch 242, Loss: 8.557416915893555
INFO:root:Epoch 1, Batch 243, Loss: 8.736064910888672
INFO:root:Epoch 1, Batch 244, Loss: 7.969444751739502
INFO:root:Epoch 1, Batch 245, Loss: 10.023938179016113
INFO:root:Epoch 1, Batch 246, Loss: 8.521510124206543
INFO:root:Epoch 1, Batch 247, Loss: 8.776305198669434
INFO:root:Epoch 1, Batch 248, Loss: 8.705740928649902
INFO:root:Epoch 1, Batch 249, Loss: 7.954916954040527
INFO:root:Epoch 1, Batch 250, Loss: 8.166305541992188
INFO:root:Epoch 1, Batch 251, Loss: 8.339646339416504
INFO:root:Epoch 1, Batch 252, Loss: 9.149105072021484
INFO:root:Epoch 1, Batch 253, Loss: 8.298849105834961
INFO:root:Epoch 1, Batch 254, Loss: 9.116949081420898
INFO:root:Epoch 1, Batch 255, Loss: 9.568714141845703
INFO:root:Epoch 1, Batch 256, Loss: 7.979773998260498
INFO:root:Epoch 1, Batch 257, Loss: 8.513812065124512
INFO:root:Epoch 1, Batch 258, Loss: 9.478438377380371
INFO:root:Epoch 1, Batch 259, Loss: 8.201517105102539
INFO:root:Epoch 1, Batch 260, Loss: 8.348245620727539
INFO:root:Epoch 1, Batch 261, Loss: 9.160565376281738
INFO:root:Epoch 1, Batch 262, Loss: 7.50641393661499
INFO:root:Epoch 1, Batch 263, Loss: 7.066850662231445
INFO:root:Epoch 1, Batch 264, Loss: 9.32162094116211
INFO:root:Epoch 1, Batch 265, Loss: 7.7967634201049805
INFO:root:Epoch 1, Batch 266, Loss: 7.556400299072266
INFO:root:Epoch 1, Batch 267, Loss: 8.51998519897461
INFO:root:Epoch 1, Batch 268, Loss: 7.701683521270752
INFO:root:Epoch 1, Batch 269, Loss: 7.420583724975586
INFO:root:Epoch 1, Batch 270, Loss: 8.215463638305664
INFO:root:Epoch 1, Batch 271, Loss: 7.8465352058410645
INFO:root:Epoch 1, Batch 272, Loss: 8.478300094604492
INFO:root:Epoch 1, Batch 273, Loss: 7.8761725425720215
INFO:root:Epoch 1, Batch 274, Loss: 8.207491874694824
INFO:root:Epoch 1, Batch 275, Loss: 9.163535118103027
INFO:root:Epoch 1, Batch 276, Loss: 7.486321449279785
INFO:root:Epoch 1, Batch 277, Loss: 8.84598159790039
INFO:root:Epoch 1, Batch 278, Loss: 7.153649806976318
INFO:root:Epoch 1, Batch 279, Loss: 8.478923797607422
INFO:root:Epoch 1, Batch 280, Loss: 7.1890740394592285
INFO:root:Epoch 1, Batch 281, Loss: 8.518213272094727
INFO:root:Epoch 1, Batch 282, Loss: 7.528692245483398
INFO:root:Epoch 1, Batch 283, Loss: 7.88685417175293
INFO:root:Epoch 1, Batch 284, Loss: 7.803709506988525
INFO:root:Epoch 1, Batch 285, Loss: 8.103073120117188
INFO:root:Epoch 1, Batch 286, Loss: 8.767068862915039
INFO:root:Epoch 1, Batch 287, Loss: 7.912447452545166
INFO:root:Epoch 1, Batch 288, Loss: 8.576849937438965
INFO:root:Epoch 1, Batch 289, Loss: 8.364065170288086
INFO:root:Epoch 1, Batch 290, Loss: 7.771075248718262
INFO:root:Epoch 1, Batch 291, Loss: 8.12960433959961
INFO:root:Epoch 1, Batch 292, Loss: 8.116180419921875
INFO:root:Epoch 1, Batch 293, Loss: 6.843505382537842
INFO:root:Epoch 1, Batch 294, Loss: 8.248275756835938
INFO:root:Epoch 1, Batch 295, Loss: 8.55873966217041
INFO:root:Epoch 1, Batch 296, Loss: 8.147122383117676
INFO:root:Epoch 1, Batch 297, Loss: 7.7541704177856445
INFO:root:Epoch 1, Batch 298, Loss: 9.110410690307617
INFO:root:Epoch 1, Batch 299, Loss: 8.407094955444336
INFO:root:Epoch 1, Batch 300, Loss: 9.085441589355469
INFO:root:Epoch 1, Batch 301, Loss: 7.900155067443848
INFO:root:Epoch 1, Batch 302, Loss: 7.785763740539551
INFO:root:Epoch 1, Batch 303, Loss: 6.86987829208374
INFO:root:Epoch 1, Batch 304, Loss: 9.247565269470215
INFO:root:Epoch 1, Batch 305, Loss: 7.708798885345459
INFO:root:Epoch 1, Batch 306, Loss: 7.962430477142334
INFO:root:Epoch 1, Batch 307, Loss: 7.693778038024902
INFO:root:Epoch 1, Batch 308, Loss: 7.852636337280273
INFO:root:Epoch 1, Batch 309, Loss: 8.047311782836914
INFO:root:Epoch 1, Batch 310, Loss: 6.863677024841309
INFO:root:Epoch 1, Batch 311, Loss: 8.051422119140625
INFO:root:Epoch 1, Batch 312, Loss: 7.493999481201172
INFO:root:Epoch 1, Batch 313, Loss: 7.955726623535156
INFO:root:Epoch 1, Batch 314, Loss: 8.959329605102539
INFO:root:Epoch 1, Batch 315, Loss: 7.731964111328125
INFO:root:Epoch 1, Batch 316, Loss: 7.74479341506958
INFO:root:Epoch 1, Batch 317, Loss: 8.556052207946777
INFO:root:Epoch 1, Batch 318, Loss: 7.11793851852417
INFO:root:Epoch 1, Batch 319, Loss: 7.423287391662598
INFO:root:Epoch 1, Batch 320, Loss: 8.552471160888672
INFO:root:Epoch 1, Batch 321, Loss: 6.833508491516113
INFO:root:Epoch 1, Batch 322, Loss: 6.761256694793701
INFO:root:Epoch 1, Batch 323, Loss: 7.823968887329102
INFO:root:Epoch 1, Batch 324, Loss: 8.5110502243042
INFO:root:Epoch 1, Batch 325, Loss: 7.406846523284912
INFO:root:Epoch 1, Batch 326, Loss: 7.7098870277404785
INFO:root:Epoch 1, Batch 327, Loss: 7.093473434448242
INFO:root:Epoch 1, Batch 328, Loss: 9.149808883666992
INFO:root:Epoch 1, Batch 329, Loss: 8.04873275756836
INFO:root:Epoch 1, Batch 330, Loss: 7.166182994842529
INFO:root:Epoch 1, Batch 331, Loss: 7.6253228187561035
INFO:root:Epoch 1, Batch 332, Loss: 7.580687999725342
INFO:root:Epoch 1, Batch 333, Loss: 7.301146984100342
INFO:root:Epoch 1, Batch 334, Loss: 7.460479259490967
INFO:root:Epoch 1, Batch 335, Loss: 7.7958173751831055
INFO:root:Epoch 1, Batch 336, Loss: 6.8372602462768555
INFO:root:Epoch 1, Batch 337, Loss: 8.23835277557373
INFO:root:Epoch 1, Batch 338, Loss: 9.17615795135498
INFO:root:Epoch 1, Batch 339, Loss: 8.474498748779297
INFO:root:Epoch 1, Batch 340, Loss: 8.770934104919434
INFO:root:Epoch 1, Batch 341, Loss: 7.3462982177734375
INFO:root:Epoch 1, Batch 342, Loss: 8.15042781829834
INFO:root:Epoch 1, Batch 343, Loss: 8.107962608337402
INFO:root:Epoch 1, Batch 344, Loss: 6.258974552154541
INFO:root:Epoch 1, Batch 345, Loss: 9.155452728271484
INFO:root:Epoch 1, Batch 346, Loss: 7.486357688903809
INFO:root:Epoch 1, Batch 347, Loss: 8.015817642211914
INFO:root:Epoch 1, Batch 348, Loss: 7.722398281097412
INFO:root:Epoch 1, Batch 349, Loss: 7.236886501312256
INFO:root:Epoch 1, Batch 350, Loss: 6.611163139343262
INFO:root:Epoch 1, Batch 351, Loss: 7.530128479003906
INFO:root:Epoch 1, Batch 352, Loss: 8.138551712036133
INFO:root:Epoch 1, Batch 353, Loss: 6.769162654876709
INFO:root:Epoch 1, Batch 354, Loss: 8.117132186889648
INFO:root:Epoch 1, Batch 355, Loss: 6.139544486999512
INFO:root:Epoch 1, Batch 356, Loss: 7.047368049621582
INFO:root:Epoch 1, Batch 357, Loss: 7.80537748336792
INFO:root:Epoch 1, Batch 358, Loss: 8.55171012878418
INFO:root:Epoch 1, Batch 359, Loss: 9.964890480041504
INFO:root:Epoch 1, Batch 360, Loss: 7.315070629119873
INFO:root:Epoch 1, Batch 361, Loss: 7.670641899108887
INFO:root:Epoch 1, Batch 362, Loss: 8.257980346679688
INFO:root:Epoch 1, Batch 363, Loss: 7.76076078414917
INFO:root:Epoch 1, Batch 364, Loss: 6.295496940612793
INFO:root:Epoch 1, Batch 365, Loss: 7.919929027557373
INFO:root:Epoch 1, Batch 366, Loss: 8.46053409576416
INFO:root:Epoch 1, Batch 367, Loss: 8.638487815856934
INFO:root:Epoch 1, Batch 368, Loss: 7.21069860458374
INFO:root:Epoch 1, Batch 369, Loss: 7.117381572723389
INFO:root:Epoch 1, Batch 370, Loss: 8.66801643371582
INFO:root:Epoch 1, Batch 371, Loss: 7.513060092926025
INFO:root:Epoch 1, Batch 372, Loss: 7.765763759613037
INFO:root:Epoch 1, Batch 373, Loss: 7.080479621887207
INFO:root:Epoch 1, Batch 374, Loss: 7.643293380737305
INFO:root:Epoch 1, Batch 375, Loss: 7.86997652053833
INFO:root:Epoch 1, Batch 376, Loss: 7.484173774719238
INFO:root:Epoch 1, Batch 377, Loss: 7.83314323425293
INFO:root:Epoch 1, Batch 378, Loss: 7.174615859985352
INFO:root:Epoch 1, Batch 379, Loss: 7.267666339874268
INFO:root:Epoch 1, Batch 380, Loss: 6.474155902862549
INFO:root:Epoch 1, Batch 381, Loss: 8.206644058227539
INFO:root:Epoch 1, Batch 382, Loss: 6.869109630584717
INFO:root:Epoch 1, Batch 383, Loss: 7.570516586303711
INFO:root:Epoch 1, Batch 384, Loss: 8.574292182922363
INFO:root:Epoch 1, Batch 385, Loss: 7.093360900878906
INFO:root:Epoch 1, Batch 386, Loss: 7.296587944030762
INFO:root:Epoch 1, Batch 387, Loss: 7.621557235717773
INFO:root:Epoch 1, Batch 388, Loss: 8.962786674499512
INFO:root:Epoch 1, Batch 389, Loss: 9.030492782592773
INFO:root:Epoch 1, Batch 390, Loss: 8.236266136169434
INFO:root:Epoch 1, Batch 391, Loss: 7.504161357879639
INFO:root:Epoch 1, Batch 392, Loss: 7.350080490112305
INFO:root:Epoch 1, Batch 393, Loss: 8.407740592956543
INFO:root:Epoch 1, Batch 394, Loss: 8.621386528015137
INFO:root:Epoch 1, Batch 395, Loss: 6.795641899108887
INFO:root:Epoch 1, Batch 396, Loss: 9.422389030456543
INFO:root:Epoch 1, Batch 397, Loss: 8.352210998535156
INFO:root:Epoch 1, Batch 398, Loss: 6.030221462249756
INFO:root:Epoch 1, Batch 399, Loss: 6.756345748901367
INFO:root:Epoch 1, Batch 400, Loss: 6.003772258758545
INFO:root:Epoch 1, Batch 401, Loss: 6.963019847869873
INFO:root:Epoch 1, Batch 402, Loss: 8.531450271606445
INFO:root:Epoch 1, Batch 403, Loss: 7.625081539154053
INFO:root:Epoch 1, Batch 404, Loss: 7.317673206329346
INFO:root:Epoch 1, Batch 405, Loss: 7.130206108093262
INFO:root:Epoch 1, Batch 406, Loss: 8.63202953338623
INFO:root:Epoch 1, Batch 407, Loss: 7.337457656860352
INFO:root:Epoch 1, Batch 408, Loss: 7.789485454559326
INFO:root:Epoch 1, Batch 409, Loss: 8.202298164367676
INFO:root:Epoch 1, Batch 410, Loss: 7.266729354858398
INFO:root:Epoch 1, Batch 411, Loss: 6.566466808319092
INFO:root:Epoch 1, Batch 412, Loss: 7.593751430511475
INFO:root:Epoch 1, Batch 413, Loss: 6.164239883422852
INFO:root:Epoch 1, Batch 414, Loss: 7.618738174438477
INFO:root:Epoch 1, Batch 415, Loss: 6.621271133422852
INFO:root:Epoch 1, Batch 416, Loss: 6.76545524597168
INFO:root:Epoch 1, Batch 417, Loss: 8.084366798400879
INFO:root:Epoch 1, Batch 418, Loss: 8.478705406188965
INFO:root:Epoch 1, Batch 419, Loss: 6.5449748039245605
INFO:root:Epoch 1, Batch 420, Loss: 6.3673529624938965
INFO:root:Epoch 1, Batch 421, Loss: 7.2469563484191895
INFO:root:Epoch 1, Batch 422, Loss: 7.532026767730713
INFO:root:Epoch 1, Batch 423, Loss: 7.676452159881592
INFO:root:Epoch 1, Batch 424, Loss: 6.376742839813232
INFO:root:Epoch 1, Batch 425, Loss: 6.977292537689209
INFO:root:Epoch 1, Batch 426, Loss: 8.619457244873047
INFO:root:Epoch 1, Batch 427, Loss: 7.690179824829102
INFO:root:Epoch 1, Batch 428, Loss: 8.612448692321777
INFO:root:Epoch 1, Batch 429, Loss: 6.258528709411621
INFO:root:Epoch 1, Batch 430, Loss: 6.131840705871582
INFO:root:Epoch 1, Batch 431, Loss: 7.832545757293701
INFO:root:Epoch 1, Batch 432, Loss: 6.467523097991943
INFO:root:Epoch 1, Batch 433, Loss: 7.480427265167236
INFO:root:Epoch 1, Batch 434, Loss: 7.600883483886719
INFO:root:Epoch 1, Batch 435, Loss: 7.364572525024414
INFO:root:Epoch 1, Batch 436, Loss: 8.668535232543945
INFO:root:Epoch 1, Batch 437, Loss: 7.5689778327941895
INFO:root:Epoch 1, Batch 438, Loss: 9.322242736816406
INFO:root:Epoch 1, Batch 439, Loss: 8.103589057922363
INFO:root:Epoch 1, Batch 440, Loss: 8.347640991210938
INFO:root:Epoch 1, Batch 441, Loss: 6.7631964683532715
INFO:root:Epoch 1, Batch 442, Loss: 6.6526875495910645
INFO:root:Epoch 1, Batch 443, Loss: 6.659859657287598
INFO:root:Epoch 1, Batch 444, Loss: 7.656724452972412
INFO:root:Epoch 1, Batch 445, Loss: 7.8863935470581055
INFO:root:Epoch 1, Batch 446, Loss: 6.786412239074707
INFO:root:Epoch 1, Batch 447, Loss: 7.305295467376709
INFO:root:Epoch 1, Batch 448, Loss: 7.338528156280518
INFO:root:Epoch 1, Batch 449, Loss: 7.3131585121154785
INFO:root:Epoch 1, Batch 450, Loss: 8.48400592803955
INFO:root:Epoch 1, Batch 451, Loss: 7.1729230880737305
INFO:root:Epoch 1, Batch 452, Loss: 7.362643718719482
INFO:root:Epoch 1, Batch 453, Loss: 6.888418674468994
INFO:root:Epoch 1, Batch 454, Loss: 7.663854122161865
INFO:root:Epoch 1, Batch 455, Loss: 7.500422954559326
INFO:root:Epoch 1, Batch 456, Loss: 7.856504917144775
INFO:root:Epoch 1, Batch 457, Loss: 7.80561637878418
INFO:root:Epoch 1, Batch 458, Loss: 8.029318809509277
INFO:root:Epoch 1, Batch 459, Loss: 9.582722663879395
INFO:root:Epoch 1, Batch 460, Loss: 7.800714015960693
INFO:root:Epoch 1, Batch 461, Loss: 7.854641437530518
INFO:root:Epoch 1, Batch 462, Loss: 7.765080451965332
INFO:root:Epoch 1, Batch 463, Loss: 6.503089427947998
INFO:root:Epoch 1, Batch 464, Loss: 7.308688640594482
INFO:root:Epoch 1, Batch 465, Loss: 6.854844093322754
INFO:root:Epoch 1, Batch 466, Loss: 7.421098232269287
INFO:root:Epoch 1, Batch 467, Loss: 6.735264301300049
INFO:root:Epoch 1, Batch 468, Loss: 8.002241134643555
INFO:root:Epoch 1, Batch 469, Loss: 7.840811252593994
INFO:root:Epoch 1, Batch 470, Loss: 6.9661641120910645
INFO:root:Epoch 1, Batch 471, Loss: 6.678450107574463
INFO:root:Epoch 1, Batch 472, Loss: 6.773728847503662
INFO:root:Epoch 1, Batch 473, Loss: 8.286384582519531
INFO:root:Epoch 1, Batch 474, Loss: 6.7590436935424805
INFO:root:Epoch 1, Batch 475, Loss: 6.361162185668945
INFO:root:Epoch 1, Batch 476, Loss: 6.984253406524658
INFO:root:Epoch 1, Batch 477, Loss: 5.855060577392578
INFO:root:Epoch 1, Batch 478, Loss: 7.348152160644531
INFO:root:Epoch 1, Batch 479, Loss: 6.054897308349609
INFO:root:Epoch 1, Batch 480, Loss: 7.075188159942627
INFO:root:Epoch 1, Batch 481, Loss: 8.332361221313477
INFO:root:Epoch 1, Batch 482, Loss: 6.1654052734375
INFO:root:Epoch 1, Batch 483, Loss: 7.323078155517578
INFO:root:Epoch 1, Batch 484, Loss: 7.475255012512207
INFO:root:Epoch 1, Batch 485, Loss: 7.5115532875061035
INFO:root:Epoch 1, Batch 486, Loss: 6.576024532318115
INFO:root:Epoch 1, Batch 487, Loss: 6.55396032333374
INFO:root:Epoch 1, Batch 488, Loss: 7.181020736694336
INFO:root:Epoch 1, Batch 489, Loss: 6.541247367858887
INFO:root:Epoch 1, Batch 490, Loss: 6.571139335632324
INFO:root:Epoch 1, Batch 491, Loss: 7.269415855407715
INFO:root:Epoch 1, Batch 492, Loss: 8.491951942443848
INFO:root:Epoch 1, Batch 493, Loss: 7.761395454406738
INFO:root:Epoch 1, Batch 494, Loss: 9.969939231872559
INFO:root:Epoch 1, Batch 495, Loss: 7.036685466766357
INFO:root:Epoch 1, Batch 496, Loss: 7.33944034576416
INFO:root:Epoch 1, Batch 497, Loss: 7.300989627838135
INFO:root:Epoch 1, Batch 498, Loss: 8.786530494689941
INFO:root:Epoch 1, Batch 499, Loss: 6.217851638793945
INFO:root:Epoch 1, Batch 500, Loss: 8.032608032226562
INFO:root:Epoch 1, Batch 501, Loss: 8.935532569885254
INFO:root:Epoch 1, Batch 502, Loss: 7.426145553588867
INFO:root:Epoch 1, Batch 503, Loss: 5.632185935974121
INFO:root:Epoch 1, Batch 504, Loss: 7.909924507141113
INFO:root:Epoch 1, Batch 505, Loss: 6.0290937423706055
INFO:root:Epoch 1, Batch 506, Loss: 8.419401168823242
INFO:root:Epoch 1, Batch 507, Loss: 7.205639362335205
INFO:root:Epoch 1, Batch 508, Loss: 6.893048286437988
INFO:root:Epoch 1, Batch 509, Loss: 7.81212043762207
INFO:root:Epoch 1, Batch 510, Loss: 7.7959303855896
INFO:root:Epoch 1, Batch 511, Loss: 6.798913478851318
INFO:root:Epoch 1, Batch 512, Loss: 6.6618332862854
INFO:root:Epoch 1, Batch 513, Loss: 7.9441375732421875
INFO:root:Epoch 1, Batch 514, Loss: 7.266660690307617
INFO:root:Epoch 1, Batch 515, Loss: 8.364614486694336
INFO:root:Epoch 1, Batch 516, Loss: 7.563579082489014
INFO:root:Epoch 1, Batch 517, Loss: 6.2243571281433105
INFO:root:Epoch 1, Batch 518, Loss: 8.288487434387207
INFO:root:Epoch 1, Batch 519, Loss: 6.159239292144775
INFO:root:Epoch 1, Batch 520, Loss: 6.37180757522583
INFO:root:Epoch 1, Batch 521, Loss: 7.100073337554932
INFO:root:Epoch 1, Batch 522, Loss: 6.575102806091309
INFO:root:Epoch 1, Batch 523, Loss: 7.35380744934082
INFO:root:Epoch 1, Batch 524, Loss: 6.93901252746582
INFO:root:Epoch 1, Batch 525, Loss: 8.593964576721191
INFO:root:Epoch 1, Batch 526, Loss: 9.248729705810547
INFO:root:Epoch 1, Batch 527, Loss: 6.365397930145264
INFO:root:Epoch 1, Batch 528, Loss: 8.76417064666748
INFO:root:Epoch 1, Batch 529, Loss: 6.571238994598389
INFO:root:Epoch 1, Batch 530, Loss: 4.744470119476318
INFO:root:Epoch 1, Batch 531, Loss: 6.645310878753662
INFO:root:Epoch 1, Batch 532, Loss: 9.979914665222168
INFO:root:Epoch 1, Batch 533, Loss: 6.99090576171875
INFO:root:Epoch 1, Batch 534, Loss: 8.43042278289795
INFO:root:Epoch 1, Batch 535, Loss: 7.823916435241699
INFO:root:Epoch 1, Batch 536, Loss: 7.067202091217041
INFO:root:Epoch 1, Batch 537, Loss: 7.433277130126953
INFO:root:Epoch 1, Batch 538, Loss: 7.405582427978516
INFO:root:Epoch 1, Batch 539, Loss: 6.673552989959717
INFO:root:Epoch 1, Batch 540, Loss: 7.634486675262451
INFO:root:Epoch 1, Batch 541, Loss: 6.971583843231201
INFO:root:Epoch 1, Batch 542, Loss: 6.596897602081299
INFO:root:Epoch 1, Batch 543, Loss: 8.000361442565918
INFO:root:Epoch 1, Batch 544, Loss: 6.704347133636475
INFO:root:Epoch 1, Batch 545, Loss: 8.1939115524292
INFO:root:Epoch 1, Batch 546, Loss: 7.718244552612305
INFO:root:Epoch 1, Batch 547, Loss: 8.01833724975586
INFO:root:Epoch 1, Batch 548, Loss: 6.936310768127441
INFO:root:Epoch 1, Batch 549, Loss: 7.258999347686768
INFO:root:Epoch 1, Batch 550, Loss: 6.748692035675049
INFO:root:Epoch 1, Batch 551, Loss: 7.980391979217529
INFO:root:Epoch 1, Batch 552, Loss: 6.516268253326416
INFO:root:Epoch 1, Batch 553, Loss: 6.234863758087158
INFO:root:Epoch 1, Batch 554, Loss: 8.063800811767578
INFO:root:Epoch 1, Batch 555, Loss: 6.022888660430908
INFO:root:Epoch 1, Batch 556, Loss: 7.831052303314209
INFO:root:Epoch 1, Batch 557, Loss: 5.951294898986816
INFO:root:Epoch 1, Batch 558, Loss: 8.586228370666504
INFO:root:Epoch 1, Batch 559, Loss: 7.148883819580078
INFO:root:Epoch 1, Batch 560, Loss: 6.311008930206299
INFO:root:Epoch 1, Batch 561, Loss: 6.183132648468018
INFO:root:Epoch 1, Batch 562, Loss: 6.800684928894043
INFO:root:Epoch 1, Batch 563, Loss: 7.776007175445557
INFO:root:Epoch 1, Batch 564, Loss: 6.998826026916504
INFO:root:Epoch 1, Batch 565, Loss: 7.6995768547058105
INFO:root:Epoch 1, Batch 566, Loss: 6.057981014251709
INFO:root:Epoch 1, Batch 567, Loss: 7.9614973068237305
INFO:root:Epoch 1, Batch 568, Loss: 7.02398681640625
INFO:root:Epoch 1, Batch 569, Loss: 6.629875659942627
INFO:root:Epoch 1, Batch 570, Loss: 6.784700393676758
INFO:root:Epoch 1, Batch 571, Loss: 6.476709842681885
INFO:root:Epoch 1, Batch 572, Loss: 5.619857311248779
INFO:root:Epoch 1, Batch 573, Loss: 8.335965156555176
INFO:root:Epoch 1, Batch 574, Loss: 6.506855010986328
INFO:root:Epoch 1, Batch 575, Loss: 7.003554344177246
INFO:root:Epoch 1, Batch 576, Loss: 8.586089134216309
INFO:root:Epoch 1, Batch 577, Loss: 6.347144603729248
INFO:root:Epoch 1, Batch 578, Loss: 8.402557373046875
INFO:root:Epoch 1, Batch 579, Loss: 8.000324249267578
INFO:root:Epoch 1, Batch 580, Loss: 4.604114532470703
INFO:root:Epoch 1, Batch 581, Loss: 9.178840637207031
INFO:root:Epoch 1, Batch 582, Loss: 7.166435718536377
INFO:root:Epoch 1, Batch 583, Loss: 6.358739376068115
INFO:root:Epoch 1, Batch 584, Loss: 7.729340553283691
INFO:root:Epoch 1, Batch 585, Loss: 7.401371002197266
INFO:root:Epoch 1, Batch 586, Loss: 6.866744041442871
INFO:root:Epoch 1, Batch 587, Loss: 6.886720180511475
INFO:root:Epoch 1, Batch 588, Loss: 9.20373821258545
INFO:root:Epoch 1, Batch 589, Loss: 6.4030375480651855
INFO:root:Epoch 1, Batch 590, Loss: 6.665319442749023
INFO:root:Epoch 1, Batch 591, Loss: 6.2383575439453125
INFO:root:Epoch 1, Batch 592, Loss: 6.215908050537109
INFO:root:Epoch 1, Batch 593, Loss: 8.748374938964844
INFO:root:Epoch 1, Batch 594, Loss: 6.771849155426025
INFO:root:Epoch 1, Batch 595, Loss: 8.295433044433594
INFO:root:Epoch 1, Batch 596, Loss: 9.072822570800781
INFO:root:Epoch 1, Batch 597, Loss: 7.200197219848633
INFO:root:Epoch 1, Batch 598, Loss: 7.368202209472656
INFO:root:Epoch 1, Batch 599, Loss: 8.084855079650879
INFO:root:Epoch 1, Batch 600, Loss: 7.332901477813721
INFO:root:Epoch 1, Batch 601, Loss: 7.606374740600586
INFO:root:Epoch 1, Batch 602, Loss: 6.559037208557129
INFO:root:Epoch 1, Batch 603, Loss: 6.005347728729248
INFO:root:Epoch 1, Batch 604, Loss: 6.486237049102783
INFO:root:Epoch 1, Batch 605, Loss: 5.880416393280029
INFO:root:Epoch 1, Batch 606, Loss: 8.827213287353516
INFO:root:Epoch 1, Batch 607, Loss: 8.101795196533203
INFO:root:Epoch 1, Batch 608, Loss: 5.550249099731445
INFO:root:Epoch 1, Batch 609, Loss: 6.588169097900391
INFO:root:Epoch 1, Batch 610, Loss: 8.382274627685547
INFO:root:Epoch 1, Batch 611, Loss: 8.944820404052734
INFO:root:Epoch 1, Batch 612, Loss: 7.437134742736816
INFO:root:Epoch 1, Batch 613, Loss: 5.8259663581848145
INFO:root:Epoch 1, Batch 614, Loss: 7.024587631225586
INFO:root:Epoch 1, Batch 615, Loss: 6.472655773162842
INFO:root:Epoch 1, Batch 616, Loss: 7.787527561187744
INFO:root:Epoch 1, Batch 617, Loss: 6.014278411865234
INFO:root:Epoch 1, Batch 618, Loss: 7.284250736236572
INFO:root:Epoch 1, Batch 619, Loss: 6.842255592346191
INFO:root:Epoch 1, Batch 620, Loss: 6.76565408706665
INFO:root:Epoch 1, Batch 621, Loss: 6.940471649169922
INFO:root:Epoch 1, Batch 622, Loss: 6.088103771209717
INFO:root:Epoch 1, Batch 623, Loss: 8.011746406555176
INFO:root:Epoch 1, Batch 624, Loss: 6.478981971740723
INFO:root:Epoch 1, Batch 625, Loss: 6.614412307739258
INFO:root:Epoch 1, Batch 626, Loss: 6.8963775634765625
INFO:root:Epoch 1, Batch 627, Loss: 6.827141284942627
INFO:root:Epoch 1, Batch 628, Loss: 5.305168151855469
INFO:root:Epoch 1, Batch 629, Loss: 9.269286155700684
INFO:root:Epoch 1, Batch 630, Loss: 7.271719932556152
INFO:root:Epoch 1, Batch 631, Loss: 6.654181957244873
INFO:root:Epoch 1, Batch 632, Loss: 5.943439483642578
INFO:root:Epoch 1, Batch 633, Loss: 7.552636623382568
INFO:root:Epoch 1, Batch 634, Loss: 7.942840576171875
INFO:root:Epoch 1, Batch 635, Loss: 8.803730010986328
INFO:root:Epoch 1, Batch 636, Loss: 7.234659671783447
INFO:root:Epoch 1, Batch 637, Loss: 6.455931186676025
INFO:root:Epoch 1, Batch 638, Loss: 8.250938415527344
INFO:root:Epoch 1, Batch 639, Loss: 7.766167163848877
INFO:root:Epoch 1, Batch 640, Loss: 6.366610527038574
INFO:root:Epoch 1, Batch 641, Loss: 7.969221591949463
INFO:root:Epoch 1, Batch 642, Loss: 7.353848457336426
INFO:root:Epoch 1, Batch 643, Loss: 6.098937034606934
INFO:root:Epoch 1, Batch 644, Loss: 6.5511369705200195
INFO:root:Epoch 1, Batch 645, Loss: 7.3474884033203125
INFO:root:Epoch 1, Batch 646, Loss: 8.593098640441895
INFO:root:Epoch 1, Batch 647, Loss: 8.259415626525879
INFO:root:Epoch 1, Batch 648, Loss: 6.892055988311768
INFO:root:Epoch 1, Batch 649, Loss: 8.025420188903809
INFO:root:Epoch 1, Batch 650, Loss: 8.528897285461426
INFO:root:Epoch 1, Batch 651, Loss: 7.886102676391602
INFO:root:Epoch 1, Batch 652, Loss: 6.2142767906188965
INFO:root:Epoch 1, Batch 653, Loss: 6.643716812133789
INFO:root:Epoch 1, Batch 654, Loss: 6.107687473297119
INFO:root:Epoch 1, Batch 655, Loss: 6.951778411865234
INFO:root:Epoch 1, Batch 656, Loss: 6.305800437927246
INFO:root:Epoch 1, Batch 657, Loss: 6.372604846954346
INFO:root:Epoch 1, Batch 658, Loss: 6.425392150878906
INFO:root:Epoch 1, Batch 659, Loss: 6.366295337677002
INFO:root:Epoch 1, Batch 660, Loss: 7.756595611572266
INFO:root:Epoch 1, Batch 661, Loss: 7.612888336181641
INFO:root:Epoch 1, Batch 662, Loss: 6.507483005523682
INFO:root:Epoch 1, Batch 663, Loss: 7.713396072387695
INFO:root:Epoch 1, Batch 664, Loss: 6.231106758117676
INFO:root:Epoch 1, Batch 665, Loss: 7.1197991371154785
INFO:root:Epoch 1, Batch 666, Loss: 6.781171798706055
INFO:root:Epoch 1, Batch 667, Loss: 6.863460063934326
INFO:root:Epoch 1, Batch 668, Loss: 8.398289680480957
INFO:root:Epoch 1, Batch 669, Loss: 6.208276271820068
INFO:root:Epoch 1, Batch 670, Loss: 8.072065353393555
INFO:root:Epoch 1, Batch 671, Loss: 7.140510559082031
INFO:root:Epoch 1, Batch 672, Loss: 7.118806838989258
INFO:root:Epoch 1, Batch 673, Loss: 5.57944917678833
INFO:root:Epoch 1, Batch 674, Loss: 6.949556350708008
INFO:root:Epoch 1, Batch 675, Loss: 6.953261852264404
INFO:root:Epoch 1, Batch 676, Loss: 6.906761646270752
INFO:root:Epoch 1, Batch 677, Loss: 5.617853164672852
INFO:root:Epoch 1, Batch 678, Loss: 6.386130332946777
INFO:root:Epoch 1, Batch 679, Loss: 7.608025074005127
INFO:root:Epoch 1, Batch 680, Loss: 6.723262786865234
INFO:root:Epoch 1, Batch 681, Loss: 5.755178451538086
INFO:root:Epoch 1, Batch 682, Loss: 6.943173885345459
INFO:root:Epoch 1, Batch 683, Loss: 7.115514755249023
INFO:root:Epoch 1, Batch 684, Loss: 7.3144097328186035
INFO:root:Epoch 1, Batch 685, Loss: 6.740908622741699
INFO:root:Epoch 1, Batch 686, Loss: 7.002879619598389
INFO:root:Epoch 1, Batch 687, Loss: 7.135458946228027
INFO:root:Epoch 1, Batch 688, Loss: 6.223623275756836
INFO:root:Epoch 1, Batch 689, Loss: 5.734450817108154
INFO:root:Epoch 1, Batch 690, Loss: 8.699064254760742
INFO:root:Epoch 1, Batch 691, Loss: 7.491095542907715
INFO:root:Epoch 1, Batch 692, Loss: 7.351894378662109
INFO:root:Epoch 1, Batch 693, Loss: 5.497117042541504
INFO:root:Epoch 1, Batch 694, Loss: 7.3841142654418945
INFO:root:Epoch 1, Batch 695, Loss: 6.560912132263184
INFO:root:Epoch 1, Batch 696, Loss: 6.594796180725098
INFO:root:Epoch 1, Batch 697, Loss: 9.611919403076172
INFO:root:Epoch 1, Batch 698, Loss: 8.178267478942871
INFO:root:Epoch 1, Batch 699, Loss: 6.168350696563721
INFO:root:Epoch 1, Batch 700, Loss: 8.077203750610352
INFO:root:Epoch 1, Batch 701, Loss: 8.634265899658203
INFO:root:Epoch 1, Batch 702, Loss: 7.213842868804932
INFO:root:Epoch 1, Batch 703, Loss: 6.0515456199646
INFO:root:Epoch 1, Batch 704, Loss: 6.478178977966309
INFO:root:Epoch 1, Batch 705, Loss: 6.280941009521484
INFO:root:Epoch 1, Batch 706, Loss: 8.018878936767578
INFO:root:Epoch 1, Batch 707, Loss: 7.566392421722412
INFO:root:Epoch 1, Batch 708, Loss: 9.637334823608398
INFO:root:Epoch 1, Batch 709, Loss: 7.122664451599121
INFO:root:Epoch 1, Batch 710, Loss: 5.757070541381836
INFO:root:Epoch 1, Batch 711, Loss: 4.306277275085449
INFO:root:Epoch 1, Batch 712, Loss: 8.216758728027344
INFO:root:Epoch 1, Batch 713, Loss: 8.578214645385742
INFO:root:Epoch 1, Batch 714, Loss: 5.686302185058594
INFO:root:Epoch 1, Batch 715, Loss: 6.284115314483643
INFO:root:Epoch 1, Batch 716, Loss: 6.517970085144043
INFO:root:Epoch 1, Batch 717, Loss: 8.706422805786133
INFO:root:Epoch 1, Batch 718, Loss: 7.369297981262207
INFO:root:Epoch 1, Batch 719, Loss: 8.002161979675293
INFO:root:Epoch 1, Batch 720, Loss: 9.469986915588379
INFO:root:Epoch 1, Batch 721, Loss: 8.083800315856934
INFO:root:Epoch 1, Batch 722, Loss: 5.716189384460449
INFO:root:Epoch 1, Batch 723, Loss: 6.502285480499268
INFO:root:Epoch 1, Batch 724, Loss: 4.812906265258789
INFO:root:Epoch 1, Batch 725, Loss: 7.017817974090576
INFO:root:Epoch 1, Batch 726, Loss: 6.495473861694336
INFO:root:Epoch 1, Batch 727, Loss: 7.998037338256836
INFO:root:Epoch 1, Batch 728, Loss: 6.402754783630371
INFO:root:Epoch 1, Batch 729, Loss: 5.709757328033447
INFO:root:Epoch 1, Batch 730, Loss: 5.721258163452148
INFO:root:Epoch 1, Batch 731, Loss: 5.28511381149292
INFO:root:Epoch 1, Batch 732, Loss: 5.648408889770508
INFO:root:Epoch 1, Batch 733, Loss: 7.310970306396484
INFO:root:Epoch 1, Batch 734, Loss: 7.985443592071533
INFO:root:Epoch 1, Batch 735, Loss: 6.747330665588379
INFO:root:Epoch 1, Batch 736, Loss: 7.356575965881348
INFO:root:Epoch 1, Batch 737, Loss: 6.358287811279297
INFO:root:Epoch 1, Batch 738, Loss: 5.816922664642334
INFO:root:Epoch 1, Batch 739, Loss: 7.783410549163818
INFO:root:Epoch 1, Batch 740, Loss: 6.5476555824279785
INFO:root:Epoch 1, Batch 741, Loss: 7.806894779205322
INFO:root:Epoch 1, Batch 742, Loss: 7.033446788787842
INFO:root:Epoch 1, Batch 743, Loss: 5.20139217376709
INFO:root:Epoch 1, Batch 744, Loss: 6.187553405761719
INFO:root:Epoch 1, Batch 745, Loss: 7.751062393188477
INFO:root:Epoch 1, Batch 746, Loss: 7.671474456787109
INFO:root:Epoch 1, Batch 747, Loss: 7.718698024749756
INFO:root:Epoch 1, Batch 748, Loss: 9.022452354431152
INFO:root:Epoch 1, Batch 749, Loss: 7.472107887268066
INFO:root:Epoch 1, Batch 750, Loss: 8.120253562927246
INFO:root:Epoch 1, Batch 751, Loss: 6.146735191345215
INFO:root:Epoch 1, Batch 752, Loss: 7.355421543121338
INFO:root:Epoch 1, Batch 753, Loss: 8.055253982543945
INFO:root:Epoch 1, Batch 754, Loss: 8.046649932861328
INFO:root:Epoch 1, Batch 755, Loss: 6.712691783905029
INFO:root:Epoch 1, Batch 756, Loss: 6.686107635498047
INFO:root:Epoch 1, Batch 757, Loss: 7.233797073364258
INFO:root:Epoch 1, Batch 758, Loss: 6.934581756591797
INFO:root:Epoch 1, Batch 759, Loss: 5.4536848068237305
INFO:root:Epoch 1, Batch 760, Loss: 7.440056800842285
INFO:root:Epoch 1, Batch 761, Loss: 7.659642219543457
INFO:root:Epoch 1, Batch 762, Loss: 7.531956195831299
INFO:root:Epoch 1, Batch 763, Loss: 5.854367256164551
INFO:root:Epoch 1, Batch 764, Loss: 8.267720222473145
INFO:root:Epoch 1, Batch 765, Loss: 7.651798725128174
INFO:root:Epoch 1, Batch 766, Loss: 7.782133102416992
INFO:root:Epoch 1, Batch 767, Loss: 7.483604907989502
INFO:root:Epoch 1, Batch 768, Loss: 6.988257884979248
INFO:root:Epoch 1, Batch 769, Loss: 7.523748874664307
INFO:root:Epoch 1, Batch 770, Loss: 7.2243971824646
INFO:root:Epoch 1, Batch 771, Loss: 7.3084588050842285
INFO:root:Epoch 1, Batch 772, Loss: 6.767725467681885
INFO:root:Epoch 1, Batch 773, Loss: 6.846814155578613
INFO:root:Epoch 1, Batch 774, Loss: 6.344227313995361
INFO:root:Epoch 1, Batch 775, Loss: 7.214918613433838
INFO:root:Epoch 1, Batch 776, Loss: 5.716634273529053
INFO:root:Epoch 1, Batch 777, Loss: 7.1908745765686035
INFO:root:Epoch 1, Batch 778, Loss: 5.940358638763428
INFO:root:Epoch 1, Batch 779, Loss: 6.510315418243408
INFO:root:Epoch 1, Batch 780, Loss: 8.636739730834961
INFO:root:Epoch 1, Batch 781, Loss: 7.676066875457764
INFO:root:Epoch 1, Batch 782, Loss: 6.327998638153076
INFO:root:Epoch 1, Batch 783, Loss: 6.872634410858154
INFO:root:Epoch 1, Batch 784, Loss: 5.917623996734619
INFO:root:Epoch 1, Batch 785, Loss: 6.525594711303711
INFO:root:Epoch 1, Batch 786, Loss: 7.806484699249268
INFO:root:Epoch 1, Batch 787, Loss: 6.398519515991211
INFO:root:Epoch 1, Batch 788, Loss: 6.047937393188477
INFO:root:Epoch 1, Batch 789, Loss: 5.6922101974487305
INFO:root:Epoch 1, Batch 790, Loss: 8.353973388671875
INFO:root:Epoch 1, Batch 791, Loss: 6.248222827911377
INFO:root:Epoch 1, Batch 792, Loss: 6.496710300445557
INFO:root:Epoch 1, Batch 793, Loss: 7.869919300079346
INFO:root:Epoch 1, Batch 794, Loss: 7.649691104888916
INFO:root:Epoch 1, Batch 795, Loss: 6.731844902038574
INFO:root:Epoch 1, Batch 796, Loss: 7.072530269622803
INFO:root:Epoch 1, Batch 797, Loss: 6.448952674865723
INFO:root:Epoch 1, Batch 798, Loss: 7.490796089172363
INFO:root:Epoch 1, Batch 799, Loss: 7.669677257537842
INFO:root:Epoch 1, Batch 800, Loss: 7.19792366027832
INFO:root:Epoch 1, Batch 801, Loss: 5.871657848358154
INFO:root:Epoch 1, Batch 802, Loss: 7.53331184387207
INFO:root:Epoch 1, Batch 803, Loss: 8.89898681640625
INFO:root:Epoch 1, Batch 804, Loss: 9.171428680419922
INFO:root:Epoch 1, Batch 805, Loss: 5.7356672286987305
INFO:root:Epoch 1, Batch 806, Loss: 6.079791069030762
INFO:root:Epoch 1, Batch 807, Loss: 6.888676166534424
INFO:root:Epoch 1, Batch 808, Loss: 7.793062210083008
INFO:root:Epoch 1, Batch 809, Loss: 6.320796012878418
INFO:root:Epoch 1, Batch 810, Loss: 6.653801918029785
INFO:root:Epoch 1, Batch 811, Loss: 6.3218674659729
INFO:root:Epoch 1, Batch 812, Loss: 7.859184741973877
INFO:root:Epoch 1, Batch 813, Loss: 7.084639072418213
INFO:root:Epoch 1, Batch 814, Loss: 7.561005115509033
INFO:root:Epoch 1, Batch 815, Loss: 4.508672714233398
INFO:root:Epoch 1, Batch 816, Loss: 6.89721155166626
INFO:root:Epoch 1, Batch 817, Loss: 6.0721893310546875
INFO:root:Epoch 1, Batch 818, Loss: 7.589967250823975
INFO:root:Epoch 1, Batch 819, Loss: 6.947097301483154
INFO:root:Epoch 1, Batch 820, Loss: 7.605044841766357
INFO:root:Epoch 1, Batch 821, Loss: 7.482603549957275
INFO:root:Epoch 1, Batch 822, Loss: 6.634110927581787
INFO:root:Epoch 1, Batch 823, Loss: 7.554863452911377
INFO:root:Epoch 1, Batch 824, Loss: 5.4313178062438965
INFO:root:Epoch 1, Batch 825, Loss: 6.386424541473389
INFO:root:Epoch 1, Batch 826, Loss: 6.870575904846191
INFO:root:Epoch 1, Batch 827, Loss: 6.931148529052734
INFO:root:Epoch 1, Batch 828, Loss: 7.1954216957092285
INFO:root:Epoch 1, Batch 829, Loss: 6.104131698608398
INFO:root:Epoch 1, Batch 830, Loss: 6.723750591278076
INFO:root:Epoch 1, Batch 831, Loss: 7.085149765014648
INFO:root:Epoch 1, Batch 832, Loss: 8.152878761291504
INFO:root:Epoch 1, Batch 833, Loss: 5.389967441558838
INFO:root:Epoch 1, Batch 834, Loss: 5.969021797180176
INFO:root:Epoch 1, Batch 835, Loss: 6.953597068786621
INFO:root:Epoch 1, Batch 836, Loss: 7.360278606414795
INFO:root:Epoch 1, Batch 837, Loss: 6.393082618713379
INFO:root:Epoch 1, Batch 838, Loss: 7.144399642944336
INFO:root:Epoch 1, Batch 839, Loss: 7.382210731506348
INFO:root:Epoch 1, Batch 840, Loss: 6.7858500480651855
INFO:root:Epoch 1, Batch 841, Loss: 7.726370811462402
INFO:root:Epoch 1, Batch 842, Loss: 6.267219543457031
INFO:root:Epoch 1, Batch 843, Loss: 6.96924352645874
INFO:root:Epoch 1, Batch 844, Loss: 8.826889038085938
INFO:root:Epoch 1, Batch 845, Loss: 6.893240451812744
INFO:root:Epoch 1, Batch 846, Loss: 7.458710193634033
INFO:root:Epoch 1, Batch 847, Loss: 7.081751346588135
INFO:root:Epoch 1, Batch 848, Loss: 5.778665065765381
INFO:root:Epoch 1, Batch 849, Loss: 7.807707786560059
INFO:root:Epoch 1, Batch 850, Loss: 5.480428695678711
INFO:root:Epoch 1, Batch 851, Loss: 5.873898029327393
INFO:root:Epoch 1, Batch 852, Loss: 7.371447563171387
INFO:root:Epoch 1, Batch 853, Loss: 4.251633167266846
INFO:root:Epoch 1, Batch 854, Loss: 6.840581893920898
INFO:root:Epoch 1, Batch 855, Loss: 5.367379188537598
INFO:root:Epoch 1, Batch 856, Loss: 6.058386325836182
INFO:root:Epoch 1, Batch 857, Loss: 6.7500410079956055
INFO:root:Epoch 1, Batch 858, Loss: 5.361652374267578
INFO:root:Epoch 1, Batch 859, Loss: 6.039698600769043
INFO:root:Epoch 1, Batch 860, Loss: 6.231625080108643
INFO:root:Epoch 1, Batch 861, Loss: 6.236553192138672
INFO:root:Epoch 1, Batch 862, Loss: 7.2170281410217285
INFO:root:Epoch 1, Batch 863, Loss: 6.978085994720459
INFO:root:Epoch 1, Batch 864, Loss: 7.756030559539795
INFO:root:Epoch 1, Batch 865, Loss: 7.304948806762695
INFO:root:Epoch 1, Batch 866, Loss: 5.072423934936523
INFO:root:Epoch 1, Batch 867, Loss: 6.282430648803711
INFO:root:Epoch 1, Batch 868, Loss: 6.126849174499512
INFO:root:Epoch 1, Batch 869, Loss: 5.584799289703369
INFO:root:Epoch 1, Batch 870, Loss: 5.3618669509887695
INFO:root:Epoch 1, Batch 871, Loss: 6.30690336227417
INFO:root:Epoch 1, Batch 872, Loss: 6.44128942489624
INFO:root:Epoch 1, Batch 873, Loss: 6.797148704528809
INFO:root:Epoch 1, Batch 874, Loss: 6.470763683319092
INFO:root:Epoch 1, Batch 875, Loss: 8.256093978881836
INFO:root:Epoch 1, Batch 876, Loss: 6.220832347869873
INFO:root:Epoch 1, Batch 877, Loss: 7.087841987609863
INFO:root:Epoch 1, Batch 878, Loss: 7.3510003089904785
INFO:root:Epoch 1, Batch 879, Loss: 7.3614044189453125
INFO:root:Epoch 1, Batch 880, Loss: 8.48149299621582
INFO:root:Epoch 1, Batch 881, Loss: 6.106877326965332
INFO:root:Epoch 1, Batch 882, Loss: 5.917137622833252
INFO:root:Epoch 1, Batch 883, Loss: 6.151256084442139
INFO:root:Epoch 1, Batch 884, Loss: 6.430367469787598
INFO:root:Epoch 1, Batch 885, Loss: 6.10329532623291
INFO:root:Epoch 1, Batch 886, Loss: 5.940062522888184
INFO:root:Epoch 1, Batch 887, Loss: 6.736686706542969
INFO:root:Epoch 1, Batch 888, Loss: 7.729724884033203
INFO:root:Epoch 1, Batch 889, Loss: 7.400694370269775
INFO:root:Epoch 1, Batch 890, Loss: 6.267891883850098
INFO:root:Epoch 1, Batch 891, Loss: 6.1867499351501465
INFO:root:Epoch 1, Batch 892, Loss: 6.8294878005981445
INFO:root:Epoch 1, Batch 893, Loss: 8.16163158416748
INFO:root:Epoch 1, Batch 894, Loss: 8.045207023620605
INFO:root:Epoch 1, Batch 895, Loss: 6.332729339599609
INFO:root:Epoch 1, Batch 896, Loss: 6.1915411949157715
INFO:root:Epoch 1, Batch 897, Loss: 5.4397430419921875
INFO:root:Epoch 1, Batch 898, Loss: 6.172760486602783
INFO:root:Epoch 1, Batch 899, Loss: 9.374122619628906
INFO:root:Epoch 1, Batch 900, Loss: 5.488465785980225
INFO:root:Epoch 1, Batch 901, Loss: 7.446280479431152
INFO:root:Epoch 1, Batch 902, Loss: 6.744372367858887
INFO:root:Epoch 1, Batch 903, Loss: 5.609726428985596
INFO:root:Epoch 1, Batch 904, Loss: 8.059076309204102
INFO:root:Epoch 1, Batch 905, Loss: 6.099617958068848
INFO:root:Epoch 1, Batch 906, Loss: 8.59467601776123
INFO:root:Epoch 1, Batch 907, Loss: 7.3028974533081055
INFO:root:Epoch 1, Batch 908, Loss: 7.111623287200928
INFO:root:Epoch 1, Batch 909, Loss: 7.066793918609619
INFO:root:Epoch 1, Batch 910, Loss: 5.773380279541016
INFO:root:Epoch 1, Batch 911, Loss: 6.582150459289551
INFO:root:Epoch 1, Batch 912, Loss: 7.835623741149902
INFO:root:Epoch 1, Batch 913, Loss: 6.815474987030029
INFO:root:Epoch 1, Batch 914, Loss: 8.010520935058594
INFO:root:Epoch 1, Batch 915, Loss: 8.098302841186523
INFO:root:Epoch 1, Batch 916, Loss: 5.697689533233643
INFO:root:Epoch 1, Batch 917, Loss: 7.81207275390625
INFO:root:Epoch 1, Batch 918, Loss: 5.901782989501953
INFO:root:Epoch 1, Batch 919, Loss: 6.195024490356445
INFO:root:Epoch 1, Batch 920, Loss: 6.55902624130249
INFO:root:Epoch 1, Batch 921, Loss: 6.753698825836182
INFO:root:Epoch 1, Batch 922, Loss: 6.948112487792969
INFO:root:Epoch 1, Batch 923, Loss: 5.725582122802734
INFO:root:Epoch 1, Batch 924, Loss: 6.112124919891357
INFO:root:Epoch 1, Batch 925, Loss: 5.420192718505859
INFO:root:Epoch 1, Batch 926, Loss: 6.435548305511475
INFO:root:Epoch 1, Batch 927, Loss: 7.047183513641357
INFO:root:Epoch 1, Batch 928, Loss: 7.017768859863281
INFO:root:Epoch 1, Batch 929, Loss: 7.176711082458496
INFO:root:Epoch 1, Batch 930, Loss: 4.888535499572754
INFO:root:Epoch 1, Batch 931, Loss: 6.098567962646484
INFO:root:Epoch 1, Batch 932, Loss: 6.972505569458008
INFO:root:Epoch 1, Batch 933, Loss: 5.107484817504883
INFO:root:Epoch 1, Batch 934, Loss: 7.045557975769043
INFO:root:Epoch 1, Batch 935, Loss: 8.12649917602539
INFO:root:Epoch 1, Batch 936, Loss: 7.482152462005615
INFO:root:Epoch 1, Batch 937, Loss: 6.469437599182129
INFO:root:Epoch 1, Batch 938, Loss: 7.397853374481201
INFO:root:Epoch 1, Batch 939, Loss: 7.427744388580322
INFO:root:Epoch 1, Batch 940, Loss: 7.849127769470215
INFO:root:Epoch 1, Batch 941, Loss: 6.224180221557617
INFO:root:Epoch 1, Batch 942, Loss: 7.066617965698242
INFO:root:Epoch 1, Batch 943, Loss: 6.697463035583496
INFO:root:Epoch 1, Batch 944, Loss: 6.112381458282471
INFO:root:Epoch 1, Batch 945, Loss: 7.402307033538818
INFO:root:Epoch 1, Batch 946, Loss: 7.723154067993164
INFO:root:Epoch 1, Batch 947, Loss: 7.216075897216797
INFO:root:Epoch 1, Batch 948, Loss: 6.208341121673584
INFO:root:Epoch 1, Batch 949, Loss: 5.264971733093262
INFO:root:Epoch 1, Batch 950, Loss: 5.838463306427002
INFO:root:Epoch 1, Batch 951, Loss: 7.267980575561523
INFO:root:Epoch 1, Batch 952, Loss: 4.028563022613525
INFO:root:Epoch 1, Batch 953, Loss: 6.407486438751221
INFO:root:Epoch 1, Batch 954, Loss: 6.083296775817871
INFO:root:Epoch 1, Batch 955, Loss: 7.776437759399414
INFO:root:Epoch 1, Batch 956, Loss: 6.467755317687988
INFO:root:Epoch 1, Batch 957, Loss: 7.908596992492676
INFO:root:Epoch 1, Batch 958, Loss: 5.259453773498535
INFO:root:Epoch 1, Batch 959, Loss: 6.772332191467285
INFO:root:Epoch 1, Batch 960, Loss: 8.043987274169922
INFO:root:Epoch 1, Batch 961, Loss: 7.2794904708862305
INFO:root:Epoch 1, Batch 962, Loss: 6.966476917266846
INFO:root:Epoch 1, Batch 963, Loss: 7.584880352020264
INFO:root:Epoch 1, Batch 964, Loss: 6.788548469543457
INFO:root:Epoch 1, Batch 965, Loss: 5.046768665313721
INFO:root:Epoch 1, Batch 966, Loss: 9.134248733520508
INFO:root:Epoch 1, Batch 967, Loss: 5.798507213592529
INFO:root:Epoch 1, Batch 968, Loss: 6.525049686431885
INFO:root:Epoch 1, Batch 969, Loss: 5.32656717300415
INFO:root:Epoch 1, Batch 970, Loss: 5.488395690917969
INFO:root:Epoch 1, Batch 971, Loss: 5.481630325317383
INFO:root:Epoch 1, Batch 972, Loss: 8.5379056930542
INFO:root:Epoch 1, Batch 973, Loss: 7.02765417098999
INFO:root:Epoch 1, Batch 974, Loss: 6.411468505859375
INFO:root:Epoch 1, Batch 975, Loss: 8.002863883972168
INFO:root:Epoch 1, Batch 976, Loss: 5.624493598937988
INFO:root:Epoch 1, Batch 977, Loss: 6.503746032714844
INFO:root:Epoch 1, Batch 978, Loss: 7.053642749786377
INFO:root:Epoch 1, Batch 979, Loss: 7.001925945281982
INFO:root:Epoch 1, Batch 980, Loss: 6.93234920501709
INFO:root:Epoch 1, Batch 981, Loss: 5.49225378036499
INFO:root:Epoch 1, Batch 982, Loss: 7.932382583618164
INFO:root:Epoch 1, Batch 983, Loss: 4.961163520812988
INFO:root:Epoch 1, Batch 984, Loss: 5.663774490356445
INFO:root:Epoch 1, Batch 985, Loss: 6.137868881225586
INFO:root:Epoch 1, Batch 986, Loss: 6.49981689453125
INFO:root:Epoch 1, Batch 987, Loss: 5.8479204177856445
INFO:root:Epoch 1, Batch 988, Loss: 6.21417760848999
INFO:root:Epoch 1, Batch 989, Loss: 6.095860958099365
INFO:root:Epoch 1, Batch 990, Loss: 6.064103603363037
INFO:root:Epoch 1, Batch 991, Loss: 6.557945251464844
INFO:root:Epoch 1, Batch 992, Loss: 5.83881950378418
INFO:root:Epoch 1, Batch 993, Loss: 7.725386142730713
INFO:root:Epoch 1, Batch 994, Loss: 6.888256072998047
INFO:root:Epoch 1, Batch 995, Loss: 5.844348430633545
INFO:root:Epoch 1, Batch 996, Loss: 6.781309604644775
INFO:root:Epoch 1, Batch 997, Loss: 5.362196922302246
INFO:root:Epoch 1, Batch 998, Loss: 6.4643731117248535
INFO:root:Epoch 1, Batch 999, Loss: 6.7424163818359375
INFO:root:Epoch 2, Batch 0, Loss: 5.938072681427002
INFO:root:Epoch 2, Batch 1, Loss: 5.077630043029785
INFO:root:Epoch 2, Batch 2, Loss: 6.349265098571777
INFO:root:Epoch 2, Batch 3, Loss: 5.401123523712158
INFO:root:Epoch 2, Batch 4, Loss: 5.251314163208008
INFO:root:Epoch 2, Batch 5, Loss: 6.905538558959961
INFO:root:Epoch 2, Batch 6, Loss: 6.52496337890625
INFO:root:Epoch 2, Batch 7, Loss: 7.6100568771362305
INFO:root:Epoch 2, Batch 8, Loss: 6.637787342071533
INFO:root:Epoch 2, Batch 9, Loss: 5.930294990539551
INFO:root:Epoch 2, Batch 10, Loss: 8.077715873718262
INFO:root:Epoch 2, Batch 11, Loss: 6.312049865722656
INFO:root:Epoch 2, Batch 12, Loss: 6.775590896606445
INFO:root:Epoch 2, Batch 13, Loss: 6.750027656555176
INFO:root:Epoch 2, Batch 14, Loss: 5.458892822265625
INFO:root:Epoch 2, Batch 15, Loss: 6.886920928955078
INFO:root:Epoch 2, Batch 16, Loss: 7.484013080596924
INFO:root:Epoch 2, Batch 17, Loss: 6.565629959106445
INFO:root:Epoch 2, Batch 18, Loss: 6.2325005531311035
INFO:root:Epoch 2, Batch 19, Loss: 5.878314018249512
INFO:root:Epoch 2, Batch 20, Loss: 7.316247463226318
INFO:root:Epoch 2, Batch 21, Loss: 7.351522445678711
INFO:root:Epoch 2, Batch 22, Loss: 5.307334899902344
INFO:root:Epoch 2, Batch 23, Loss: 7.967852592468262
INFO:root:Epoch 2, Batch 24, Loss: 5.9084272384643555
INFO:root:Epoch 2, Batch 25, Loss: 5.82844877243042
INFO:root:Epoch 2, Batch 26, Loss: 7.287072658538818
INFO:root:Epoch 2, Batch 27, Loss: 7.961601257324219
INFO:root:Epoch 2, Batch 28, Loss: 5.782951354980469
INFO:root:Epoch 2, Batch 29, Loss: 5.318070411682129
INFO:root:Epoch 2, Batch 30, Loss: 6.4178147315979
INFO:root:Epoch 2, Batch 31, Loss: 5.414813995361328
INFO:root:Epoch 2, Batch 32, Loss: 6.0127410888671875
INFO:root:Epoch 2, Batch 33, Loss: 8.13560676574707
INFO:root:Epoch 2, Batch 34, Loss: 5.874293327331543
INFO:root:Epoch 2, Batch 35, Loss: 6.2773823738098145
INFO:root:Epoch 2, Batch 36, Loss: 6.386483669281006
INFO:root:Epoch 2, Batch 37, Loss: 7.8923258781433105
INFO:root:Epoch 2, Batch 38, Loss: 5.835978984832764
INFO:root:Epoch 2, Batch 39, Loss: 4.876616954803467
INFO:root:Epoch 2, Batch 40, Loss: 6.092586040496826
INFO:root:Epoch 2, Batch 41, Loss: 5.734971046447754
INFO:root:Epoch 2, Batch 42, Loss: 3.9826745986938477
INFO:root:Epoch 2, Batch 43, Loss: 9.212691307067871
INFO:root:Epoch 2, Batch 44, Loss: 7.015249252319336
INFO:root:Epoch 2, Batch 45, Loss: 6.406501770019531
INFO:root:Epoch 2, Batch 46, Loss: 6.107291221618652
INFO:root:Epoch 2, Batch 47, Loss: 5.568295001983643
INFO:root:Epoch 2, Batch 48, Loss: 6.42780876159668
INFO:root:Epoch 2, Batch 49, Loss: 5.622196197509766
INFO:root:Epoch 2, Batch 50, Loss: 6.9727888107299805
INFO:root:Epoch 2, Batch 51, Loss: 6.618484020233154
INFO:root:Epoch 2, Batch 52, Loss: 5.343075752258301
INFO:root:Epoch 2, Batch 53, Loss: 8.645404815673828
INFO:root:Epoch 2, Batch 54, Loss: 4.919396877288818
INFO:root:Epoch 2, Batch 55, Loss: 5.918724060058594
INFO:root:Epoch 2, Batch 56, Loss: 7.187876224517822
INFO:root:Epoch 2, Batch 57, Loss: 6.821274757385254
INFO:root:Epoch 2, Batch 58, Loss: 6.384218692779541
INFO:root:Epoch 2, Batch 59, Loss: 5.492882251739502
INFO:root:Epoch 2, Batch 60, Loss: 6.279789447784424
INFO:root:Epoch 2, Batch 61, Loss: 6.776888370513916
INFO:root:Epoch 2, Batch 62, Loss: 5.587904930114746
INFO:root:Epoch 2, Batch 63, Loss: 6.478772163391113
INFO:root:Epoch 2, Batch 64, Loss: 7.329225540161133
INFO:root:Epoch 2, Batch 65, Loss: 6.275667667388916
INFO:root:Epoch 2, Batch 66, Loss: 6.969201564788818
INFO:root:Epoch 2, Batch 67, Loss: 6.1935648918151855
INFO:root:Epoch 2, Batch 68, Loss: 5.346706867218018
INFO:root:Epoch 2, Batch 69, Loss: 5.727166652679443
INFO:root:Epoch 2, Batch 70, Loss: 5.922789573669434
INFO:root:Epoch 2, Batch 71, Loss: 7.212940216064453
INFO:root:Epoch 2, Batch 72, Loss: 5.226115703582764
INFO:root:Epoch 2, Batch 73, Loss: 5.535193920135498
INFO:root:Epoch 2, Batch 74, Loss: 5.8762078285217285
INFO:root:Epoch 2, Batch 75, Loss: 5.686796188354492
INFO:root:Epoch 2, Batch 76, Loss: 6.616022109985352
INFO:root:Epoch 2, Batch 77, Loss: 4.923535346984863
INFO:root:Epoch 2, Batch 78, Loss: 5.547886848449707
INFO:root:Epoch 2, Batch 79, Loss: 6.468264102935791
INFO:root:Epoch 2, Batch 80, Loss: 5.962892055511475
INFO:root:Epoch 2, Batch 81, Loss: 8.095096588134766
INFO:root:Epoch 2, Batch 82, Loss: 5.132704734802246
INFO:root:Epoch 2, Batch 83, Loss: 7.572917461395264
INFO:root:Epoch 2, Batch 84, Loss: 6.254474639892578
INFO:root:Epoch 2, Batch 85, Loss: 5.645806312561035
INFO:root:Epoch 2, Batch 86, Loss: 7.2528839111328125
INFO:root:Epoch 2, Batch 87, Loss: 6.0284037590026855
INFO:root:Epoch 2, Batch 88, Loss: 7.18981409072876
INFO:root:Epoch 2, Batch 89, Loss: 7.44389009475708
INFO:root:Epoch 2, Batch 90, Loss: 6.8743391036987305
INFO:root:Epoch 2, Batch 91, Loss: 6.722392559051514
INFO:root:Epoch 2, Batch 92, Loss: 7.417592525482178
INFO:root:Epoch 2, Batch 93, Loss: 6.877914905548096
INFO:root:Epoch 2, Batch 94, Loss: 5.5457987785339355
INFO:root:Epoch 2, Batch 95, Loss: 6.397688865661621
INFO:root:Epoch 2, Batch 96, Loss: 5.85861349105835
INFO:root:Epoch 2, Batch 97, Loss: 5.063482284545898
INFO:root:Epoch 2, Batch 98, Loss: 6.546206951141357
INFO:root:Epoch 2, Batch 99, Loss: 5.801008701324463
INFO:root:Epoch 2, Batch 100, Loss: 6.538496971130371
INFO:root:Epoch 2, Batch 101, Loss: 5.306516647338867
INFO:root:Epoch 2, Batch 102, Loss: 5.597980499267578
INFO:root:Epoch 2, Batch 103, Loss: 5.728145599365234
INFO:root:Epoch 2, Batch 104, Loss: 5.13948917388916
INFO:root:Epoch 2, Batch 105, Loss: 5.929666996002197
INFO:root:Epoch 2, Batch 106, Loss: 6.829824447631836
INFO:root:Epoch 2, Batch 107, Loss: 5.418271541595459
INFO:root:Epoch 2, Batch 108, Loss: 4.915731906890869
INFO:root:Epoch 2, Batch 109, Loss: 4.9816508293151855
INFO:root:Epoch 2, Batch 110, Loss: 5.17504358291626
INFO:root:Epoch 2, Batch 111, Loss: 5.814650535583496
INFO:root:Epoch 2, Batch 112, Loss: 6.081483364105225
INFO:root:Epoch 2, Batch 113, Loss: 6.49623966217041
INFO:root:Epoch 2, Batch 114, Loss: 6.417665481567383
INFO:root:Epoch 2, Batch 115, Loss: 6.515303134918213
INFO:root:Epoch 2, Batch 116, Loss: 7.119271755218506
INFO:root:Epoch 2, Batch 117, Loss: 6.607043743133545
INFO:root:Epoch 2, Batch 118, Loss: 4.805431365966797
INFO:root:Epoch 2, Batch 119, Loss: 7.008174419403076
INFO:root:Epoch 2, Batch 120, Loss: 6.481189727783203
INFO:root:Epoch 2, Batch 121, Loss: 6.438718795776367
INFO:root:Epoch 2, Batch 122, Loss: 5.880589008331299
INFO:root:Epoch 2, Batch 123, Loss: 4.572077751159668
INFO:root:Epoch 2, Batch 124, Loss: 5.327554702758789
INFO:root:Epoch 2, Batch 125, Loss: 6.323010444641113
INFO:root:Epoch 2, Batch 126, Loss: 8.314749717712402
INFO:root:Epoch 2, Batch 127, Loss: 5.82316780090332
INFO:root:Epoch 2, Batch 128, Loss: 7.776864528656006
INFO:root:Epoch 2, Batch 129, Loss: 6.66787576675415
INFO:root:Epoch 2, Batch 130, Loss: 6.192110538482666
INFO:root:Epoch 2, Batch 131, Loss: 6.945036888122559
INFO:root:Epoch 2, Batch 132, Loss: 6.749513149261475
INFO:root:Epoch 2, Batch 133, Loss: 5.014615058898926
INFO:root:Epoch 2, Batch 134, Loss: 4.827861309051514
INFO:root:Epoch 2, Batch 135, Loss: 6.697464466094971
INFO:root:Epoch 2, Batch 136, Loss: 6.90132999420166
INFO:root:Epoch 2, Batch 137, Loss: 7.110758304595947
INFO:root:Epoch 2, Batch 138, Loss: 7.497005939483643
INFO:root:Epoch 2, Batch 139, Loss: 7.098291397094727
INFO:root:Epoch 2, Batch 140, Loss: 5.430750370025635
INFO:root:Epoch 2, Batch 141, Loss: 7.181548118591309
INFO:root:Epoch 2, Batch 142, Loss: 6.27484655380249
INFO:root:Epoch 2, Batch 143, Loss: 4.8074259757995605
INFO:root:Epoch 2, Batch 144, Loss: 6.2056779861450195
INFO:root:Epoch 2, Batch 145, Loss: 5.293112277984619
INFO:root:Epoch 2, Batch 146, Loss: 6.717158317565918
INFO:root:Epoch 2, Batch 147, Loss: 6.817230701446533
INFO:root:Epoch 2, Batch 148, Loss: 6.374823093414307
INFO:root:Epoch 2, Batch 149, Loss: 6.320897102355957
INFO:root:Epoch 2, Batch 150, Loss: 6.468728542327881
INFO:root:Epoch 2, Batch 151, Loss: 5.82260799407959
INFO:root:Epoch 2, Batch 152, Loss: 4.473989009857178
INFO:root:Epoch 2, Batch 153, Loss: 6.315300941467285
INFO:root:Epoch 2, Batch 154, Loss: 4.723639011383057
INFO:root:Epoch 2, Batch 155, Loss: 5.96225118637085
INFO:root:Epoch 2, Batch 156, Loss: 7.545290946960449
INFO:root:Epoch 2, Batch 157, Loss: 7.5515217781066895
INFO:root:Epoch 2, Batch 158, Loss: 6.458041191101074
INFO:root:Epoch 2, Batch 159, Loss: 6.724133491516113
INFO:root:Epoch 2, Batch 160, Loss: 6.82814884185791
INFO:root:Epoch 2, Batch 161, Loss: 5.851646900177002
INFO:root:Epoch 2, Batch 162, Loss: 5.256893157958984
INFO:root:Epoch 2, Batch 163, Loss: 4.470627784729004
INFO:root:Epoch 2, Batch 164, Loss: 4.606625080108643
INFO:root:Epoch 2, Batch 165, Loss: 5.997013092041016
INFO:root:Epoch 2, Batch 166, Loss: 4.864797592163086
INFO:root:Epoch 2, Batch 167, Loss: 5.636301040649414
INFO:root:Epoch 2, Batch 168, Loss: 6.134299278259277
INFO:root:Epoch 2, Batch 169, Loss: 7.27678108215332
INFO:root:Epoch 2, Batch 170, Loss: 6.255980968475342
INFO:root:Epoch 2, Batch 171, Loss: 6.131546974182129
INFO:root:Epoch 2, Batch 172, Loss: 5.946573734283447
INFO:root:Epoch 2, Batch 173, Loss: 7.0535149574279785
INFO:root:Epoch 2, Batch 174, Loss: 5.2384724617004395
INFO:root:Epoch 2, Batch 175, Loss: 7.053389549255371
INFO:root:Epoch 2, Batch 176, Loss: 6.628089904785156
INFO:root:Epoch 2, Batch 177, Loss: 6.9928131103515625
INFO:root:Epoch 2, Batch 178, Loss: 5.993435382843018
INFO:root:Epoch 2, Batch 179, Loss: 6.391563415527344
INFO:root:Epoch 2, Batch 180, Loss: 6.435397148132324
INFO:root:Epoch 2, Batch 181, Loss: 5.477302551269531
INFO:root:Epoch 2, Batch 182, Loss: 4.939165115356445
INFO:root:Epoch 2, Batch 183, Loss: 5.7647013664245605
INFO:root:Epoch 2, Batch 184, Loss: 5.9950971603393555
INFO:root:Epoch 2, Batch 185, Loss: 7.496222972869873
INFO:root:Epoch 2, Batch 186, Loss: 7.769800186157227
INFO:root:Epoch 2, Batch 187, Loss: 7.080995559692383
INFO:root:Epoch 2, Batch 188, Loss: 5.5366530418396
INFO:root:Epoch 2, Batch 189, Loss: 4.889824390411377
INFO:root:Epoch 2, Batch 190, Loss: 7.979275703430176
INFO:root:Epoch 2, Batch 191, Loss: 3.3113396167755127
INFO:root:Epoch 2, Batch 192, Loss: 5.290878772735596
INFO:root:Epoch 2, Batch 193, Loss: 6.287919998168945
INFO:root:Epoch 2, Batch 194, Loss: 5.541793346405029
INFO:root:Epoch 2, Batch 195, Loss: 8.707444190979004
INFO:root:Epoch 2, Batch 196, Loss: 5.110698699951172
INFO:root:Epoch 2, Batch 197, Loss: 7.717403888702393
INFO:root:Epoch 2, Batch 198, Loss: 7.01737117767334
INFO:root:Epoch 2, Batch 199, Loss: 5.576673984527588
INFO:root:Epoch 2, Batch 200, Loss: 5.855238437652588
INFO:root:Epoch 2, Batch 201, Loss: 6.21521520614624
INFO:root:Epoch 2, Batch 202, Loss: 7.157550811767578
INFO:root:Epoch 2, Batch 203, Loss: 8.409907341003418
INFO:root:Epoch 2, Batch 204, Loss: 5.049644947052002
INFO:root:Epoch 2, Batch 205, Loss: 6.472995758056641
INFO:root:Epoch 2, Batch 206, Loss: 5.414945125579834
INFO:root:Epoch 2, Batch 207, Loss: 5.188109874725342
INFO:root:Epoch 2, Batch 208, Loss: 7.432304382324219
INFO:root:Epoch 2, Batch 209, Loss: 5.86948299407959
INFO:root:Epoch 2, Batch 210, Loss: 5.813124179840088
INFO:root:Epoch 2, Batch 211, Loss: 6.059314250946045
INFO:root:Epoch 2, Batch 212, Loss: 7.067995071411133
INFO:root:Epoch 2, Batch 213, Loss: 5.172122478485107
INFO:root:Epoch 2, Batch 214, Loss: 6.545927047729492
INFO:root:Epoch 2, Batch 215, Loss: 5.806746006011963
INFO:root:Epoch 2, Batch 216, Loss: 4.218456745147705
INFO:root:Epoch 2, Batch 217, Loss: 5.531486511230469
INFO:root:Epoch 2, Batch 218, Loss: 6.144499778747559
INFO:root:Epoch 2, Batch 219, Loss: 4.910874843597412
INFO:root:Epoch 2, Batch 220, Loss: 5.0944342613220215
INFO:root:Epoch 2, Batch 221, Loss: 4.373684406280518
INFO:root:Epoch 2, Batch 222, Loss: 4.9632744789123535
INFO:root:Epoch 2, Batch 223, Loss: 5.36952543258667
INFO:root:Epoch 2, Batch 224, Loss: 6.626650810241699
INFO:root:Epoch 2, Batch 225, Loss: 6.0429840087890625
INFO:root:Epoch 2, Batch 226, Loss: 5.880529403686523
INFO:root:Epoch 2, Batch 227, Loss: 5.518115520477295
INFO:root:Epoch 2, Batch 228, Loss: 7.555913925170898
INFO:root:Epoch 2, Batch 229, Loss: 6.139698505401611
INFO:root:Epoch 2, Batch 230, Loss: 5.340019702911377
INFO:root:Epoch 2, Batch 231, Loss: 4.472015380859375
INFO:root:Epoch 2, Batch 232, Loss: 6.254940032958984
INFO:root:Epoch 2, Batch 233, Loss: 5.120373249053955
INFO:root:Epoch 2, Batch 234, Loss: 4.568836212158203
INFO:root:Epoch 2, Batch 235, Loss: 5.955748558044434
INFO:root:Epoch 2, Batch 236, Loss: 7.154362678527832
INFO:root:Epoch 2, Batch 237, Loss: 5.123064041137695
INFO:root:Epoch 2, Batch 238, Loss: 5.815095901489258
INFO:root:Epoch 2, Batch 239, Loss: 4.731106281280518
INFO:root:Epoch 2, Batch 240, Loss: 5.663311004638672
INFO:root:Epoch 2, Batch 241, Loss: 4.984665393829346
INFO:root:Epoch 2, Batch 242, Loss: 6.100158214569092
INFO:root:Epoch 2, Batch 243, Loss: 6.212054252624512
INFO:root:Epoch 2, Batch 244, Loss: 5.2145209312438965
INFO:root:Epoch 2, Batch 245, Loss: 7.994194984436035
INFO:root:Epoch 2, Batch 246, Loss: 5.918813228607178
INFO:root:Epoch 1, Batch 0, Loss: 5.502293109893799
INFO:root:Epoch 1, Batch 1, Loss: 4.6403703689575195
INFO:root:Epoch 1, Batch 2, Loss: 5.9242730140686035
INFO:root:Epoch 1, Batch 3, Loss: 4.96036434173584
INFO:root:Epoch 1, Batch 4, Loss: 4.811335563659668
INFO:root:Epoch 1, Batch 5, Loss: 6.467479705810547
INFO:root:Epoch 1, Batch 6, Loss: 6.086860179901123
INFO:root:Epoch 1, Batch 7, Loss: 7.203360557556152
INFO:root:Epoch 1, Batch 8, Loss: 6.189248561859131
INFO:root:Epoch 1, Batch 9, Loss: 5.509089469909668
INFO:root:Epoch 1, Batch 10, Loss: 7.613101959228516
INFO:root:Epoch 1, Batch 11, Loss: 5.86691427230835
INFO:root:Epoch 1, Batch 12, Loss: 6.3526387214660645
INFO:root:Epoch 1, Batch 13, Loss: 6.318939685821533
INFO:root:Epoch 1, Batch 14, Loss: 5.04071569442749
INFO:root:Epoch 1, Batch 15, Loss: 6.416099548339844
INFO:root:Epoch 1, Batch 16, Loss: 7.04530143737793
INFO:root:Epoch 1, Batch 17, Loss: 6.132652759552002
INFO:root:Epoch 1, Batch 18, Loss: 5.797513484954834
INFO:root:Epoch 1, Batch 19, Loss: 5.4284586906433105
INFO:root:Epoch 1, Batch 20, Loss: 6.881101131439209
INFO:root:Epoch 1, Batch 21, Loss: 6.91801643371582
INFO:root:Epoch 1, Batch 22, Loss: 4.864090442657471
INFO:root:Epoch 1, Batch 23, Loss: 7.524352073669434
INFO:root:Epoch 1, Batch 24, Loss: 5.482051372528076
INFO:root:Epoch 1, Batch 25, Loss: 5.400106430053711
INFO:root:Epoch 1, Batch 26, Loss: 6.831862449645996
INFO:root:Epoch 1, Batch 27, Loss: 7.52841329574585
INFO:root:Epoch 1, Batch 28, Loss: 5.335810661315918
INFO:root:Epoch 1, Batch 29, Loss: 4.866178512573242
INFO:root:Epoch 1, Batch 30, Loss: 5.996945381164551
INFO:root:Epoch 1, Batch 31, Loss: 4.985324382781982
INFO:root:Epoch 1, Batch 32, Loss: 5.571903228759766
INFO:root:Epoch 1, Batch 33, Loss: 7.671387195587158
INFO:root:Epoch 1, Batch 34, Loss: 5.452680587768555
INFO:root:Epoch 1, Batch 35, Loss: 5.860107421875
INFO:root:Epoch 1, Batch 36, Loss: 5.934157848358154
INFO:root:Epoch 1, Batch 37, Loss: 7.471744060516357
INFO:root:Epoch 1, Batch 38, Loss: 5.3977131843566895
INFO:root:Epoch 1, Batch 39, Loss: 4.440983295440674
INFO:root:Epoch 1, Batch 40, Loss: 5.650622367858887
INFO:root:Epoch 1, Batch 41, Loss: 5.290987491607666
INFO:root:Epoch 1, Batch 42, Loss: 3.53938889503479
INFO:root:Epoch 1, Batch 43, Loss: 8.78934383392334
INFO:root:Epoch 1, Batch 44, Loss: 6.576375484466553
INFO:root:Epoch 1, Batch 45, Loss: 5.988460063934326
INFO:root:Epoch 1, Batch 46, Loss: 5.678054332733154
INFO:root:Epoch 1, Batch 47, Loss: 5.130393981933594
INFO:root:Epoch 1, Batch 48, Loss: 5.983887195587158
INFO:root:Epoch 1, Batch 49, Loss: 5.15123176574707
INFO:root:Epoch 1, Batch 50, Loss: 6.54351806640625
INFO:root:Epoch 1, Batch 51, Loss: 6.14231014251709
INFO:root:Epoch 1, Batch 52, Loss: 4.898059368133545
INFO:root:Epoch 1, Batch 53, Loss: 8.201713562011719
INFO:root:Epoch 1, Batch 54, Loss: 4.479813098907471
INFO:root:Epoch 1, Batch 55, Loss: 5.4751296043396
INFO:root:Epoch 1, Batch 56, Loss: 6.739877223968506
INFO:root:Epoch 1, Batch 57, Loss: 6.37791109085083
INFO:root:Epoch 1, Batch 58, Loss: 5.927545547485352
INFO:root:Epoch 1, Batch 59, Loss: 5.051100730895996
INFO:root:Epoch 1, Batch 60, Loss: 5.819414138793945
INFO:root:Epoch 1, Batch 61, Loss: 6.340709686279297
INFO:root:Epoch 1, Batch 62, Loss: 5.130627155303955
INFO:root:Epoch 1, Batch 63, Loss: 6.031588077545166
INFO:root:Epoch 1, Batch 64, Loss: 6.924895286560059
INFO:root:Epoch 1, Batch 65, Loss: 5.848048210144043
INFO:root:Epoch 1, Batch 66, Loss: 6.535183429718018
INFO:root:Epoch 1, Batch 67, Loss: 5.740645885467529
